2016-09-23 00:50:56,771 : INFO : Machine : Mission Pinball Framework Core Engine v0.31.3
2016-09-23 00:50:56,778 : INFO : Machine : Machine path: /home/sysop/robotech
2016-09-23 00:50:58,264 : INFO : Machine : Loading cached config: /tmp/b22896e0955c8faa276a6ac3f6f5f4b5config
2016-09-23 00:50:58,385 : INFO : FAST : Connecting to /dev/ttyUSB1 at 921600bps
2016-09-23 00:50:58,399 : INFO : FAST : Connected! Processor: NET, Board Type: FP-CPU-002-2, Firmware: 01.00
2016-09-23 00:50:58,419 : INFO : FAST : Connecting to /dev/ttyUSB2 at 921600bps
2016-09-23 00:50:58,431 : INFO : FAST : Connected! Processor: RGB, Board Type: FP-CPU-002-2, Firmware: 01.00
2016-09-23 00:50:58,682 : INFO : kivy : [Logger      ] Record log in /home/sysop/.kivy/logs/kivy_16-09-23_7.txt
2016-09-23 00:50:58,681 : INFO : kivy : [Image       ] Providers: img_tex, img_dds, img_gif, img_sdl2 (img_pil, img_ffpyplayer ignored)
2016-09-23 00:50:58,786 : INFO : kivy : [Kivy        ] v1.9.2-dev0
2016-09-23 00:50:58,797 : INFO : kivy : [Python      ] v3.4.2 (default, Oct 19 2014, 13:31:11) 
[GCC 4.9.1]
2016-09-23 00:50:58,826 : INFO : kivy : [Factory     ] 193 symbols loaded
2016-09-23 00:50:59,767 : WARNING : SwitchController : Received a status update from hardware switch ('37', 1), but that switch is not in your config. Just FYI.
2016-09-23 00:50:59,773 : WARNING : SwitchController : Received a status update from hardware switch ('0F', 1), but that switch is not in your config. Just FYI.
2016-09-23 00:50:59,778 : WARNING : SwitchController : Received a status update from hardware switch ('2F', 1), but that switch is not in your config. Just FYI.
2016-09-23 00:50:59,784 : WARNING : SwitchController : Received a status update from hardware switch ('27', 1), but that switch is not in your config. Just FYI.
2016-09-23 00:50:59,789 : WARNING : SwitchController : Received a status update from hardware switch ('17', 1), but that switch is not in your config. Just FYI.
2016-09-23 00:50:59,795 : WARNING : SwitchController : Received a status update from hardware switch ('1F', 1), but that switch is not in your config. Just FYI.
2016-09-23 00:51:00,016 : INFO : BCPClientSocket.local_display : Connecting to BCP Media Controller at localhost:5050...
2016-09-23 00:51:03,100 : INFO : SwitchController : Active Switch|s_trough2
2016-09-23 00:51:03,105 : INFO : SwitchController : Active Switch|s_trough1
2016-09-23 00:51:03,109 : INFO : SwitchController : Active Switch|s_trough3
2016-09-23 00:51:03,115 : INFO : Mode.attract : Mode Starting. Priority: 10
2016-09-23 00:51:08,073 : INFO : SwitchController : <<<<< switch: s_start, State:1 >>>>>
2016-09-23 00:51:08,231 : INFO : SwitchController : <<<<< switch: s_start, State:0 >>>>>
2016-09-23 00:51:08,262 : INFO : Mode.game : Mode Starting. Priority: 20
2016-09-23 00:51:08,282 : INFO : Mode.game : Player added successfully. Total players: 1
2016-09-23 00:51:08,289 : INFO : Mode.kickback : Mode Starting. Priority: 200
2016-09-23 00:51:08,302 : INFO : Mode.ball_save : Mode Starting. Priority: 8500
2016-09-23 00:51:08,309 : INFO : Mode.base : Mode Starting. Priority: 100
2016-09-23 00:51:08,511 : INFO : SwitchController : <<<<< switch: s_trough2, State:0 >>>>>
2016-09-23 00:51:08,521 : INFO : SwitchController : <<<<< switch: s_trough1, State:0 >>>>>
2016-09-23 00:51:08,528 : INFO : SwitchController : <<<<< switch: s_trough2, State:1 >>>>>
2016-09-23 00:51:08,740 : INFO : SwitchController : <<<<< switch: s_plunger_lane, State:1 >>>>>
2016-09-23 00:51:08,879 : INFO : SwitchController : <<<<< switch: s_trough2, State:0 >>>>>
2016-09-23 00:51:08,923 : INFO : SwitchController : <<<<< switch: s_trough3, State:0 >>>>>
2016-09-23 00:51:08,978 : INFO : SwitchController : <<<<< switch: s_trough2, State:1 >>>>>
2016-09-23 00:51:08,994 : INFO : SwitchController : <<<<< switch: s_trough1, State:1 >>>>>
2016-09-23 00:51:09,324 : INFO : SwitchController : <<<<< switch: s_plunger_lane, State:0 >>>>>
2016-09-23 00:51:09,346 : INFO : SwitchController : <<<<< switch: s_plunger_lane, State:1 >>>>>
2016-09-23 00:51:09,369 : INFO : SwitchController : <<<<< switch: s_plunger_lane, State:0 >>>>>
2016-09-23 00:51:11,973 : INFO : SwitchController : <<<<< switch: s_r_top_lane, State:1 >>>>>
2016-09-23 00:51:12,295 : INFO : SwitchController : <<<<< switch: s_r_top_lane, State:0 >>>>>
2016-09-23 00:51:12,519 : INFO : SwitchController : <<<<< switch: s_top_l_pop_bumper, State:1 >>>>>
2016-09-23 00:51:12,538 : INFO : SwitchController : <<<<< switch: s_top_l_pop_bumper, State:0 >>>>>
2016-09-23 00:51:12,575 : INFO : SwitchController : <<<<< switch: s_left_top_rubber, State:1 >>>>>
2016-09-23 00:51:12,593 : INFO : SwitchController : <<<<< switch: s_left_top_rubber, State:0 >>>>>
2016-09-23 00:51:12,879 : INFO : SwitchController : <<<<< switch: s_right_flipper, State:1 >>>>>
2016-09-23 00:51:12,907 : INFO : SwitchController : <<<<< switch: s_trough2, State:0 >>>>>
2016-09-23 00:51:12,932 : INFO : SwitchController : <<<<< switch: s_trough2, State:1 >>>>>
2016-09-23 00:51:13,022 : INFO : SwitchController : <<<<< switch: s_right_flipper, State:0 >>>>>
2016-09-23 00:51:13,588 : INFO : SwitchController : <<<<< switch: s_bottom_r_pop_bumper, State:1 >>>>>
2016-09-23 00:51:13,608 : INFO : SwitchController : <<<<< switch: s_bottom_r_pop_bumper, State:0 >>>>>
2016-09-23 00:51:13,641 : INFO : SwitchController : <<<<< switch: s_bottom_l_pop_bumper, State:1 >>>>>
2016-09-23 00:51:13,658 : INFO : SwitchController : <<<<< switch: s_bottom_l_pop_bumper, State:0 >>>>>
2016-09-23 00:51:13,855 : INFO : SwitchController : <<<<< switch: s_top_r_pop_bumper, State:1 >>>>>
2016-09-23 00:51:13,873 : INFO : SwitchController : <<<<< switch: s_top_r_pop_bumper, State:0 >>>>>
2016-09-23 00:51:13,935 : INFO : SwitchController : <<<<< switch: s_right_top2_rubber, State:1 >>>>>
2016-09-23 00:51:13,985 : INFO : SwitchController : <<<<< switch: s_right_top2_rubber, State:0 >>>>>
2016-09-23 00:51:14,043 : INFO : SwitchController : <<<<< switch: s_right_top2_rubber, State:1 >>>>>
2016-09-23 00:51:15,527 : INFO : SwitchController : <<<<< switch: s_right_inlane_c, State:1 >>>>>
2016-09-23 00:51:15,632 : INFO : SwitchController : <<<<< switch: s_right_inlane_c, State:0 >>>>>
2016-09-23 00:51:16,416 : INFO : SwitchController : <<<<< switch: s_right_flipper, State:1 >>>>>
2016-09-23 00:51:16,502 : INFO : SwitchController : <<<<< switch: s_right_flipper, State:0 >>>>>
2016-09-23 00:51:16,915 : INFO : SwitchController : <<<<< switch: s_left_lock_kickout, State:1 >>>>>
2016-09-23 00:51:17,479 : INFO : SwitchController : <<<<< switch: s_left_lock_kickout, State:0 >>>>>
2016-09-23 00:51:28,404 : INFO : SwitchController : <<<<< switch: s_drain_kicker, State:1 >>>>>
2016-09-23 00:51:28,558 : INFO : Mode.ball_save : Mode Starting. Priority: 8500
2016-09-23 00:51:28,567 : INFO : Mode.base : Mode Starting. Priority: 100
2016-09-23 00:51:28,684 : INFO : SwitchController : <<<<< switch: s_trough1, State:0 >>>>>
2016-09-23 00:51:28,896 : INFO : SwitchController : <<<<< switch: s_plunger_lane, State:1 >>>>>
2016-09-23 00:51:28,902 : INFO : SwitchController : <<<<< switch: s_trough2, State:0 >>>>>
2016-09-23 00:51:29,023 : INFO : SwitchController : <<<<< switch: s_trough1, State:1 >>>>>
2016-09-23 00:51:29,104 : INFO : SwitchController : <<<<< switch: s_trough1, State:0 >>>>>
2016-09-23 00:51:29,282 : INFO : SwitchController : <<<<< switch: s_trough1, State:1 >>>>>
2016-09-23 00:51:29,624 : INFO : SwitchController : <<<<< switch: s_drain_kicker, State:0 >>>>>
2016-09-23 00:51:29,668 : INFO : SwitchController : <<<<< switch: s_trough1, State:0 >>>>>
2016-09-23 00:51:29,791 : INFO : SwitchController : <<<<< switch: s_trough1, State:1 >>>>>
2016-09-23 00:51:29,795 : INFO : SwitchController : <<<<< switch: s_trough3, State:1 >>>>>
2016-09-23 00:51:29,812 : INFO : SwitchController : <<<<< switch: s_trough3, State:0 >>>>>
2016-09-23 00:51:29,872 : INFO : SwitchController : <<<<< switch: s_trough1, State:0 >>>>>
2016-09-23 00:51:30,037 : INFO : SwitchController : <<<<< switch: s_trough1, State:1 >>>>>
2016-09-23 00:51:30,103 : INFO : SwitchController : <<<<< switch: s_trough3, State:1 >>>>>
2016-09-23 00:51:30,174 : INFO : SwitchController : <<<<< switch: s_trough3, State:0 >>>>>
2016-09-23 00:51:30,204 : INFO : SwitchController : <<<<< switch: s_trough2, State:1 >>>>>
2016-09-23 00:51:31,743 : INFO : SwitchController : <<<<< switch: s_plunger_lane, State:0 >>>>>
2016-09-23 00:51:31,771 : INFO : SwitchController : <<<<< switch: s_plunger_lane, State:1 >>>>>
2016-09-23 00:51:31,791 : INFO : SwitchController : <<<<< switch: s_plunger_lane, State:0 >>>>>
2016-09-23 00:51:34,466 : INFO : SwitchController : <<<<< switch: s_b_top_lane, State:1 >>>>>
2016-09-23 00:51:34,608 : INFO : SwitchController : <<<<< switch: s_b_top_lane, State:0 >>>>>
2016-09-23 00:51:34,894 : INFO : SwitchController : <<<<< switch: s_top_r_pop_bumper, State:1 >>>>>
2016-09-23 00:51:34,907 : INFO : SwitchController : <<<<< switch: s_top_r_pop_bumper, State:0 >>>>>
2016-09-23 00:51:34,922 : INFO : SwitchController : <<<<< switch: s_right_top2_rubber, State:0 >>>>>
2016-09-23 00:51:34,960 : INFO : SwitchController : <<<<< switch: s_top_l_pop_bumper, State:1 >>>>>
2016-09-23 00:51:34,980 : INFO : SwitchController : <<<<< switch: s_top_l_pop_bumper, State:0 >>>>>
2016-09-23 00:51:35,183 : INFO : SwitchController : <<<<< switch: s_right_top2_rubber, State:1 >>>>>
2016-09-23 00:51:35,288 : INFO : SwitchController : <<<<< switch: s_right_top2_rubber, State:0 >>>>>
2016-09-23 00:51:35,349 : INFO : SwitchController : <<<<< switch: s_right_top2_rubber, State:1 >>>>>
2016-09-23 00:51:35,468 : INFO : SwitchController : <<<<< switch: s_right_top2_rubber, State:0 >>>>>
2016-09-23 00:51:35,518 : INFO : SwitchController : <<<<< switch: s_right_top2_rubber, State:1 >>>>>
2016-09-23 00:51:35,673 : INFO : SwitchController : <<<<< switch: s_right_lock_kickout, State:1 >>>>>
2016-09-23 00:51:35,693 : INFO : SwitchController : <<<<< switch: s_right_top2_rubber, State:0 >>>>>
2016-09-23 00:51:35,773 : INFO : SwitchController : <<<<< switch: s_right_top2_rubber, State:1 >>>>>
2016-09-23 00:51:36,223 : INFO : SwitchController : <<<<< switch: s_right_top2_rubber, State:0 >>>>>
2016-09-23 00:51:36,235 : INFO : SwitchController : <<<<< switch: s_right_lock_kickout, State:0 >>>>>
2016-09-23 00:51:36,718 : INFO : SwitchController : <<<<< switch: s_right_top2_rubber, State:1 >>>>>
2016-09-23 00:51:37,324 : INFO : SwitchController : <<<<< switch: s_right_top2_rubber, State:0 >>>>>
2016-09-23 00:51:37,365 : INFO : SwitchController : <<<<< switch: s_right_flipper, State:1 >>>>>
2016-09-23 00:51:37,521 : INFO : SwitchController : <<<<< switch: s_right_flipper, State:0 >>>>>
2016-09-23 00:51:37,592 : INFO : SwitchController : <<<<< switch: s_right_top2_rubber, State:1 >>>>>
2016-09-23 00:51:37,727 : INFO : SwitchController : <<<<< switch: s_spinner, State:1 >>>>>
2016-09-23 00:51:37,741 : INFO : SwitchController : <<<<< switch: s_spinner, State:0 >>>>>
2016-09-23 00:51:37,770 : INFO : SwitchController : <<<<< switch: s_right_top2_rubber, State:0 >>>>>
2016-09-23 00:51:37,787 : INFO : SwitchController : <<<<< switch: s_spinner, State:1 >>>>>
2016-09-23 00:51:37,798 : INFO : SwitchController : <<<<< switch: s_spinner, State:0 >>>>>
2016-09-23 00:51:37,913 : INFO : SwitchController : <<<<< switch: s_spinner, State:1 >>>>>
2016-09-23 00:51:37,924 : INFO : SwitchController : <<<<< switch: s_spinner, State:0 >>>>>
2016-09-23 00:51:37,963 : INFO : SwitchController : <<<<< switch: s_right_top2_rubber, State:1 >>>>>
2016-09-23 00:51:37,978 : INFO : SwitchController : <<<<< switch: s_spinner, State:1 >>>>>
2016-09-23 00:51:37,994 : INFO : SwitchController : <<<<< switch: s_spinner, State:0 >>>>>
2016-09-23 00:51:38,035 : INFO : SwitchController : <<<<< switch: s_right_top2_rubber, State:0 >>>>>
2016-09-23 00:51:38,053 : INFO : SwitchController : <<<<< switch: s_spinner, State:1 >>>>>
2016-09-23 00:51:38,071 : INFO : SwitchController : <<<<< switch: s_spinner, State:0 >>>>>
2016-09-23 00:51:38,132 : INFO : SwitchController : <<<<< switch: s_spinner, State:1 >>>>>
2016-09-23 00:51:38,140 : INFO : SwitchController : <<<<< switch: s_top_lock_kickout, State:1 >>>>>
2016-09-23 00:51:38,152 : INFO : SwitchController : <<<<< switch: s_spinner, State:0 >>>>>
2016-09-23 00:51:38,173 : INFO : SwitchController : <<<<< switch: s_right_top2_rubber, State:1 >>>>>
2016-09-23 00:51:38,218 : INFO : SwitchController : <<<<< switch: s_spinner, State:1 >>>>>
2016-09-23 00:51:38,237 : INFO : SwitchController : <<<<< switch: s_spinner, State:0 >>>>>
2016-09-23 00:51:38,312 : INFO : SwitchController : <<<<< switch: s_spinner, State:1 >>>>>
2016-09-23 00:51:38,335 : INFO : SwitchController : <<<<< switch: s_spinner, State:0 >>>>>
2016-09-23 00:51:38,412 : INFO : SwitchController : <<<<< switch: s_spinner, State:1 >>>>>
2016-09-23 00:51:38,437 : INFO : SwitchController : <<<<< switch: s_spinner, State:0 >>>>>
2016-09-23 00:51:38,526 : INFO : SwitchController : <<<<< switch: s_spinner, State:1 >>>>>
2016-09-23 00:51:38,551 : INFO : SwitchController : <<<<< switch: s_spinner, State:0 >>>>>
2016-09-23 00:51:38,650 : INFO : SwitchController : <<<<< switch: s_spinner, State:1 >>>>>
2016-09-23 00:51:38,678 : INFO : SwitchController : <<<<< switch: s_spinner, State:0 >>>>>
2016-09-23 00:51:38,687 : INFO : SwitchController : <<<<< switch: s_right_top2_rubber, State:0 >>>>>
2016-09-23 00:51:38,691 : INFO : SwitchController : <<<<< switch: s_top_lock_kickout, State:0 >>>>>
2016-09-23 00:51:38,785 : INFO : SwitchController : <<<<< switch: s_spinner, State:1 >>>>>
2016-09-23 00:51:38,827 : INFO : SwitchController : <<<<< switch: s_spinner, State:0 >>>>>
2016-09-23 00:51:38,955 : INFO : SwitchController : <<<<< switch: s_spinner, State:1 >>>>>
2016-09-23 00:51:38,995 : INFO : SwitchController : <<<<< switch: s_right_top2_rubber, State:1 >>>>>
2016-09-23 00:51:39,013 : INFO : SwitchController : <<<<< switch: s_spinner, State:0 >>>>>
2016-09-23 00:51:39,177 : INFO : SwitchController : <<<<< switch: s_spinner, State:1 >>>>>
2016-09-23 00:51:39,313 : INFO : SwitchController : <<<<< switch: s_spinner, State:0 >>>>>
2016-09-23 00:51:40,142 : INFO : SwitchController : <<<<< switch: s_right_flipper, State:1 >>>>>
2016-09-23 00:51:40,173 : INFO : SwitchController : <<<<< switch: s_trough2, State:0 >>>>>
2016-09-23 00:51:40,200 : INFO : SwitchController : <<<<< switch: s_trough2, State:1 >>>>>
2016-09-23 00:51:40,319 : INFO : SwitchController : <<<<< switch: s_right_flipper, State:0 >>>>>
2016-09-23 00:51:40,582 : INFO : SwitchController : <<<<< switch: s_b_top_lane, State:1 >>>>>
2016-09-23 00:51:40,680 : INFO : SwitchController : <<<<< switch: s_b_top_lane, State:0 >>>>>
2016-09-23 00:51:40,896 : INFO : SwitchController : <<<<< switch: s_top_r_pop_bumper, State:1 >>>>>
2016-09-23 00:51:40,913 : INFO : SwitchController : <<<<< switch: s_top_r_pop_bumper, State:0 >>>>>
2016-09-23 00:51:40,925 : INFO : SwitchController : <<<<< switch: s_right_top2_rubber, State:0 >>>>>
2016-09-23 00:51:41,172 : INFO : SwitchController : <<<<< switch: s_top_l_pop_bumper, State:1 >>>>>
2016-09-23 00:51:41,188 : INFO : SwitchController : <<<<< switch: s_top_l_pop_bumper, State:0 >>>>>
2016-09-23 00:51:41,836 : INFO : SwitchController : <<<<< switch: s_top_l_pop_bumper, State:1 >>>>>
2016-09-23 00:51:41,853 : INFO : SwitchController : <<<<< switch: s_top_l_pop_bumper, State:0 >>>>>
2016-09-23 00:51:42,171 : INFO : SwitchController : <<<<< switch: s_bottom_l_pop_bumper, State:1 >>>>>
2016-09-23 00:51:42,195 : INFO : SwitchController : <<<<< switch: s_bottom_l_pop_bumper, State:0 >>>>>
2016-09-23 00:51:43,888 : INFO : SwitchController : <<<<< switch: s_left_flipper, State:1 >>>>>
2016-09-23 00:51:44,091 : INFO : SwitchController : <<<<< switch: s_left_flipper, State:0 >>>>>
2016-09-23 00:51:44,218 : INFO : SwitchController : <<<<< switch: s_f_target, State:1 >>>>>
2016-09-23 00:51:44,225 : INFO : SwitchController : <<<<< switch: s_d_target, State:1 >>>>>
2016-09-23 00:51:44,237 : INFO : SwitchController : <<<<< switch: s_d_target, State:0 >>>>>
2016-09-23 00:51:44,261 : INFO : SwitchController : <<<<< switch: s_f_target, State:0 >>>>>
2016-09-23 00:51:44,641 : INFO : SwitchController : <<<<< switch: s_left_target, State:1 >>>>>
2016-09-23 00:51:44,661 : INFO : SwitchController : <<<<< switch: s_left_target, State:0 >>>>>
2016-09-23 00:51:44,757 : INFO : SwitchController : <<<<< switch: s_left_bottom_rubber, State:1 >>>>>
2016-09-23 00:51:44,784 : INFO : SwitchController : <<<<< switch: s_left_bottom_rubber, State:0 >>>>>
2016-09-23 00:51:47,684 : INFO : SwitchController : <<<<< switch: s_right_flipper, State:1 >>>>>
2016-09-23 00:51:47,970 : INFO : SwitchController : <<<<< switch: s_right_flipper, State:0 >>>>>
2016-09-23 00:51:48,144 : INFO : SwitchController : <<<<< switch: s_spinner, State:1 >>>>>
2016-09-23 00:51:48,160 : INFO : SwitchController : <<<<< switch: s_spinner, State:0 >>>>>
2016-09-23 00:51:48,222 : INFO : SwitchController : <<<<< switch: s_spinner, State:1 >>>>>
2016-09-23 00:51:48,240 : INFO : SwitchController : <<<<< switch: s_spinner, State:0 >>>>>
2016-09-23 00:51:48,309 : INFO : SwitchController : <<<<< switch: s_spinner, State:1 >>>>>
2016-09-23 00:51:48,326 : INFO : SwitchController : <<<<< switch: s_spinner, State:0 >>>>>
2016-09-23 00:51:48,402 : INFO : SwitchController : <<<<< switch: s_spinner, State:1 >>>>>
2016-09-23 00:51:48,424 : INFO : SwitchController : <<<<< switch: s_spinner, State:0 >>>>>
2016-09-23 00:51:48,510 : INFO : SwitchController : <<<<< switch: s_spinner, State:1 >>>>>
2016-09-23 00:51:48,534 : INFO : SwitchController : <<<<< switch: s_spinner, State:0 >>>>>
2016-09-23 00:51:48,620 : INFO : SwitchController : <<<<< switch: s_spinner, State:1 >>>>>
2016-09-23 00:51:48,648 : INFO : SwitchController : <<<<< switch: s_spinner, State:0 >>>>>
2016-09-23 00:51:48,742 : INFO : SwitchController : <<<<< switch: s_spinner, State:1 >>>>>
2016-09-23 00:51:48,778 : INFO : SwitchController : <<<<< switch: s_spinner, State:0 >>>>>
2016-09-23 00:51:48,884 : INFO : SwitchController : <<<<< switch: s_spinner, State:1 >>>>>
2016-09-23 00:51:48,932 : INFO : SwitchController : <<<<< switch: s_spinner, State:0 >>>>>
2016-09-23 00:51:49,060 : INFO : SwitchController : <<<<< switch: s_spinner, State:1 >>>>>
2016-09-23 00:51:49,123 : INFO : SwitchController : <<<<< switch: s_spinner, State:0 >>>>>
2016-09-23 00:51:49,304 : INFO : SwitchController : <<<<< switch: s_spinner, State:1 >>>>>
2016-09-23 00:51:49,724 : INFO : SwitchController : <<<<< switch: s_right_top2_rubber, State:1 >>>>>
2016-09-23 00:51:49,973 : INFO : SwitchController : <<<<< switch: s_right_top2_rubber, State:0 >>>>>
2016-09-23 00:51:49,979 : INFO : SwitchController : <<<<< switch: s_right_flipper, State:1 >>>>>
2016-09-23 00:51:50,011 : INFO : SwitchController : <<<<< switch: s_trough2, State:0 >>>>>
2016-09-23 00:51:50,033 : INFO : SwitchController : <<<<< switch: s_trough2, State:1 >>>>>
2016-09-23 00:51:50,146 : INFO : SwitchController : <<<<< switch: s_right_flipper, State:0 >>>>>
2016-09-23 00:51:50,378 : INFO : SwitchController : <<<<< switch: s_r_top_lane, State:1 >>>>>
2016-09-23 00:51:50,423 : INFO : SwitchController : <<<<< switch: s_right_flipper, State:1 >>>>>
2016-09-23 00:51:50,454 : INFO : SwitchController : <<<<< switch: s_trough2, State:0 >>>>>
2016-09-23 00:51:50,481 : INFO : SwitchController : <<<<< switch: s_trough2, State:1 >>>>>
2016-09-23 00:51:50,509 : INFO : SwitchController : <<<<< switch: s_r_top_lane, State:0 >>>>>
2016-09-23 00:51:50,603 : INFO : SwitchController : <<<<< switch: s_right_flipper, State:0 >>>>>
2016-09-23 00:51:50,682 : INFO : SwitchController : <<<<< switch: s_top_l_pop_bumper, State:1 >>>>>
2016-09-23 00:51:50,699 : INFO : SwitchController : <<<<< switch: s_top_l_pop_bumper, State:0 >>>>>
2016-09-23 00:51:50,735 : INFO : SwitchController : <<<<< switch: s_left_top_rubber, State:1 >>>>>
2016-09-23 00:51:50,752 : INFO : SwitchController : <<<<< switch: s_left_top_rubber, State:0 >>>>>
2016-09-23 00:51:50,799 : INFO : SwitchController : <<<<< switch: s_spinner, State:0 >>>>>
2016-09-23 00:51:52,411 : INFO : SwitchController : <<<<< switch: s_left_inlane_e, State:1 >>>>>
2016-09-23 00:51:52,457 : INFO : SwitchController : <<<<< switch: s_left_inlane_e, State:0 >>>>>
2016-09-23 00:51:52,808 : INFO : SwitchController : <<<<< switch: s_left_flipper, State:1 >>>>>
2016-09-23 00:51:53,001 : INFO : SwitchController : <<<<< switch: s_left_flipper, State:0 >>>>>
2016-09-23 00:51:53,085 : INFO : SwitchController : <<<<< switch: s_right_drop_target, State:1 >>>>>
2016-09-23 00:51:53,379 : INFO : SwitchController : <<<<< switch: s_left_flipper, State:1 >>>>>
2016-09-23 00:51:53,645 : INFO : SwitchController : <<<<< switch: s_middle_target, State:1 >>>>>
2016-09-23 00:51:53,660 : INFO : SwitchController : <<<<< switch: s_middle_target, State:0 >>>>>
2016-09-23 00:51:53,794 : INFO : SwitchController : <<<<< switch: s_left_flipper, State:0 >>>>>
2016-09-23 00:51:54,095 : INFO : SwitchController : <<<<< switch: s_left_flipper, State:1 >>>>>
2016-09-23 00:51:54,243 : INFO : SwitchController : <<<<< switch: s_right_top2_rubber, State:1 >>>>>
2016-09-23 00:51:54,256 : INFO : SwitchController : <<<<< switch: s_left_flipper, State:0 >>>>>
2016-09-23 00:51:54,262 : INFO : SwitchController : <<<<< switch: s_right_flipper, State:1 >>>>>
2016-09-23 00:51:54,296 : INFO : SwitchController : <<<<< switch: s_right_top2_rubber, State:0 >>>>>
2016-09-23 00:51:54,461 : INFO : SwitchController : <<<<< switch: s_right_flipper, State:0 >>>>>
2016-09-23 00:51:54,527 : INFO : SwitchController : <<<<< switch: s_left_drop_target, State:1 >>>>>
2016-09-23 00:51:54,543 : INFO : SwitchController : <<<<< switch: s_left_drop_target, State:0 >>>>>
2016-09-23 00:51:54,553 : INFO : SwitchController : <<<<< switch: s_left_drop_target, State:1 >>>>>
2016-09-23 00:51:54,722 : INFO : SwitchController : <<<<< switch: s_left_top_rubber, State:1 >>>>>
2016-09-23 00:51:54,733 : INFO : SwitchController : <<<<< switch: s_left_top_rubber, State:0 >>>>>
2016-09-23 00:51:55,377 : INFO : SwitchController : <<<<< switch: s_bottom_r_pop_bumper, State:1 >>>>>
2016-09-23 00:51:55,400 : INFO : SwitchController : <<<<< switch: s_bottom_r_pop_bumper, State:0 >>>>>
2016-09-23 00:51:55,449 : INFO : SwitchController : <<<<< switch: s_top_r_pop_bumper, State:1 >>>>>
2016-09-23 00:51:55,463 : INFO : SwitchController : <<<<< switch: s_top_r_pop_bumper, State:0 >>>>>
2016-09-23 00:51:55,503 : INFO : SwitchController : <<<<< switch: s_top_l_pop_bumper, State:1 >>>>>
2016-09-23 00:51:55,521 : INFO : SwitchController : <<<<< switch: s_top_l_pop_bumper, State:0 >>>>>
2016-09-23 00:51:55,576 : INFO : SwitchController : <<<<< switch: s_top_r_pop_bumper, State:1 >>>>>
2016-09-23 00:51:55,592 : INFO : SwitchController : <<<<< switch: s_top_r_pop_bumper, State:0 >>>>>
2016-09-23 00:51:55,825 : INFO : SwitchController : <<<<< switch: s_top_r_pop_bumper, State:1 >>>>>
2016-09-23 00:51:55,841 : INFO : SwitchController : <<<<< switch: s_top_r_pop_bumper, State:0 >>>>>
2016-09-23 00:51:56,286 : INFO : SwitchController : <<<<< switch: s_bottom_l_pop_bumper, State:1 >>>>>
2016-09-23 00:51:56,305 : INFO : SwitchController : <<<<< switch: s_bottom_l_pop_bumper, State:0 >>>>>
2016-09-23 00:51:56,337 : INFO : SwitchController : <<<<< switch: s_top_l_pop_bumper, State:1 >>>>>
2016-09-23 00:51:56,360 : INFO : SwitchController : <<<<< switch: s_top_l_pop_bumper, State:0 >>>>>
2016-09-23 00:51:56,364 : INFO : SwitchController : <<<<< switch: s_top_l_pop_bumper, State:1 >>>>>
2016-09-23 00:51:56,368 : INFO : SwitchController : <<<<< switch: s_top_l_pop_bumper, State:0 >>>>>
2016-09-23 00:51:56,639 : INFO : SwitchController : <<<<< switch: s_top_l_pop_bumper, State:1 >>>>>
2016-09-23 00:51:56,660 : INFO : SwitchController : <<<<< switch: s_top_l_pop_bumper, State:0 >>>>>
2016-09-23 00:51:56,739 : INFO : SwitchController : <<<<< switch: s_bottom_r_pop_bumper, State:1 >>>>>
2016-09-23 00:51:56,759 : INFO : SwitchController : <<<<< switch: s_bottom_r_pop_bumper, State:0 >>>>>
2016-09-23 00:51:56,896 : INFO : SwitchController : <<<<< switch: s_bottom_r_pop_bumper, State:1 >>>>>
2016-09-23 00:51:56,917 : INFO : SwitchController : <<<<< switch: s_bottom_r_pop_bumper, State:0 >>>>>
2016-09-23 00:51:57,126 : INFO : SwitchController : <<<<< switch: s_top_r_pop_bumper, State:1 >>>>>
2016-09-23 00:51:57,142 : INFO : SwitchController : <<<<< switch: s_top_r_pop_bumper, State:0 >>>>>
2016-09-23 00:51:57,203 : INFO : SwitchController : <<<<< switch: s_top_l_pop_bumper, State:1 >>>>>
2016-09-23 00:51:57,221 : INFO : SwitchController : <<<<< switch: s_top_l_pop_bumper, State:0 >>>>>
2016-09-23 00:51:57,714 : INFO : SwitchController : <<<<< switch: s_right_flipper, State:1 >>>>>
2016-09-23 00:51:57,732 : INFO : SwitchController : <<<<< switch: s_right_slingshot, State:1 >>>>>
2016-09-23 00:51:57,761 : INFO : SwitchController : <<<<< switch: s_trough2, State:0 >>>>>
2016-09-23 00:51:57,768 : INFO : SwitchController : <<<<< switch: s_right_slingshot, State:0 >>>>>
2016-09-23 00:51:57,781 : INFO : SwitchController : <<<<< switch: s_trough2, State:1 >>>>>
2016-09-23 00:51:57,893 : INFO : SwitchController : <<<<< switch: s_right_flipper, State:0 >>>>>
2016-09-23 00:51:57,910 : INFO : SwitchController : <<<<< switch: s_left_flipper, State:1 >>>>>
2016-09-23 00:51:58,138 : INFO : SwitchController : <<<<< switch: s_left_flipper, State:0 >>>>>
2016-09-23 00:51:59,873 : INFO : SwitchController : <<<<< switch: s_right_flipper, State:1 >>>>>
2016-09-23 00:51:59,905 : INFO : SwitchController : <<<<< switch: s_trough2, State:0 >>>>>
2016-09-23 00:51:59,927 : INFO : SwitchController : <<<<< switch: s_trough2, State:1 >>>>>
2016-09-23 00:52:00,929 : INFO : SwitchController : <<<<< switch: s_right_flipper, State:0 >>>>>
2016-09-23 00:52:01,078 : INFO : SwitchController : <<<<< switch: s_left_flipper, State:1 >>>>>
2016-09-23 00:52:01,614 : INFO : SwitchController : <<<<< switch: s_left_flipper, State:0 >>>>>
2016-09-23 00:52:02,035 : INFO : SwitchController : <<<<< switch: s_left_flipper, State:1 >>>>>
2016-09-23 00:52:02,226 : INFO : SwitchController : <<<<< switch: s_right_target, State:1 >>>>>
2016-09-23 00:52:02,231 : INFO : SwitchController : <<<<< switch: s_middle_target, State:1 >>>>>
2016-09-23 00:52:02,235 : INFO : SwitchController : <<<<< switch: s_left_flipper, State:0 >>>>>
2016-09-23 00:52:02,240 : INFO : SwitchController : <<<<< switch: s_middle_target, State:0 >>>>>
2016-09-23 00:52:02,243 : INFO : SwitchController : <<<<< switch: s_right_target, State:0 >>>>>
2016-09-23 00:52:02,481 : INFO : SwitchController : <<<<< switch: s_left_flipper, State:1 >>>>>
2016-09-23 00:52:02,642 : INFO : SwitchController : <<<<< switch: s_left_flipper, State:0 >>>>>
2016-09-23 00:52:02,648 : INFO : SwitchController : <<<<< switch: s_right_flipper, State:1 >>>>>
2016-09-23 00:52:03,009 : INFO : SwitchController : <<<<< switch: s_right_flipper, State:0 >>>>>
2016-09-23 00:52:03,079 : INFO : SwitchController : <<<<< switch: s_right_flipper, State:1 >>>>>
2016-09-23 00:52:03,107 : INFO : SwitchController : <<<<< switch: s_trough2, State:0 >>>>>
2016-09-23 00:52:03,134 : INFO : SwitchController : <<<<< switch: s_trough2, State:1 >>>>>
2016-09-23 00:52:03,307 : INFO : SwitchController : <<<<< switch: s_right_flipper, State:0 >>>>>
2016-09-23 00:52:03,337 : INFO : SwitchController : <<<<< switch: s_left_flipper, State:1 >>>>>
2016-09-23 00:52:03,502 : INFO : SwitchController : <<<<< switch: s_left_flipper, State:0 >>>>>
2016-09-23 00:52:04,263 : INFO : SwitchController : <<<<< switch: s_drain_kicker, State:1 >>>>>
2016-09-23 00:52:04,419 : INFO : Mode.ball_save : Mode Starting. Priority: 8500
2016-09-23 00:52:04,429 : INFO : Mode.base : Mode Starting. Priority: 100
2016-09-23 00:52:04,542 : INFO : SwitchController : <<<<< switch: s_left_drop_target, State:0 >>>>>
2016-09-23 00:52:04,547 : INFO : SwitchController : <<<<< switch: s_right_drop_target, State:0 >>>>>
2016-09-23 00:52:04,571 : INFO : SwitchController : <<<<< switch: s_trough1, State:0 >>>>>
2016-09-23 00:52:04,772 : INFO : SwitchController : <<<<< switch: s_plunger_lane, State:1 >>>>>
2016-09-23 00:52:04,798 : INFO : SwitchController : <<<<< switch: s_trough2, State:0 >>>>>
2016-09-23 00:52:04,912 : INFO : SwitchController : <<<<< switch: s_trough1, State:1 >>>>>
2016-09-23 00:52:04,992 : INFO : SwitchController : <<<<< switch: s_trough1, State:0 >>>>>
2016-09-23 00:52:05,160 : INFO : SwitchController : <<<<< switch: s_trough1, State:1 >>>>>
2016-09-23 00:52:05,499 : INFO : SwitchController : <<<<< switch: s_drain_kicker, State:0 >>>>>
2016-09-23 00:52:05,555 : INFO : SwitchController : <<<<< switch: s_trough1, State:0 >>>>>
2016-09-23 00:52:05,586 : INFO : SwitchController : <<<<< switch: s_trough3, State:1 >>>>>
2016-09-23 00:52:05,592 : INFO : SwitchController : <<<<< switch: s_trough1, State:1 >>>>>
2016-09-23 00:52:05,597 : INFO : SwitchController : <<<<< switch: s_trough3, State:0 >>>>>
2016-09-23 00:52:05,735 : INFO : SwitchController : <<<<< switch: s_plunger_lane, State:0 >>>>>
2016-09-23 00:52:05,759 : INFO : SwitchController : <<<<< switch: s_plunger_lane, State:1 >>>>>
2016-09-23 00:52:05,782 : INFO : SwitchController : <<<<< switch: s_plunger_lane, State:0 >>>>>
2016-09-23 00:52:05,840 : INFO : SwitchController : <<<<< switch: s_trough3, State:1 >>>>>
2016-09-23 00:52:05,906 : INFO : SwitchController : <<<<< switch: s_trough3, State:0 >>>>>
2016-09-23 00:52:05,937 : INFO : SwitchController : <<<<< switch: s_trough2, State:1 >>>>>
2016-09-23 00:52:09,137 : INFO : SwitchController : <<<<< switch: s_left_flipper, State:1 >>>>>
2016-09-23 00:52:09,986 : INFO : SwitchController : <<<<< switch: s_left_flipper, State:0 >>>>>
2016-09-23 00:52:10,523 : INFO : SwitchController : <<<<< switch: s_left_flipper, State:1 >>>>>
2016-09-23 00:52:11,086 : INFO : SwitchController : <<<<< switch: s_left_flipper, State:0 >>>>>
2016-09-23 00:52:11,648 : INFO : SwitchController : <<<<< switch: s_left_flipper, State:1 >>>>>
2016-09-23 00:52:11,822 : INFO : SwitchController : <<<<< switch: s_left_flipper, State:0 >>>>>
2016-09-23 00:52:16,298 : INFO : SwitchController : <<<<< switch: s_o2_top_lane, State:1 >>>>>
2016-09-23 00:52:16,423 : INFO : SwitchController : <<<<< switch: s_o2_top_lane, State:0 >>>>>
2016-09-23 00:52:16,674 : INFO : SwitchController : <<<<< switch: s_top_r_pop_bumper, State:1 >>>>>
2016-09-23 00:52:16,689 : INFO : SwitchController : <<<<< switch: s_top_r_pop_bumper, State:0 >>>>>
2016-09-23 00:52:19,416 : INFO : SwitchController : <<<<< switch: s_right_flipper, State:1 >>>>>
2016-09-23 00:52:19,444 : INFO : SwitchController : <<<<< switch: s_trough2, State:0 >>>>>
2016-09-23 00:52:19,481 : INFO : SwitchController : <<<<< switch: s_trough2, State:1 >>>>>
2016-09-23 00:52:19,898 : INFO : SwitchController : <<<<< switch: s_right_flipper, State:0 >>>>>
2016-09-23 00:52:20,892 : INFO : SwitchController : <<<<< switch: s_left_flipper, State:1 >>>>>
2016-09-23 00:52:21,005 : INFO : SwitchController : <<<<< switch: s_right_slingshot, State:1 >>>>>
2016-09-23 00:52:21,080 : INFO : SwitchController : <<<<< switch: s_left_flipper, State:0 >>>>>
2016-09-23 00:52:21,084 : INFO : SwitchController : <<<<< switch: s_right_slingshot, State:0 >>>>>
2016-09-23 00:52:21,396 : INFO : SwitchController : <<<<< switch: s_left_lock_kickout, State:1 >>>>>
2016-09-23 00:52:21,948 : INFO : SwitchController : <<<<< switch: s_left_lock_kickout, State:0 >>>>>
2016-09-23 00:52:22,876 : INFO : SwitchController : <<<<< switch: s_left_flipper, State:1 >>>>>
2016-09-23 00:52:23,054 : INFO : SwitchController : <<<<< switch: s_left_flipper, State:0 >>>>>
2016-09-23 00:52:24,454 : INFO : SwitchController : <<<<< switch: s_right_flipper, State:1 >>>>>
2016-09-23 00:52:24,484 : INFO : SwitchController : <<<<< switch: s_trough2, State:0 >>>>>
2016-09-23 00:52:24,510 : INFO : SwitchController : <<<<< switch: s_trough2, State:1 >>>>>
2016-09-23 00:52:24,617 : INFO : SwitchController : <<<<< switch: s_right_flipper, State:0 >>>>>
2016-09-23 00:52:27,022 : INFO : SwitchController : <<<<< switch: s_o2_top_lane, State:1 >>>>>
2016-09-23 00:52:27,108 : INFO : SwitchController : <<<<< switch: s_o2_top_lane, State:0 >>>>>
2016-09-23 00:52:27,319 : INFO : SwitchController : <<<<< switch: s_top_r_pop_bumper, State:1 >>>>>
2016-09-23 00:52:27,339 : INFO : SwitchController : <<<<< switch: s_top_r_pop_bumper, State:0 >>>>>
2016-09-23 00:52:27,381 : INFO : SwitchController : <<<<< switch: s_right_top1_rubber, State:1 >>>>>
2016-09-23 00:52:27,394 : INFO : SwitchController : <<<<< switch: s_right_top1_rubber, State:0 >>>>>
2016-09-23 00:52:27,430 : INFO : SwitchController : <<<<< switch: s_top_r_pop_bumper, State:1 >>>>>
2016-09-23 00:52:27,445 : INFO : SwitchController : <<<<< switch: s_top_r_pop_bumper, State:0 >>>>>
2016-09-23 00:52:27,668 : INFO : SwitchController : <<<<< switch: s_bottom_l_pop_bumper, State:1 >>>>>
2016-09-23 00:52:27,692 : INFO : SwitchController : <<<<< switch: s_bottom_l_pop_bumper, State:0 >>>>>
2016-09-23 00:52:27,750 : INFO : SwitchController : <<<<< switch: s_top_r_pop_bumper, State:1 >>>>>
2016-09-23 00:52:27,766 : INFO : SwitchController : <<<<< switch: s_top_r_pop_bumper, State:0 >>>>>
2016-09-23 00:52:28,113 : INFO : SwitchController : <<<<< switch: s_bottom_l_pop_bumper, State:1 >>>>>
2016-09-23 00:52:28,136 : INFO : SwitchController : <<<<< switch: s_bottom_l_pop_bumper, State:0 >>>>>
2016-09-23 00:52:28,223 : INFO : SwitchController : <<<<< switch: s_left_middle_rubber, State:1 >>>>>
2016-09-23 00:52:28,236 : INFO : SwitchController : <<<<< switch: s_left_middle_rubber, State:0 >>>>>
2016-09-23 00:52:30,352 : INFO : SwitchController : <<<<< switch: s_left_flipper, State:1 >>>>>
2016-09-23 00:52:30,877 : INFO : SwitchController : <<<<< switch: s_left_flipper, State:0 >>>>>
2016-09-23 00:52:32,147 : INFO : SwitchController : <<<<< switch: s_left_flipper, State:1 >>>>>
2016-09-23 00:52:32,435 : INFO : SwitchController : <<<<< switch: s_left_flipper, State:0 >>>>>
2016-09-23 00:52:32,851 : INFO : SwitchController : <<<<< switch: s_right_flipper, State:1 >>>>>
2016-09-23 00:52:34,640 : INFO : SwitchController : <<<<< switch: s_right_flipper, State:0 >>>>>
2016-09-23 00:52:35,063 : INFO : SwitchController : <<<<< switch: s_right_flipper, State:1 >>>>>
2016-09-23 00:52:35,278 : INFO : SwitchController : <<<<< switch: s_right_top2_rubber, State:1 >>>>>
2016-09-23 00:52:35,446 : INFO : SwitchController : <<<<< switch: s_right_top2_rubber, State:0 >>>>>
2016-09-23 00:52:35,594 : INFO : SwitchController : <<<<< switch: s_spinner, State:1 >>>>>
2016-09-23 00:52:35,615 : INFO : SwitchController : <<<<< switch: s_spinner, State:0 >>>>>
2016-09-23 00:52:35,672 : INFO : SwitchController : <<<<< switch: s_right_top2_rubber, State:1 >>>>>
2016-09-23 00:52:35,680 : INFO : SwitchController : <<<<< switch: s_right_flipper, State:0 >>>>>
2016-09-23 00:52:35,687 : INFO : SwitchController : <<<<< switch: s_spinner, State:1 >>>>>
2016-09-23 00:52:35,710 : INFO : SwitchController : <<<<< switch: s_spinner, State:0 >>>>>
2016-09-23 00:52:35,787 : INFO : SwitchController : <<<<< switch: s_spinner, State:1 >>>>>
2016-09-23 00:52:35,816 : INFO : SwitchController : <<<<< switch: s_spinner, State:0 >>>>>
2016-09-23 00:52:35,832 : INFO : SwitchController : <<<<< switch: s_right_top2_rubber, State:0 >>>>>
2016-09-23 00:52:35,898 : INFO : SwitchController : <<<<< switch: s_spinner, State:1 >>>>>
2016-09-23 00:52:35,928 : INFO : SwitchController : <<<<< switch: s_spinner, State:0 >>>>>
2016-09-23 00:52:36,022 : INFO : SwitchController : <<<<< switch: s_spinner, State:1 >>>>>
2016-09-23 00:52:36,055 : INFO : SwitchController : <<<<< switch: s_spinner, State:0 >>>>>
2016-09-23 00:52:36,162 : INFO : SwitchController : <<<<< switch: s_spinner, State:1 >>>>>
2016-09-23 00:52:36,203 : INFO : SwitchController : <<<<< switch: s_spinner, State:0 >>>>>
2016-09-23 00:52:36,327 : INFO : SwitchController : <<<<< switch: s_spinner, State:1 >>>>>
2016-09-23 00:52:36,383 : INFO : SwitchController : <<<<< switch: s_spinner, State:0 >>>>>
2016-09-23 00:52:36,545 : INFO : SwitchController : <<<<< switch: s_spinner, State:1 >>>>>
2016-09-23 00:52:36,664 : INFO : SwitchController : <<<<< switch: s_spinner, State:0 >>>>>
2016-09-23 00:52:36,775 : INFO : SwitchController : <<<<< switch: s_right_flipper, State:1 >>>>>
2016-09-23 00:52:36,820 : INFO : SwitchController : <<<<< switch: s_trough2, State:0 >>>>>
2016-09-23 00:52:36,834 : INFO : SwitchController : <<<<< switch: s_trough2, State:1 >>>>>
2016-09-23 00:52:36,928 : INFO : SwitchController : <<<<< switch: s_right_flipper, State:0 >>>>>
2016-09-23 00:52:38,212 : INFO : SwitchController : <<<<< switch: s_tilt, State:1 >>>>>
2016-09-23 00:52:38,290 : INFO : SwitchController : <<<<< switch: s_tilt, State:0 >>>>>
2016-09-23 00:52:38,352 : INFO : SwitchController : <<<<< switch: s_tilt, State:1 >>>>>
2016-09-23 00:52:38,393 : INFO : SwitchController : <<<<< switch: s_tilt, State:0 >>>>>
2016-09-23 00:52:39,244 : INFO : SwitchController : <<<<< switch: s_o2_top_lane, State:1 >>>>>
2016-09-23 00:52:39,320 : INFO : SwitchController : <<<<< switch: s_o2_top_lane, State:0 >>>>>
2016-09-23 00:52:39,526 : INFO : SwitchController : <<<<< switch: s_top_r_pop_bumper, State:1 >>>>>
2016-09-23 00:52:39,543 : INFO : SwitchController : <<<<< switch: s_top_r_pop_bumper, State:0 >>>>>
2016-09-23 00:52:39,834 : INFO : SwitchController : <<<<< switch: s_top_l_pop_bumper, State:1 >>>>>
2016-09-23 00:52:39,854 : INFO : SwitchController : <<<<< switch: s_top_l_pop_bumper, State:0 >>>>>
2016-09-23 00:52:40,006 : INFO : SwitchController : <<<<< switch: s_top_l_pop_bumper, State:1 >>>>>
2016-09-23 00:52:40,026 : INFO : SwitchController : <<<<< switch: s_top_l_pop_bumper, State:0 >>>>>
2016-09-23 00:52:40,323 : INFO : SwitchController : <<<<< switch: s_top_l_pop_bumper, State:1 >>>>>
2016-09-23 00:52:40,343 : INFO : SwitchController : <<<<< switch: s_top_l_pop_bumper, State:0 >>>>>
2016-09-23 00:52:40,386 : INFO : SwitchController : <<<<< switch: s_top_r_pop_bumper, State:1 >>>>>
2016-09-23 00:52:40,400 : INFO : SwitchController : <<<<< switch: s_top_r_pop_bumper, State:0 >>>>>
2016-09-23 00:52:40,468 : INFO : SwitchController : <<<<< switch: s_top_l_pop_bumper, State:1 >>>>>
2016-09-23 00:52:40,483 : INFO : SwitchController : <<<<< switch: s_top_l_pop_bumper, State:0 >>>>>
2016-09-23 00:52:40,875 : INFO : SwitchController : <<<<< switch: s_top_l_pop_bumper, State:1 >>>>>
2016-09-23 00:52:40,889 : INFO : SwitchController : <<<<< switch: s_top_l_pop_bumper, State:0 >>>>>
2016-09-23 00:52:41,364 : INFO : SwitchController : <<<<< switch: s_top_r_pop_bumper, State:1 >>>>>
2016-09-23 00:52:41,380 : INFO : SwitchController : <<<<< switch: s_top_r_pop_bumper, State:0 >>>>>
2016-09-23 00:52:41,584 : INFO : SwitchController : <<<<< switch: s_top_l_pop_bumper, State:1 >>>>>
2016-09-23 00:52:41,600 : INFO : SwitchController : <<<<< switch: s_top_l_pop_bumper, State:0 >>>>>
2016-09-23 00:52:41,676 : INFO : SwitchController : <<<<< switch: s_r_top_lane, State:1 >>>>>
2016-09-23 00:52:42,030 : INFO : SwitchController : <<<<< switch: s_r_top_lane, State:0 >>>>>
2016-09-23 00:52:42,112 : INFO : SwitchController : <<<<< switch: s_right_flipper, State:1 >>>>>
2016-09-23 00:52:42,278 : INFO : SwitchController : <<<<< switch: s_right_flipper, State:0 >>>>>
2016-09-23 00:52:42,321 : INFO : SwitchController : <<<<< switch: s_top_l_pop_bumper, State:1 >>>>>
2016-09-23 00:52:42,340 : INFO : SwitchController : <<<<< switch: s_top_l_pop_bumper, State:0 >>>>>
2016-09-23 00:52:42,422 : INFO : SwitchController : <<<<< switch: s_right_flipper, State:1 >>>>>
2016-09-23 00:52:42,447 : INFO : SwitchController : <<<<< switch: s_trough2, State:0 >>>>>
2016-09-23 00:52:42,475 : INFO : SwitchController : <<<<< switch: s_trough2, State:1 >>>>>
2016-09-23 00:52:42,545 : INFO : SwitchController : <<<<< switch: s_right_flipper, State:0 >>>>>
2016-09-23 00:52:42,738 : INFO : SwitchController : <<<<< switch: s_right_top2_rubber, State:1 >>>>>
2016-09-23 00:52:42,901 : INFO : SwitchController : <<<<< switch: s_bottom_r_pop_bumper, State:1 >>>>>
2016-09-23 00:52:42,923 : INFO : SwitchController : <<<<< switch: s_bottom_r_pop_bumper, State:0 >>>>>
2016-09-23 00:52:42,949 : INFO : SwitchController : <<<<< switch: s_top_r_pop_bumper, State:1 >>>>>
2016-09-23 00:52:42,968 : INFO : SwitchController : <<<<< switch: s_top_r_pop_bumper, State:0 >>>>>
2016-09-23 00:52:44,115 : INFO : SwitchController : <<<<< switch: s_kickback_t, State:1 >>>>>
2016-09-23 00:52:44,160 : INFO : SwitchController : <<<<< switch: s_kickback_t, State:0 >>>>>
2016-09-23 00:52:45,125 : INFO : SwitchController : <<<<< switch: s_drain_kicker, State:1 >>>>>
2016-09-23 00:52:45,269 : INFO : Mode.attract : Mode Starting. Priority: 10
2016-09-23 00:52:45,595 : INFO : SwitchController : <<<<< switch: s_drain_kicker, State:0 >>>>>
2016-09-23 00:52:45,600 : WARNING : BallController : BallController denies game start. Not enough balls
2016-09-23 00:52:45,705 : INFO : SwitchController : <<<<< switch: s_trough1, State:0 >>>>>
2016-09-23 00:52:45,714 : INFO : SwitchController : <<<<< switch: s_trough2, State:0 >>>>>
2016-09-23 00:52:45,755 : INFO : SwitchController : <<<<< switch: s_trough1, State:1 >>>>>
2016-09-23 00:52:45,761 : INFO : SwitchController : <<<<< switch: s_trough2, State:1 >>>>>
2016-09-23 00:52:45,769 : INFO : SwitchController : <<<<< switch: s_trough1, State:0 >>>>>
2016-09-23 00:52:45,788 : INFO : SwitchController : <<<<< switch: s_trough1, State:1 >>>>>
2016-09-23 00:52:46,000 : INFO : SwitchController : <<<<< switch: s_trough3, State:1 >>>>>
2016-09-23 00:52:47,067 : INFO : SwitchController : <<<<< switch: s_start, State:1 >>>>>
2016-09-23 00:52:47,196 : INFO : SwitchController : <<<<< switch: s_start, State:0 >>>>>
2016-09-23 00:52:47,200 : INFO : Mode.game : Mode Starting. Priority: 20
2016-09-23 00:52:47,218 : INFO : Mode.game : Player added successfully. Total players: 1
2016-09-23 00:52:47,222 : INFO : Mode.kickback : Mode Starting. Priority: 200
2016-09-23 00:52:47,232 : INFO : Mode.ball_save : Mode Starting. Priority: 8500
2016-09-23 00:52:47,237 : INFO : Mode.base : Mode Starting. Priority: 100
2016-09-23 00:52:47,338 : INFO : SwitchController : <<<<< switch: s_trough1, State:0 >>>>>
2016-09-23 00:52:47,547 : INFO : SwitchController : <<<<< switch: s_plunger_lane, State:1 >>>>>
2016-09-23 00:52:47,575 : INFO : SwitchController : <<<<< switch: s_trough2, State:0 >>>>>
2016-09-23 00:52:47,637 : INFO : SwitchController : <<<<< switch: s_trough3, State:0 >>>>>
2016-09-23 00:52:47,695 : INFO : SwitchController : <<<<< switch: s_trough2, State:1 >>>>>
2016-09-23 00:52:47,698 : INFO : SwitchController : <<<<< switch: s_trough1, State:1 >>>>>
2016-09-23 00:52:48,195 : INFO : SwitchController : <<<<< switch: s_plunger_lane, State:0 >>>>>
2016-09-23 00:52:48,223 : INFO : SwitchController : <<<<< switch: s_plunger_lane, State:1 >>>>>
2016-09-23 00:52:48,242 : INFO : SwitchController : <<<<< switch: s_plunger_lane, State:0 >>>>>
2016-09-23 00:52:52,304 : INFO : SwitchController : <<<<< switch: s_b_top_lane, State:1 >>>>>
2016-09-23 00:52:52,415 : INFO : SwitchController : <<<<< switch: s_b_top_lane, State:0 >>>>>
2016-09-23 00:52:52,642 : INFO : SwitchController : <<<<< switch: s_top_r_pop_bumper, State:1 >>>>>
2016-09-23 00:52:52,661 : INFO : SwitchController : <<<<< switch: s_top_r_pop_bumper, State:0 >>>>>
2016-09-23 00:52:52,675 : INFO : SwitchController : <<<<< switch: s_right_top2_rubber, State:0 >>>>>
2016-09-23 00:52:52,721 : INFO : SwitchController : <<<<< switch: s_right_top2_rubber, State:1 >>>>>
2016-09-23 00:52:52,776 : INFO : SwitchController : <<<<< switch: s_o1_top_lane, State:1 >>>>>
2016-09-23 00:52:52,809 : INFO : SwitchController : <<<<< switch: s_o1_top_lane, State:0 >>>>>
2016-09-23 00:52:52,908 : INFO : SwitchController : <<<<< switch: s_top_l_pop_bumper, State:1 >>>>>
2016-09-23 00:52:52,924 : INFO : SwitchController : <<<<< switch: s_top_l_pop_bumper, State:0 >>>>>
2016-09-23 00:52:53,936 : INFO : SwitchController : <<<<< switch: s_bottom_r_pop_bumper, State:1 >>>>>
2016-09-23 00:52:53,958 : INFO : SwitchController : <<<<< switch: s_bottom_r_pop_bumper, State:0 >>>>>
2016-09-23 00:52:53,968 : INFO : SwitchController : <<<<< switch: s_right_top2_rubber, State:0 >>>>>
2016-09-23 00:52:53,997 : INFO : SwitchController : <<<<< switch: s_bottom_l_pop_bumper, State:1 >>>>>
2016-09-23 00:52:54,010 : INFO : SwitchController : <<<<< switch: s_right_top2_rubber, State:1 >>>>>
2016-09-23 00:52:54,018 : INFO : SwitchController : <<<<< switch: s_bottom_l_pop_bumper, State:0 >>>>>
2016-09-23 00:52:54,026 : INFO : SwitchController : <<<<< switch: s_bottom_l_pop_bumper, State:1 >>>>>
2016-09-23 00:52:54,032 : INFO : SwitchController : <<<<< switch: s_bottom_l_pop_bumper, State:0 >>>>>
2016-09-23 00:52:54,040 : INFO : SwitchController : <<<<< switch: s_right_top2_rubber, State:0 >>>>>
2016-09-23 00:52:54,073 : INFO : SwitchController : <<<<< switch: s_right_top2_rubber, State:1 >>>>>
2016-09-23 00:52:54,405 : INFO : SwitchController : <<<<< switch: s_top_l_pop_bumper, State:1 >>>>>
2016-09-23 00:52:54,425 : INFO : SwitchController : <<<<< switch: s_top_l_pop_bumper, State:0 >>>>>
2016-09-23 00:52:54,440 : INFO : SwitchController : <<<<< switch: s_right_top2_rubber, State:0 >>>>>
2016-09-23 00:52:54,478 : INFO : SwitchController : <<<<< switch: s_right_top2_rubber, State:1 >>>>>
2016-09-23 00:52:54,753 : INFO : SwitchController : <<<<< switch: s_top_r_pop_bumper, State:1 >>>>>
2016-09-23 00:52:54,759 : INFO : SwitchController : <<<<< switch: s_top_r_pop_bumper, State:0 >>>>>
2016-09-23 00:52:54,816 : INFO : SwitchController : <<<<< switch: s_right_top2_rubber, State:0 >>>>>
2016-09-23 00:52:54,972 : INFO : SwitchController : <<<<< switch: s_right_top2_rubber, State:1 >>>>>
2016-09-23 00:52:56,459 : INFO : SwitchController : <<<<< switch: s_right_flipper, State:1 >>>>>
2016-09-23 00:52:56,486 : INFO : SwitchController : <<<<< switch: s_right_top2_rubber, State:0 >>>>>
2016-09-23 00:52:56,585 : INFO : SwitchController : <<<<< switch: s_right_top2_rubber, State:1 >>>>>
2016-09-23 00:52:57,181 : INFO : SwitchController : <<<<< switch: s_right_flipper, State:0 >>>>>
2016-09-23 00:52:57,635 : INFO : SwitchController : <<<<< switch: s_right_flipper, State:1 >>>>>
2016-09-23 00:52:57,988 : INFO : SwitchController : <<<<< switch: s_right_flipper, State:0 >>>>>
2016-09-23 00:52:58,426 : INFO : SwitchController : <<<<< switch: s_right_flipper, State:1 >>>>>
2016-09-23 00:52:58,467 : INFO : SwitchController : <<<<< switch: s_right_top2_rubber, State:0 >>>>>
2016-09-23 00:52:58,514 : INFO : SwitchController : <<<<< switch: s_right_flipper, State:0 >>>>>
2016-09-23 00:52:58,638 : INFO : SwitchController : <<<<< switch: s_right_top2_rubber, State:1 >>>>>
2016-09-23 00:52:59,585 : INFO : SwitchController : <<<<< switch: s_right_flipper, State:1 >>>>>
2016-09-23 00:52:59,824 : INFO : SwitchController : <<<<< switch: s_right_flipper, State:0 >>>>>
2016-09-23 00:52:59,873 : INFO : SwitchController : <<<<< switch: s_left_bottom_rubber, State:1 >>>>>
2016-09-23 00:52:59,897 : INFO : SwitchController : <<<<< switch: s_left_bottom_rubber, State:0 >>>>>
2016-09-23 00:53:02,115 : INFO : SwitchController : <<<<< switch: s_left_flipper, State:1 >>>>>
2016-09-23 00:53:02,299 : INFO : SwitchController : <<<<< switch: s_left_flipper, State:0 >>>>>
2016-09-23 00:53:02,342 : INFO : SwitchController : <<<<< switch: s_middle_drop_target, State:1 >>>>>
2016-09-23 00:53:02,350 : INFO : SwitchController : <<<<< switch: s_right_drop_target, State:1 >>>>>
2016-09-23 00:53:02,358 : INFO : SwitchController : <<<<< switch: s_middle_drop_target, State:0 >>>>>
2016-09-23 00:53:02,366 : INFO : SwitchController : <<<<< switch: s_middle_drop_target, State:1 >>>>>
2016-09-23 00:53:02,448 : INFO : SwitchController : <<<<< switch: s_right_top2_rubber, State:0 >>>>>
2016-09-23 00:53:02,558 : INFO : SwitchController : <<<<< switch: s_left_flipper, State:1 >>>>>
2016-09-23 00:53:02,687 : INFO : SwitchController : <<<<< switch: s_right_top2_rubber, State:1 >>>>>
2016-09-23 00:53:02,744 : INFO : SwitchController : <<<<< switch: s_left_flipper, State:0 >>>>>
2016-09-23 00:53:02,750 : INFO : SwitchController : <<<<< switch: s_right_slingshot, State:1 >>>>>
2016-09-23 00:53:02,775 : INFO : SwitchController : <<<<< switch: s_right_top2_rubber, State:0 >>>>>
2016-09-23 00:53:02,834 : INFO : SwitchController : <<<<< switch: s_right_slingshot, State:0 >>>>>
2016-09-23 00:53:02,890 : INFO : SwitchController : <<<<< switch: s_right_top2_rubber, State:1 >>>>>
2016-09-23 00:53:03,733 : INFO : SwitchController : <<<<< switch: s_top_r_pop_bumper, State:1 >>>>>
2016-09-23 00:53:03,748 : INFO : SwitchController : <<<<< switch: s_top_r_pop_bumper, State:0 >>>>>
2016-09-23 00:53:03,759 : INFO : SwitchController : <<<<< switch: s_right_top2_rubber, State:0 >>>>>
2016-09-23 00:53:03,815 : INFO : SwitchController : <<<<< switch: s_top_l_pop_bumper, State:1 >>>>>
2016-09-23 00:53:03,822 : INFO : SwitchController : <<<<< switch: s_top_l_pop_bumper, State:0 >>>>>
2016-09-23 00:53:03,835 : INFO : SwitchController : <<<<< switch: s_top_l_pop_bumper, State:1 >>>>>
2016-09-23 00:53:03,841 : INFO : SwitchController : <<<<< switch: s_top_l_pop_bumper, State:0 >>>>>
2016-09-23 00:53:04,100 : INFO : SwitchController : <<<<< switch: s_left_middle_rubber, State:1 >>>>>
2016-09-23 00:53:04,124 : INFO : SwitchController : <<<<< switch: s_left_middle_rubber, State:0 >>>>>
2016-09-23 00:53:04,442 : INFO : SwitchController : <<<<< switch: s_right_flipper, State:1 >>>>>
2016-09-23 00:53:04,473 : INFO : SwitchController : <<<<< switch: s_trough2, State:0 >>>>>
2016-09-23 00:53:04,499 : INFO : SwitchController : <<<<< switch: s_trough2, State:1 >>>>>
2016-09-23 00:53:04,936 : INFO : SwitchController : <<<<< switch: s_right_flipper, State:0 >>>>>
2016-09-23 00:53:05,029 : INFO : SwitchController : <<<<< switch: s_left_flipper, State:1 >>>>>
2016-09-23 00:53:05,222 : INFO : SwitchController : <<<<< switch: s_left_flipper, State:0 >>>>>
2016-09-23 00:53:05,322 : INFO : SwitchController : <<<<< switch: s_left_slingshot, State:1 >>>>>
2016-09-23 00:53:05,333 : INFO : SwitchController : <<<<< switch: s_left_slingshot, State:0 >>>>>
2016-09-23 00:53:05,508 : INFO : SwitchController : <<<<< switch: s_right_slingshot, State:1 >>>>>
2016-09-23 00:53:05,600 : INFO : SwitchController : <<<<< switch: s_right_slingshot, State:0 >>>>>
2016-09-23 00:53:06,822 : INFO : SwitchController : <<<<< switch: s_right_flipper, State:1 >>>>>
2016-09-23 00:53:07,000 : INFO : SwitchController : <<<<< switch: s_right_flipper, State:0 >>>>>
2016-09-23 00:53:07,368 : INFO : SwitchController : <<<<< switch: s_right_flipper, State:1 >>>>>
2016-09-23 00:53:07,525 : INFO : SwitchController : <<<<< switch: s_right_flipper, State:0 >>>>>
2016-09-23 00:53:07,756 : INFO : SwitchController : <<<<< switch: s_left_bottom_rubber, State:1 >>>>>
2016-09-23 00:53:07,770 : INFO : SwitchController : <<<<< switch: s_left_bottom_rubber, State:0 >>>>>
2016-09-23 00:53:08,669 : INFO : SwitchController : <<<<< switch: s_bottom_l_pop_bumper, State:1 >>>>>
2016-09-23 00:53:08,686 : INFO : SwitchController : <<<<< switch: s_bottom_l_pop_bumper, State:0 >>>>>
2016-09-23 00:53:09,062 : INFO : SwitchController : <<<<< switch: s_left_middle_rubber, State:1 >>>>>
2016-09-23 00:53:09,081 : INFO : SwitchController : <<<<< switch: s_left_middle_rubber, State:0 >>>>>
2016-09-23 00:53:11,048 : INFO : SwitchController : <<<<< switch: s_left_flipper, State:1 >>>>>
2016-09-23 00:53:11,220 : INFO : SwitchController : <<<<< switch: s_left_flipper, State:0 >>>>>
2016-09-23 00:53:11,258 : INFO : SwitchController : <<<<< switch: s_right_flipper, State:1 >>>>>
2016-09-23 00:53:11,287 : INFO : SwitchController : <<<<< switch: s_trough2, State:0 >>>>>
2016-09-23 00:53:11,312 : INFO : SwitchController : <<<<< switch: s_trough2, State:1 >>>>>
2016-09-23 00:53:11,413 : INFO : SwitchController : <<<<< switch: s_right_flipper, State:0 >>>>>
2016-09-23 00:53:11,503 : INFO : SwitchController : <<<<< switch: s_left_flipper, State:1 >>>>>
2016-09-23 00:53:11,646 : INFO : SwitchController : <<<<< switch: s_left_flipper, State:0 >>>>>
2016-09-23 00:53:12,561 : INFO : SwitchController : <<<<< switch: s_right_flipper, State:1 >>>>>
2016-09-23 00:53:12,583 : INFO : SwitchController : <<<<< switch: s_right_flipper, State:0 >>>>>
2016-09-23 00:53:12,591 : INFO : SwitchController : <<<<< switch: s_right_flipper, State:1 >>>>>
2016-09-23 00:53:12,613 : INFO : SwitchController : <<<<< switch: s_right_flipper, State:0 >>>>>
2016-09-23 00:53:12,700 : INFO : SwitchController : <<<<< switch: s_left_flipper, State:1 >>>>>
2016-09-23 00:53:12,722 : INFO : SwitchController : <<<<< switch: s_left_slingshot, State:1 >>>>>
2016-09-23 00:53:12,732 : INFO : SwitchController : <<<<< switch: s_left_slingshot, State:0 >>>>>
2016-09-23 00:53:12,823 : INFO : SwitchController : <<<<< switch: s_left_flipper, State:0 >>>>>
2016-09-23 00:53:12,997 : INFO : SwitchController : <<<<< switch: s_right_target, State:1 >>>>>
2016-09-23 00:53:13,017 : INFO : SwitchController : <<<<< switch: s_right_target, State:0 >>>>>
2016-09-23 00:53:14,070 : INFO : SwitchController : <<<<< switch: s_right_slingshot, State:1 >>>>>
2016-09-23 00:53:14,095 : INFO : SwitchController : <<<<< switch: s_trough2, State:0 >>>>>
2016-09-23 00:53:14,103 : INFO : SwitchController : <<<<< switch: s_right_slingshot, State:0 >>>>>
2016-09-23 00:53:14,115 : INFO : SwitchController : <<<<< switch: s_trough2, State:1 >>>>>
2016-09-23 00:53:14,368 : INFO : SwitchController : <<<<< switch: s_left_flipper, State:1 >>>>>
2016-09-23 00:53:14,801 : INFO : SwitchController : <<<<< switch: s_right_top2_rubber, State:1 >>>>>
2016-09-23 00:53:14,959 : INFO : SwitchController : <<<<< switch: s_right_top2_rubber, State:0 >>>>>
2016-09-23 00:53:15,015 : INFO : SwitchController : <<<<< switch: s_left_flipper, State:0 >>>>>
2016-09-23 00:53:15,585 : INFO : SwitchController : <<<<< switch: s_left_flipper, State:1 >>>>>
2016-09-23 00:53:15,766 : INFO : SwitchController : <<<<< switch: s_left_flipper, State:0 >>>>>
2016-09-23 00:53:16,602 : INFO : SwitchController : <<<<< switch: s_kickback_t, State:1 >>>>>
2016-09-23 00:53:16,627 : INFO : SwitchController : <<<<< switch: s_kickback_t, State:0 >>>>>
2016-09-23 00:53:17,676 : INFO : SwitchController : <<<<< switch: s_s_target, State:1 >>>>>
2016-09-23 00:53:17,720 : INFO : SwitchController : <<<<< switch: s_s_target, State:0 >>>>>
2016-09-23 00:53:18,537 : INFO : SwitchController : <<<<< switch: s_left_flipper, State:1 >>>>>
2016-09-23 00:53:18,556 : INFO : SwitchController : <<<<< switch: s_left_flipper, State:0 >>>>>
2016-09-23 00:53:18,561 : INFO : SwitchController : <<<<< switch: s_left_flipper, State:1 >>>>>
2016-09-23 00:53:18,577 : INFO : SwitchController : <<<<< switch: s_right_flipper, State:1 >>>>>
2016-09-23 00:53:18,675 : INFO : SwitchController : <<<<< switch: s_left_flipper, State:0 >>>>>
2016-09-23 00:53:18,727 : INFO : SwitchController : <<<<< switch: s_right_flipper, State:0 >>>>>
2016-09-23 00:53:19,122 : INFO : SwitchController : <<<<< switch: s_drain_kicker, State:1 >>>>>
2016-09-23 00:53:19,270 : INFO : Mode.ball_save : Mode Starting. Priority: 8500
2016-09-23 00:53:19,275 : INFO : Mode.base : Mode Starting. Priority: 100
2016-09-23 00:53:19,366 : INFO : SwitchController : <<<<< switch: s_middle_drop_target, State:0 >>>>>
2016-09-23 00:53:19,370 : INFO : SwitchController : <<<<< switch: s_right_drop_target, State:0 >>>>>
2016-09-23 00:53:19,391 : INFO : SwitchController : <<<<< switch: s_trough1, State:0 >>>>>
2016-09-23 00:53:19,591 : INFO : SwitchController : <<<<< switch: s_plunger_lane, State:1 >>>>>
2016-09-23 00:53:19,599 : INFO : SwitchController : <<<<< switch: s_trough2, State:0 >>>>>
2016-09-23 00:53:19,698 : INFO : SwitchController : <<<<< switch: s_trough1, State:1 >>>>>
2016-09-23 00:53:19,773 : INFO : SwitchController : <<<<< switch: s_trough1, State:0 >>>>>
2016-09-23 00:53:19,948 : INFO : SwitchController : <<<<< switch: s_trough1, State:1 >>>>>
2016-09-23 00:53:20,185 : INFO : SwitchController : <<<<< switch: s_plunger_lane, State:0 >>>>>
2016-09-23 00:53:20,212 : INFO : SwitchController : <<<<< switch: s_plunger_lane, State:1 >>>>>
2016-09-23 00:53:20,229 : INFO : SwitchController : <<<<< switch: s_plunger_lane, State:0 >>>>>
2016-09-23 00:53:20,288 : INFO : SwitchController : <<<<< switch: s_drain_kicker, State:0 >>>>>
2016-09-23 00:53:20,348 : INFO : SwitchController : <<<<< switch: s_trough1, State:0 >>>>>
2016-09-23 00:53:20,423 : INFO : SwitchController : <<<<< switch: s_trough1, State:1 >>>>>
2016-09-23 00:53:20,607 : INFO : SwitchController : <<<<< switch: s_trough3, State:1 >>>>>
2016-09-23 00:53:20,661 : INFO : SwitchController : <<<<< switch: s_trough3, State:0 >>>>>
2016-09-23 00:53:20,691 : INFO : SwitchController : <<<<< switch: s_trough2, State:1 >>>>>
2016-09-23 00:53:22,824 : INFO : SwitchController : <<<<< switch: s_left_flipper, State:1 >>>>>
2016-09-23 00:53:23,681 : INFO : SwitchController : <<<<< switch: s_left_flipper, State:0 >>>>>
2016-09-23 00:53:23,876 : INFO : SwitchController : <<<<< switch: s_right_top2_rubber, State:1 >>>>>
2016-09-23 00:53:23,907 : INFO : SwitchController : <<<<< switch: s_right_top2_rubber, State:0 >>>>>
2016-09-23 00:53:23,936 : INFO : SwitchController : <<<<< switch: s_right_top2_rubber, State:1 >>>>>
2016-09-23 00:53:24,436 : INFO : SwitchController : <<<<< switch: s_right_top2_rubber, State:0 >>>>>
2016-09-23 00:53:24,453 : INFO : SwitchController : <<<<< switch: s_left_flipper, State:1 >>>>>
2016-09-23 00:53:25,010 : INFO : SwitchController : <<<<< switch: s_left_flipper, State:0 >>>>>
2016-09-23 00:53:25,698 : INFO : SwitchController : <<<<< switch: s_left_flipper, State:1 >>>>>
2016-09-23 00:53:25,894 : INFO : SwitchController : <<<<< switch: s_left_flipper, State:0 >>>>>
2016-09-23 00:53:26,033 : INFO : SwitchController : <<<<< switch: s_s_target, State:1 >>>>>
2016-09-23 00:53:26,074 : INFO : SwitchController : <<<<< switch: s_s_target, State:0 >>>>>
2016-09-23 00:53:26,808 : INFO : SwitchController : <<<<< switch: s_right_flipper, State:1 >>>>>
2016-09-23 00:53:26,892 : INFO : SwitchController : <<<<< switch: s_right_slingshot, State:1 >>>>>
2016-09-23 00:53:26,960 : INFO : SwitchController : <<<<< switch: s_right_slingshot, State:0 >>>>>
2016-09-23 00:53:26,980 : INFO : SwitchController : <<<<< switch: s_right_flipper, State:0 >>>>>
2016-09-23 00:53:27,043 : INFO : SwitchController : <<<<< switch: s_left_flipper, State:1 >>>>>
2016-09-23 00:53:27,109 : INFO : SwitchController : <<<<< switch: s_left_slingshot, State:1 >>>>>
2016-09-23 00:53:27,125 : INFO : SwitchController : <<<<< switch: s_left_slingshot, State:0 >>>>>
2016-09-23 00:53:27,250 : INFO : SwitchController : <<<<< switch: s_left_flipper, State:0 >>>>>
2016-09-23 00:53:28,384 : INFO : SwitchController : <<<<< switch: s_kickback_t, State:1 >>>>>
2016-09-23 00:53:28,420 : INFO : SwitchController : <<<<< switch: s_kickback_t, State:0 >>>>>
2016-09-23 00:53:29,443 : INFO : SwitchController : <<<<< switch: s_drain_kicker, State:1 >>>>>
2016-09-23 00:53:29,608 : INFO : SwitchController : <<<<< switch: s_trough1, State:0 >>>>>
2016-09-23 00:53:29,762 : INFO : SwitchController : <<<<< switch: s_plunger_lane, State:1 >>>>>
2016-09-23 00:53:29,822 : INFO : SwitchController : <<<<< switch: s_trough2, State:0 >>>>>
2016-09-23 00:53:29,941 : INFO : SwitchController : <<<<< switch: s_trough1, State:1 >>>>>
2016-09-23 00:53:30,024 : INFO : SwitchController : <<<<< switch: s_trough1, State:0 >>>>>
2016-09-23 00:53:30,193 : INFO : SwitchController : <<<<< switch: s_trough1, State:1 >>>>>
2016-09-23 00:53:30,424 : INFO : SwitchController : <<<<< switch: s_plunger_lane, State:0 >>>>>
2016-09-23 00:53:30,457 : INFO : SwitchController : <<<<< switch: s_plunger_lane, State:1 >>>>>
2016-09-23 00:53:30,473 : INFO : SwitchController : <<<<< switch: s_plunger_lane, State:0 >>>>>
2016-09-23 00:53:30,540 : INFO : SwitchController : <<<<< switch: s_drain_kicker, State:0 >>>>>
2016-09-23 00:53:30,670 : INFO : SwitchController : <<<<< switch: s_trough1, State:0 >>>>>
2016-09-23 00:53:30,681 : INFO : SwitchController : <<<<< switch: s_trough1, State:1 >>>>>
2016-09-23 00:53:31,102 : INFO : SwitchController : <<<<< switch: s_trough3, State:1 >>>>>
2016-09-23 00:53:31,189 : INFO : SwitchController : <<<<< switch: s_trough3, State:0 >>>>>
2016-09-23 00:53:31,228 : INFO : SwitchController : <<<<< switch: s_trough2, State:1 >>>>>
2016-09-23 00:53:32,743 : INFO : SwitchController : <<<<< switch: s_r_top_lane, State:1 >>>>>
2016-09-23 00:53:32,906 : INFO : SwitchController : <<<<< switch: s_r_top_lane, State:0 >>>>>
2016-09-23 00:53:33,104 : INFO : SwitchController : <<<<< switch: s_top_l_pop_bumper, State:1 >>>>>
2016-09-23 00:53:33,121 : INFO : SwitchController : <<<<< switch: s_top_l_pop_bumper, State:0 >>>>>
2016-09-23 00:53:35,020 : INFO : SwitchController : <<<<< switch: s_left_middle_rubber, State:1 >>>>>
2016-09-23 00:53:35,053 : INFO : SwitchController : <<<<< switch: s_left_middle_rubber, State:0 >>>>>
2016-09-23 00:53:36,114 : INFO : SwitchController : <<<<< switch: s_right_flipper, State:1 >>>>>
2016-09-23 00:53:36,145 : INFO : SwitchController : <<<<< switch: s_trough2, State:0 >>>>>
2016-09-23 00:53:36,174 : INFO : SwitchController : <<<<< switch: s_trough2, State:1 >>>>>
2016-09-23 00:53:36,189 : INFO : SwitchController : <<<<< switch: s_right_flipper, State:0 >>>>>
2016-09-23 00:53:36,198 : INFO : SwitchController : <<<<< switch: s_left_flipper, State:1 >>>>>
2016-09-23 00:53:36,343 : INFO : SwitchController : <<<<< switch: s_left_flipper, State:0 >>>>>
2016-09-23 00:53:36,424 : INFO : SwitchController : <<<<< switch: s_right_top2_rubber, State:1 >>>>>
2016-09-23 00:53:36,513 : INFO : SwitchController : <<<<< switch: s_right_top2_rubber, State:0 >>>>>
2016-09-23 00:53:36,626 : INFO : SwitchController : <<<<< switch: s_drain_kicker, State:1 >>>>>
2016-09-23 00:53:36,776 : INFO : Mode.ball_save : Mode Starting. Priority: 8500
2016-09-23 00:53:36,785 : INFO : Mode.base : Mode Starting. Priority: 100
2016-09-23 00:53:36,934 : INFO : SwitchController : <<<<< switch: s_trough1, State:0 >>>>>
2016-09-23 00:53:37,121 : INFO : SwitchController : <<<<< switch: s_plunger_lane, State:1 >>>>>
2016-09-23 00:53:37,177 : INFO : SwitchController : <<<<< switch: s_trough2, State:0 >>>>>
2016-09-23 00:53:37,293 : INFO : SwitchController : <<<<< switch: s_trough1, State:1 >>>>>
2016-09-23 00:53:37,385 : INFO : SwitchController : <<<<< switch: s_trough1, State:0 >>>>>
2016-09-23 00:53:37,555 : INFO : SwitchController : <<<<< switch: s_trough1, State:1 >>>>>
2016-09-23 00:53:37,568 : INFO : SwitchController : <<<<< switch: s_plunger_lane, State:0 >>>>>
2016-09-23 00:53:37,592 : INFO : SwitchController : <<<<< switch: s_plunger_lane, State:1 >>>>>
2016-09-23 00:53:37,615 : INFO : SwitchController : <<<<< switch: s_plunger_lane, State:0 >>>>>
2016-09-23 00:53:37,933 : INFO : SwitchController : <<<<< switch: s_trough1, State:0 >>>>>
2016-09-23 00:53:37,966 : INFO : SwitchController : <<<<< switch: s_trough1, State:1 >>>>>
2016-09-23 00:53:38,176 : INFO : SwitchController : <<<<< switch: s_right_top2_rubber, State:1 >>>>>
2016-09-23 00:53:38,220 : INFO : SwitchController : <<<<< switch: s_right_top2_rubber, State:0 >>>>>
2016-09-23 00:53:38,310 : INFO : SwitchController : <<<<< switch: s_drain_kicker, State:0 >>>>>
2016-09-23 00:53:38,404 : INFO : SwitchController : <<<<< switch: s_trough3, State:1 >>>>>
2016-09-23 00:53:38,415 : INFO : SwitchController : <<<<< switch: s_trough3, State:0 >>>>>
2016-09-23 00:53:38,523 : INFO : SwitchController : <<<<< switch: s_trough1, State:0 >>>>>
2016-09-23 00:53:38,551 : INFO : SwitchController : <<<<< switch: s_trough1, State:1 >>>>>
2016-09-23 00:53:38,750 : INFO : SwitchController : <<<<< switch: s_trough3, State:1 >>>>>
2016-09-23 00:53:38,819 : INFO : SwitchController : <<<<< switch: s_trough3, State:0 >>>>>
2016-09-23 00:53:38,852 : INFO : SwitchController : <<<<< switch: s_trough2, State:1 >>>>>
2016-09-23 00:53:39,349 : INFO : SwitchController : <<<<< switch: s_b_top_lane, State:1 >>>>>
2016-09-23 00:53:39,424 : INFO : SwitchController : <<<<< switch: s_b_top_lane, State:0 >>>>>
2016-09-23 00:53:40,139 : INFO : SwitchController : <<<<< switch: s_left_flipper, State:1 >>>>>
2016-09-23 00:53:40,465 : INFO : SwitchController : <<<<< switch: s_left_flipper, State:0 >>>>>
2016-09-23 00:53:40,773 : INFO : SwitchController : <<<<< switch: s_left_flipper, State:1 >>>>>
2016-09-23 00:53:40,933 : INFO : SwitchController : <<<<< switch: s_left_flipper, State:0 >>>>>
2016-09-23 00:53:41,025 : INFO : SwitchController : <<<<< switch: s_right_flipper, State:1 >>>>>
2016-09-23 00:53:41,056 : INFO : SwitchController : <<<<< switch: s_trough2, State:0 >>>>>
2016-09-23 00:53:41,077 : INFO : SwitchController : <<<<< switch: s_trough2, State:1 >>>>>
2016-09-23 00:53:41,147 : INFO : SwitchController : <<<<< switch: s_right_flipper, State:0 >>>>>
2016-09-23 00:53:43,189 : INFO : SwitchController : <<<<< switch: s_left_flipper, State:1 >>>>>
2016-09-23 00:53:43,357 : INFO : SwitchController : <<<<< switch: s_left_flipper, State:0 >>>>>
2016-09-23 00:53:45,804 : INFO : SwitchController : <<<<< switch: s_right_slingshot, State:1 >>>>>
2016-09-23 00:53:45,863 : INFO : SwitchController : <<<<< switch: s_right_slingshot, State:0 >>>>>
2016-09-23 00:53:45,969 : INFO : SwitchController : <<<<< switch: s_left_flipper, State:1 >>>>>
2016-09-23 00:53:46,167 : INFO : SwitchController : <<<<< switch: s_left_slingshot, State:1 >>>>>
2016-09-23 00:53:46,186 : INFO : SwitchController : <<<<< switch: s_left_slingshot, State:0 >>>>>
2016-09-23 00:53:46,264 : INFO : SwitchController : <<<<< switch: s_left_flipper, State:0 >>>>>
2016-09-23 00:53:46,310 : INFO : SwitchController : <<<<< switch: s_right_slingshot, State:1 >>>>>
2016-09-23 00:53:46,403 : INFO : SwitchController : <<<<< switch: s_right_slingshot, State:0 >>>>>
2016-09-23 00:53:46,456 : INFO : SwitchController : <<<<< switch: s_left_slingshot, State:1 >>>>>
2016-09-23 00:53:46,462 : INFO : SwitchController : <<<<< switch: s_left_slingshot, State:0 >>>>>
2016-09-23 00:53:47,905 : INFO : SwitchController : <<<<< switch: s_left_flipper, State:1 >>>>>
2016-09-23 00:53:48,287 : INFO : SwitchController : <<<<< switch: s_left_flipper, State:0 >>>>>
2016-09-23 00:53:48,503 : INFO : SwitchController : <<<<< switch: s_right_top2_rubber, State:1 >>>>>
2016-09-23 00:53:48,562 : INFO : SwitchController : <<<<< switch: s_right_flipper, State:1 >>>>>
2016-09-23 00:53:48,586 : INFO : SwitchController : <<<<< switch: s_right_top2_rubber, State:0 >>>>>
2016-09-23 00:53:48,743 : INFO : SwitchController : <<<<< switch: s_right_top2_rubber, State:1 >>>>>
2016-09-23 00:53:48,782 : INFO : SwitchController : <<<<< switch: s_right_top2_rubber, State:0 >>>>>
2016-09-23 00:53:49,169 : INFO : SwitchController : <<<<< switch: s_right_flipper, State:0 >>>>>
2016-09-23 00:53:49,313 : INFO : SwitchController : <<<<< switch: s_right_top2_rubber, State:1 >>>>>
2016-09-23 00:53:49,384 : INFO : SwitchController : <<<<< switch: s_right_top2_rubber, State:0 >>>>>
2016-09-23 00:53:49,774 : INFO : SwitchController : <<<<< switch: s_right_flipper, State:1 >>>>>
2016-09-23 00:53:50,102 : INFO : SwitchController : <<<<< switch: s_left_middle_rubber, State:1 >>>>>
2016-09-23 00:53:50,126 : INFO : SwitchController : <<<<< switch: s_left_middle_rubber, State:0 >>>>>
2016-09-23 00:53:50,313 : INFO : SwitchController : <<<<< switch: s_right_flipper, State:0 >>>>>
2016-09-23 00:53:51,827 : INFO : SwitchController : <<<<< switch: s_left_middle_rubber, State:1 >>>>>
2016-09-23 00:53:51,854 : INFO : SwitchController : <<<<< switch: s_left_middle_rubber, State:0 >>>>>
2016-09-23 00:53:53,299 : INFO : SwitchController : <<<<< switch: s_left_flipper, State:1 >>>>>
2016-09-23 00:53:53,383 : INFO : SwitchController : <<<<< switch: s_left_flipper, State:0 >>>>>
2016-09-23 00:53:53,487 : INFO : SwitchController : <<<<< switch: s_right_top2_rubber, State:1 >>>>>
2016-09-23 00:53:53,661 : INFO : SwitchController : <<<<< switch: s_lower_right_rubber, State:1 >>>>>
2016-09-23 00:53:53,674 : INFO : SwitchController : <<<<< switch: s_lower_right_rubber, State:0 >>>>>
2016-09-23 00:53:54,049 : INFO : SwitchController : <<<<< switch: s_left_drop_target, State:1 >>>>>
2016-09-23 00:53:54,097 : INFO : SwitchController : <<<<< switch: s_right_top2_rubber, State:0 >>>>>
2016-09-23 00:53:54,144 : INFO : SwitchController : <<<<< switch: s_right_target, State:1 >>>>>
2016-09-23 00:53:54,153 : INFO : SwitchController : <<<<< switch: s_middle_target, State:1 >>>>>
2016-09-23 00:53:54,160 : INFO : SwitchController : <<<<< switch: s_right_target, State:0 >>>>>
2016-09-23 00:53:54,166 : INFO : SwitchController : <<<<< switch: s_middle_target, State:0 >>>>>
2016-09-23 00:53:54,956 : INFO : SwitchController : <<<<< switch: s_right_slingshot, State:1 >>>>>
2016-09-23 00:53:55,036 : INFO : SwitchController : <<<<< switch: s_right_slingshot, State:0 >>>>>
2016-09-23 00:53:55,188 : INFO : SwitchController : <<<<< switch: s_right_top2_rubber, State:1 >>>>>
2016-09-23 00:53:55,235 : INFO : SwitchController : <<<<< switch: s_right_top2_rubber, State:0 >>>>>
2016-09-23 00:53:55,255 : INFO : SwitchController : <<<<< switch: s_left_slingshot, State:1 >>>>>
2016-09-23 00:53:55,275 : INFO : SwitchController : <<<<< switch: s_left_slingshot, State:0 >>>>>
2016-09-23 00:53:55,536 : INFO : SwitchController : <<<<< switch: s_s_target, State:1 >>>>>
2016-09-23 00:53:55,550 : INFO : SwitchController : <<<<< switch: s_s_target, State:0 >>>>>
2016-09-23 00:53:56,025 : INFO : SwitchController : <<<<< switch: s_left_bottom_rubber, State:1 >>>>>
2016-09-23 00:53:56,041 : INFO : SwitchController : <<<<< switch: s_left_bottom_rubber, State:0 >>>>>
2016-09-23 00:53:57,587 : INFO : SwitchController : <<<<< switch: s_right_flipper, State:1 >>>>>
2016-09-23 00:53:57,989 : INFO : SwitchController : <<<<< switch: s_right_flipper, State:0 >>>>>
2016-09-23 00:53:58,523 : INFO : SwitchController : <<<<< switch: s_left_flipper, State:1 >>>>>
2016-09-23 00:53:58,889 : INFO : SwitchController : <<<<< switch: s_left_flipper, State:0 >>>>>
2016-09-23 00:53:58,982 : INFO : SwitchController : <<<<< switch: s_left_flipper, State:1 >>>>>
2016-09-23 00:53:59,136 : INFO : SwitchController : <<<<< switch: s_left_flipper, State:0 >>>>>
2016-09-23 00:53:59,422 : INFO : SwitchController : <<<<< switch: s_right_flipper, State:1 >>>>>
2016-09-23 00:54:00,299 : INFO : SwitchController : <<<<< switch: s_right_flipper, State:0 >>>>>
2016-09-23 00:54:01,000 : INFO : SwitchController : <<<<< switch: s_right_flipper, State:1 >>>>>
2016-09-23 00:54:01,261 : INFO : SwitchController : <<<<< switch: s_middle_target, State:1 >>>>>
2016-09-23 00:54:01,268 : INFO : SwitchController : <<<<< switch: s_right_target, State:1 >>>>>
2016-09-23 00:54:01,277 : INFO : SwitchController : <<<<< switch: s_middle_target, State:0 >>>>>
2016-09-23 00:54:01,282 : INFO : SwitchController : <<<<< switch: s_right_target, State:0 >>>>>
2016-09-23 00:54:01,299 : INFO : SwitchController : <<<<< switch: s_right_flipper, State:0 >>>>>
2016-09-23 00:54:01,698 : INFO : SwitchController : <<<<< switch: s_right_top2_rubber, State:1 >>>>>
2016-09-23 00:54:01,802 : INFO : SwitchController : <<<<< switch: s_right_top2_rubber, State:0 >>>>>
2016-09-23 00:54:02,388 : INFO : SwitchController : <<<<< switch: s_right_outlane_h, State:1 >>>>>
2016-09-23 00:54:02,490 : INFO : SwitchController : <<<<< switch: s_right_outlane_h, State:0 >>>>>
2016-09-23 00:54:02,537 : INFO : SwitchController : <<<<< switch: s_right_top2_rubber, State:1 >>>>>
2016-09-23 00:54:02,706 : INFO : SwitchController : <<<<< switch: s_right_top2_rubber, State:0 >>>>>
2016-09-23 00:54:05,608 : INFO : SwitchController : <<<<< switch: s_drain_kicker, State:1 >>>>>
2016-09-23 00:54:05,752 : INFO : Mode.attract : Mode Starting. Priority: 10
2016-09-23 00:54:06,070 : INFO : SwitchController : <<<<< switch: s_drain_kicker, State:0 >>>>>
2016-09-23 00:54:06,077 : WARNING : BallController : BallController denies game start. Not enough balls
2016-09-23 00:54:06,181 : INFO : SwitchController : <<<<< switch: s_trough2, State:0 >>>>>
2016-09-23 00:54:06,189 : INFO : SwitchController : <<<<< switch: s_trough1, State:0 >>>>>
2016-09-23 00:54:06,231 : INFO : SwitchController : <<<<< switch: s_trough1, State:1 >>>>>
2016-09-23 00:54:06,267 : INFO : SwitchController : <<<<< switch: s_trough2, State:1 >>>>>
2016-09-23 00:54:06,560 : INFO : SwitchController : <<<<< switch: s_trough3, State:1 >>>>>
2016-09-23 00:54:08,715 : INFO : Machine : Shutting down...
2016-09-23 00:54:08,719 : INFO : Machine : Shutting down...
2016-09-23 00:54:08,723 : ERROR : FAST : Stop called on serial connection /dev/ttyUSB2
2016-09-23 00:54:08,728 : ERROR : FAST : Stop called on serial connection /dev/ttyUSB1
2016-09-23 00:54:08,735 : ERROR : FAST : Stop called on serial connection /dev/ttyUSB2
2016-09-23 00:54:08,741 : ERROR : FAST : Stop called on serial connection /dev/ttyUSB1
2016-09-23 00:54:08,748 : WARNING : FAST : Serial error: 
2016-09-23 00:54:08,755 : WARNING : FAST : Serial closed.
2016-09-23 00:54:08,763 : WARNING : FAST : Serial error: 
2016-09-23 00:54:08,772 : WARNING : FAST : Serial closed.
2016-09-23 00:54:08,782 : INFO : kivy : MPF run loop ended.
