2016-09-23 00:54:49,881 : INFO : Machine : Mission Pinball Framework Core Engine v0.31.3
2016-09-23 00:54:49,883 : DEBUG : Machine : Command line arguments: {'bcp': False, 'configfile': ['config'], 'pause': False, 'loglevel': 10, 'force_platform': None, 'consoleloglevel': 20, 'logfile': 'logs/2016-09-23-00-54-49-mpf-kivypie.log', 'mpfconfigfile': '/usr/local/lib/python3.4/dist-packages/mpf/mpfconfig.yaml', 'create_config_cache': True, 'no_load_cache': False}
2016-09-23 00:54:49,883 : DEBUG : Machine : MPF path: /usr/local/lib/python3.4/dist-packages/mpf
2016-09-23 00:54:49,883 : INFO : Machine : Machine path: /home/sysop/robotech
2016-09-23 00:54:49,884 : DEBUG : Machine : Command line arguments: {'bcp': False, 'configfile': ['config'], 'pause': False, 'loglevel': 10, 'force_platform': None, 'consoleloglevel': 20, 'logfile': 'logs/2016-09-23-00-54-49-mpf-kivypie.log', 'mpfconfigfile': '/usr/local/lib/python3.4/dist-packages/mpf/mpfconfig.yaml', 'create_config_cache': True, 'no_load_cache': False}
2016-09-23 00:54:49,884 : DEBUG : Machine : Python version: 3.4.2
2016-09-23 00:54:49,884 : DEBUG : Machine : Platform: linux
2016-09-23 00:54:49,885 : DEBUG : Machine : Python executable location: /usr/bin/python3
2016-09-23 00:54:49,885 : DEBUG : Machine : 32-bit Python? True
2016-09-23 00:54:49,886 : DEBUG : Machine : Machine path: /home/sysop/robotech
2016-09-23 00:54:51,330 : INFO : Machine : Loading config from original files
2016-09-23 00:54:51,333 : DEBUG : YAML File Interface : Loading file: /usr/local/lib/python3.4/dist-packages/mpf/mpfconfig.yaml
2016-09-23 00:54:51,712 : INFO : Machine : Machine config file #1: /home/sysop/robotech/config/config
2016-09-23 00:54:51,714 : DEBUG : YAML File Interface : Loading file: /home/sysop/robotech/config/config.yaml
2016-09-23 00:54:52,145 : DEBUG : YAML File Interface : Loading file: /home/sysop/robotech/config/leds.yaml
2016-09-23 00:54:52,451 : DEBUG : YAML File Interface : Loading file: /home/sysop/robotech/config/shots.yaml
2016-09-23 00:54:52,535 : DEBUG : YAML File Interface : Loading file: /home/sysop/robotech/config/lightscripts.yaml
2016-09-23 00:54:52,590 : INFO : Machine : Config file cache created: /tmp/b22896e0955c8faa276a6ac3f6f5f4b5config
2016-09-23 00:54:52,591 : DEBUG : Clock : Starting tickless clock
2016-09-23 00:54:52,591 : DEBUG : asyncio : Using selector: EpollSelector
2016-09-23 00:54:52,592 : DEBUG : Clock : Scheduled a recurring clock callback (callback=<bound method MachineController._check_crash_queue of <mpf.core.machine.MachineController object at 0x7629bc70>>, timeout=1)
2016-09-23 00:54:52,664 : DEBUG : FAST : Configuring FAST hardware.
2016-09-23 00:54:52,665 : DEBUG : Machine : Setting default platform to 'fast'
2016-09-23 00:54:52,665 : DEBUG : Machine : Loading core modules...
2016-09-23 00:54:52,665 : DEBUG : Machine : Loading 'mpf.core.events.EventManager' core module
2016-09-23 00:54:52,676 : DEBUG : Machine : Loading 'mpf.core.mode_controller.ModeController' core module
2016-09-23 00:54:52,691 : DEBUG : Events : Registered ModeController._load_modes as a handler for 'init_phase_2', priority: 1, kwargs: {}
2016-09-23 00:54:52,691 : DEBUG : Events : Registered ModeController._ball_ending as a handler for 'ball_ending', priority: 0, kwargs: {}
2016-09-23 00:54:52,692 : DEBUG : Events : Registered ModeController._ball_starting as a handler for 'ball_starting', priority: 0, kwargs: {}
2016-09-23 00:54:52,692 : DEBUG : Events : Registered type._player_added as a handler for 'player_add_success', priority: 0, kwargs: {}
2016-09-23 00:54:52,693 : DEBUG : Events : Registered ModeController._player_turn_start as a handler for 'player_turn_start', priority: 1000000, kwargs: {}
2016-09-23 00:54:52,693 : DEBUG : Events : Registered ModeController._player_turn_stop as a handler for 'player_turn_stop', priority: 1000000, kwargs: {}
2016-09-23 00:54:52,693 : DEBUG : Machine : Loading 'mpf.core.config_processor.ConfigProcessor' core module
2016-09-23 00:54:52,694 : DEBUG : Machine : Loading 'mpf.core.shot_profile_manager.ShotProfileManager' core module
2016-09-23 00:54:52,699 : DEBUG : ShotProfileManager : Registering Shot Profile: 'default'
2016-09-23 00:54:52,701 : DEBUG : ShotProfileManager : Processed 'default' profile configuration: {'show_when_disabled': False, 'state_names_to_rotate': [], 'player_variable': '%_default', 'show': None, 'states': [{'show': 'off', 'manual_advance': False, 'priority': 0, 'action': 'play', 'name': 'unlit', 'speed': 1.0, 'loops': -1, 'sync_ms': 0, 'start_step': 1, 'show_tokens': {}}, {'show': 'on', 'manual_advance': False, 'priority': 0, 'action': 'play', 'name': 'lit', 'speed': 1.0, 'loops': -1, 'sync_ms': 0, 'start_step': 1, 'show_tokens': {}}], 'rotation_pattern': deque(['right']), 'block': True, 'loop': False, 'state_names_to_not_rotate': [], 'advance_on_hit': True}
2016-09-23 00:54:52,702 : DEBUG : ShotProfileManager : Registering Shot Profile: 'quick_flash'
2016-09-23 00:54:52,704 : DEBUG : ShotProfileManager : Processed 'quick_flash' profile configuration: {'show_when_disabled': False, 'state_names_to_rotate': [], 'player_variable': '%_quick_flash', 'show': None, 'states': [{'show': 'flash', 'manual_advance': False, 'priority': 0, 'action': 'play', 'name': 'unlit', 'speed': 1.0, 'loops': -1, 'sync_ms': 0, 'start_step': 1, 'show_tokens': {}}, {'show': 'on', 'manual_advance': False, 'priority': 0, 'action': 'play', 'name': 'lit', 'speed': 1.0, 'loops': 0, 'sync_ms': 0, 'start_step': 1, 'show_tokens': {}}], 'rotation_pattern': deque(['right']), 'block': True, 'loop': False, 'state_names_to_not_rotate': [], 'advance_on_hit': True}
2016-09-23 00:54:52,705 : DEBUG : Mode Controller : Registering <bound method ShotProfileManager.mode_start_for_shots of <mpf.core.shot_profile_manager.ShotProfileManager object at 0x761a2270>> as a mode start method. Config section: shots, priority: 0, kwargs: {}
2016-09-23 00:54:52,705 : DEBUG : Mode Controller : Registering <bound method ShotProfileManager.mode_start_for_shot_groups of <mpf.core.shot_profile_manager.ShotProfileManager object at 0x761a2270>> as a mode start method. Config section: shot_groups, priority: 0, kwargs: {}
2016-09-23 00:54:52,705 : DEBUG : Events : Registered ShotProfileManager._player_turn_start as a handler for 'player_turn_start', priority: 1000000, kwargs: {}
2016-09-23 00:54:52,706 : DEBUG : Events : Registered ShotProfileManager._player_turn_stop as a handler for 'player_turn_stop', priority: 0, kwargs: {}
2016-09-23 00:54:52,706 : DEBUG : Machine : Loading 'mpf.core.device_manager.DeviceManager' core module
2016-09-23 00:54:52,707 : DEBUG : Events : Registered DeviceManager._load_device_modules as a handler for 'init_phase_1', priority: 1, kwargs: {}
2016-09-23 00:54:52,707 : DEBUG : Events : Registered DeviceManager.create_machinewide_device_control_events as a handler for 'init_phase_2', priority: 1, kwargs: {}
2016-09-23 00:54:52,708 : DEBUG : Events : Registered DeviceManager.create_collection_control_events as a handler for 'init_phase_2', priority: 1, kwargs: {}
2016-09-23 00:54:52,708 : DEBUG : Machine : Loading 'mpf.core.switch_controller.SwitchController' core module
2016-09-23 00:54:52,720 : DEBUG : Events : Registered SwitchController._initialize_switches as a handler for 'init_phase_2', priority: 1000, kwargs: {}
2016-09-23 00:54:52,721 : DEBUG : Events : Registered SwitchController.log_active_switches as a handler for 'machine_reset_phase_3', priority: 1, kwargs: {}
2016-09-23 00:54:52,721 : DEBUG : Machine : Loading 'mpf.core.ball_controller.BallController' core module
2016-09-23 00:54:52,724 : DEBUG : BallController : Loading the BallController
2016-09-23 00:54:52,725 : DEBUG : Events : Registered BallController.request_to_start_game as a handler for 'request_to_start_game', priority: 1, kwargs: {}
2016-09-23 00:54:52,725 : DEBUG : Events : Registered BallController._initialize as a handler for 'machine_reset_phase_2', priority: 1, kwargs: {}
2016-09-23 00:54:52,726 : DEBUG : Events : Registered BallController._init2 as a handler for 'init_phase_2', priority: 1, kwargs: {}
2016-09-23 00:54:52,726 : DEBUG : Machine : Loading 'mpf.core.assets.AsyncioSyncAssetManager' core module
2016-09-23 00:54:52,731 : DEBUG : AssetManager : Initializing...
2016-09-23 00:54:52,731 : DEBUG : Mode Controller : Registering <bound method AsyncioSyncAssetManager._load_mode_assets of <mpf.core.assets.AsyncioSyncAssetManager object at 0x76200550>> as a mode start method. Config section: None, priority: 0, kwargs: {}
2016-09-23 00:54:52,732 : DEBUG : Events : Registered AsyncioSyncAssetManager._create_assets as a handler for 'init_phase_3', priority: 1, kwargs: {}
2016-09-23 00:54:52,732 : DEBUG : Events : Registered AsyncioSyncAssetManager._bcp_client_asset_load as a handler for 'assets_to_load', priority: 1, kwargs: {}
2016-09-23 00:54:52,733 : DEBUG : Machine : Loading 'mpf.core.show_controller.ShowController' core module
2016-09-23 00:54:52,741 : DEBUG : Events : Registered ShowController._initialize as a handler for 'init_phase_3', priority: 1, kwargs: {}
2016-09-23 00:54:52,742 : DEBUG : Machine : Loading 'mpf.core.bcp.bcp.Bcp' core module
2016-09-23 00:54:52,757 : DEBUG : Events : Registered BcpInterface.bcp_player_added as a handler for 'player_add_success', priority: 1, kwargs: {}
2016-09-23 00:54:52,758 : DEBUG : Events : Registered BcpInterface.bcp_reset as a handler for 'machine_reset_phase_1', priority: 1, kwargs: {}
2016-09-23 00:54:52,758 : DEBUG : Mode Controller : Registering <bound method BcpInterface.bcp_mode_start of <BCP Interface>> as a mode start method. Config section: mode, priority: 0, kwargs: {}
2016-09-23 00:54:52,759 : DEBUG : Events : Registered BcpTransportManager.shutdown as a handler for 'shutdown', priority: 1, kwargs: {}
2016-09-23 00:54:52,759 : DEBUG : Machine : Loading 'mpf.core.logic_blocks.LogicBlocks' core module
2016-09-23 00:54:52,763 : DEBUG : Mode Controller : Registering <bound method LogicBlocks._process_config of <mpf.core.logic_blocks.LogicBlocks object at 0x761b6c70>> as a mode start method. Config section: logic_blocks, priority: 0, kwargs: {}
2016-09-23 00:54:52,763 : DEBUG : Events : Registered LogicBlocks._create_player_logic_blocks as a handler for 'player_add_success', priority: 1, kwargs: {}
2016-09-23 00:54:52,764 : DEBUG : Events : Registered LogicBlocks.player_turn_start as a handler for 'player_turn_start', priority: 1, kwargs: {}
2016-09-23 00:54:52,764 : DEBUG : Events : Registered LogicBlocks.player_turn_stop as a handler for 'player_turn_stop', priority: 1, kwargs: {}
2016-09-23 00:54:52,765 : DEBUG : Machine : Loading 'mpf.core.scoring.ScoreController' core module
2016-09-23 00:54:52,767 : DEBUG : Score : Loading the Score Controller
2016-09-23 00:54:52,768 : DEBUG : Mode Controller : Registering <bound method ScoreController.mode_start of <mpf.core.scoring.ScoreController object at 0x761ef5f0>> as a mode start method. Config section: scoring, priority: 0, kwargs: {}
2016-09-23 00:54:52,768 : DEBUG : Machine : Loading 'mpf.core.service_controller.ServiceController' core module
2016-09-23 00:54:52,773 : DEBUG : Machine : Loading 'mpf.core.settings_controller.SettingsController' core module
2016-09-23 00:54:52,780 : INFO : FAST : Connecting to /dev/ttyUSB1 at 921600bps
2016-09-23 00:54:52,789 : INFO : FAST : Connected! Processor: NET, Board Type: FP-CPU-002-2, Firmware: 01.00
2016-09-23 00:54:52,803 : INFO : FAST : Connecting to /dev/ttyUSB2 at 921600bps
2016-09-23 00:54:52,810 : INFO : FAST : Connected! Processor: RGB, Board Type: FP-CPU-002-2, Firmware: 01.00
2016-09-23 00:54:52,812 : DEBUG : Clock : Scheduled a recurring clock callback (callback=<bound method HardwarePlatform._update_watchdog of <Platform.FAST>>, timeout=0.5)
2016-09-23 00:54:52,826 : DEBUG : Events : Registered TriggerPlayer._initialize_in_mode as a handler for 'init_phase_1', priority: 1, kwargs: {}
2016-09-23 00:54:52,826 : DEBUG : Events : Registered TriggerPlayer._initialise_system_wide as a handler for 'init_phase_1', priority: 1, kwargs: {}
2016-09-23 00:54:52,829 : DEBUG : Events : Registered GiPlayer._initialize_in_mode as a handler for 'init_phase_1', priority: 1, kwargs: {}
2016-09-23 00:54:52,830 : DEBUG : Events : Registered GiPlayer._initialise_system_wide as a handler for 'init_phase_1', priority: 1, kwargs: {}
2016-09-23 00:54:52,832 : DEBUG : Events : Registered FlasherPlayer._initialize_in_mode as a handler for 'init_phase_1', priority: 1, kwargs: {}
2016-09-23 00:54:52,833 : DEBUG : Events : Registered FlasherPlayer._initialise_system_wide as a handler for 'init_phase_1', priority: 1, kwargs: {}
2016-09-23 00:54:52,837 : DEBUG : Events : Registered EventPlayer._initialize_in_mode as a handler for 'init_phase_1', priority: 1, kwargs: {}
2016-09-23 00:54:52,838 : DEBUG : Events : Registered EventPlayer._initialise_system_wide as a handler for 'init_phase_1', priority: 1, kwargs: {}
2016-09-23 00:54:52,840 : DEBUG : Events : Registered ShowPlayer._initialize_in_mode as a handler for 'init_phase_1', priority: 1, kwargs: {}
2016-09-23 00:54:52,841 : DEBUG : Events : Registered ShowPlayer._initialise_system_wide as a handler for 'init_phase_1', priority: 1, kwargs: {}
2016-09-23 00:54:52,844 : DEBUG : Events : Registered CoilPlayer._initialize_in_mode as a handler for 'init_phase_1', priority: 1, kwargs: {}
2016-09-23 00:54:52,844 : DEBUG : Events : Registered CoilPlayer._initialise_system_wide as a handler for 'init_phase_1', priority: 1, kwargs: {}
2016-09-23 00:54:52,847 : DEBUG : Events : Registered LightPlayer._initialize_in_mode as a handler for 'init_phase_1', priority: 1, kwargs: {}
2016-09-23 00:54:52,848 : DEBUG : Events : Registered LightPlayer._initialise_system_wide as a handler for 'init_phase_1', priority: 1, kwargs: {}
2016-09-23 00:54:52,850 : DEBUG : Events : Registered RandomEventPlayer._initialize_in_mode as a handler for 'init_phase_1', priority: 1, kwargs: {}
2016-09-23 00:54:52,851 : DEBUG : Events : Registered RandomEventPlayer._initialise_system_wide as a handler for 'init_phase_1', priority: 1, kwargs: {}
2016-09-23 00:54:52,854 : DEBUG : Events : Registered LedPlayer._initialize_in_mode as a handler for 'init_phase_1', priority: 1, kwargs: {}
2016-09-23 00:54:52,854 : DEBUG : Events : Registered LedPlayer._initialise_system_wide as a handler for 'init_phase_1', priority: 1, kwargs: {}
2016-09-23 00:54:52,855 : DEBUG : Machine : Registering Plugin Config Players
2016-09-23 00:54:52,855 : DEBUG : Machine : Registering sound_player = mpfmc.config_players.sound_player:register_with_mpf
2016-09-23 00:54:52,869 : DEBUG : Events : Registered MpfSoundPlayer._initialize_in_mode as a handler for 'init_phase_1', priority: 1, kwargs: {}
2016-09-23 00:54:52,870 : DEBUG : Events : Registered MpfSoundPlayer._initialise_system_wide as a handler for 'init_phase_3', priority: 1, kwargs: {}
2016-09-23 00:54:52,870 : DEBUG : Machine : Registering widget_player = mpfmc.config_players.widget_player:register_with_mpf
2016-09-23 00:54:52,975 : INFO : kivy : [Logger      ] Record log in /home/sysop/.kivy/logs/kivy_16-09-23_9.txt
2016-09-23 00:54:52,974 : ERROR : kivy : [Core        ] option -v not recognized
