2016-09-23 00:50:44,105 : INFO : Machine : Mission Pinball Framework Core Engine v0.31.3
2016-09-23 00:50:44,110 : INFO : Machine : Machine path: /home/sysop/robotech
2016-09-23 00:50:45,583 : INFO : Machine : Loading cached config: /tmp/b22896e0955c8faa276a6ac3f6f5f4b5config
2016-09-23 00:50:45,699 : INFO : FAST : Connecting to /dev/ttyUSB1 at 921600bps
2016-09-23 00:50:45,711 : INFO : FAST : Connected! Processor: NET, Board Type: FP-CPU-002-2, Firmware: 01.00
2016-09-23 00:50:45,730 : INFO : FAST : Connecting to /dev/ttyUSB2 at 921600bps
2016-09-23 00:50:45,740 : INFO : FAST : Connected! Processor: RGB, Board Type: FP-CPU-002-2, Firmware: 01.00
2016-09-23 00:50:45,978 : INFO : kivy : [Logger      ] Record log in /home/sysop/.kivy/logs/kivy_16-09-23_6.txt
2016-09-23 00:50:45,977 : INFO : kivy : [Image       ] Providers: img_tex, img_dds, img_gif, img_sdl2 (img_pil, img_ffpyplayer ignored)
2016-09-23 00:50:46,072 : INFO : kivy : [Kivy        ] v1.9.2-dev0
2016-09-23 00:50:46,080 : INFO : kivy : [Python      ] v3.4.2 (default, Oct 19 2014, 13:31:11) 
[GCC 4.9.1]
2016-09-23 00:50:46,104 : INFO : kivy : [Factory     ] 193 symbols loaded
2016-09-23 00:50:47,000 : WARNING : SwitchController : Received a status update from hardware switch ('37', 1), but that switch is not in your config. Just FYI.
2016-09-23 00:50:47,005 : WARNING : SwitchController : Received a status update from hardware switch ('2F', 1), but that switch is not in your config. Just FYI.
2016-09-23 00:50:47,011 : WARNING : SwitchController : Received a status update from hardware switch ('1F', 1), but that switch is not in your config. Just FYI.
2016-09-23 00:50:47,015 : WARNING : SwitchController : Received a status update from hardware switch ('17', 1), but that switch is not in your config. Just FYI.
2016-09-23 00:50:47,020 : WARNING : SwitchController : Received a status update from hardware switch ('27', 1), but that switch is not in your config. Just FYI.
2016-09-23 00:50:47,024 : WARNING : SwitchController : Received a status update from hardware switch ('0F', 1), but that switch is not in your config. Just FYI.
2016-09-23 00:50:47,238 : INFO : BCPClientSocket.local_display : Connecting to BCP Media Controller at localhost:5050...
2016-09-23 00:50:52,739 : WARNING : kivy : stderr: Traceback (most recent call last):
2016-09-23 00:50:52,748 : WARNING : kivy : stderr:   File "/usr/local/bin/mpf", line 11, in <module>
2016-09-23 00:50:52,757 : WARNING : kivy : stderr:     sys.exit(run_from_command_line())
2016-09-23 00:50:52,766 : WARNING : kivy : stderr:   File "/usr/local/lib/python3.4/dist-packages/mpf/commands/__init__.py", line 145, in run_from_command_line
2016-09-23 00:50:52,776 : WARNING : kivy : stderr:     CommandLineUtility(path).execute()
2016-09-23 00:50:52,785 : WARNING : kivy : stderr:   File "/usr/local/lib/python3.4/dist-packages/mpf/commands/__init__.py", line 71, in execute
2016-09-23 00:50:52,794 : WARNING : kivy : stderr:     module.Command(self.mpf_path, machine_path, remaining_args)
2016-09-23 00:50:52,804 : WARNING : kivy : stderr:   File "/usr/local/lib/python3.4/dist-packages/mpf/commands/game.py", line 134, in __init__
2016-09-23 00:50:52,814 : WARNING : kivy : stderr:     MachineController(mpf_path, machine_path, vars(args)).run()
2016-09-23 00:50:52,823 : WARNING : kivy : stderr:   File "/usr/local/lib/python3.4/dist-packages/mpf/core/machine.py", line 124, in __init__
2016-09-23 00:50:52,834 : WARNING : kivy : stderr:     self._run_init_phases()
2016-09-23 00:50:52,844 : WARNING : kivy : stderr:   File "/usr/local/lib/python3.4/dist-packages/mpf/core/machine.py", line 160, in _run_init_phases
2016-09-23 00:50:52,856 : WARNING : kivy : stderr:     self.events.process_event_queue()
2016-09-23 00:50:52,866 : WARNING : kivy : stderr:   File "/usr/local/lib/python3.4/dist-packages/mpf/core/events.py", line 502, in process_event_queue
2016-09-23 00:50:52,878 : WARNING : kivy : stderr:     **event[3])
2016-09-23 00:50:52,888 : WARNING : kivy : stderr:   File "/usr/local/lib/python3.4/dist-packages/mpf/core/events.py", line 438, in _process_event
2016-09-23 00:50:52,900 : WARNING : kivy : stderr:     result = handler.callback(**merged_kwargs)
2016-09-23 00:50:52,910 : WARNING : kivy : stderr:   File "/usr/local/lib/python3.4/dist-packages/mpf/core/bcp/bcp.py", line 50, in _setup_bcp_connections
2016-09-23 00:50:52,920 : WARNING : kivy : stderr:     client.connect(settings)
2016-09-23 00:50:52,931 : WARNING : kivy : stderr:   File "/usr/local/lib/python3.4/dist-packages/mpf/core/bcp/bcp_socket_client.py", line 144, in connect
2016-09-23 00:50:52,942 : WARNING : kivy : stderr:     self.machine.clock.loop.run_until_complete(self._setup_client_socket(config['host'], config['port']))
2016-09-23 00:50:52,952 : WARNING : kivy : stderr:   File "/usr/lib/python3.4/asyncio/base_events.py", line 271, in run_until_complete
2016-09-23 00:50:52,968 : WARNING : kivy : stderr:     self.run_forever()
2016-09-23 00:50:52,979 : WARNING : kivy : stderr:   File "/usr/lib/python3.4/asyncio/base_events.py", line 244, in run_forever
2016-09-23 00:50:52,991 : WARNING : kivy : stderr:     self._run_once()
2016-09-23 00:50:53,003 : WARNING : kivy : stderr:   File "/usr/lib/python3.4/asyncio/base_events.py", line 1049, in _run_once
2016-09-23 00:50:53,016 : WARNING : kivy : stderr:     event_list = self._selector.select(timeout)
2016-09-23 00:50:53,028 : WARNING : kivy : stderr:   File "/usr/lib/python3.4/selectors.py", line 424, in select
2016-09-23 00:50:53,043 : WARNING : kivy : stderr:     fd_event_list = self._epoll.poll(timeout, max_ev)
2016-09-23 00:50:53,055 : WARNING : kivy : stderr: KeyboardInterrupt
