2016-08-24 23:21:54,095 : INFO : Machine : Mission Pinball Framework Core Engine v0.30.26
2016-08-24 23:21:54,098 : DEBUG : Machine : Command line arguments: {'consoleloglevel': 20, 'force_platform': None, 'bcp': False, 'no_load_cache': False, 'loglevel': 10, 'pause': False, 'configfile': ['config'], 'create_config_cache': True, 'logfile': 'logs/2016-08-24-23-21-54-mpf-kivypie.log', 'mpfconfigfile': '/usr/local/lib/python3.4/dist-packages/mpf/mpfconfig.yaml'}
2016-08-24 23:21:54,098 : DEBUG : Machine : MPF path: /usr/local/lib/python3.4/dist-packages/mpf
2016-08-24 23:21:54,098 : INFO : Machine : Machine path: /home/sysop/robotech
2016-08-24 23:21:54,100 : DEBUG : Machine : Command line arguments: {'consoleloglevel': 20, 'force_platform': None, 'bcp': False, 'no_load_cache': False, 'loglevel': 10, 'pause': False, 'configfile': ['config'], 'create_config_cache': True, 'logfile': 'logs/2016-08-24-23-21-54-mpf-kivypie.log', 'mpfconfigfile': '/usr/local/lib/python3.4/dist-packages/mpf/mpfconfig.yaml'}
2016-08-24 23:21:54,101 : DEBUG : Machine : Python version: 3.4.2
2016-08-24 23:21:54,101 : DEBUG : Machine : Platform: linux
2016-08-24 23:21:54,101 : DEBUG : Machine : Python executable location: /usr/bin/python3
2016-08-24 23:21:54,101 : DEBUG : Machine : 32-bit Python? True
2016-08-24 23:21:54,102 : DEBUG : Machine : Machine path: /home/sysop/robotech
2016-08-24 23:21:55,543 : INFO : Machine : Loading config from original files
2016-08-24 23:21:55,546 : DEBUG : YAML File Interface : Loading file: /usr/local/lib/python3.4/dist-packages/mpf/mpfconfig.yaml
2016-08-24 23:21:55,867 : INFO : Machine : Machine config file #1: /home/sysop/robotech/config/config
2016-08-24 23:21:55,870 : DEBUG : YAML File Interface : Loading file: /home/sysop/robotech/config/config.yaml
2016-08-24 23:21:56,219 : DEBUG : YAML File Interface : Loading file: /home/sysop/robotech/config/leds.yaml
2016-08-24 23:21:56,517 : DEBUG : YAML File Interface : Loading file: /home/sysop/robotech/config/shots.yaml
2016-08-24 23:21:56,568 : DEBUG : YAML File Interface : Loading file: /home/sysop/robotech/config/lightscripts.yaml
2016-08-24 23:21:56,619 : INFO : Machine : Config file cache created: /tmp/b22896e0955c8faa276a6ac3f6f5f4b5config
2016-08-24 23:21:56,622 : DEBUG : Clock : Starting clock (maximum frames per second=30.0)
2016-08-24 23:21:56,623 : INFO : Machine : Starting clock at 30.0Hz
2016-08-24 23:21:56,625 : DEBUG : Clock : Scheduled a recurring clock callback (callback=<bound method MachineController._check_crash_queue of <mpf.core.machine.MachineController object at 0x76257bf0>>, timeout=1, priority=1)
2016-08-24 23:21:56,662 : DEBUG : Machine : Setting default platform to 'fast'
2016-08-24 23:21:56,663 : DEBUG : Machine : Loading core modules...
2016-08-24 23:21:56,663 : DEBUG : Machine : Loading 'mpf.core.events.EventManager' core module
2016-08-24 23:21:56,664 : DEBUG : Machine : Loading 'mpf.core.mode_controller.ModeController' core module
2016-08-24 23:21:56,669 : DEBUG : Events : Registered ModeController._load_modes as a handler for 'init_phase_2', priority: 1, kwargs: {}
2016-08-24 23:21:56,669 : DEBUG : Events : Registered ModeController._ball_ending as a handler for 'ball_ending', priority: 0, kwargs: {}
2016-08-24 23:21:56,670 : DEBUG : Events : Registered ModeController._ball_starting as a handler for 'ball_starting', priority: 0, kwargs: {}
2016-08-24 23:21:56,670 : DEBUG : Events : Registered type._player_added as a handler for 'player_add_success', priority: 0, kwargs: {}
2016-08-24 23:21:56,670 : DEBUG : Events : Registered ModeController._player_turn_start as a handler for 'player_turn_start', priority: 1000000, kwargs: {}
2016-08-24 23:21:56,671 : DEBUG : Events : Registered ModeController._player_turn_stop as a handler for 'player_turn_stop', priority: 1000000, kwargs: {}
2016-08-24 23:21:56,671 : DEBUG : Machine : Loading 'mpf.core.config_processor.ConfigProcessor' core module
2016-08-24 23:21:56,671 : DEBUG : Machine : Loading 'mpf.core.shot_profile_manager.ShotProfileManager' core module
2016-08-24 23:21:56,673 : DEBUG : ShotProfileManager : Registering Shot Profile: 'quick_flash'
2016-08-24 23:21:56,676 : DEBUG : ShotProfileManager : Processed 'quick_flash' profile configuration: {'player_variable': '%_quick_flash', 'advance_on_hit': True, 'show_when_disabled': False, 'block': True, 'states': [{'key': None, 'sync_ms': 0, 'show': 'off', 'action': 'play', 'loops': -1, 'reset': True, 'show_tokens': {}, 'start_step': 1, 'speed': 1.0, 'priority': 0, 'name': 'unlit', 'manual_advance': False}, {'key': None, 'sync_ms': 0, 'show': 'quick_flash', 'action': 'play', 'loops': 0, 'reset': True, 'show_tokens': {}, 'start_step': 1, 'speed': 1.0, 'priority': 0, 'name': 'lit', 'manual_advance': False}], 'rotation_pattern': deque(['right']), 'state_names_to_rotate': [], 'loop': False, 'show': None, 'state_names_to_not_rotate': []}
2016-08-24 23:21:56,676 : DEBUG : ShotProfileManager : Registering Shot Profile: 'default'
2016-08-24 23:21:56,679 : DEBUG : ShotProfileManager : Processed 'default' profile configuration: {'player_variable': '%_default', 'advance_on_hit': True, 'show_when_disabled': False, 'block': True, 'states': [{'key': None, 'sync_ms': 0, 'show': 'off', 'action': 'play', 'loops': -1, 'reset': True, 'show_tokens': {}, 'start_step': 1, 'speed': 1.0, 'priority': 0, 'name': 'unlit', 'manual_advance': False}, {'key': None, 'sync_ms': 0, 'show': 'on', 'action': 'play', 'loops': -1, 'reset': True, 'show_tokens': {}, 'start_step': 1, 'speed': 1.0, 'priority': 0, 'name': 'lit', 'manual_advance': False}], 'rotation_pattern': deque(['right']), 'state_names_to_rotate': [], 'loop': False, 'show': None, 'state_names_to_not_rotate': []}
2016-08-24 23:21:56,679 : DEBUG : Mode Controller : Registering <bound method ShotProfileManager.mode_start_for_shots of <mpf.core.shot_profile_manager.ShotProfileManager object at 0x761fcd10>> as a mode start method. Config section: shots, priority: 0, kwargs: {}
2016-08-24 23:21:56,680 : DEBUG : Mode Controller : Registering <bound method ShotProfileManager.mode_start_for_shot_groups of <mpf.core.shot_profile_manager.ShotProfileManager object at 0x761fcd10>> as a mode start method. Config section: shot_groups, priority: 0, kwargs: {}
2016-08-24 23:21:56,680 : DEBUG : Events : Registered ShotProfileManager._player_turn_start as a handler for 'player_turn_start', priority: 1000000, kwargs: {}
2016-08-24 23:21:56,680 : DEBUG : Events : Registered ShotProfileManager._player_turn_stop as a handler for 'player_turn_stop', priority: 0, kwargs: {}
2016-08-24 23:21:56,681 : DEBUG : Machine : Loading 'mpf.core.device_manager.DeviceManager' core module
2016-08-24 23:21:56,681 : DEBUG : Events : Registered DeviceManager._load_device_modules as a handler for 'init_phase_1', priority: 1, kwargs: {}
2016-08-24 23:21:56,682 : DEBUG : Events : Registered DeviceManager.create_machinewide_device_control_events as a handler for 'init_phase_2', priority: 1, kwargs: {}
2016-08-24 23:21:56,682 : DEBUG : Events : Registered DeviceManager.create_collection_control_events as a handler for 'init_phase_2', priority: 1, kwargs: {}
2016-08-24 23:21:56,683 : DEBUG : Machine : Loading 'mpf.core.switch_controller.SwitchController' core module
2016-08-24 23:21:56,685 : DEBUG : Clock : Scheduled a recurring clock callback (callback=<bound method SwitchController._tick of <mpf.core.switch_controller.SwitchController object at 0x761fcf90>>, timeout=0, priority=1000)
2016-08-24 23:21:56,685 : DEBUG : Events : Registered SwitchController._initialize_switches as a handler for 'init_phase_2', priority: 1000, kwargs: {}
2016-08-24 23:21:56,686 : DEBUG : Events : Registered SwitchController.log_active_switches as a handler for 'machine_reset_phase_3', priority: 1, kwargs: {}
2016-08-24 23:21:56,686 : DEBUG : Machine : Loading 'mpf.core.ball_controller.BallController' core module
2016-08-24 23:21:56,688 : DEBUG : BallController : Loading the BallController
2016-08-24 23:21:56,688 : DEBUG : Events : Registered BallController.request_to_start_game as a handler for 'request_to_start_game', priority: 1, kwargs: {}
2016-08-24 23:21:56,689 : DEBUG : Events : Registered BallController._initialize as a handler for 'machine_reset_phase_2', priority: 1, kwargs: {}
2016-08-24 23:21:56,689 : DEBUG : Events : Registered BallController._init2 as a handler for 'init_phase_2', priority: 1, kwargs: {}
2016-08-24 23:21:56,690 : DEBUG : Machine : Loading 'mpf.core.assets.AssetManager' core module
2016-08-24 23:21:56,693 : DEBUG : AssetManager : Initializing...
2016-08-24 23:21:56,694 : DEBUG : Mode Controller : Registering <bound method AssetManager._load_mode_assets of <mpf.core.assets.AssetManager object at 0x761ad410>> as a mode start method. Config section: None, priority: 0, kwargs: {}
2016-08-24 23:21:56,695 : DEBUG : Events : Registered AssetManager._create_assets as a handler for 'init_phase_3', priority: 1, kwargs: {}
2016-08-24 23:21:56,696 : DEBUG : Events : Registered AssetManager._bcp_client_asset_load as a handler for 'assets_to_load', priority: 1, kwargs: {}
2016-08-24 23:21:56,696 : DEBUG : Machine : Loading 'mpf.core.show_controller.ShowController' core module
2016-08-24 23:21:56,702 : DEBUG : Clock : Scheduled a recurring clock callback (callback=<bound method ShowController._tick of <mpf.core.show_controller.ShowController object at 0x761ad1f0>>, timeout=0, priority=1)
2016-08-24 23:21:56,703 : DEBUG : Events : Registered ShowController._initialize as a handler for 'init_phase_3', priority: 1, kwargs: {}
2016-08-24 23:21:56,703 : DEBUG : Machine : Loading 'mpf.core.bcp.BCP' core module
2016-08-24 23:21:56,704 : DEBUG : Events : Registered BCP.bcp_trigger as a handler for 'ball_started', priority: 1, kwargs: {'name': 'ball_started'}
2016-08-24 23:21:56,704 : DEBUG : Events : Registered BCP.bcp_trigger as a handler for 'ball_ended', priority: 1, kwargs: {'name': 'ball_ended'}
2016-08-24 23:21:56,706 : DEBUG : Events : Registered BCP.bcp_trigger as a handler for 'player_add_success', priority: 1, kwargs: {'name': 'player_add_success'}
2016-08-24 23:21:56,706 : DEBUG : Events : Registered BCP._bcp_event_callback as a handler for 'player_turn_start', priority: 1, kwargs: {'params': {'player_num': '%number'}, 'command': 'player_turn_start'}
2016-08-24 23:21:56,707 : DEBUG : Events : Registered BCP._bcp_event_callback as a handler for 'clear', priority: 1, kwargs: {'params': {'key': '%key', 'name': 'clear'}, 'command': 'trigger'}
2016-08-24 23:21:56,707 : DEBUG : Events : Registered BCP.bcp_trigger as a handler for 'player_score', priority: 1, kwargs: {'name': 'player_score'}
2016-08-24 23:21:56,708 : DEBUG : Events : Registered BCP._setup_dmds as a handler for 'init_phase_1', priority: 1, kwargs: {}
2016-08-24 23:21:56,708 : DEBUG : Events : Registered BCP._setup_bcp_connections as a handler for 'init_done', priority: 1, kwargs: {}
2016-08-24 23:21:56,708 : DEBUG : Clock : Scheduled a recurring clock callback (callback=<bound method BCP.get_bcp_messages of <BCP Module>>, timeout=0, priority=1)
2016-08-24 23:21:56,709 : DEBUG : Events : Registered BCP.bcp_player_added as a handler for 'player_add_success', priority: 1, kwargs: {}
2016-08-24 23:21:56,709 : DEBUG : Events : Registered BCP.bcp_reset as a handler for 'machine_reset_phase_1', priority: 1, kwargs: {}
2016-08-24 23:21:56,710 : DEBUG : Events : Registered BCP.increase_volume as a handler for 'increase_volume', priority: 1, kwargs: {}
2016-08-24 23:21:56,710 : DEBUG : Events : Registered BCP.decrease_volume as a handler for 'decrease_volume', priority: 1, kwargs: {}
2016-08-24 23:21:56,710 : DEBUG : Events : Registered BCP.enable_volume_keys as a handler for 'enable_volume_keys', priority: 1, kwargs: {}
2016-08-24 23:21:56,711 : DEBUG : Events : Registered BCP.disable_volume_keys as a handler for 'disable_volume_keys', priority: 1, kwargs: {}
2016-08-24 23:21:56,711 : DEBUG : Events : Registered BCP.get_led_coordinates as a handler for 'bcp_get_led_coordinates', priority: 1, kwargs: {}
2016-08-24 23:21:56,711 : DEBUG : Mode Controller : Registering <bound method BCP.bcp_mode_start of <BCP Module>> as a mode start method. Config section: mode, priority: 0, kwargs: {}
2016-08-24 23:21:56,712 : DEBUG : Machine : Loading 'mpf.core.logic_blocks.LogicBlocks' core module
2016-08-24 23:21:56,714 : DEBUG : Mode Controller : Registering <bound method LogicBlocks._process_config of <mpf.core.logic_blocks.LogicBlocks object at 0x761b1ab0>> as a mode start method. Config section: logic_blocks, priority: 0, kwargs: {}
2016-08-24 23:21:56,715 : DEBUG : Events : Registered LogicBlocks._create_player_logic_blocks as a handler for 'player_add_success', priority: 1, kwargs: {}
2016-08-24 23:21:56,715 : DEBUG : Events : Registered LogicBlocks.player_turn_start as a handler for 'player_turn_start', priority: 1, kwargs: {}
2016-08-24 23:21:56,716 : DEBUG : Events : Registered LogicBlocks.player_turn_stop as a handler for 'player_turn_stop', priority: 1, kwargs: {}
2016-08-24 23:21:56,716 : DEBUG : Machine : Loading 'mpf.core.scoring.ScoreController' core module
2016-08-24 23:21:56,718 : DEBUG : Score : Loading the Score Controller
2016-08-24 23:21:56,718 : DEBUG : Mode Controller : Registering <bound method ScoreController.mode_start of <mpf.core.scoring.ScoreController object at 0x761b5970>> as a mode start method. Config section: scoring, priority: 0, kwargs: {}
2016-08-24 23:21:56,719 : INFO : FAST : Connecting to /dev/ttyUSB1 at 921600bps
2016-08-24 23:21:56,755 : INFO : FAST : Connecting to /dev/ttyUSB2 at 921600bps
2016-08-24 23:21:56,774 : DEBUG : Events : Registered GiPlayer._initialize as a handler for 'init_phase_1', priority: 1, kwargs: {}
2016-08-24 23:21:56,776 : DEBUG : Events : Registered FlasherPlayer._initialize as a handler for 'init_phase_1', priority: 1, kwargs: {}
2016-08-24 23:21:56,778 : DEBUG : Events : Registered ShowPlayer._initialize as a handler for 'init_phase_1', priority: 1, kwargs: {}
2016-08-24 23:21:56,780 : DEBUG : Events : Registered LightPlayer._initialize as a handler for 'init_phase_1', priority: 1, kwargs: {}
2016-08-24 23:21:56,782 : DEBUG : Events : Registered EventPlayer._initialize as a handler for 'init_phase_1', priority: 1, kwargs: {}
2016-08-24 23:21:56,783 : DEBUG : Events : Registered TriggerPlayer._initialize as a handler for 'init_phase_1', priority: 1, kwargs: {}
2016-08-24 23:21:56,785 : DEBUG : Events : Registered LedPlayer._initialize as a handler for 'init_phase_1', priority: 1, kwargs: {}
2016-08-24 23:21:56,787 : DEBUG : Events : Registered RandomEventPlayer._initialize as a handler for 'init_phase_1', priority: 1, kwargs: {}
2016-08-24 23:21:56,789 : DEBUG : Events : Registered CoilPlayer._initialize as a handler for 'init_phase_1', priority: 1, kwargs: {}
2016-08-24 23:21:56,789 : DEBUG : Machine : Registering Plugin Config Players
2016-08-24 23:21:56,789 : DEBUG : Machine : Registering sound_player = mpfmc.config_players.sound_player:register_with_mpf
2016-08-24 23:21:56,796 : DEBUG : Events : Registered MpfSoundPlayer._initialize as a handler for 'init_phase_1', priority: 1, kwargs: {}
2016-08-24 23:21:56,797 : DEBUG : Machine : Registering slide_player = mpfmc.config_players.slide_player:register_with_mpf
2016-08-24 23:21:56,800 : DEBUG : Events : Registered MpfSlidePlayer._initialize as a handler for 'init_phase_1', priority: 1, kwargs: {}
2016-08-24 23:21:56,800 : DEBUG : Machine : Registering widget_player = mpfmc.config_players.widget_player:register_with_mpf
2016-08-24 23:21:56,803 : DEBUG : Events : Registered MpfWidgetPlayer._initialize as a handler for 'init_phase_1', priority: 1, kwargs: {}
2016-08-24 23:21:56,804 : DEBUG : Events : Registered MachineController.power_off as a handler for 'shutdown', priority: 1, kwargs: {}
2016-08-24 23:21:56,804 : DEBUG : Events : Registered MachineController.power_off as a handler for 'sw_shutdown', priority: 1, kwargs: {}
2016-08-24 23:21:56,805 : DEBUG : Events : Registered MachineController.stop as a handler for 'quit', priority: 1, kwargs: {}
2016-08-24 23:21:56,805 : DEBUG : Events : Registered MachineController.stop as a handler for 'sw_quit', priority: 1, kwargs: {}
2016-08-24 23:21:56,806 : DEBUG : DataInterface : Loading machine_vars from /home/sysop/robotech/data/machine_vars.yaml
2016-08-24 23:21:56,806 : DEBUG : YAML File Interface : Loading file: /home/sysop/robotech/data/machine_vars.yaml
2016-08-24 23:21:56,813 : DEBUG : Machine : Setting machine_var 'player1_score' to: 0, (prior: 0, change: 0)
2016-08-24 23:21:56,814 : DEBUG : Events : ^^^^ Posted event 'machine_var_player1_score'. Type: None, Callback: None, Args: {'prev_value': 0, 'change': 0, 'value': 0}
2016-08-24 23:21:56,814 : DEBUG : Events : ============== EVENTS QUEUE =============
2016-08-24 23:21:56,814 : DEBUG : Events : machine_var_player1_score, None, None, {'prev_value': 0, 'change': 0, 'value': 0}
2016-08-24 23:21:56,814 : DEBUG : Events : =========================================
2016-08-24 23:21:56,815 : DEBUG : Events : ^^^^ Posted event 'init_phase_1'. Type: None, Callback: None, Args: {}
2016-08-24 23:21:56,815 : DEBUG : Events : ============== EVENTS QUEUE =============
2016-08-24 23:21:56,815 : DEBUG : Events : machine_var_player1_score, None, None, {'prev_value': 0, 'change': 0, 'value': 0}
2016-08-24 23:21:56,816 : DEBUG : Events : init_phase_1, None, None, {}
2016-08-24 23:21:56,816 : DEBUG : Events : =========================================
2016-08-24 23:21:56,816 : DEBUG : Events : ^^^^ Processing event 'machine_var_player1_score'. Type: None, Callback: None, Args: {'prev_value': 0, 'change': 0, 'value': 0}
2016-08-24 23:21:56,816 : DEBUG : Events : vvvv Finished event 'machine_var_player1_score'. Type: None. Callback: None. Args: {'prev_value': 0, 'change': 0, 'value': 0}
2016-08-24 23:21:56,817 : DEBUG : Events : ^^^^ Processing event 'init_phase_1'. Type: None, Callback: None, Args: {}
2016-08-24 23:21:56,817 : DEBUG : Events : DeviceManager._load_device_modules (priority: 1) responding to event 'init_phase_1' with args {}
2016-08-24 23:21:56,817 : DEBUG : DeviceManager : Loading devices...
2016-08-24 23:21:56,836 : DEBUG : Clock : Scheduled a recurring clock callback (callback=<bound method type.update_leds of <class 'mpf.devices.led.Led'>>, timeout=0, priority=-100)
2016-08-24 23:21:56,851 : DEBUG : Events : Registered BallSearch.request_to_start_game as a handler for 'request_to_start_game', priority: 1, kwargs: {}
2016-08-24 23:21:56,864 : DEBUG : Events : Registered Shot.disable as a handler for 'game_ended', priority: 1, kwargs: {}
2016-08-24 23:21:56,865 : DEBUG : Events : Registered Shot.disable as a handler for 'game_ended', priority: 1, kwargs: {}
2016-08-24 23:21:56,866 : DEBUG : Events : Registered Shot.disable as a handler for 'game_ended', priority: 1, kwargs: {}
2016-08-24 23:21:56,866 : DEBUG : Events : Registered Shot.disable as a handler for 'game_ended', priority: 1, kwargs: {}
2016-08-24 23:21:56,990 : DEBUG : ball_device.bd_trough : Enabling debug logging
2016-08-24 23:21:56,990 : DEBUG : ball_device.bd_trough : Configuring device with settings: '{'eject_events': {}, 'eject_coil': <coil.c_trough_eject>, 'tags': ['trough', 'home', 'drain'], 'eject_coil_retry_pulse': None, 'hold_coil_release_time': 1000, 'mechanical_eject': False, 'exit_count_delay': 500, 'hold_switches': [], 'entrance_events': {}, 'jam_switch': None, 'ball_switches': [<switch.s_trough1>, <switch.s_trough2>, <switch.s_trough3>], 'ball_missing_target': <playfield.playfield>, 'max_eject_attempts': 0, 'ball_capacity': None, 'entrance_switch_full_timeout': 0, 'hold_coil': None, 'player_controlled_eject_event': None, 'confirm_eject_type': 'target', 'ball_missing_timeouts': [], 'entrance_count_delay': 300, 'eject_all_events': {}, 'confirm_eject_event': None, 'entrance_switch': None, 'confirm_eject_switch': None, 'captures_from': <playfield.playfield>, 'target_on_unexpected_ball': None, 'eject_coil_jam_pulse': None, 'eject_targets': [<ball_device.bd_plunger>], 'label': '%', 'ball_search_order': 100, 'eject_timeouts': [], 'request_ball_events': [], 'debug': True, 'auto_fire_on_unexpected_ball': True, 'hold_events': {}}'
2016-08-24 23:21:56,992 : DEBUG : drop_target.right_drop : Enabling debug logging
2016-08-24 23:21:56,992 : DEBUG : drop_target.right_drop : Configuring device with settings: '{'tags': [], 'switch': <switch.s_right_drop_target>, 'label': '%', 'ball_search_order': 100, 'knockdown_events': {}, 'reset_coil': <coil.c_right_drop_target>, 'debug': True, 'knockdown_coil': None, 'reset_events': {'machine_reset_phase_3': 0, 'ball_starting': 0}}'
2016-08-24 23:21:56,992 : DEBUG : drop_target.left_drop : Enabling debug logging
2016-08-24 23:21:56,993 : DEBUG : drop_target.left_drop : Configuring device with settings: '{'tags': [], 'switch': <switch.s_left_drop_target>, 'label': '%', 'ball_search_order': 100, 'knockdown_events': {}, 'reset_coil': <coil.c_left_drop_target>, 'debug': True, 'knockdown_coil': None, 'reset_events': {'machine_reset_phase_3': 0, 'ball_starting': 0}}'
2016-08-24 23:21:56,993 : DEBUG : drop_target.middle_drop : Enabling debug logging
2016-08-24 23:21:56,993 : DEBUG : drop_target.middle_drop : Configuring device with settings: '{'tags': [], 'switch': <switch.s_middle_drop_target>, 'label': '%', 'ball_search_order': 100, 'knockdown_events': {}, 'reset_coil': <coil.c_middle_drop_target>, 'debug': True, 'knockdown_coil': None, 'reset_events': {'machine_reset_phase_3': 0, 'ball_starting': 0}}'
2016-08-24 23:21:56,994 : DEBUG : drop_target_bank.bank : Enabling debug logging
2016-08-24 23:21:56,994 : DEBUG : drop_target_bank.bank : Configuring device with settings: '{'tags': [], 'label': '%', 'drop_targets': [<drop_target.left_drop>, <drop_target.middle_drop>, <drop_target.right_drop>], 'reset_coils': [], 'reset_coil': None, 'debug': True, 'reset_events': {'drop_target_bank_bank_down': 1000}}'
2016-08-24 23:21:56,996 : DEBUG : FASTDriver : Driver Settings: {'trigger_cmd': 'TN:', 'config_cmd': 'DN:'}
2016-08-24 23:21:56,996 : DEBUG : FASTDriver : Resetting driver {'trigger_cmd': 'TN:', 'config_cmd': 'DN:'}
2016-08-24 23:21:56,997 : DEBUG : FASTDriver : Driver Settings: {'trigger_cmd': 'TN:', 'config_cmd': 'DN:'}
2016-08-24 23:21:56,997 : DEBUG : FASTDriver : Resetting driver {'trigger_cmd': 'TN:', 'config_cmd': 'DN:'}
2016-08-24 23:21:56,998 : ERROR : root : Driver needs a number
Traceback (most recent call last):
  File "/usr/local/lib/python3.4/dist-packages/mpf/commands/game.py", line 130, in __init__
    MachineController(mpf_path, machine_path, vars(args)).run()
  File "/usr/local/lib/python3.4/dist-packages/mpf/core/machine.py", line 127, in __init__
    self._run_init_phases()
  File "/usr/local/lib/python3.4/dist-packages/mpf/core/machine.py", line 144, in _run_init_phases
    self.events.process_event_queue()
  File "/usr/local/lib/python3.4/dist-packages/mpf/core/events.py", line 481, in process_event_queue
    **event[3])
  File "/usr/local/lib/python3.4/dist-packages/mpf/core/events.py", line 416, in _process_event
    result = handler[0](**merged_kwargs)
  File "/usr/local/lib/python3.4/dist-packages/mpf/core/device_manager.py", line 60, in _load_device_modules
    self.initialize_devices()
  File "/usr/local/lib/python3.4/dist-packages/mpf/core/device_manager.py", line 139, in initialize_devices
    collection[device_name].device_added_system_wide()
  File "/usr/local/lib/python3.4/dist-packages/mpf/core/system_wide_device.py", line 7, in device_added_system_wide
    self._initialize()
  File "/usr/local/lib/python3.4/dist-packages/mpf/devices/driver.py", line 54, in _initialize
    self.hw_driver = self.platform.configure_driver(self.config)
  File "/usr/local/lib/python3.4/dist-packages/mpf/platforms/fast/fast.py", line 294, in configure_driver
    raise AssertionError("Driver needs a number")
AssertionError: Driver needs a number
