2016-08-23 21:51:15,428 : INFO : Machine : Mission Pinball Framework Core Engine v0.30.26
2016-08-23 21:51:15,430 : DEBUG : Machine : Command line arguments: {'logfile': 'logs/2016-08-23-21-51-15-mpf-kivypie.log', 'configfile': ['config'], 'pause': False, 'mpfconfigfile': '/usr/local/lib/python3.4/dist-packages/mpf/mpfconfig.yaml', 'consoleloglevel': 20, 'create_config_cache': True, 'force_platform': None, 'bcp': False, 'loglevel': 10, 'no_load_cache': False}
2016-08-23 21:51:15,431 : DEBUG : Machine : MPF path: /usr/local/lib/python3.4/dist-packages/mpf
2016-08-23 21:51:15,431 : INFO : Machine : Machine path: /home/sysop/robotech
2016-08-23 21:51:15,433 : DEBUG : Machine : Command line arguments: {'logfile': 'logs/2016-08-23-21-51-15-mpf-kivypie.log', 'configfile': ['config'], 'pause': False, 'mpfconfigfile': '/usr/local/lib/python3.4/dist-packages/mpf/mpfconfig.yaml', 'consoleloglevel': 20, 'create_config_cache': True, 'force_platform': None, 'bcp': False, 'loglevel': 10, 'no_load_cache': False}
2016-08-23 21:51:15,433 : DEBUG : Machine : Python version: 3.4.2
2016-08-23 21:51:15,434 : DEBUG : Machine : Platform: linux
2016-08-23 21:51:15,434 : DEBUG : Machine : Python executable location: /usr/bin/python3
2016-08-23 21:51:15,434 : DEBUG : Machine : 32-bit Python? True
2016-08-23 21:51:15,435 : DEBUG : Machine : Machine path: /home/sysop/robotech
2016-08-23 21:51:16,907 : INFO : Machine : Loading config from original files
2016-08-23 21:51:16,910 : DEBUG : YAML File Interface : Loading file: /usr/local/lib/python3.4/dist-packages/mpf/mpfconfig.yaml
2016-08-23 21:51:17,239 : INFO : Machine : Machine config file #1: /home/sysop/robotech/config/config
2016-08-23 21:51:17,242 : DEBUG : YAML File Interface : Loading file: /home/sysop/robotech/config/config.yaml
2016-08-23 21:51:17,610 : DEBUG : YAML File Interface : Loading file: /home/sysop/robotech/config/leds.yaml
2016-08-23 21:51:17,915 : DEBUG : YAML File Interface : Loading file: /home/sysop/robotech/config/shots.yaml
2016-08-23 21:51:17,967 : DEBUG : YAML File Interface : Loading file: /home/sysop/robotech/config/lightscripts.yaml
2016-08-23 21:51:18,020 : INFO : Machine : Config file cache created: /tmp/b22896e0955c8faa276a6ac3f6f5f4b5config
2016-08-23 21:51:18,023 : DEBUG : Clock : Starting clock (maximum frames per second=30.0)
2016-08-23 21:51:18,024 : INFO : Machine : Starting clock at 30.0Hz
2016-08-23 21:51:18,027 : DEBUG : Clock : Scheduled a recurring clock callback (callback=<bound method MachineController._check_crash_queue of <mpf.core.machine.MachineController object at 0x76319bf0>>, timeout=1, priority=1)
2016-08-23 21:51:18,095 : DEBUG : Machine : Setting default platform to 'fast'
2016-08-23 21:51:18,095 : DEBUG : Machine : Loading core modules...
2016-08-23 21:51:18,096 : DEBUG : Machine : Loading 'mpf.core.events.EventManager' core module
2016-08-23 21:51:18,096 : DEBUG : Machine : Loading 'mpf.core.mode_controller.ModeController' core module
2016-08-23 21:51:18,105 : DEBUG : Events : Registered ModeController._load_modes as a handler for 'init_phase_2', priority: 1, kwargs: {}
2016-08-23 21:51:18,106 : DEBUG : Events : Registered ModeController._ball_ending as a handler for 'ball_ending', priority: 0, kwargs: {}
2016-08-23 21:51:18,106 : DEBUG : Events : Registered ModeController._ball_starting as a handler for 'ball_starting', priority: 0, kwargs: {}
2016-08-23 21:51:18,107 : DEBUG : Events : Registered type._player_added as a handler for 'player_add_success', priority: 0, kwargs: {}
2016-08-23 21:51:18,107 : DEBUG : Events : Registered ModeController._player_turn_start as a handler for 'player_turn_start', priority: 1000000, kwargs: {}
2016-08-23 21:51:18,108 : DEBUG : Events : Registered ModeController._player_turn_stop as a handler for 'player_turn_stop', priority: 1000000, kwargs: {}
2016-08-23 21:51:18,108 : DEBUG : Machine : Loading 'mpf.core.config_processor.ConfigProcessor' core module
2016-08-23 21:51:18,108 : DEBUG : Machine : Loading 'mpf.core.shot_profile_manager.ShotProfileManager' core module
2016-08-23 21:51:18,114 : DEBUG : ShotProfileManager : Registering Shot Profile: 'quick_flash'
2016-08-23 21:51:18,116 : DEBUG : ShotProfileManager : Processed 'quick_flash' profile configuration: {'states': [{'show_tokens': {}, 'speed': 1.0, 'priority': 0, 'action': 'play', 'loops': -1, 'name': 'unlit', 'show': 'off', 'start_step': 1, 'manual_advance': False, 'reset': True, 'key': None, 'sync_ms': 0}, {'show_tokens': {}, 'speed': 1.0, 'priority': 0, 'action': 'play', 'loops': 1, 'name': 'lit', 'show': 'quick_flash', 'start_step': 1, 'manual_advance': False, 'reset': True, 'key': None, 'sync_ms': 0}], 'show': None, 'show_when_disabled': False, 'player_variable': '%_quick_flash', 'state_names_to_rotate': [], 'block': True, 'loop': False, 'rotation_pattern': deque(['right']), 'advance_on_hit': True, 'state_names_to_not_rotate': []}
2016-08-23 21:51:18,117 : DEBUG : ShotProfileManager : Registering Shot Profile: 'default'
2016-08-23 21:51:18,119 : DEBUG : ShotProfileManager : Processed 'default' profile configuration: {'states': [{'show_tokens': {}, 'speed': 1.0, 'priority': 0, 'action': 'play', 'loops': -1, 'name': 'unlit', 'show': 'off', 'start_step': 1, 'manual_advance': False, 'reset': True, 'key': None, 'sync_ms': 0}, {'show_tokens': {}, 'speed': 1.0, 'priority': 0, 'action': 'play', 'loops': -1, 'name': 'lit', 'show': 'on', 'start_step': 1, 'manual_advance': False, 'reset': True, 'key': None, 'sync_ms': 0}], 'show': None, 'show_when_disabled': False, 'player_variable': '%_default', 'state_names_to_rotate': [], 'block': True, 'loop': False, 'rotation_pattern': deque(['right']), 'advance_on_hit': True, 'state_names_to_not_rotate': []}
2016-08-23 21:51:18,120 : DEBUG : Mode Controller : Registering <bound method ShotProfileManager.mode_start_for_shots of <mpf.core.shot_profile_manager.ShotProfileManager object at 0x762aa5f0>> as a mode start method. Config section: shots, priority: 0, kwargs: {}
2016-08-23 21:51:18,120 : DEBUG : Mode Controller : Registering <bound method ShotProfileManager.mode_start_for_shot_groups of <mpf.core.shot_profile_manager.ShotProfileManager object at 0x762aa5f0>> as a mode start method. Config section: shot_groups, priority: 0, kwargs: {}
2016-08-23 21:51:18,120 : DEBUG : Events : Registered ShotProfileManager._player_turn_start as a handler for 'player_turn_start', priority: 1000000, kwargs: {}
2016-08-23 21:51:18,121 : DEBUG : Events : Registered ShotProfileManager._player_turn_stop as a handler for 'player_turn_stop', priority: 0, kwargs: {}
2016-08-23 21:51:18,121 : DEBUG : Machine : Loading 'mpf.core.device_manager.DeviceManager' core module
2016-08-23 21:51:18,122 : DEBUG : Events : Registered DeviceManager._load_device_modules as a handler for 'init_phase_1', priority: 1, kwargs: {}
2016-08-23 21:51:18,122 : DEBUG : Events : Registered DeviceManager.create_machinewide_device_control_events as a handler for 'init_phase_2', priority: 1, kwargs: {}
2016-08-23 21:51:18,123 : DEBUG : Events : Registered DeviceManager.create_collection_control_events as a handler for 'init_phase_2', priority: 1, kwargs: {}
2016-08-23 21:51:18,123 : DEBUG : Machine : Loading 'mpf.core.switch_controller.SwitchController' core module
2016-08-23 21:51:18,129 : DEBUG : Clock : Scheduled a recurring clock callback (callback=<bound method SwitchController._tick of <mpf.core.switch_controller.SwitchController object at 0x762aafd0>>, timeout=0, priority=1000)
2016-08-23 21:51:18,130 : DEBUG : Events : Registered SwitchController._initialize_switches as a handler for 'init_phase_2', priority: 1000, kwargs: {}
2016-08-23 21:51:18,131 : DEBUG : Events : Registered SwitchController.log_active_switches as a handler for 'machine_reset_phase_3', priority: 1, kwargs: {}
2016-08-23 21:51:18,131 : DEBUG : Machine : Loading 'mpf.core.ball_controller.BallController' core module
2016-08-23 21:51:18,134 : DEBUG : BallController : Loading the BallController
2016-08-23 21:51:18,134 : DEBUG : Events : Registered BallController.request_to_start_game as a handler for 'request_to_start_game', priority: 1, kwargs: {}
2016-08-23 21:51:18,135 : DEBUG : Events : Registered BallController._initialize as a handler for 'machine_reset_phase_2', priority: 1, kwargs: {}
2016-08-23 21:51:18,135 : DEBUG : Events : Registered BallController._init2 as a handler for 'init_phase_2', priority: 1, kwargs: {}
2016-08-23 21:51:18,136 : DEBUG : Machine : Loading 'mpf.core.assets.AssetManager' core module
2016-08-23 21:51:18,141 : DEBUG : AssetManager : Initializing...
2016-08-23 21:51:18,142 : DEBUG : Mode Controller : Registering <bound method AssetManager._load_mode_assets of <mpf.core.assets.AssetManager object at 0x7626f5b0>> as a mode start method. Config section: None, priority: 0, kwargs: {}
2016-08-23 21:51:18,143 : DEBUG : Events : Registered AssetManager._create_assets as a handler for 'init_phase_3', priority: 1, kwargs: {}
2016-08-23 21:51:18,143 : DEBUG : Events : Registered AssetManager._bcp_client_asset_load as a handler for 'assets_to_load', priority: 1, kwargs: {}
2016-08-23 21:51:18,144 : DEBUG : Machine : Loading 'mpf.core.show_controller.ShowController' core module
2016-08-23 21:51:18,158 : DEBUG : Clock : Scheduled a recurring clock callback (callback=<bound method ShowController._tick of <mpf.core.show_controller.ShowController object at 0x7626f7d0>>, timeout=0, priority=1)
2016-08-23 21:51:18,159 : DEBUG : Events : Registered ShowController._initialize as a handler for 'init_phase_3', priority: 1, kwargs: {}
2016-08-23 21:51:18,159 : DEBUG : Machine : Loading 'mpf.core.bcp.BCP' core module
2016-08-23 21:51:18,160 : DEBUG : Events : Registered BCP.bcp_trigger as a handler for 'ball_started', priority: 1, kwargs: {'name': 'ball_started'}
2016-08-23 21:51:18,161 : DEBUG : Events : Registered BCP.bcp_trigger as a handler for 'ball_ended', priority: 1, kwargs: {'name': 'ball_ended'}
2016-08-23 21:51:18,162 : DEBUG : Events : Registered BCP.bcp_trigger as a handler for 'player_add_success', priority: 1, kwargs: {'name': 'player_add_success'}
2016-08-23 21:51:18,162 : DEBUG : Events : Registered BCP._bcp_event_callback as a handler for 'clear', priority: 1, kwargs: {'params': {'name': 'clear', 'key': '%key'}, 'command': 'trigger'}
2016-08-23 21:51:18,163 : DEBUG : Events : Registered BCP._bcp_event_callback as a handler for 'player_turn_start', priority: 1, kwargs: {'params': {'player_num': '%number'}, 'command': 'player_turn_start'}
2016-08-23 21:51:18,164 : DEBUG : Events : Registered BCP.bcp_trigger as a handler for 'player_score', priority: 1, kwargs: {'name': 'player_score'}
2016-08-23 21:51:18,164 : DEBUG : Events : Registered BCP._setup_dmds as a handler for 'init_phase_1', priority: 1, kwargs: {}
2016-08-23 21:51:18,164 : DEBUG : Events : Registered BCP._setup_bcp_connections as a handler for 'init_done', priority: 1, kwargs: {}
2016-08-23 21:51:18,165 : DEBUG : Clock : Scheduled a recurring clock callback (callback=<bound method BCP.get_bcp_messages of <BCP Module>>, timeout=0, priority=1)
2016-08-23 21:51:18,165 : DEBUG : Events : Registered BCP.bcp_player_added as a handler for 'player_add_success', priority: 1, kwargs: {}
2016-08-23 21:51:18,166 : DEBUG : Events : Registered BCP.bcp_reset as a handler for 'machine_reset_phase_1', priority: 1, kwargs: {}
2016-08-23 21:51:18,166 : DEBUG : Events : Registered BCP.increase_volume as a handler for 'increase_volume', priority: 1, kwargs: {}
2016-08-23 21:51:18,166 : DEBUG : Events : Registered BCP.decrease_volume as a handler for 'decrease_volume', priority: 1, kwargs: {}
2016-08-23 21:51:18,167 : DEBUG : Events : Registered BCP.enable_volume_keys as a handler for 'enable_volume_keys', priority: 1, kwargs: {}
2016-08-23 21:51:18,167 : DEBUG : Events : Registered BCP.disable_volume_keys as a handler for 'disable_volume_keys', priority: 1, kwargs: {}
2016-08-23 21:51:18,167 : DEBUG : Events : Registered BCP.get_led_coordinates as a handler for 'bcp_get_led_coordinates', priority: 1, kwargs: {}
2016-08-23 21:51:18,168 : DEBUG : Mode Controller : Registering <bound method BCP.bcp_mode_start of <BCP Module>> as a mode start method. Config section: mode, priority: 0, kwargs: {}
2016-08-23 21:51:18,168 : DEBUG : Machine : Loading 'mpf.core.logic_blocks.LogicBlocks' core module
2016-08-23 21:51:18,175 : DEBUG : Mode Controller : Registering <bound method LogicBlocks._process_config of <mpf.core.logic_blocks.LogicBlocks object at 0x76277770>> as a mode start method. Config section: logic_blocks, priority: 0, kwargs: {}
2016-08-23 21:51:18,176 : DEBUG : Events : Registered LogicBlocks._create_player_logic_blocks as a handler for 'player_add_success', priority: 1, kwargs: {}
2016-08-23 21:51:18,176 : DEBUG : Events : Registered LogicBlocks.player_turn_start as a handler for 'player_turn_start', priority: 1, kwargs: {}
2016-08-23 21:51:18,177 : DEBUG : Events : Registered LogicBlocks.player_turn_stop as a handler for 'player_turn_stop', priority: 1, kwargs: {}
2016-08-23 21:51:18,177 : DEBUG : Machine : Loading 'mpf.core.scoring.ScoreController' core module
2016-08-23 21:51:18,179 : DEBUG : Score : Loading the Score Controller
2016-08-23 21:51:18,180 : DEBUG : Mode Controller : Registering <bound method ScoreController.mode_start of <mpf.core.scoring.ScoreController object at 0x762779f0>> as a mode start method. Config section: scoring, priority: 0, kwargs: {}
2016-08-23 21:51:18,181 : INFO : FAST : Connecting to /dev/ttyUSB1 at 921600bps
2016-08-23 21:51:18,218 : INFO : FAST : Connecting to /dev/ttyUSB2 at 921600bps
2016-08-23 21:51:18,233 : ERROR : ConfigProcessor : Your config contains a value for the setting "game:min_balls", but this is not a valid setting name.
2016-08-23 21:51:18,236 : ERROR : root : Your config contains a value for the setting "game:min_balls", but this is not a valid setting name.
Traceback (most recent call last):
  File "/usr/local/lib/python3.4/dist-packages/mpf/commands/game.py", line 130, in __init__
    MachineController(mpf_path, machine_path, vars(args)).run()
  File "/usr/local/lib/python3.4/dist-packages/mpf/core/machine.py", line 122, in __init__
    self._validate_config()
  File "/usr/local/lib/python3.4/dist-packages/mpf/core/machine.py", line 189, in _validate_config
    self.validate_machine_config_section('game')
  File "/usr/local/lib/python3.4/dist-packages/mpf/core/machine.py", line 199, in validate_machine_config_section
    section, self.config[section], section)
  File "/usr/local/lib/python3.4/dist-packages/mpf/core/config_validator.py", line 1257, in validate_config
    validation_failure_info)
  File "/usr/local/lib/python3.4/dist-packages/mpf/core/config_validator.py", line 1395, in check_for_invalid_sections
    'setting "' + path_string + '", but this is not a valid '
AssertionError: Your config contains a value for the setting "game:min_balls", but this is not a valid setting name.
