2016-09-23 09:18:59,368 : INFO : Machine : Mission Pinball Framework Core Engine v0.31.3
2016-09-23 09:18:59,375 : DEBUG : Machine : Command line arguments: {'logfile': 'logs/2016-09-23-09-18-59-mpf-kivypie.log', 'no_load_cache': False, 'loglevel': 10, 'bcp': False, 'create_config_cache': True, 'mpfconfigfile': '/usr/local/lib/python3.4/dist-packages/mpf/mpfconfig.yaml', 'consoleloglevel': 20, 'configfile': ['config'], 'pause': False, 'force_platform': None}
2016-09-23 09:18:59,375 : DEBUG : Machine : MPF path: /usr/local/lib/python3.4/dist-packages/mpf
2016-09-23 09:18:59,375 : INFO : Machine : Machine path: /home/sysop/robotech
2016-09-23 09:18:59,380 : DEBUG : Machine : Command line arguments: {'logfile': 'logs/2016-09-23-09-18-59-mpf-kivypie.log', 'no_load_cache': False, 'loglevel': 10, 'bcp': False, 'create_config_cache': True, 'mpfconfigfile': '/usr/local/lib/python3.4/dist-packages/mpf/mpfconfig.yaml', 'consoleloglevel': 20, 'configfile': ['config'], 'pause': False, 'force_platform': None}
2016-09-23 09:18:59,381 : DEBUG : Machine : Python version: 3.4.2
2016-09-23 09:18:59,381 : DEBUG : Machine : Platform: linux
2016-09-23 09:18:59,381 : DEBUG : Machine : Python executable location: /usr/bin/python3
2016-09-23 09:18:59,381 : DEBUG : Machine : 32-bit Python? True
2016-09-23 09:18:59,382 : DEBUG : Machine : Machine path: /home/sysop/robotech
2016-09-23 09:19:00,811 : INFO : Machine : Loading cached config: /tmp/b22896e0955c8faa276a6ac3f6f5f4b5config
2016-09-23 09:19:00,818 : DEBUG : Clock : Starting tickless clock
2016-09-23 09:19:00,819 : DEBUG : asyncio : Using selector: EpollSelector
2016-09-23 09:19:00,820 : DEBUG : Clock : Scheduled a recurring clock callback (callback=<bound method MachineController._check_crash_queue of <mpf.core.machine.MachineController object at 0x76261c70>>, timeout=1)
2016-09-23 09:19:00,858 : DEBUG : FAST : Configuring FAST hardware.
2016-09-23 09:19:00,858 : DEBUG : Machine : Setting default platform to 'fast'
2016-09-23 09:19:00,859 : DEBUG : Machine : Loading core modules...
2016-09-23 09:19:00,859 : DEBUG : Machine : Loading 'mpf.core.events.EventManager' core module
2016-09-23 09:19:00,868 : DEBUG : Machine : Loading 'mpf.core.mode_controller.ModeController' core module
2016-09-23 09:19:00,876 : DEBUG : Events : Registered ModeController._load_modes as a handler for 'init_phase_2', priority: 1, kwargs: {}
2016-09-23 09:19:00,876 : DEBUG : Events : Registered ModeController._ball_ending as a handler for 'ball_ending', priority: 0, kwargs: {}
2016-09-23 09:19:00,877 : DEBUG : Events : Registered ModeController._ball_starting as a handler for 'ball_starting', priority: 0, kwargs: {}
2016-09-23 09:19:00,877 : DEBUG : Events : Registered type._player_added as a handler for 'player_add_success', priority: 0, kwargs: {}
2016-09-23 09:19:00,878 : DEBUG : Events : Registered ModeController._player_turn_start as a handler for 'player_turn_start', priority: 1000000, kwargs: {}
2016-09-23 09:19:00,878 : DEBUG : Events : Registered ModeController._player_turn_stop as a handler for 'player_turn_stop', priority: 1000000, kwargs: {}
2016-09-23 09:19:00,878 : DEBUG : Machine : Loading 'mpf.core.config_processor.ConfigProcessor' core module
2016-09-23 09:19:00,879 : DEBUG : Machine : Loading 'mpf.core.shot_profile_manager.ShotProfileManager' core module
2016-09-23 09:19:00,881 : DEBUG : ShotProfileManager : Registering Shot Profile: 'default'
2016-09-23 09:19:00,883 : DEBUG : ShotProfileManager : Processed 'default' profile configuration: {'show_when_disabled': False, 'advance_on_hit': True, 'states': [{'loops': -1, 'action': 'play', 'manual_advance': False, 'priority': 0, 'show': 'off', 'name': 'unlit', 'sync_ms': 0, 'start_step': 1, 'show_tokens': {}, 'speed': 1.0}, {'loops': -1, 'action': 'play', 'manual_advance': False, 'priority': 0, 'show': 'on', 'name': 'lit', 'sync_ms': 0, 'start_step': 1, 'show_tokens': {}, 'speed': 1.0}], 'show': None, 'block': True, 'state_names_to_rotate': [], 'state_names_to_not_rotate': [], 'loop': False, 'rotation_pattern': deque(['right']), 'player_variable': '%_default'}
2016-09-23 09:19:00,884 : DEBUG : ShotProfileManager : Registering Shot Profile: 'quick_flash'
2016-09-23 09:19:00,886 : DEBUG : ShotProfileManager : Processed 'quick_flash' profile configuration: {'show_when_disabled': False, 'advance_on_hit': True, 'states': [{'loops': -1, 'action': 'play', 'manual_advance': False, 'priority': 0, 'show': 'flash', 'name': 'unlit', 'sync_ms': 0, 'start_step': 1, 'show_tokens': {}, 'speed': 1.0}, {'loops': 0, 'action': 'play', 'manual_advance': False, 'priority': 0, 'show': 'on', 'name': 'lit', 'sync_ms': 0, 'start_step': 1, 'show_tokens': {}, 'speed': 1.0}], 'show': None, 'block': True, 'state_names_to_rotate': [], 'state_names_to_not_rotate': [], 'loop': False, 'rotation_pattern': deque(['right']), 'player_variable': '%_quick_flash'}
2016-09-23 09:19:00,886 : DEBUG : Mode Controller : Registering <bound method ShotProfileManager.mode_start_for_shots of <mpf.core.shot_profile_manager.ShotProfileManager object at 0x7616f830>> as a mode start method. Config section: shots, priority: 0, kwargs: {}
2016-09-23 09:19:00,887 : DEBUG : Mode Controller : Registering <bound method ShotProfileManager.mode_start_for_shot_groups of <mpf.core.shot_profile_manager.ShotProfileManager object at 0x7616f830>> as a mode start method. Config section: shot_groups, priority: 0, kwargs: {}
2016-09-23 09:19:00,887 : DEBUG : Events : Registered ShotProfileManager._player_turn_start as a handler for 'player_turn_start', priority: 1000000, kwargs: {}
2016-09-23 09:19:00,888 : DEBUG : Events : Registered ShotProfileManager._player_turn_stop as a handler for 'player_turn_stop', priority: 0, kwargs: {}
2016-09-23 09:19:00,888 : DEBUG : Machine : Loading 'mpf.core.device_manager.DeviceManager' core module
2016-09-23 09:19:00,889 : DEBUG : Events : Registered DeviceManager._load_device_modules as a handler for 'init_phase_1', priority: 1, kwargs: {}
2016-09-23 09:19:00,889 : DEBUG : Events : Registered DeviceManager.create_machinewide_device_control_events as a handler for 'init_phase_2', priority: 1, kwargs: {}
2016-09-23 09:19:00,890 : DEBUG : Events : Registered DeviceManager.create_collection_control_events as a handler for 'init_phase_2', priority: 1, kwargs: {}
2016-09-23 09:19:00,890 : DEBUG : Machine : Loading 'mpf.core.switch_controller.SwitchController' core module
2016-09-23 09:19:00,897 : DEBUG : Events : Registered SwitchController._initialize_switches as a handler for 'init_phase_2', priority: 1000, kwargs: {}
2016-09-23 09:19:00,897 : DEBUG : Events : Registered SwitchController.log_active_switches as a handler for 'machine_reset_phase_3', priority: 1, kwargs: {}
2016-09-23 09:19:00,898 : DEBUG : Machine : Loading 'mpf.core.ball_controller.BallController' core module
2016-09-23 09:19:00,899 : DEBUG : BallController : Loading the BallController
2016-09-23 09:19:00,900 : DEBUG : Events : Registered BallController.request_to_start_game as a handler for 'request_to_start_game', priority: 1, kwargs: {}
2016-09-23 09:19:00,901 : DEBUG : Events : Registered BallController._initialize as a handler for 'machine_reset_phase_2', priority: 1, kwargs: {}
2016-09-23 09:19:00,901 : DEBUG : Events : Registered BallController._init2 as a handler for 'init_phase_2', priority: 1, kwargs: {}
2016-09-23 09:19:00,901 : DEBUG : Machine : Loading 'mpf.core.assets.AsyncioSyncAssetManager' core module
2016-09-23 09:19:00,905 : DEBUG : AssetManager : Initializing...
2016-09-23 09:19:00,905 : DEBUG : Mode Controller : Registering <bound method AsyncioSyncAssetManager._load_mode_assets of <mpf.core.assets.AsyncioSyncAssetManager object at 0x76175870>> as a mode start method. Config section: None, priority: 0, kwargs: {}
2016-09-23 09:19:00,906 : DEBUG : Events : Registered AsyncioSyncAssetManager._create_assets as a handler for 'init_phase_3', priority: 1, kwargs: {}
2016-09-23 09:19:00,907 : DEBUG : Events : Registered AsyncioSyncAssetManager._bcp_client_asset_load as a handler for 'assets_to_load', priority: 1, kwargs: {}
2016-09-23 09:19:00,907 : DEBUG : Machine : Loading 'mpf.core.show_controller.ShowController' core module
2016-09-23 09:19:00,912 : DEBUG : Events : Registered ShowController._initialize as a handler for 'init_phase_3', priority: 1, kwargs: {}
2016-09-23 09:19:00,912 : DEBUG : Machine : Loading 'mpf.core.bcp.bcp.Bcp' core module
2016-09-23 09:19:00,923 : DEBUG : Events : Registered BcpInterface.bcp_player_added as a handler for 'player_add_success', priority: 1, kwargs: {}
2016-09-23 09:19:00,924 : DEBUG : Events : Registered BcpInterface.bcp_reset as a handler for 'machine_reset_phase_1', priority: 1, kwargs: {}
2016-09-23 09:19:00,924 : DEBUG : Mode Controller : Registering <bound method BcpInterface.bcp_mode_start of <BCP Interface>> as a mode start method. Config section: mode, priority: 0, kwargs: {}
2016-09-23 09:19:00,925 : DEBUG : Events : Registered BcpTransportManager.shutdown as a handler for 'shutdown', priority: 1, kwargs: {}
2016-09-23 09:19:00,925 : DEBUG : Machine : Loading 'mpf.core.logic_blocks.LogicBlocks' core module
2016-09-23 09:19:00,928 : DEBUG : Mode Controller : Registering <bound method LogicBlocks._process_config of <mpf.core.logic_blocks.LogicBlocks object at 0x7617c7f0>> as a mode start method. Config section: logic_blocks, priority: 0, kwargs: {}
2016-09-23 09:19:00,928 : DEBUG : Events : Registered LogicBlocks._create_player_logic_blocks as a handler for 'player_add_success', priority: 1, kwargs: {}
2016-09-23 09:19:00,929 : DEBUG : Events : Registered LogicBlocks.player_turn_start as a handler for 'player_turn_start', priority: 1, kwargs: {}
2016-09-23 09:19:00,929 : DEBUG : Events : Registered LogicBlocks.player_turn_stop as a handler for 'player_turn_stop', priority: 1, kwargs: {}
2016-09-23 09:19:00,930 : DEBUG : Machine : Loading 'mpf.core.scoring.ScoreController' core module
2016-09-23 09:19:00,931 : DEBUG : Score : Loading the Score Controller
2016-09-23 09:19:00,932 : DEBUG : Mode Controller : Registering <bound method ScoreController.mode_start of <mpf.core.scoring.ScoreController object at 0x76180050>> as a mode start method. Config section: scoring, priority: 0, kwargs: {}
2016-09-23 09:19:00,932 : DEBUG : Machine : Loading 'mpf.core.service_controller.ServiceController' core module
2016-09-23 09:19:00,936 : DEBUG : Machine : Loading 'mpf.core.settings_controller.SettingsController' core module
2016-09-23 09:19:00,942 : INFO : FAST : Connecting to /dev/ttyUSB1 at 921600bps
2016-09-23 09:19:00,956 : INFO : FAST : Connected! Processor: NET, Board Type: FP-CPU-002-2, Firmware: 01.00
2016-09-23 09:19:00,975 : INFO : FAST : Connecting to /dev/ttyUSB2 at 921600bps
2016-09-23 09:19:00,986 : INFO : FAST : Connected! Processor: RGB, Board Type: FP-CPU-002-2, Firmware: 01.00
2016-09-23 09:19:00,993 : DEBUG : Clock : Scheduled a recurring clock callback (callback=<bound method HardwarePlatform._update_watchdog of <Platform.FAST>>, timeout=0.5)
2016-09-23 09:19:01,006 : DEBUG : Events : Registered LedPlayer._initialize_in_mode as a handler for 'init_phase_1', priority: 1, kwargs: {}
2016-09-23 09:19:01,007 : DEBUG : Events : Registered LedPlayer._initialise_system_wide as a handler for 'init_phase_1', priority: 1, kwargs: {}
2016-09-23 09:19:01,009 : DEBUG : Events : Registered TriggerPlayer._initialize_in_mode as a handler for 'init_phase_1', priority: 1, kwargs: {}
2016-09-23 09:19:01,010 : DEBUG : Events : Registered TriggerPlayer._initialise_system_wide as a handler for 'init_phase_1', priority: 1, kwargs: {}
2016-09-23 09:19:01,014 : DEBUG : Events : Registered EventPlayer._initialize_in_mode as a handler for 'init_phase_1', priority: 1, kwargs: {}
2016-09-23 09:19:01,015 : DEBUG : Events : Registered EventPlayer._initialise_system_wide as a handler for 'init_phase_1', priority: 1, kwargs: {}
2016-09-23 09:19:01,017 : DEBUG : Events : Registered FlasherPlayer._initialize_in_mode as a handler for 'init_phase_1', priority: 1, kwargs: {}
2016-09-23 09:19:01,018 : DEBUG : Events : Registered FlasherPlayer._initialise_system_wide as a handler for 'init_phase_1', priority: 1, kwargs: {}
2016-09-23 09:19:01,020 : DEBUG : Events : Registered RandomEventPlayer._initialize_in_mode as a handler for 'init_phase_1', priority: 1, kwargs: {}
2016-09-23 09:19:01,021 : DEBUG : Events : Registered RandomEventPlayer._initialise_system_wide as a handler for 'init_phase_1', priority: 1, kwargs: {}
2016-09-23 09:19:01,024 : DEBUG : Events : Registered CoilPlayer._initialize_in_mode as a handler for 'init_phase_1', priority: 1, kwargs: {}
2016-09-23 09:19:01,025 : DEBUG : Events : Registered CoilPlayer._initialise_system_wide as a handler for 'init_phase_1', priority: 1, kwargs: {}
2016-09-23 09:19:01,028 : DEBUG : Events : Registered ShowPlayer._initialize_in_mode as a handler for 'init_phase_1', priority: 1, kwargs: {}
2016-09-23 09:19:01,028 : DEBUG : Events : Registered ShowPlayer._initialise_system_wide as a handler for 'init_phase_1', priority: 1, kwargs: {}
2016-09-23 09:19:01,031 : DEBUG : Events : Registered GiPlayer._initialize_in_mode as a handler for 'init_phase_1', priority: 1, kwargs: {}
2016-09-23 09:19:01,032 : DEBUG : Events : Registered GiPlayer._initialise_system_wide as a handler for 'init_phase_1', priority: 1, kwargs: {}
2016-09-23 09:19:01,034 : DEBUG : Events : Registered LightPlayer._initialize_in_mode as a handler for 'init_phase_1', priority: 1, kwargs: {}
2016-09-23 09:19:01,035 : DEBUG : Events : Registered LightPlayer._initialise_system_wide as a handler for 'init_phase_1', priority: 1, kwargs: {}
2016-09-23 09:19:01,035 : DEBUG : Machine : Registering Plugin Config Players
2016-09-23 09:19:01,036 : DEBUG : Machine : Registering sound_player = mpfmc.config_players.sound_player:register_with_mpf
2016-09-23 09:19:01,049 : DEBUG : Events : Registered MpfSoundPlayer._initialize_in_mode as a handler for 'init_phase_1', priority: 1, kwargs: {}
2016-09-23 09:19:01,050 : DEBUG : Events : Registered MpfSoundPlayer._initialise_system_wide as a handler for 'init_phase_3', priority: 1, kwargs: {}
2016-09-23 09:19:01,050 : DEBUG : Machine : Registering widget_player = mpfmc.config_players.widget_player:register_with_mpf
2016-09-23 09:19:01,133 : INFO : kivy : [Logger      ] Record log in /home/sysop/.kivy/logs/kivy_16-09-23_8.txt
2016-09-23 09:19:01,129 : ERROR : kivy : [Core        ] option -v not recognized
