2016-09-23 00:42:07,359 : INFO : kivy : Factory: 193 symbols loaded
2016-09-23 00:42:08,083 : INFO : kivy : VideoGstplayer: Using Gstreamer 1.4.4.0
2016-09-23 00:42:08,088 : INFO : kivy : Video: Provider: gstplayer
2016-09-23 00:42:08,194 : INFO : kivy : Loading MPF-MC controller
2016-09-23 00:42:08,199 : INFO : mpfmc : Mission Pinball Framework Media Controller v0.31.3
2016-09-23 00:42:08,205 : INFO : mpfmc : Machine path: /home/sysop/robotech
2016-09-23 00:42:08,210 : INFO : mpfmc : Starting clock at 60.0Hz
2016-09-23 00:42:08,255 : INFO : kivy : Text: Provider: sdl2
2016-09-23 00:42:09,914 : INFO : kivy : Window: Provider: egl_rpi
2016-09-23 00:42:09,943 : INFO : kivy : GL: OpenGL version <b'OpenGL ES 2.0'>
2016-09-23 00:42:09,947 : INFO : kivy : GL: OpenGL vendor <b'Broadcom'>
2016-09-23 00:42:09,952 : INFO : kivy : GL: OpenGL renderer <b'VideoCore IV HW'>
2016-09-23 00:42:09,956 : INFO : kivy : GL: OpenGL parsed version: 2, 0
2016-09-23 00:42:09,960 : INFO : kivy : GL: Shading version <b'OpenGL ES GLSL ES 1.00'>
2016-09-23 00:42:09,965 : INFO : kivy : GL: Texture max size <2048>
2016-09-23 00:42:09,969 : INFO : kivy : GL: Texture max units <8>
2016-09-23 00:42:10,021 : INFO : kivy : Shader: fragment shader: <b'Compiled'>
2016-09-23 00:42:10,027 : INFO : kivy : Shader: vertex shader: <b'Compiled'>
2016-09-23 00:42:10,105 : INFO : kivy : Base: Adding binding for mouse move
2016-09-23 00:42:10,110 : INFO : kivy : Window: virtual keyboard not allowed, single mode, not docked
2016-09-23 00:42:10,122 : INFO : SoundSystem : SoundSystem: Using default 'sound_system' settings
2016-09-23 00:42:10,199 : ERROR : AudioInterface : Mix_OpenAudio error - b"ALSA: Couldn't open audio device: No such file or directory"
2016-09-23 00:42:10,204 : ERROR : SoundSystem : Could not initialize the audio interface. Audio features will not be available.
2016-09-23 00:42:10,262 : INFO : kivy : OSC: using <multiprocessing> for socket
2016-09-23 00:42:10,307 : INFO : kivy : ProbeSysfs: device match: /dev/input/event0
2016-09-23 00:42:10,312 : INFO : kivy : MTD: Read event from </dev/input/event0>
2016-09-23 00:42:10,317 : INFO : kivy : ProbeSysfs: device match: /dev/input/event1
2016-09-23 00:42:10,321 : INFO : kivy : MTD: Read event from </dev/input/event1>
2016-09-23 00:42:10,326 : INFO : kivy : ProbeSysfs: device match: /dev/input/event0
2016-09-23 00:42:10,331 : INFO : kivy : HIDInput: Read event from </dev/input/event0>
2016-09-23 00:42:10,336 : INFO : kivy : ProbeSysfs: device match: /dev/input/event1
2016-09-23 00:42:10,340 : INFO : kivy : HIDInput: Read event from </dev/input/event1>
2016-09-23 00:42:10,345 : INFO : kivy : ProbeSysfs: device match: /dev/input/event0
2016-09-23 00:42:10,349 : INFO : kivy : HIDInput: Read event from </dev/input/event0>
2016-09-23 00:42:10,354 : INFO : kivy : ProbeSysfs: device match: /dev/input/event1
2016-09-23 00:42:10,358 : INFO : kivy : HIDInput: Read event from </dev/input/event1>
2016-09-23 00:42:10,362 : INFO : kivy : Base: Start application main loop
2016-09-23 00:42:10,368 : INFO : kivy : MTD: </dev/input/event0> range position X is 0 - 0
2016-09-23 00:42:10,372 : INFO : kivy : MTD: </dev/input/event0> range position Y is 0 - 0
2016-09-23 00:42:10,377 : INFO : kivy : MTD: </dev/input/event0> range touch major is 0 - 0
2016-09-23 00:42:10,381 : INFO : kivy : MTD: </dev/input/event1> range position X is 0 - 0
2016-09-23 00:42:10,382 : INFO : kivy : HIDMotionEvent: using <b'Chicony USB Keyboard\x00                                                                                                                                                                                                                                           '>
2016-09-23 00:42:10,382 : INFO : kivy : MTD: </dev/input/event0> range touch minor is 0 - 0
2016-09-23 00:42:10,385 : INFO : kivy : HIDMotionEvent: using <b'Chicony USB Keyboard\x00                                                                                                                                                                                                                                           '>
2016-09-23 00:42:10,385 : INFO : kivy : HIDMotionEvent: using <b'Chicony USB Keyboard\x00                                                                                                                                                                                                                                           '>
2016-09-23 00:42:10,387 : INFO : kivy : MTD: </dev/input/event1> range position Y is 0 - 0
2016-09-23 00:42:10,396 : INFO : kivy : HIDMotionEvent: using <b'Chicony USB Keyboard\x00                                                                                                                                                                                                                                           '>
2016-09-23 00:42:10,407 : INFO : kivy : MTD: </dev/input/event0> range pressure is 0 - 255
2016-09-23 00:42:10,437 : INFO : kivy : MTD: </dev/input/event1> range touch major is 0 - 0
2016-09-23 00:42:10,451 : INFO : kivy : MTD: </dev/input/event0> axes invertion: X is 0, Y is 0
2016-09-23 00:42:10,456 : INFO : kivy : MTD: </dev/input/event1> range touch minor is 0 - 0
2016-09-23 00:42:10,461 : INFO : kivy : MTD: </dev/input/event0> rotation set to 0
2016-09-23 00:42:10,468 : INFO : kivy : MTD: </dev/input/event1> range pressure is 0 - 255
2016-09-23 00:42:10,479 : INFO : kivy : MTD: </dev/input/event1> axes invertion: X is 0, Y is 0
2016-09-23 00:42:10,489 : INFO : kivy : MTD: </dev/input/event1> rotation set to 0
2016-09-23 00:42:10,620 : INFO : MPF-MC BCP Server : Starting up on localhost port 5050
2016-09-23 00:42:10,636 : INFO : MPF-MC BCP Server : Waiting for a connection...
2016-09-23 00:42:10,673 : INFO : MPF-MC BCP Server : Received connection from: 127.0.0.1:58506
2016-09-23 00:46:34,201 : INFO : kivy : Base: Leaving application in progress...
2016-09-23 00:46:34,237 : INFO : mpfmc : Stopping...
2016-09-23 00:46:34,254 : INFO : mpfmc : Loop rate 77.23 Hz
