2016-09-25 23:32:59,766 : INFO : Machine : Mission Pinball Framework Core Engine v0.31.3
2016-09-25 23:32:59,769 : INFO : Machine : Machine path: /home/sysop/robotech
2016-09-25 23:33:01,198 : INFO : Machine : Loading config from original files
2016-09-25 23:33:01,567 : INFO : Machine : Machine config file #1: /home/sysop/robotech/config/config
2016-09-25 23:33:02,462 : INFO : Machine : Config file cache created: /tmp/b22896e0955c8faa276a6ac3f6f5f4b5config
2016-09-25 23:33:02,566 : INFO : FAST : Connecting to /dev/ttyUSB1 at 921600bps
2016-09-25 23:33:02,574 : INFO : FAST : Connected! Processor: NET, Board Type: FP-CPU-002-2, Firmware: 01.00
2016-09-25 23:33:02,590 : INFO : FAST : Connecting to /dev/ttyUSB2 at 921600bps
2016-09-25 23:33:02,598 : INFO : FAST : Connected! Processor: RGB, Board Type: FP-CPU-002-2, Firmware: 01.00
2016-09-25 23:33:02,928 : WARNING : SwitchController : Received a status update from hardware switch ('37', 1), but that switch is not in your config. Just FYI.
2016-09-25 23:33:02,930 : WARNING : SwitchController : Received a status update from hardware switch ('17', 1), but that switch is not in your config. Just FYI.
2016-09-25 23:33:02,933 : WARNING : SwitchController : Received a status update from hardware switch ('1F', 1), but that switch is not in your config. Just FYI.
2016-09-25 23:33:02,935 : WARNING : SwitchController : Received a status update from hardware switch ('27', 1), but that switch is not in your config. Just FYI.
2016-09-25 23:33:02,936 : WARNING : SwitchController : Received a status update from hardware switch ('2F', 1), but that switch is not in your config. Just FYI.
2016-09-25 23:33:02,938 : WARNING : SwitchController : Received a status update from hardware switch ('0F', 1), but that switch is not in your config. Just FYI.
2016-09-25 23:33:03,612 : INFO : SwitchController : Active Switch|s_trough1
2016-09-25 23:33:03,614 : INFO : SwitchController : Active Switch|s_trough2
2016-09-25 23:33:03,616 : INFO : SwitchController : Active Switch|s_right_drop_target
2016-09-25 23:33:03,617 : INFO : SwitchController : Active Switch|s_plunger_lane
2016-09-25 23:33:03,621 : INFO : Mode.attract : Mode Starting. Priority: 10
2016-09-25 23:33:03,971 : INFO : SwitchController : <<<<< switch: s_right_drop_target, State:0 >>>>>
2016-09-25 23:33:06,429 : INFO : SwitchController : <<<<< switch: s_plunger_lane, State:0 >>>>>
2016-09-25 23:33:06,507 : INFO : SwitchController : <<<<< switch: s_plunger_lane, State:1 >>>>>
2016-09-25 23:33:06,522 : INFO : SwitchController : <<<<< switch: s_plunger_lane, State:0 >>>>>
2016-09-25 23:33:07,296 : INFO : SwitchController : <<<<< switch: s_drain_kicker, State:1 >>>>>
2016-09-25 23:33:07,443 : INFO : SwitchController : <<<<< switch: s_drain_kicker, State:0 >>>>>
2016-09-25 23:33:07,448 : WARNING : BallController : BallController denies game start. Not enough balls
2016-09-25 23:33:07,578 : INFO : SwitchController : <<<<< switch: s_trough3, State:1 >>>>>
2016-09-25 23:33:07,589 : INFO : SwitchController : <<<<< switch: s_trough1, State:0 >>>>>
2016-09-25 23:33:07,613 : INFO : SwitchController : <<<<< switch: s_trough3, State:0 >>>>>
2016-09-25 23:33:07,645 : INFO : SwitchController : <<<<< switch: s_trough3, State:1 >>>>>
2016-09-25 23:33:07,649 : INFO : SwitchController : <<<<< switch: s_trough1, State:1 >>>>>
2016-09-25 23:33:07,655 : INFO : SwitchController : <<<<< switch: s_trough3, State:0 >>>>>
2016-09-25 23:33:07,875 : INFO : SwitchController : <<<<< switch: s_trough3, State:1 >>>>>
2016-09-25 23:33:07,957 : INFO : SwitchController : <<<<< switch: s_start, State:1 >>>>>
2016-09-25 23:33:08,102 : INFO : SwitchController : <<<<< switch: s_start, State:0 >>>>>
2016-09-25 23:33:08,106 : WARNING : BallController : BallController denies game start. Not enough balls
2016-09-25 23:33:08,830 : INFO : SwitchController : <<<<< switch: s_start, State:1 >>>>>
2016-09-25 23:33:08,926 : INFO : SwitchController : <<<<< switch: s_start, State:0 >>>>>
2016-09-25 23:33:08,931 : INFO : Mode.game : Mode Starting. Priority: 20
2016-09-25 23:33:08,942 : INFO : Mode.game : Player added successfully. Total players: 1
2016-09-25 23:33:08,951 : INFO : Mode.kickback : Mode Starting. Priority: 200
2016-09-25 23:33:08,960 : INFO : Mode.ball_save : Mode Starting. Priority: 8500
2016-09-25 23:33:08,965 : INFO : Mode.base : Mode Starting. Priority: 100
2016-09-25 23:33:09,097 : INFO : SwitchController : <<<<< switch: s_trough1, State:0 >>>>>
2016-09-25 23:33:09,277 : INFO : SwitchController : <<<<< switch: s_plunger_lane, State:1 >>>>>
2016-09-25 23:33:09,333 : INFO : SwitchController : <<<<< switch: s_trough2, State:0 >>>>>
2016-09-25 23:33:09,374 : INFO : SwitchController : <<<<< switch: s_trough3, State:0 >>>>>
2016-09-25 23:33:09,431 : INFO : SwitchController : <<<<< switch: s_trough2, State:1 >>>>>
2016-09-25 23:33:09,450 : INFO : SwitchController : <<<<< switch: s_trough1, State:1 >>>>>
2016-09-25 23:33:09,551 : INFO : SwitchController : <<<<< switch: s_trough1, State:0 >>>>>
2016-09-25 23:33:09,593 : INFO : SwitchController : <<<<< switch: s_trough1, State:1 >>>>>
2016-09-25 23:33:10,261 : INFO : SwitchController : <<<<< switch: s_plunger_lane, State:0 >>>>>
2016-09-25 23:33:10,318 : INFO : SwitchController : <<<<< switch: s_plunger_lane, State:1 >>>>>
2016-09-25 23:33:10,336 : INFO : SwitchController : <<<<< switch: s_plunger_lane, State:0 >>>>>
2016-09-25 23:33:11,089 : INFO : SwitchController : <<<<< switch: s_b_top_lane, State:1 >>>>>
2016-09-25 23:33:11,104 : INFO : SwitchController : <<<<< switch: s_b_top_lane, State:0 >>>>>
2016-09-25 23:33:12,653 : INFO : SwitchController : <<<<< switch: s_right_drop_target, State:1 >>>>>
2016-09-25 23:33:13,318 : INFO : SwitchController : <<<<< switch: s_middle_drop_target, State:1 >>>>>
2016-09-25 23:33:13,871 : INFO : SwitchController : <<<<< switch: s_left_drop_target, State:1 >>>>>
2016-09-25 23:33:15,080 : INFO : SwitchController : <<<<< switch: s_right_target, State:1 >>>>>
2016-09-25 23:33:15,099 : INFO : SwitchController : <<<<< switch: s_right_target, State:0 >>>>>
2016-09-25 23:33:16,614 : INFO : SwitchController : <<<<< switch: s_left_target, State:1 >>>>>
2016-09-25 23:33:16,628 : INFO : SwitchController : <<<<< switch: s_left_target, State:0 >>>>>
2016-09-25 23:33:17,509 : INFO : SwitchController : <<<<< switch: s_left_target, State:1 >>>>>
2016-09-25 23:33:17,515 : INFO : SwitchController : <<<<< switch: s_middle_target, State:1 >>>>>
2016-09-25 23:33:17,530 : INFO : SwitchController : <<<<< switch: s_right_target, State:1 >>>>>
2016-09-25 23:33:17,536 : INFO : SwitchController : <<<<< switch: s_left_target, State:0 >>>>>
2016-09-25 23:33:17,593 : INFO : SwitchController : <<<<< switch: s_right_target, State:0 >>>>>
2016-09-25 23:33:17,604 : INFO : SwitchController : <<<<< switch: s_middle_target, State:0 >>>>>
2016-09-25 23:33:18,067 : INFO : SwitchController : <<<<< switch: s_middle_target, State:1 >>>>>
2016-09-25 23:33:18,072 : INFO : SwitchController : <<<<< switch: s_right_target, State:1 >>>>>
2016-09-25 23:33:18,142 : INFO : SwitchController : <<<<< switch: s_middle_target, State:0 >>>>>
2016-09-25 23:33:18,150 : INFO : SwitchController : <<<<< switch: s_right_target, State:0 >>>>>
2016-09-25 23:33:18,357 : INFO : SwitchController : <<<<< switch: s_middle_target, State:1 >>>>>
2016-09-25 23:33:18,367 : INFO : SwitchController : <<<<< switch: s_right_target, State:1 >>>>>
2016-09-25 23:33:18,430 : INFO : SwitchController : <<<<< switch: s_middle_target, State:0 >>>>>
2016-09-25 23:33:18,439 : INFO : SwitchController : <<<<< switch: s_right_target, State:0 >>>>>
2016-09-25 23:33:19,377 : INFO : SwitchController : <<<<< switch: s_o2_top_lane, State:1 >>>>>
2016-09-25 23:33:19,447 : INFO : SwitchController : <<<<< switch: s_o2_top_lane, State:0 >>>>>
2016-09-25 23:33:19,908 : INFO : SwitchController : <<<<< switch: s_o1_top_lane, State:1 >>>>>
2016-09-25 23:33:20,107 : INFO : SwitchController : <<<<< switch: s_o1_top_lane, State:0 >>>>>
2016-09-25 23:33:20,423 : INFO : SwitchController : <<<<< switch: s_r_top_lane, State:1 >>>>>
2016-09-25 23:33:20,588 : INFO : SwitchController : <<<<< switch: s_r_top_lane, State:0 >>>>>
2016-09-25 23:33:24,898 : INFO : SwitchController : <<<<< switch: s_o2_top_lane, State:1 >>>>>
2016-09-25 23:33:25,005 : INFO : SwitchController : <<<<< switch: s_o2_top_lane, State:0 >>>>>
2016-09-25 23:33:25,255 : INFO : SwitchController : <<<<< switch: s_top_r_pop_bumper, State:1 >>>>>
2016-09-25 23:33:25,269 : INFO : SwitchController : <<<<< switch: s_top_r_pop_bumper, State:0 >>>>>
2016-09-25 23:33:25,867 : INFO : SwitchController : <<<<< switch: s_bottom_r_pop_bumper, State:1 >>>>>
2016-09-25 23:33:25,883 : INFO : SwitchController : <<<<< switch: s_bottom_r_pop_bumper, State:0 >>>>>
2016-09-25 23:33:26,341 : INFO : SwitchController : <<<<< switch: s_bottom_r_pop_bumper, State:1 >>>>>
2016-09-25 23:33:26,359 : INFO : SwitchController : <<<<< switch: s_bottom_r_pop_bumper, State:0 >>>>>
2016-09-25 23:33:26,365 : INFO : SwitchController : <<<<< switch: s_bottom_r_pop_bumper, State:1 >>>>>
2016-09-25 23:33:26,371 : INFO : SwitchController : <<<<< switch: s_bottom_r_pop_bumper, State:0 >>>>>
2016-09-25 23:33:26,436 : INFO : SwitchController : <<<<< switch: s_right_top2_rubber, State:1 >>>>>
2016-09-25 23:33:26,458 : INFO : SwitchController : <<<<< switch: s_right_top2_rubber, State:0 >>>>>
2016-09-25 23:33:26,713 : INFO : SwitchController : <<<<< switch: s_top_l_pop_bumper, State:1 >>>>>
2016-09-25 23:33:26,732 : INFO : SwitchController : <<<<< switch: s_top_l_pop_bumper, State:0 >>>>>
2016-09-25 23:33:26,913 : INFO : SwitchController : <<<<< switch: s_top_r_pop_bumper, State:1 >>>>>
2016-09-25 23:33:26,930 : INFO : SwitchController : <<<<< switch: s_top_r_pop_bumper, State:0 >>>>>
2016-09-25 23:33:28,331 : WARNING : FAST : Serial error: read failed: device reports readiness to read but returned no data (device disconnected or multiple access on port?)
2016-09-25 23:33:28,335 : WARNING : FAST : Serial closed.
2016-09-25 23:33:28,338 : INFO : Machine : Shutting down...
2016-09-25 23:33:28,341 : ERROR : FAST : Stop called on serial connection /dev/ttyUSB1
2016-09-25 23:33:28,344 : ERROR : FAST : Stop called on serial connection /dev/ttyUSB2
2016-09-25 23:33:28,347 : WARNING : FAST : Serial error: 
2016-09-25 23:33:28,349 : WARNING : FAST : Serial closed.
2016-09-25 23:33:28,351 : INFO : Machine : Shutting down...
2016-09-25 23:33:28,354 : ERROR : FAST : Stop called on serial connection /dev/ttyUSB1
2016-09-25 23:33:28,356 : ERROR : FAST : Stop called on serial connection /dev/ttyUSB2
2016-09-25 23:33:28,360 : ERROR : asyncio : Exception in callback BaseSerialCommunicator._done(<Task cancell...cator.py:234>>) at /usr/local/lib/python3.4/dist-packages/mpf/platforms/base_serial_communicator.py:42
handle: <Handle BaseSerialCommunicator._done(<Task cancell...cator.py:234>>) at /usr/local/lib/python3.4/dist-packages/mpf/platforms/base_serial_communicator.py:42>
Traceback (most recent call last):
  File "/usr/lib/python3.4/asyncio/events.py", line 120, in _run
    self._callback(*self._args)
  File "/usr/local/lib/python3.4/dist-packages/mpf/platforms/base_serial_communicator.py", line 48, in _done
    future.result()
  File "/usr/lib/python3.4/asyncio/futures.py", line 269, in result
    raise CancelledError
concurrent.futures._base.CancelledError
2016-09-25 23:33:28,389 : ERROR : asyncio : Exception in callback BaseSerialCommunicator._done(<Task cancell...cator.py:234>>) at /usr/local/lib/python3.4/dist-packages/mpf/platforms/base_serial_communicator.py:42
handle: <Handle BaseSerialCommunicator._done(<Task cancell...cator.py:234>>) at /usr/local/lib/python3.4/dist-packages/mpf/platforms/base_serial_communicator.py:42>
Traceback (most recent call last):
  File "/usr/lib/python3.4/asyncio/events.py", line 120, in _run
    self._callback(*self._args)
  File "/usr/local/lib/python3.4/dist-packages/mpf/platforms/base_serial_communicator.py", line 48, in _done
    future.result()
  File "/usr/lib/python3.4/asyncio/futures.py", line 269, in result
    raise CancelledError
concurrent.futures._base.CancelledError
2016-09-25 23:33:28,425 : INFO : root : MPF run loop ended.
