2016-09-27 02:24:20,698 : INFO : Machine : Mission Pinball Framework Core Engine v0.31.3
2016-09-27 02:24:20,701 : INFO : Machine : Machine path: /home/sysop/robotech
2016-09-27 02:24:22,159 : INFO : Machine : Loading cached config: /tmp/b22896e0955c8faa276a6ac3f6f5f4b5config
2016-09-27 02:24:22,268 : INFO : FAST : Connecting to /dev/ttyUSB1 at 921600bps
2016-09-27 02:24:22,278 : INFO : FAST : Connected! Processor: NET, Board Type: FP-CPU-002-2, Firmware: 01.00
2016-09-27 02:24:22,295 : INFO : FAST : Connecting to /dev/ttyUSB2 at 921600bps
2016-09-27 02:24:22,303 : INFO : FAST : Connected! Processor: RGB, Board Type: FP-CPU-002-2, Firmware: 01.00
2016-09-27 02:24:22,633 : WARNING : SwitchController : Received a status update from hardware switch ('1F', 1), but that switch is not in your config. Just FYI.
2016-09-27 02:24:22,636 : WARNING : SwitchController : Received a status update from hardware switch ('27', 1), but that switch is not in your config. Just FYI.
2016-09-27 02:24:22,638 : WARNING : SwitchController : Received a status update from hardware switch ('37', 1), but that switch is not in your config. Just FYI.
2016-09-27 02:24:22,641 : WARNING : SwitchController : Received a status update from hardware switch ('2F', 1), but that switch is not in your config. Just FYI.
2016-09-27 02:24:22,643 : WARNING : SwitchController : Received a status update from hardware switch ('0F', 1), but that switch is not in your config. Just FYI.
2016-09-27 02:24:22,646 : WARNING : SwitchController : Received a status update from hardware switch ('17', 1), but that switch is not in your config. Just FYI.
2016-09-27 02:24:23,344 : INFO : SwitchController : Active Switch|s_trough1
2016-09-27 02:24:23,346 : INFO : SwitchController : Active Switch|s_trough3
2016-09-27 02:24:23,349 : INFO : SwitchController : Active Switch|s_trough2
2016-09-27 02:24:23,352 : INFO : Mode.attract : Mode Starting. Priority: 10
2016-09-27 02:24:28,126 : INFO : SwitchController : <<<<< switch: s_start, State:1 >>>>>
2016-09-27 02:24:28,255 : INFO : SwitchController : <<<<< switch: s_start, State:0 >>>>>
2016-09-27 02:24:28,263 : INFO : Mode.game : Mode Starting. Priority: 20
2016-09-27 02:24:28,282 : INFO : Mode.game : Player added successfully. Total players: 1
2016-09-27 02:24:28,295 : INFO : Mode.ball_save : Mode Starting. Priority: 8500
2016-09-27 02:24:28,304 : INFO : Mode.kickback : Mode Starting. Priority: 200
2016-09-27 02:24:28,311 : INFO : Mode.base : Mode Starting. Priority: 100
2016-09-27 02:24:28,475 : INFO : SwitchController : <<<<< switch: s_trough2, State:0 >>>>>
2016-09-27 02:24:28,483 : INFO : SwitchController : <<<<< switch: s_trough1, State:0 >>>>>
2016-09-27 02:24:28,497 : INFO : SwitchController : <<<<< switch: s_trough2, State:1 >>>>>
2016-09-27 02:24:28,687 : INFO : SwitchController : <<<<< switch: s_plunger_lane, State:1 >>>>>
2016-09-27 02:24:28,710 : INFO : SwitchController : <<<<< switch: s_trough2, State:0 >>>>>
2016-09-27 02:24:28,749 : INFO : SwitchController : <<<<< switch: s_trough3, State:0 >>>>>
2016-09-27 02:24:28,804 : INFO : SwitchController : <<<<< switch: s_trough2, State:1 >>>>>
2016-09-27 02:24:28,828 : INFO : SwitchController : <<<<< switch: s_trough1, State:1 >>>>>
2016-09-27 02:24:29,288 : INFO : SwitchController : <<<<< switch: s_plunger_lane, State:0 >>>>>
2016-09-27 02:24:29,318 : INFO : SwitchController : <<<<< switch: s_plunger_lane, State:1 >>>>>
2016-09-27 02:24:29,339 : INFO : SwitchController : <<<<< switch: s_plunger_lane, State:0 >>>>>
2016-09-27 02:24:29,885 : INFO : SwitchController : <<<<< switch: s_left_flipper, State:1 >>>>>
2016-09-27 02:24:29,901 : INFO : SwitchController : <<<<< switch: s_right_flipper, State:1 >>>>>
2016-09-27 02:24:30,052 : INFO : SwitchController : <<<<< switch: s_left_flipper, State:0 >>>>>
2016-09-27 02:24:30,069 : INFO : SwitchController : <<<<< switch: s_right_flipper, State:0 >>>>>
2016-09-27 02:24:32,045 : INFO : SwitchController : <<<<< switch: s_o1_top_lane, State:1 >>>>>
2016-09-27 02:24:32,358 : INFO : SwitchController : <<<<< switch: s_o1_top_lane, State:0 >>>>>
2016-09-27 02:24:32,562 : INFO : SwitchController : <<<<< switch: s_top_l_pop_bumper, State:1 >>>>>
2016-09-27 02:24:32,574 : INFO : SwitchController : <<<<< switch: s_top_l_pop_bumper, State:0 >>>>>
2016-09-27 02:24:32,878 : INFO : SwitchController : <<<<< switch: s_top_l_pop_bumper, State:1 >>>>>
2016-09-27 02:24:32,897 : INFO : SwitchController : <<<<< switch: s_top_l_pop_bumper, State:0 >>>>>
2016-09-27 02:24:32,954 : INFO : SwitchController : <<<<< switch: s_top_r_pop_bumper, State:1 >>>>>
2016-09-27 02:24:32,974 : INFO : SwitchController : <<<<< switch: s_top_r_pop_bumper, State:0 >>>>>
2016-09-27 02:24:33,115 : INFO : SwitchController : <<<<< switch: s_top_l_pop_bumper, State:1 >>>>>
2016-09-27 02:24:33,133 : INFO : SwitchController : <<<<< switch: s_top_l_pop_bumper, State:0 >>>>>
2016-09-27 02:24:33,841 : INFO : SwitchController : <<<<< switch: s_left_flipper, State:1 >>>>>
2016-09-27 02:24:34,306 : INFO : SwitchController : <<<<< switch: s_left_flipper, State:0 >>>>>
2016-09-27 02:24:34,476 : INFO : SwitchController : <<<<< switch: s_right_flipper, State:1 >>>>>
2016-09-27 02:24:35,413 : INFO : SwitchController : <<<<< switch: s_right_flipper, State:0 >>>>>
2016-09-27 02:24:35,761 : INFO : SwitchController : <<<<< switch: s_right_flipper, State:1 >>>>>
2016-09-27 02:24:35,938 : INFO : SwitchController : <<<<< switch: s_right_flipper, State:0 >>>>>
2016-09-27 02:24:36,185 : INFO : SwitchController : <<<<< switch: s_right_target, State:1 >>>>>
2016-09-27 02:24:36,209 : INFO : SwitchController : <<<<< switch: s_right_target, State:0 >>>>>
2016-09-27 02:24:38,113 : INFO : SwitchController : <<<<< switch: s_left_slingshot, State:1 >>>>>
2016-09-27 02:24:38,128 : INFO : SwitchController : <<<<< switch: s_left_slingshot, State:0 >>>>>
2016-09-27 02:24:38,535 : INFO : SwitchController : <<<<< switch: s_lower_right_rubber, State:1 >>>>>
2016-09-27 02:24:38,548 : INFO : SwitchController : <<<<< switch: s_lower_right_rubber, State:0 >>>>>
2016-09-27 02:24:40,409 : INFO : SwitchController : <<<<< switch: s_right_inlane_c, State:1 >>>>>
2016-09-27 02:24:40,484 : INFO : SwitchController : <<<<< switch: s_right_inlane_c, State:0 >>>>>
2016-09-27 02:24:40,861 : INFO : SwitchController : <<<<< switch: s_right_flipper, State:1 >>>>>
2016-09-27 02:24:41,022 : INFO : SwitchController : <<<<< switch: s_right_flipper, State:0 >>>>>
2016-09-27 02:24:41,091 : INFO : SwitchController : <<<<< switch: s_right_target, State:1 >>>>>
2016-09-27 02:24:41,106 : INFO : SwitchController : <<<<< switch: s_right_target, State:0 >>>>>
2016-09-27 02:24:41,396 : INFO : SwitchController : <<<<< switch: s_bottom_r_pop_bumper, State:1 >>>>>
2016-09-27 02:24:41,415 : INFO : SwitchController : <<<<< switch: s_bottom_r_pop_bumper, State:0 >>>>>
2016-09-27 02:24:41,450 : INFO : SwitchController : <<<<< switch: s_bottom_l_pop_bumper, State:1 >>>>>
2016-09-27 02:24:41,469 : INFO : SwitchController : <<<<< switch: s_bottom_l_pop_bumper, State:0 >>>>>
2016-09-27 02:24:41,503 : INFO : SwitchController : <<<<< switch: s_bottom_r_pop_bumper, State:1 >>>>>
2016-09-27 02:24:41,522 : INFO : SwitchController : <<<<< switch: s_bottom_r_pop_bumper, State:0 >>>>>
2016-09-27 02:24:41,632 : INFO : SwitchController : <<<<< switch: s_top_l_pop_bumper, State:1 >>>>>
2016-09-27 02:24:41,650 : INFO : SwitchController : <<<<< switch: s_top_l_pop_bumper, State:0 >>>>>
2016-09-27 02:24:41,742 : INFO : SwitchController : <<<<< switch: s_b_top_lane, State:1 >>>>>
2016-09-27 02:24:41,754 : INFO : SwitchController : <<<<< switch: s_b_top_lane, State:0 >>>>>
2016-09-27 02:24:41,948 : INFO : SwitchController : <<<<< switch: s_top_l_pop_bumper, State:1 >>>>>
2016-09-27 02:24:41,966 : INFO : SwitchController : <<<<< switch: s_top_l_pop_bumper, State:0 >>>>>
2016-09-27 02:24:42,167 : INFO : SwitchController : <<<<< switch: s_top_r_pop_bumper, State:1 >>>>>
2016-09-27 02:24:42,184 : INFO : SwitchController : <<<<< switch: s_top_r_pop_bumper, State:0 >>>>>
2016-09-27 02:24:42,243 : INFO : SwitchController : <<<<< switch: s_bottom_l_pop_bumper, State:1 >>>>>
2016-09-27 02:24:42,260 : INFO : SwitchController : <<<<< switch: s_bottom_l_pop_bumper, State:0 >>>>>
2016-09-27 02:24:42,389 : INFO : SwitchController : <<<<< switch: s_bottom_r_pop_bumper, State:1 >>>>>
2016-09-27 02:24:42,412 : INFO : SwitchController : <<<<< switch: s_bottom_r_pop_bumper, State:0 >>>>>
2016-09-27 02:24:42,612 : INFO : SwitchController : <<<<< switch: s_bottom_l_pop_bumper, State:1 >>>>>
2016-09-27 02:24:42,629 : INFO : SwitchController : <<<<< switch: s_bottom_l_pop_bumper, State:0 >>>>>
2016-09-27 02:24:42,687 : INFO : SwitchController : <<<<< switch: s_top_r_pop_bumper, State:1 >>>>>
2016-09-27 02:24:42,701 : INFO : SwitchController : <<<<< switch: s_top_r_pop_bumper, State:0 >>>>>
2016-09-27 02:24:42,780 : INFO : SwitchController : <<<<< switch: s_bottom_l_pop_bumper, State:1 >>>>>
2016-09-27 02:24:42,794 : INFO : SwitchController : <<<<< switch: s_bottom_l_pop_bumper, State:0 >>>>>
2016-09-27 02:24:42,890 : INFO : SwitchController : <<<<< switch: s_top_l_pop_bumper, State:1 >>>>>
2016-09-27 02:24:42,911 : INFO : SwitchController : <<<<< switch: s_top_l_pop_bumper, State:0 >>>>>
2016-09-27 02:24:43,163 : INFO : SwitchController : <<<<< switch: s_bottom_l_pop_bumper, State:1 >>>>>
2016-09-27 02:24:43,184 : INFO : SwitchController : <<<<< switch: s_bottom_l_pop_bumper, State:0 >>>>>
2016-09-27 02:24:43,233 : INFO : SwitchController : <<<<< switch: s_top_l_pop_bumper, State:1 >>>>>
2016-09-27 02:24:43,252 : INFO : SwitchController : <<<<< switch: s_top_l_pop_bumper, State:0 >>>>>
2016-09-27 02:24:43,830 : INFO : SwitchController : <<<<< switch: s_top_l_pop_bumper, State:1 >>>>>
2016-09-27 02:24:43,845 : INFO : SwitchController : <<<<< switch: s_top_l_pop_bumper, State:0 >>>>>
2016-09-27 02:24:44,753 : INFO : SwitchController : <<<<< switch: s_left_bottom_rubber, State:1 >>>>>
2016-09-27 02:24:44,778 : INFO : SwitchController : <<<<< switch: s_left_bottom_rubber, State:0 >>>>>
2016-09-27 02:24:45,177 : INFO : SwitchController : <<<<< switch: s_right_flipper, State:1 >>>>>
2016-09-27 02:24:45,387 : INFO : SwitchController : <<<<< switch: s_right_flipper, State:0 >>>>>
2016-09-27 02:24:45,621 : INFO : SwitchController : <<<<< switch: s_right_flipper, State:1 >>>>>
2016-09-27 02:24:46,079 : INFO : SwitchController : <<<<< switch: s_right_flipper, State:0 >>>>>
2016-09-27 02:24:46,623 : INFO : SwitchController : <<<<< switch: s_right_flipper, State:1 >>>>>
2016-09-27 02:24:46,744 : INFO : SwitchController : <<<<< switch: s_right_flipper, State:0 >>>>>
2016-09-27 02:24:46,907 : INFO : SwitchController : <<<<< switch: s_right_target, State:1 >>>>>
2016-09-27 02:24:46,921 : INFO : SwitchController : <<<<< switch: s_right_target, State:0 >>>>>
2016-09-27 02:24:47,986 : INFO : SwitchController : <<<<< switch: s_left_flipper, State:1 >>>>>
2016-09-27 02:24:48,146 : INFO : SwitchController : <<<<< switch: s_left_flipper, State:0 >>>>>
2016-09-27 02:24:48,325 : INFO : SwitchController : <<<<< switch: s_middle_drop_target, State:1 >>>>>
2016-09-27 02:24:48,579 : INFO : SwitchController : <<<<< switch: s_left_flipper, State:1 >>>>>
2016-09-27 02:24:48,659 : INFO : SwitchController : <<<<< switch: s_left_slingshot, State:1 >>>>>
2016-09-27 02:24:48,674 : INFO : SwitchController : <<<<< switch: s_left_slingshot, State:0 >>>>>
2016-09-27 02:24:48,710 : INFO : SwitchController : <<<<< switch: s_left_flipper, State:0 >>>>>
2016-09-27 02:24:48,869 : INFO : SwitchController : <<<<< switch: s_right_flipper, State:1 >>>>>
2016-09-27 02:24:48,907 : INFO : SwitchController : <<<<< switch: s_trough2, State:0 >>>>>
2016-09-27 02:24:48,943 : INFO : SwitchController : <<<<< switch: s_trough2, State:1 >>>>>
2016-09-27 02:24:49,315 : INFO : SwitchController : <<<<< switch: s_right_flipper, State:0 >>>>>
2016-09-27 02:24:49,676 : INFO : SwitchController : <<<<< switch: s_left_flipper, State:1 >>>>>
2016-09-27 02:24:50,531 : INFO : SwitchController : <<<<< switch: s_left_flipper, State:0 >>>>>
2016-09-27 02:24:50,576 : INFO : SwitchController : <<<<< switch: s_left_lock_kickout, State:1 >>>>>
2016-09-27 02:24:51,133 : INFO : SwitchController : <<<<< switch: s_left_lock_kickout, State:0 >>>>>
2016-09-27 02:24:52,459 : INFO : SwitchController : <<<<< switch: s_left_flipper, State:1 >>>>>
2016-09-27 02:24:52,728 : INFO : SwitchController : <<<<< switch: s_left_flipper, State:0 >>>>>
2016-09-27 02:24:52,846 : INFO : SwitchController : <<<<< switch: s_left_flipper, State:1 >>>>>
2016-09-27 02:24:52,875 : INFO : SwitchController : <<<<< switch: s_trough2, State:0 >>>>>
2016-09-27 02:24:52,889 : INFO : SwitchController : <<<<< switch: s_trough2, State:1 >>>>>
2016-09-27 02:24:53,945 : INFO : SwitchController : <<<<< switch: s_left_flipper, State:0 >>>>>
2016-09-27 02:24:54,408 : INFO : SwitchController : <<<<< switch: s_left_flipper, State:1 >>>>>
2016-09-27 02:24:54,556 : INFO : SwitchController : <<<<< switch: s_left_flipper, State:0 >>>>>
2016-09-27 02:24:55,010 : INFO : SwitchController : <<<<< switch: s_right_lock_kickout, State:1 >>>>>
2016-09-27 02:24:55,571 : INFO : SwitchController : <<<<< switch: s_right_lock_kickout, State:0 >>>>>
2016-09-27 02:24:56,643 : INFO : SwitchController : <<<<< switch: s_right_flipper, State:1 >>>>>
2016-09-27 02:24:56,676 : INFO : SwitchController : <<<<< switch: s_trough2, State:0 >>>>>
2016-09-27 02:24:56,705 : INFO : SwitchController : <<<<< switch: s_trough2, State:1 >>>>>
2016-09-27 02:24:57,349 : INFO : SwitchController : <<<<< switch: s_right_flipper, State:0 >>>>>
2016-09-27 02:24:57,711 : INFO : SwitchController : <<<<< switch: s_left_flipper, State:1 >>>>>
2016-09-27 02:24:57,877 : INFO : SwitchController : <<<<< switch: s_left_flipper, State:0 >>>>>
2016-09-27 02:24:58,955 : INFO : SwitchController : <<<<< switch: s_right_flipper, State:1 >>>>>
2016-09-27 02:24:59,048 : INFO : SwitchController : <<<<< switch: s_right_flipper, State:0 >>>>>
2016-09-27 02:24:59,393 : INFO : SwitchController : <<<<< switch: s_right_flipper, State:1 >>>>>
2016-09-27 02:24:59,422 : INFO : SwitchController : <<<<< switch: s_trough2, State:0 >>>>>
2016-09-27 02:24:59,449 : INFO : SwitchController : <<<<< switch: s_trough2, State:1 >>>>>
2016-09-27 02:24:59,533 : INFO : SwitchController : <<<<< switch: s_right_flipper, State:0 >>>>>
2016-09-27 02:25:00,141 : INFO : SwitchController : <<<<< switch: s_right_flipper, State:1 >>>>>
2016-09-27 02:25:00,272 : INFO : SwitchController : <<<<< switch: s_right_flipper, State:0 >>>>>
2016-09-27 02:25:00,501 : INFO : SwitchController : <<<<< switch: s_o1_top_lane, State:1 >>>>>
2016-09-27 02:25:00,707 : INFO : SwitchController : <<<<< switch: s_o1_top_lane, State:0 >>>>>
2016-09-27 02:25:00,926 : INFO : SwitchController : <<<<< switch: s_top_l_pop_bumper, State:1 >>>>>
2016-09-27 02:25:00,943 : INFO : SwitchController : <<<<< switch: s_top_l_pop_bumper, State:0 >>>>>
2016-09-27 02:25:00,997 : INFO : SwitchController : <<<<< switch: s_top_r_pop_bumper, State:1 >>>>>
2016-09-27 02:25:01,008 : INFO : SwitchController : <<<<< switch: s_top_r_pop_bumper, State:0 >>>>>
2016-09-27 02:25:01,185 : INFO : SwitchController : <<<<< switch: s_top_l_pop_bumper, State:1 >>>>>
2016-09-27 02:25:01,202 : INFO : SwitchController : <<<<< switch: s_top_l_pop_bumper, State:0 >>>>>
2016-09-27 02:25:01,593 : INFO : SwitchController : <<<<< switch: s_bottom_r_pop_bumper, State:1 >>>>>
2016-09-27 02:25:01,617 : INFO : SwitchController : <<<<< switch: s_bottom_r_pop_bumper, State:0 >>>>>
2016-09-27 02:25:02,679 : INFO : SwitchController : <<<<< switch: s_right_slingshot, State:1 >>>>>
2016-09-27 02:25:02,747 : INFO : SwitchController : <<<<< switch: s_right_slingshot, State:0 >>>>>
2016-09-27 02:25:02,935 : INFO : SwitchController : <<<<< switch: s_left_flipper, State:1 >>>>>
2016-09-27 02:25:03,083 : INFO : SwitchController : <<<<< switch: s_left_flipper, State:0 >>>>>
2016-09-27 02:25:05,787 : INFO : SwitchController : <<<<< switch: s_left_flipper, State:1 >>>>>
2016-09-27 02:25:05,918 : INFO : SwitchController : <<<<< switch: s_left_flipper, State:0 >>>>>
2016-09-27 02:25:06,021 : INFO : SwitchController : <<<<< switch: s_left_target, State:1 >>>>>
2016-09-27 02:25:06,037 : INFO : SwitchController : <<<<< switch: s_left_target, State:0 >>>>>
2016-09-27 02:25:08,093 : INFO : SwitchController : <<<<< switch: s_left_flipper, State:1 >>>>>
2016-09-27 02:25:08,526 : INFO : SwitchController : <<<<< switch: s_left_flipper, State:0 >>>>>
2016-09-27 02:25:09,010 : INFO : SwitchController : <<<<< switch: s_right_flipper, State:1 >>>>>
2016-09-27 02:25:09,576 : INFO : SwitchController : <<<<< switch: s_right_flipper, State:0 >>>>>
2016-09-27 02:25:10,531 : INFO : SwitchController : <<<<< switch: s_right_flipper, State:1 >>>>>
2016-09-27 02:25:10,716 : INFO : SwitchController : <<<<< switch: s_right_flipper, State:0 >>>>>
2016-09-27 02:25:10,801 : INFO : SwitchController : <<<<< switch: s_left_drop_target, State:1 >>>>>
2016-09-27 02:25:11,113 : INFO : SwitchController : <<<<< switch: s_left_flipper, State:1 >>>>>
2016-09-27 02:25:11,174 : INFO : SwitchController : <<<<< switch: s_right_flipper, State:1 >>>>>
2016-09-27 02:25:11,203 : INFO : SwitchController : <<<<< switch: s_trough2, State:0 >>>>>
2016-09-27 02:25:11,237 : INFO : SwitchController : <<<<< switch: s_trough2, State:1 >>>>>
2016-09-27 02:25:11,263 : INFO : SwitchController : <<<<< switch: s_left_flipper, State:0 >>>>>
2016-09-27 02:25:11,333 : INFO : SwitchController : <<<<< switch: s_right_flipper, State:0 >>>>>
2016-09-27 02:25:11,656 : INFO : SwitchController : <<<<< switch: s_drain_kicker, State:1 >>>>>
2016-09-27 02:25:11,678 : INFO : SwitchController : <<<<< switch: s_drain_kicker, State:0 >>>>>
2016-09-27 02:25:11,733 : INFO : SwitchController : <<<<< switch: s_drain_kicker, State:1 >>>>>
2016-09-27 02:25:11,862 : INFO : Mode.ball_save : Mode Starting. Priority: 8500
2016-09-27 02:25:11,867 : INFO : Mode.kickback : Mode Starting. Priority: 200
2016-09-27 02:25:11,870 : INFO : Mode.base : Mode Starting. Priority: 100
2016-09-27 02:25:11,969 : INFO : SwitchController : <<<<< switch: s_middle_drop_target, State:0 >>>>>
2016-09-27 02:25:11,975 : INFO : SwitchController : <<<<< switch: s_left_drop_target, State:0 >>>>>
2016-09-27 02:25:12,000 : INFO : SwitchController : <<<<< switch: s_trough1, State:0 >>>>>
2016-09-27 02:25:12,227 : INFO : SwitchController : <<<<< switch: s_plunger_lane, State:1 >>>>>
2016-09-27 02:25:12,241 : INFO : SwitchController : <<<<< switch: s_trough2, State:0 >>>>>
2016-09-27 02:25:12,357 : INFO : SwitchController : <<<<< switch: s_trough1, State:1 >>>>>
2016-09-27 02:25:12,446 : INFO : SwitchController : <<<<< switch: s_trough1, State:0 >>>>>
2016-09-27 02:25:12,622 : INFO : SwitchController : <<<<< switch: s_trough1, State:1 >>>>>
2016-09-27 02:25:12,961 : INFO : SwitchController : <<<<< switch: s_drain_kicker, State:0 >>>>>
2016-09-27 02:25:13,056 : INFO : SwitchController : <<<<< switch: s_trough3, State:1 >>>>>
2016-09-27 02:25:13,067 : INFO : SwitchController : <<<<< switch: s_trough3, State:0 >>>>>
2016-09-27 02:25:13,155 : INFO : SwitchController : <<<<< switch: s_trough3, State:1 >>>>>
2016-09-27 02:25:13,176 : INFO : SwitchController : <<<<< switch: s_trough3, State:0 >>>>>
2016-09-27 02:25:13,229 : INFO : SwitchController : <<<<< switch: s_plunger_lane, State:0 >>>>>
2016-09-27 02:25:13,258 : INFO : SwitchController : <<<<< switch: s_plunger_lane, State:1 >>>>>
2016-09-27 02:25:13,278 : INFO : SwitchController : <<<<< switch: s_plunger_lane, State:0 >>>>>
2016-09-27 02:25:13,345 : INFO : SwitchController : <<<<< switch: s_plunger_lane, State:1 >>>>>
2016-09-27 02:25:13,353 : INFO : SwitchController : <<<<< switch: s_plunger_lane, State:0 >>>>>
2016-09-27 02:25:13,522 : INFO : SwitchController : <<<<< switch: s_trough3, State:1 >>>>>
2016-09-27 02:25:13,608 : INFO : SwitchController : <<<<< switch: s_trough3, State:0 >>>>>
2016-09-27 02:25:13,646 : INFO : SwitchController : <<<<< switch: s_trough2, State:1 >>>>>
2016-09-27 02:25:14,655 : INFO : SwitchController : <<<<< switch: s_top_lock_kickout, State:1 >>>>>
2016-09-27 02:25:14,674 : INFO : SwitchController : <<<<< switch: s_top_lock_kickout, State:0 >>>>>
2016-09-27 02:25:14,713 : INFO : SwitchController : <<<<< switch: s_top_lock_kickout, State:1 >>>>>
2016-09-27 02:25:15,253 : INFO : SwitchController : <<<<< switch: s_top_lock_kickout, State:0 >>>>>
2016-09-27 02:25:17,440 : INFO : SwitchController : <<<<< switch: s_o1_top_lane, State:1 >>>>>
2016-09-27 02:25:17,621 : INFO : SwitchController : <<<<< switch: s_o1_top_lane, State:0 >>>>>
2016-09-27 02:25:17,782 : INFO : SwitchController : <<<<< switch: s_top_l_pop_bumper, State:1 >>>>>
2016-09-27 02:25:17,802 : INFO : SwitchController : <<<<< switch: s_top_l_pop_bumper, State:0 >>>>>
2016-09-27 02:25:18,007 : INFO : SwitchController : <<<<< switch: s_top_r_pop_bumper, State:1 >>>>>
2016-09-27 02:25:18,025 : INFO : SwitchController : <<<<< switch: s_top_r_pop_bumper, State:0 >>>>>
2016-09-27 02:25:18,857 : INFO : SwitchController : <<<<< switch: s_bottom_l_pop_bumper, State:1 >>>>>
2016-09-27 02:25:18,879 : INFO : SwitchController : <<<<< switch: s_bottom_l_pop_bumper, State:0 >>>>>
2016-09-27 02:25:19,075 : INFO : SwitchController : <<<<< switch: s_top_r_pop_bumper, State:1 >>>>>
2016-09-27 02:25:19,096 : INFO : SwitchController : <<<<< switch: s_top_r_pop_bumper, State:0 >>>>>
2016-09-27 02:25:19,281 : INFO : SwitchController : <<<<< switch: s_top_l_pop_bumper, State:1 >>>>>
2016-09-27 02:25:19,300 : INFO : SwitchController : <<<<< switch: s_top_l_pop_bumper, State:0 >>>>>
2016-09-27 02:25:19,357 : INFO : SwitchController : <<<<< switch: s_o1_top_lane, State:1 >>>>>
2016-09-27 02:25:19,412 : INFO : SwitchController : <<<<< switch: s_o1_top_lane, State:0 >>>>>
2016-09-27 02:25:19,853 : INFO : SwitchController : <<<<< switch: s_right_flipper, State:1 >>>>>
2016-09-27 02:25:20,028 : INFO : SwitchController : <<<<< switch: s_right_flipper, State:0 >>>>>
2016-09-27 02:25:20,157 : INFO : SwitchController : <<<<< switch: s_right_flipper, State:1 >>>>>
2016-09-27 02:25:20,184 : INFO : SwitchController : <<<<< switch: s_trough2, State:0 >>>>>
2016-09-27 02:25:20,217 : INFO : SwitchController : <<<<< switch: s_trough2, State:1 >>>>>
2016-09-27 02:25:20,313 : INFO : SwitchController : <<<<< switch: s_right_flipper, State:0 >>>>>
2016-09-27 02:25:20,526 : INFO : SwitchController : <<<<< switch: s_o1_top_lane, State:1 >>>>>
2016-09-27 02:25:20,688 : INFO : SwitchController : <<<<< switch: s_o1_top_lane, State:0 >>>>>
2016-09-27 02:25:20,855 : INFO : SwitchController : <<<<< switch: s_top_l_pop_bumper, State:1 >>>>>
2016-09-27 02:25:20,873 : INFO : SwitchController : <<<<< switch: s_top_l_pop_bumper, State:0 >>>>>
2016-09-27 02:25:21,065 : INFO : SwitchController : <<<<< switch: s_top_r_pop_bumper, State:1 >>>>>
2016-09-27 02:25:21,086 : INFO : SwitchController : <<<<< switch: s_top_r_pop_bumper, State:0 >>>>>
2016-09-27 02:25:22,548 : INFO : SwitchController : <<<<< switch: s_bottom_r_pop_bumper, State:1 >>>>>
2016-09-27 02:25:22,566 : INFO : SwitchController : <<<<< switch: s_bottom_r_pop_bumper, State:0 >>>>>
2016-09-27 02:25:23,506 : INFO : SwitchController : <<<<< switch: s_left_flipper, State:1 >>>>>
2016-09-27 02:25:23,895 : INFO : SwitchController : <<<<< switch: s_left_flipper, State:0 >>>>>
2016-09-27 02:25:23,975 : INFO : SwitchController : <<<<< switch: s_left_slingshot, State:1 >>>>>
2016-09-27 02:25:23,992 : INFO : SwitchController : <<<<< switch: s_left_slingshot, State:0 >>>>>
2016-09-27 02:25:24,303 : INFO : SwitchController : <<<<< switch: s_lower_right_rubber, State:1 >>>>>
2016-09-27 02:25:24,315 : INFO : SwitchController : <<<<< switch: s_lower_right_rubber, State:0 >>>>>
2016-09-27 02:25:25,578 : INFO : SwitchController : <<<<< switch: s_kickback_t, State:1 >>>>>
2016-09-27 02:25:25,599 : INFO : SwitchController : <<<<< switch: s_kickback_t, State:0 >>>>>
2016-09-27 02:25:26,132 : INFO : SwitchController : <<<<< switch: s_left_drop_target, State:1 >>>>>
2016-09-27 02:25:26,157 : INFO : SwitchController : <<<<< switch: s_middle_drop_target, State:1 >>>>>
2016-09-27 02:25:26,758 : INFO : SwitchController : <<<<< switch: s_right_outlane_h, State:1 >>>>>
2016-09-27 02:25:26,788 : INFO : SwitchController : <<<<< switch: s_right_outlane_h, State:0 >>>>>
2016-09-27 02:25:29,315 : INFO : SwitchController : <<<<< switch: s_drain_kicker, State:1 >>>>>
2016-09-27 02:25:29,481 : INFO : SwitchController : <<<<< switch: s_trough1, State:0 >>>>>
2016-09-27 02:25:29,718 : INFO : SwitchController : <<<<< switch: s_plunger_lane, State:1 >>>>>
2016-09-27 02:25:29,832 : INFO : SwitchController : <<<<< switch: s_trough2, State:0 >>>>>
2016-09-27 02:25:29,951 : INFO : SwitchController : <<<<< switch: s_trough1, State:1 >>>>>
2016-09-27 02:25:30,041 : INFO : SwitchController : <<<<< switch: s_trough1, State:0 >>>>>
2016-09-27 02:25:30,218 : INFO : SwitchController : <<<<< switch: s_trough1, State:1 >>>>>
2016-09-27 02:25:30,557 : INFO : SwitchController : <<<<< switch: s_drain_kicker, State:0 >>>>>
2016-09-27 02:25:30,640 : INFO : SwitchController : <<<<< switch: s_trough1, State:0 >>>>>
2016-09-27 02:25:30,689 : INFO : SwitchController : <<<<< switch: s_trough1, State:1 >>>>>
2016-09-27 02:25:30,715 : INFO : SwitchController : <<<<< switch: s_trough3, State:1 >>>>>
2016-09-27 02:25:30,725 : INFO : SwitchController : <<<<< switch: s_plunger_lane, State:0 >>>>>
2016-09-27 02:25:30,731 : INFO : SwitchController : <<<<< switch: s_trough3, State:0 >>>>>
2016-09-27 02:25:30,756 : INFO : SwitchController : <<<<< switch: s_plunger_lane, State:1 >>>>>
2016-09-27 02:25:30,776 : INFO : SwitchController : <<<<< switch: s_plunger_lane, State:0 >>>>>
2016-09-27 02:25:30,837 : INFO : SwitchController : <<<<< switch: s_plunger_lane, State:1 >>>>>
2016-09-27 02:25:30,849 : INFO : SwitchController : <<<<< switch: s_plunger_lane, State:0 >>>>>
2016-09-27 02:25:30,943 : INFO : SwitchController : <<<<< switch: s_trough3, State:1 >>>>>
2016-09-27 02:25:31,012 : INFO : SwitchController : <<<<< switch: s_trough3, State:0 >>>>>
2016-09-27 02:25:31,045 : INFO : SwitchController : <<<<< switch: s_trough2, State:1 >>>>>
2016-09-27 02:25:31,474 : INFO : SwitchController : <<<<< switch: s_right_flipper, State:1 >>>>>
2016-09-27 02:25:31,597 : INFO : SwitchController : <<<<< switch: s_right_flipper, State:0 >>>>>
2016-09-27 02:25:31,886 : INFO : SwitchController : <<<<< switch: s_right_flipper, State:1 >>>>>
2016-09-27 02:25:32,002 : INFO : SwitchController : <<<<< switch: s_right_flipper, State:0 >>>>>
2016-09-27 02:25:32,156 : INFO : SwitchController : <<<<< switch: s_left_flipper, State:1 >>>>>
2016-09-27 02:25:32,277 : INFO : SwitchController : <<<<< switch: s_left_flipper, State:0 >>>>>
2016-09-27 02:25:33,886 : INFO : SwitchController : <<<<< switch: s_b_top_lane, State:1 >>>>>
2016-09-27 02:25:34,021 : INFO : SwitchController : <<<<< switch: s_b_top_lane, State:0 >>>>>
2016-09-27 02:25:34,256 : INFO : SwitchController : <<<<< switch: s_top_r_pop_bumper, State:1 >>>>>
2016-09-27 02:25:34,276 : INFO : SwitchController : <<<<< switch: s_top_r_pop_bumper, State:0 >>>>>
2016-09-27 02:25:34,583 : INFO : SwitchController : <<<<< switch: s_bottom_l_pop_bumper, State:1 >>>>>
2016-09-27 02:25:34,604 : INFO : SwitchController : <<<<< switch: s_bottom_l_pop_bumper, State:0 >>>>>
2016-09-27 02:25:34,884 : INFO : SwitchController : <<<<< switch: s_right_top2_rubber, State:1 >>>>>
2016-09-27 02:25:34,898 : INFO : SwitchController : <<<<< switch: s_right_top2_rubber, State:0 >>>>>
2016-09-27 02:25:37,902 : INFO : SwitchController : <<<<< switch: s_right_flipper, State:1 >>>>>
2016-09-27 02:25:37,982 : INFO : SwitchController : <<<<< switch: s_left_flipper, State:1 >>>>>
2016-09-27 02:25:38,058 : INFO : SwitchController : <<<<< switch: s_right_flipper, State:0 >>>>>
2016-09-27 02:25:38,127 : INFO : SwitchController : <<<<< switch: s_left_flipper, State:0 >>>>>
2016-09-27 02:25:38,571 : INFO : SwitchController : <<<<< switch: s_drain_kicker, State:1 >>>>>
2016-09-27 02:25:38,720 : INFO : Mode.ball_save : Mode Starting. Priority: 8500
2016-09-27 02:25:38,728 : INFO : Mode.kickback : Mode Starting. Priority: 200
2016-09-27 02:25:38,734 : INFO : Mode.base : Mode Starting. Priority: 100
2016-09-27 02:25:38,862 : INFO : SwitchController : <<<<< switch: s_middle_drop_target, State:0 >>>>>
2016-09-27 02:25:38,868 : INFO : SwitchController : <<<<< switch: s_left_drop_target, State:0 >>>>>
2016-09-27 02:25:38,878 : INFO : SwitchController : <<<<< switch: s_trough1, State:0 >>>>>
2016-09-27 02:25:39,063 : INFO : SwitchController : <<<<< switch: s_trough2, State:0 >>>>>
2016-09-27 02:25:39,099 : INFO : SwitchController : <<<<< switch: s_plunger_lane, State:1 >>>>>
2016-09-27 02:25:39,174 : INFO : SwitchController : <<<<< switch: s_trough1, State:1 >>>>>
2016-09-27 02:25:39,254 : INFO : SwitchController : <<<<< switch: s_trough1, State:0 >>>>>
2016-09-27 02:25:39,425 : INFO : SwitchController : <<<<< switch: s_trough1, State:1 >>>>>
2016-09-27 02:25:39,735 : INFO : SwitchController : <<<<< switch: s_plunger_lane, State:0 >>>>>
2016-09-27 02:25:39,765 : INFO : SwitchController : <<<<< switch: s_plunger_lane, State:1 >>>>>
2016-09-27 02:25:39,769 : INFO : SwitchController : <<<<< switch: s_drain_kicker, State:0 >>>>>
2016-09-27 02:25:39,785 : INFO : SwitchController : <<<<< switch: s_plunger_lane, State:0 >>>>>
2016-09-27 02:25:39,845 : INFO : SwitchController : <<<<< switch: s_plunger_lane, State:1 >>>>>
2016-09-27 02:25:39,857 : INFO : SwitchController : <<<<< switch: s_plunger_lane, State:0 >>>>>
2016-09-27 02:25:39,869 : INFO : SwitchController : <<<<< switch: s_trough3, State:1 >>>>>
2016-09-27 02:25:39,878 : INFO : SwitchController : <<<<< switch: s_trough3, State:0 >>>>>
2016-09-27 02:25:39,956 : INFO : SwitchController : <<<<< switch: s_trough3, State:1 >>>>>
2016-09-27 02:25:40,025 : INFO : SwitchController : <<<<< switch: s_trough3, State:0 >>>>>
2016-09-27 02:25:40,128 : INFO : SwitchController : <<<<< switch: s_trough1, State:0 >>>>>
2016-09-27 02:25:40,182 : INFO : SwitchController : <<<<< switch: s_trough1, State:1 >>>>>
2016-09-27 02:25:40,300 : INFO : SwitchController : <<<<< switch: s_trough3, State:1 >>>>>
2016-09-27 02:25:40,414 : INFO : SwitchController : <<<<< switch: s_trough3, State:0 >>>>>
2016-09-27 02:25:40,453 : INFO : SwitchController : <<<<< switch: s_trough2, State:1 >>>>>
2016-09-27 02:25:41,359 : INFO : SwitchController : <<<<< switch: s_right_flipper, State:1 >>>>>
2016-09-27 02:25:41,390 : INFO : SwitchController : <<<<< switch: s_trough2, State:0 >>>>>
2016-09-27 02:25:41,410 : INFO : SwitchController : <<<<< switch: s_trough2, State:1 >>>>>
2016-09-27 02:25:41,490 : INFO : SwitchController : <<<<< switch: s_right_flipper, State:0 >>>>>
2016-09-27 02:25:41,746 : INFO : SwitchController : <<<<< switch: s_right_flipper, State:1 >>>>>
2016-09-27 02:25:41,773 : INFO : SwitchController : <<<<< switch: s_trough2, State:0 >>>>>
2016-09-27 02:25:41,787 : INFO : SwitchController : <<<<< switch: s_trough2, State:1 >>>>>
2016-09-27 02:25:41,854 : INFO : SwitchController : <<<<< switch: s_right_flipper, State:0 >>>>>
2016-09-27 02:25:42,620 : INFO : SwitchController : <<<<< switch: s_b_top_lane, State:1 >>>>>
2016-09-27 02:25:42,742 : INFO : SwitchController : <<<<< switch: s_b_top_lane, State:0 >>>>>
2016-09-27 02:25:42,996 : INFO : SwitchController : <<<<< switch: s_top_r_pop_bumper, State:1 >>>>>
2016-09-27 02:25:43,012 : INFO : SwitchController : <<<<< switch: s_top_r_pop_bumper, State:0 >>>>>
2016-09-27 02:25:43,067 : INFO : SwitchController : <<<<< switch: s_top_l_pop_bumper, State:1 >>>>>
2016-09-27 02:25:43,086 : INFO : SwitchController : <<<<< switch: s_top_l_pop_bumper, State:0 >>>>>
2016-09-27 02:25:43,178 : INFO : SwitchController : <<<<< switch: s_b_top_lane, State:1 >>>>>
2016-09-27 02:25:43,187 : INFO : SwitchController : <<<<< switch: s_b_top_lane, State:0 >>>>>
2016-09-27 02:25:43,355 : INFO : SwitchController : <<<<< switch: s_top_r_pop_bumper, State:1 >>>>>
2016-09-27 02:25:43,369 : INFO : SwitchController : <<<<< switch: s_top_r_pop_bumper, State:0 >>>>>
2016-09-27 02:25:43,429 : INFO : SwitchController : <<<<< switch: s_top_l_pop_bumper, State:1 >>>>>
2016-09-27 02:25:43,448 : INFO : SwitchController : <<<<< switch: s_top_l_pop_bumper, State:0 >>>>>
2016-09-27 02:25:43,590 : INFO : SwitchController : <<<<< switch: s_top_r_pop_bumper, State:1 >>>>>
2016-09-27 02:25:43,611 : INFO : SwitchController : <<<<< switch: s_top_r_pop_bumper, State:0 >>>>>
2016-09-27 02:25:44,287 : INFO : SwitchController : <<<<< switch: s_top_r_pop_bumper, State:1 >>>>>
2016-09-27 02:25:44,300 : INFO : SwitchController : <<<<< switch: s_top_r_pop_bumper, State:0 >>>>>
2016-09-27 02:25:44,830 : INFO : SwitchController : <<<<< switch: s_bottom_l_pop_bumper, State:1 >>>>>
2016-09-27 02:25:44,853 : INFO : SwitchController : <<<<< switch: s_bottom_l_pop_bumper, State:0 >>>>>
2016-09-27 02:25:44,888 : INFO : SwitchController : <<<<< switch: s_top_l_pop_bumper, State:1 >>>>>
2016-09-27 02:25:44,909 : INFO : SwitchController : <<<<< switch: s_top_l_pop_bumper, State:0 >>>>>
2016-09-27 02:25:44,914 : INFO : SwitchController : <<<<< switch: s_top_l_pop_bumper, State:1 >>>>>
2016-09-27 02:25:44,920 : INFO : SwitchController : <<<<< switch: s_top_l_pop_bumper, State:0 >>>>>
2016-09-27 02:25:45,054 : INFO : SwitchController : <<<<< switch: s_bottom_l_pop_bumper, State:1 >>>>>
2016-09-27 02:25:45,074 : INFO : SwitchController : <<<<< switch: s_bottom_l_pop_bumper, State:0 >>>>>
2016-09-27 02:25:45,110 : INFO : SwitchController : <<<<< switch: s_top_l_pop_bumper, State:1 >>>>>
2016-09-27 02:25:45,124 : INFO : SwitchController : <<<<< switch: s_top_l_pop_bumper, State:0 >>>>>
2016-09-27 02:25:45,245 : INFO : SwitchController : <<<<< switch: s_left_middle_rubber, State:1 >>>>>
2016-09-27 02:25:45,254 : INFO : SwitchController : <<<<< switch: s_left_middle_rubber, State:0 >>>>>
2016-09-27 02:25:45,591 : INFO : SwitchController : <<<<< switch: s_right_flipper, State:1 >>>>>
2016-09-27 02:25:45,778 : INFO : SwitchController : <<<<< switch: s_right_flipper, State:0 >>>>>
2016-09-27 02:25:45,853 : INFO : SwitchController : <<<<< switch: s_left_flipper, State:1 >>>>>
2016-09-27 02:25:46,136 : INFO : SwitchController : <<<<< switch: s_left_flipper, State:0 >>>>>
2016-09-27 02:25:46,176 : INFO : SwitchController : <<<<< switch: s_right_flipper, State:1 >>>>>
2016-09-27 02:25:46,569 : INFO : SwitchController : <<<<< switch: s_right_flipper, State:0 >>>>>
2016-09-27 02:25:47,228 : INFO : SwitchController : <<<<< switch: s_right_flipper, State:1 >>>>>
2016-09-27 02:25:47,512 : INFO : SwitchController : <<<<< switch: s_right_flipper, State:0 >>>>>
2016-09-27 02:25:47,586 : INFO : SwitchController : <<<<< switch: s_left_middle_rubber, State:1 >>>>>
2016-09-27 02:25:47,620 : INFO : SwitchController : <<<<< switch: s_left_middle_rubber, State:0 >>>>>
2016-09-27 02:25:47,762 : INFO : SwitchController : <<<<< switch: s_spinner, State:1 >>>>>
2016-09-27 02:25:47,780 : INFO : SwitchController : <<<<< switch: s_spinner, State:0 >>>>>
2016-09-27 02:25:47,852 : INFO : SwitchController : <<<<< switch: s_spinner, State:1 >>>>>
2016-09-27 02:25:47,870 : INFO : SwitchController : <<<<< switch: s_spinner, State:0 >>>>>
2016-09-27 02:25:47,946 : INFO : SwitchController : <<<<< switch: s_spinner, State:1 >>>>>
2016-09-27 02:25:47,969 : INFO : SwitchController : <<<<< switch: s_spinner, State:0 >>>>>
2016-09-27 02:25:48,045 : INFO : SwitchController : <<<<< switch: s_spinner, State:1 >>>>>
2016-09-27 02:25:48,068 : INFO : SwitchController : <<<<< switch: s_spinner, State:0 >>>>>
2016-09-27 02:25:48,146 : INFO : SwitchController : <<<<< switch: s_spinner, State:1 >>>>>
2016-09-27 02:25:48,176 : INFO : SwitchController : <<<<< switch: s_spinner, State:0 >>>>>
2016-09-27 02:25:48,247 : INFO : SwitchController : <<<<< switch: s_spinner, State:1 >>>>>
2016-09-27 02:25:48,279 : INFO : SwitchController : <<<<< switch: s_spinner, State:0 >>>>>
2016-09-27 02:25:48,356 : INFO : SwitchController : <<<<< switch: s_spinner, State:1 >>>>>
2016-09-27 02:25:48,391 : INFO : SwitchController : <<<<< switch: s_spinner, State:0 >>>>>
2016-09-27 02:25:48,478 : INFO : SwitchController : <<<<< switch: s_spinner, State:1 >>>>>
2016-09-27 02:25:48,502 : INFO : SwitchController : <<<<< switch: s_spinner, State:0 >>>>>
2016-09-27 02:25:48,594 : INFO : SwitchController : <<<<< switch: s_spinner, State:1 >>>>>
2016-09-27 02:25:48,624 : INFO : SwitchController : <<<<< switch: s_spinner, State:0 >>>>>
2016-09-27 02:25:48,720 : INFO : SwitchController : <<<<< switch: s_spinner, State:1 >>>>>
2016-09-27 02:25:48,754 : INFO : SwitchController : <<<<< switch: s_spinner, State:0 >>>>>
2016-09-27 02:25:48,853 : INFO : SwitchController : <<<<< switch: s_spinner, State:1 >>>>>
2016-09-27 02:25:48,891 : INFO : SwitchController : <<<<< switch: s_spinner, State:0 >>>>>
2016-09-27 02:25:48,995 : INFO : SwitchController : <<<<< switch: s_spinner, State:1 >>>>>
2016-09-27 02:25:49,037 : INFO : SwitchController : <<<<< switch: s_spinner, State:0 >>>>>
2016-09-27 02:25:49,147 : INFO : SwitchController : <<<<< switch: s_spinner, State:1 >>>>>
2016-09-27 02:25:49,193 : INFO : SwitchController : <<<<< switch: s_spinner, State:0 >>>>>
2016-09-27 02:25:49,243 : INFO : SwitchController : <<<<< switch: s_right_flipper, State:1 >>>>>
2016-09-27 02:25:49,316 : INFO : SwitchController : <<<<< switch: s_spinner, State:1 >>>>>
2016-09-27 02:25:49,365 : INFO : SwitchController : <<<<< switch: s_spinner, State:0 >>>>>
2016-09-27 02:25:49,399 : INFO : SwitchController : <<<<< switch: s_right_flipper, State:0 >>>>>
2016-09-27 02:25:49,502 : INFO : SwitchController : <<<<< switch: s_spinner, State:1 >>>>>
2016-09-27 02:25:49,561 : INFO : SwitchController : <<<<< switch: s_spinner, State:0 >>>>>
2016-09-27 02:25:49,709 : INFO : SwitchController : <<<<< switch: s_spinner, State:1 >>>>>
2016-09-27 02:25:49,786 : INFO : SwitchController : <<<<< switch: s_spinner, State:0 >>>>>
2016-09-27 02:25:49,962 : INFO : SwitchController : <<<<< switch: s_spinner, State:1 >>>>>
2016-09-27 02:25:50,076 : INFO : SwitchController : <<<<< switch: s_spinner, State:0 >>>>>
2016-09-27 02:25:50,294 : INFO : SwitchController : <<<<< switch: s_spinner, State:1 >>>>>
2016-09-27 02:25:50,443 : INFO : SwitchController : <<<<< switch: s_spinner, State:0 >>>>>
2016-09-27 02:25:51,263 : INFO : SwitchController : <<<<< switch: s_o1_top_lane, State:1 >>>>>
2016-09-27 02:25:51,478 : INFO : SwitchController : <<<<< switch: s_o1_top_lane, State:0 >>>>>
2016-09-27 02:25:51,649 : INFO : SwitchController : <<<<< switch: s_top_l_pop_bumper, State:1 >>>>>
2016-09-27 02:25:51,668 : INFO : SwitchController : <<<<< switch: s_top_l_pop_bumper, State:0 >>>>>
2016-09-27 02:25:51,878 : INFO : SwitchController : <<<<< switch: s_top_l_pop_bumper, State:1 >>>>>
2016-09-27 02:25:51,898 : INFO : SwitchController : <<<<< switch: s_top_l_pop_bumper, State:0 >>>>>
2016-09-27 02:25:52,208 : INFO : SwitchController : <<<<< switch: s_bottom_r_pop_bumper, State:1 >>>>>
2016-09-27 02:25:52,225 : INFO : SwitchController : <<<<< switch: s_bottom_r_pop_bumper, State:0 >>>>>
2016-09-27 02:25:52,251 : INFO : SwitchController : <<<<< switch: s_bottom_l_pop_bumper, State:1 >>>>>
2016-09-27 02:25:52,273 : INFO : SwitchController : <<<<< switch: s_bottom_l_pop_bumper, State:0 >>>>>
2016-09-27 02:25:53,780 : INFO : SwitchController : <<<<< switch: s_left_flipper, State:1 >>>>>
2016-09-27 02:25:53,984 : INFO : SwitchController : <<<<< switch: s_left_flipper, State:0 >>>>>
2016-09-27 02:25:57,154 : INFO : SwitchController : <<<<< switch: s_right_flipper, State:1 >>>>>
2016-09-27 02:25:57,852 : INFO : SwitchController : <<<<< switch: s_right_flipper, State:0 >>>>>
2016-09-27 02:25:57,867 : INFO : SwitchController : <<<<< switch: s_spinner, State:1 >>>>>
2016-09-27 02:25:57,891 : INFO : SwitchController : <<<<< switch: s_spinner, State:0 >>>>>
2016-09-27 02:25:57,976 : INFO : SwitchController : <<<<< switch: s_spinner, State:1 >>>>>
2016-09-27 02:25:58,002 : INFO : SwitchController : <<<<< switch: s_spinner, State:0 >>>>>
2016-09-27 02:25:58,088 : INFO : SwitchController : <<<<< switch: s_spinner, State:1 >>>>>
2016-09-27 02:25:58,118 : INFO : SwitchController : <<<<< switch: s_spinner, State:0 >>>>>
2016-09-27 02:25:58,213 : INFO : SwitchController : <<<<< switch: s_spinner, State:1 >>>>>
2016-09-27 02:25:58,244 : INFO : SwitchController : <<<<< switch: s_spinner, State:0 >>>>>
2016-09-27 02:25:58,337 : INFO : SwitchController : <<<<< switch: s_spinner, State:1 >>>>>
2016-09-27 02:25:58,378 : INFO : SwitchController : <<<<< switch: s_spinner, State:0 >>>>>
2016-09-27 02:25:58,471 : INFO : SwitchController : <<<<< switch: s_spinner, State:1 >>>>>
2016-09-27 02:25:58,510 : INFO : SwitchController : <<<<< switch: s_spinner, State:0 >>>>>
2016-09-27 02:25:58,616 : INFO : SwitchController : <<<<< switch: s_spinner, State:1 >>>>>
2016-09-27 02:25:58,655 : INFO : SwitchController : <<<<< switch: s_spinner, State:0 >>>>>
2016-09-27 02:25:58,766 : INFO : SwitchController : <<<<< switch: s_spinner, State:1 >>>>>
2016-09-27 02:25:58,816 : INFO : SwitchController : <<<<< switch: s_spinner, State:0 >>>>>
2016-09-27 02:25:58,938 : INFO : SwitchController : <<<<< switch: s_spinner, State:1 >>>>>
2016-09-27 02:25:58,993 : INFO : SwitchController : <<<<< switch: s_spinner, State:0 >>>>>
2016-09-27 02:25:59,125 : INFO : SwitchController : <<<<< switch: s_spinner, State:1 >>>>>
2016-09-27 02:25:59,161 : INFO : SwitchController : <<<<< switch: s_right_flipper, State:1 >>>>>
2016-09-27 02:25:59,188 : INFO : SwitchController : <<<<< switch: s_spinner, State:0 >>>>>
2016-09-27 02:25:59,303 : INFO : SwitchController : <<<<< switch: s_right_flipper, State:0 >>>>>
2016-09-27 02:25:59,345 : INFO : SwitchController : <<<<< switch: s_spinner, State:1 >>>>>
2016-09-27 02:25:59,411 : INFO : SwitchController : <<<<< switch: s_right_flipper, State:1 >>>>>
2016-09-27 02:25:59,427 : INFO : SwitchController : <<<<< switch: s_spinner, State:0 >>>>>
2016-09-27 02:25:59,445 : INFO : SwitchController : <<<<< switch: s_trough2, State:0 >>>>>
2016-09-27 02:25:59,459 : INFO : SwitchController : <<<<< switch: s_trough2, State:1 >>>>>
2016-09-27 02:25:59,547 : INFO : SwitchController : <<<<< switch: s_right_flipper, State:0 >>>>>
2016-09-27 02:25:59,598 : INFO : SwitchController : <<<<< switch: s_spinner, State:1 >>>>>
2016-09-27 02:25:59,718 : INFO : SwitchController : <<<<< switch: s_spinner, State:0 >>>>>
2016-09-27 02:25:59,950 : INFO : SwitchController : <<<<< switch: s_spinner, State:1 >>>>>
2016-09-27 02:26:00,063 : INFO : SwitchController : <<<<< switch: s_spinner, State:0 >>>>>
2016-09-27 02:26:00,386 : INFO : SwitchController : <<<<< switch: s_o2_top_lane, State:1 >>>>>
2016-09-27 02:26:00,465 : INFO : SwitchController : <<<<< switch: s_o2_top_lane, State:0 >>>>>
2016-09-27 02:26:00,687 : INFO : SwitchController : <<<<< switch: s_top_r_pop_bumper, State:1 >>>>>
2016-09-27 02:26:00,708 : INFO : SwitchController : <<<<< switch: s_top_r_pop_bumper, State:0 >>>>>
2016-09-27 02:26:00,745 : INFO : SwitchController : <<<<< switch: s_right_top1_rubber, State:1 >>>>>
2016-09-27 02:26:00,762 : INFO : SwitchController : <<<<< switch: s_right_top1_rubber, State:0 >>>>>
2016-09-27 02:26:01,217 : INFO : SwitchController : <<<<< switch: s_bottom_l_pop_bumper, State:1 >>>>>
2016-09-27 02:26:01,237 : INFO : SwitchController : <<<<< switch: s_bottom_l_pop_bumper, State:0 >>>>>
2016-09-27 02:26:01,273 : INFO : SwitchController : <<<<< switch: s_top_l_pop_bumper, State:1 >>>>>
2016-09-27 02:26:01,294 : INFO : SwitchController : <<<<< switch: s_top_l_pop_bumper, State:0 >>>>>
2016-09-27 02:26:01,921 : INFO : SwitchController : <<<<< switch: s_top_l_pop_bumper, State:1 >>>>>
2016-09-27 02:26:01,937 : INFO : SwitchController : <<<<< switch: s_top_l_pop_bumper, State:0 >>>>>
2016-09-27 02:26:02,317 : INFO : SwitchController : <<<<< switch: s_right_top2_rubber, State:1 >>>>>
2016-09-27 02:26:02,328 : INFO : SwitchController : <<<<< switch: s_right_top2_rubber, State:0 >>>>>
2016-09-27 02:26:02,464 : INFO : SwitchController : <<<<< switch: s_bottom_r_pop_bumper, State:1 >>>>>
2016-09-27 02:26:02,486 : INFO : SwitchController : <<<<< switch: s_bottom_r_pop_bumper, State:0 >>>>>
2016-09-27 02:26:02,514 : INFO : SwitchController : <<<<< switch: s_top_r_pop_bumper, State:1 >>>>>
2016-09-27 02:26:02,530 : INFO : SwitchController : <<<<< switch: s_top_r_pop_bumper, State:0 >>>>>
2016-09-27 02:26:04,778 : INFO : SwitchController : <<<<< switch: s_right_flipper, State:1 >>>>>
2016-09-27 02:26:04,866 : INFO : SwitchController : <<<<< switch: s_left_flipper, State:1 >>>>>
2016-09-27 02:26:04,896 : INFO : SwitchController : <<<<< switch: s_right_flipper, State:0 >>>>>
2016-09-27 02:26:04,994 : INFO : SwitchController : <<<<< switch: s_left_flipper, State:0 >>>>>
2016-09-27 02:26:05,460 : INFO : SwitchController : <<<<< switch: s_drain_kicker, State:1 >>>>>
2016-09-27 02:26:05,608 : INFO : Mode.attract : Mode Starting. Priority: 10
2016-09-27 02:26:05,930 : INFO : SwitchController : <<<<< switch: s_drain_kicker, State:0 >>>>>
2016-09-27 02:26:05,936 : WARNING : BallController : BallController denies game start. Not enough balls
2016-09-27 02:26:06,035 : INFO : SwitchController : <<<<< switch: s_trough2, State:0 >>>>>
2016-09-27 02:26:06,041 : INFO : SwitchController : <<<<< switch: s_trough1, State:0 >>>>>
2016-09-27 02:26:06,088 : INFO : SwitchController : <<<<< switch: s_trough1, State:1 >>>>>
2016-09-27 02:26:06,104 : INFO : SwitchController : <<<<< switch: s_trough1, State:0 >>>>>
2016-09-27 02:26:06,113 : INFO : SwitchController : <<<<< switch: s_trough2, State:1 >>>>>
2016-09-27 02:26:06,117 : INFO : SwitchController : <<<<< switch: s_trough1, State:1 >>>>>
2016-09-27 02:26:06,333 : INFO : SwitchController : <<<<< switch: s_trough3, State:1 >>>>>
2016-09-27 02:26:07,007 : INFO : SwitchController : <<<<< switch: s_start, State:1 >>>>>
2016-09-27 02:26:07,142 : INFO : SwitchController : <<<<< switch: s_start, State:0 >>>>>
2016-09-27 02:26:07,147 : INFO : Mode.game : Mode Starting. Priority: 20
2016-09-27 02:26:07,158 : INFO : Mode.game : Player added successfully. Total players: 1
2016-09-27 02:26:07,167 : INFO : Mode.ball_save : Mode Starting. Priority: 8500
2016-09-27 02:26:07,172 : INFO : Mode.kickback : Mode Starting. Priority: 200
2016-09-27 02:26:07,176 : INFO : Mode.base : Mode Starting. Priority: 100
2016-09-27 02:26:07,284 : INFO : SwitchController : <<<<< switch: s_trough1, State:0 >>>>>
2016-09-27 02:26:07,514 : INFO : SwitchController : <<<<< switch: s_trough2, State:0 >>>>>
2016-09-27 02:26:07,541 : INFO : SwitchController : <<<<< switch: s_plunger_lane, State:1 >>>>>
2016-09-27 02:26:07,566 : INFO : SwitchController : <<<<< switch: s_trough3, State:0 >>>>>
2016-09-27 02:26:07,623 : INFO : SwitchController : <<<<< switch: s_trough2, State:1 >>>>>
2016-09-27 02:26:07,632 : INFO : SwitchController : <<<<< switch: s_trough1, State:1 >>>>>
2016-09-27 02:26:07,775 : INFO : SwitchController : <<<<< switch: s_trough1, State:0 >>>>>
2016-09-27 02:26:07,794 : INFO : SwitchController : <<<<< switch: s_trough1, State:1 >>>>>
2016-09-27 02:26:08,019 : INFO : SwitchController : <<<<< switch: s_plunger_lane, State:0 >>>>>
2016-09-27 02:26:08,048 : INFO : SwitchController : <<<<< switch: s_plunger_lane, State:1 >>>>>
2016-09-27 02:26:08,069 : INFO : SwitchController : <<<<< switch: s_plunger_lane, State:0 >>>>>
2016-09-27 02:26:08,621 : INFO : SwitchController : <<<<< switch: s_right_flipper, State:1 >>>>>
2016-09-27 02:26:08,671 : INFO : SwitchController : <<<<< switch: s_right_flipper, State:0 >>>>>
2016-09-27 02:26:09,829 : INFO : SwitchController : <<<<< switch: s_r_top_lane, State:1 >>>>>
2016-09-27 02:26:10,142 : INFO : SwitchController : <<<<< switch: s_r_top_lane, State:0 >>>>>
2016-09-27 02:26:10,369 : INFO : SwitchController : <<<<< switch: s_top_l_pop_bumper, State:1 >>>>>
2016-09-27 02:26:10,389 : INFO : SwitchController : <<<<< switch: s_top_l_pop_bumper, State:0 >>>>>
2016-09-27 02:26:10,426 : INFO : SwitchController : <<<<< switch: s_left_top_rubber, State:1 >>>>>
2016-09-27 02:26:10,441 : INFO : SwitchController : <<<<< switch: s_left_top_rubber, State:0 >>>>>
2016-09-27 02:26:11,330 : INFO : SwitchController : <<<<< switch: s_left_middle_rubber, State:1 >>>>>
2016-09-27 02:26:11,354 : INFO : SwitchController : <<<<< switch: s_left_middle_rubber, State:0 >>>>>
2016-09-27 02:26:12,046 : INFO : SwitchController : <<<<< switch: s_left_middle_rubber, State:1 >>>>>
2016-09-27 02:26:12,069 : INFO : SwitchController : <<<<< switch: s_left_middle_rubber, State:0 >>>>>
2016-09-27 02:26:13,062 : INFO : SwitchController : <<<<< switch: s_left_flipper, State:1 >>>>>
2016-09-27 02:26:13,287 : INFO : SwitchController : <<<<< switch: s_left_flipper, State:0 >>>>>
2016-09-27 02:26:13,878 : INFO : SwitchController : <<<<< switch: s_top_l_pop_bumper, State:1 >>>>>
2016-09-27 02:26:13,898 : INFO : SwitchController : <<<<< switch: s_top_l_pop_bumper, State:0 >>>>>
2016-09-27 02:26:14,032 : INFO : SwitchController : <<<<< switch: s_right_top1_rubber, State:1 >>>>>
2016-09-27 02:26:14,047 : INFO : SwitchController : <<<<< switch: s_right_top1_rubber, State:0 >>>>>
2016-09-27 02:26:14,079 : INFO : SwitchController : <<<<< switch: s_top_r_pop_bumper, State:1 >>>>>
2016-09-27 02:26:14,101 : INFO : SwitchController : <<<<< switch: s_top_r_pop_bumper, State:0 >>>>>
2016-09-27 02:26:14,136 : INFO : SwitchController : <<<<< switch: s_right_top1_rubber, State:1 >>>>>
2016-09-27 02:26:14,148 : INFO : SwitchController : <<<<< switch: s_right_top1_rubber, State:0 >>>>>
2016-09-27 02:26:14,602 : INFO : SwitchController : <<<<< switch: s_top_l_pop_bumper, State:1 >>>>>
2016-09-27 02:26:14,622 : INFO : SwitchController : <<<<< switch: s_top_l_pop_bumper, State:0 >>>>>
2016-09-27 02:26:14,921 : INFO : SwitchController : <<<<< switch: s_bottom_l_pop_bumper, State:1 >>>>>
2016-09-27 02:26:14,943 : INFO : SwitchController : <<<<< switch: s_bottom_l_pop_bumper, State:0 >>>>>
2016-09-27 02:26:15,187 : INFO : SwitchController : <<<<< switch: s_bottom_l_pop_bumper, State:1 >>>>>
2016-09-27 02:26:15,206 : INFO : SwitchController : <<<<< switch: s_bottom_l_pop_bumper, State:0 >>>>>
2016-09-27 02:26:15,319 : INFO : SwitchController : <<<<< switch: s_left_middle_rubber, State:1 >>>>>
2016-09-27 02:26:15,338 : INFO : SwitchController : <<<<< switch: s_left_middle_rubber, State:0 >>>>>
2016-09-27 02:26:17,088 : INFO : SwitchController : <<<<< switch: s_left_flipper, State:1 >>>>>
2016-09-27 02:26:17,495 : INFO : SwitchController : <<<<< switch: s_left_flipper, State:0 >>>>>
2016-09-27 02:26:19,982 : INFO : SwitchController : <<<<< switch: s_right_flipper, State:1 >>>>>
2016-09-27 02:26:20,214 : INFO : SwitchController : <<<<< switch: s_right_flipper, State:0 >>>>>
2016-09-27 02:26:20,379 : INFO : SwitchController : <<<<< switch: s_left_middle_rubber, State:1 >>>>>
2016-09-27 02:26:20,411 : INFO : SwitchController : <<<<< switch: s_left_middle_rubber, State:0 >>>>>
2016-09-27 02:26:20,558 : INFO : SwitchController : <<<<< switch: s_spinner, State:1 >>>>>
2016-09-27 02:26:20,579 : INFO : SwitchController : <<<<< switch: s_spinner, State:0 >>>>>
2016-09-27 02:26:20,657 : INFO : SwitchController : <<<<< switch: s_spinner, State:1 >>>>>
2016-09-27 02:26:20,680 : INFO : SwitchController : <<<<< switch: s_spinner, State:0 >>>>>
2016-09-27 02:26:20,758 : INFO : SwitchController : <<<<< switch: s_spinner, State:1 >>>>>
2016-09-27 02:26:20,787 : INFO : SwitchController : <<<<< switch: s_spinner, State:0 >>>>>
2016-09-27 02:26:20,865 : INFO : SwitchController : <<<<< switch: s_spinner, State:1 >>>>>
2016-09-27 02:26:20,895 : INFO : SwitchController : <<<<< switch: s_spinner, State:0 >>>>>
2016-09-27 02:26:20,978 : INFO : SwitchController : <<<<< switch: s_spinner, State:1 >>>>>
2016-09-27 02:26:21,011 : INFO : SwitchController : <<<<< switch: s_spinner, State:0 >>>>>
2016-09-27 02:26:21,098 : INFO : SwitchController : <<<<< switch: s_spinner, State:1 >>>>>
2016-09-27 02:26:21,129 : INFO : SwitchController : <<<<< switch: s_spinner, State:0 >>>>>
2016-09-27 02:26:21,220 : INFO : SwitchController : <<<<< switch: s_spinner, State:1 >>>>>
2016-09-27 02:26:21,255 : INFO : SwitchController : <<<<< switch: s_spinner, State:0 >>>>>
2016-09-27 02:26:21,355 : INFO : SwitchController : <<<<< switch: s_spinner, State:1 >>>>>
2016-09-27 02:26:21,387 : INFO : SwitchController : <<<<< switch: s_spinner, State:0 >>>>>
2016-09-27 02:26:21,491 : INFO : SwitchController : <<<<< switch: s_spinner, State:1 >>>>>
2016-09-27 02:26:21,530 : INFO : SwitchController : <<<<< switch: s_spinner, State:0 >>>>>
2016-09-27 02:26:21,642 : INFO : SwitchController : <<<<< switch: s_spinner, State:1 >>>>>
2016-09-27 02:26:21,684 : INFO : SwitchController : <<<<< switch: s_spinner, State:0 >>>>>
2016-09-27 02:26:21,798 : INFO : SwitchController : <<<<< switch: s_spinner, State:1 >>>>>
2016-09-27 02:26:21,848 : INFO : SwitchController : <<<<< switch: s_spinner, State:0 >>>>>
2016-09-27 02:26:21,978 : INFO : SwitchController : <<<<< switch: s_spinner, State:1 >>>>>
2016-09-27 02:26:22,034 : INFO : SwitchController : <<<<< switch: s_spinner, State:0 >>>>>
2016-09-27 02:26:22,174 : INFO : SwitchController : <<<<< switch: s_spinner, State:1 >>>>>
2016-09-27 02:26:22,243 : INFO : SwitchController : <<<<< switch: s_spinner, State:0 >>>>>
2016-09-27 02:26:22,407 : INFO : SwitchController : <<<<< switch: s_spinner, State:1 >>>>>
2016-09-27 02:26:22,496 : INFO : SwitchController : <<<<< switch: s_spinner, State:0 >>>>>
2016-09-27 02:26:22,687 : INFO : SwitchController : <<<<< switch: s_spinner, State:1 >>>>>
2016-09-27 02:26:22,716 : INFO : SwitchController : <<<<< switch: s_o2_top_lane, State:1 >>>>>
2016-09-27 02:26:22,843 : INFO : SwitchController : <<<<< switch: s_o2_top_lane, State:0 >>>>>
2016-09-27 02:26:22,910 : INFO : SwitchController : <<<<< switch: s_spinner, State:0 >>>>>
2016-09-27 02:26:23,976 : INFO : SwitchController : <<<<< switch: s_right_inlane_c, State:1 >>>>>
2016-09-27 02:26:24,010 : INFO : SwitchController : <<<<< switch: s_right_inlane_c, State:0 >>>>>
2016-09-27 02:26:24,207 : INFO : SwitchController : <<<<< switch: s_right_flipper, State:1 >>>>>
2016-09-27 02:26:24,414 : INFO : SwitchController : <<<<< switch: s_right_flipper, State:0 >>>>>
2016-09-27 02:26:25,355 : INFO : SwitchController : <<<<< switch: s_right_flipper, State:1 >>>>>
2016-09-27 02:26:25,506 : INFO : SwitchController : <<<<< switch: s_right_flipper, State:0 >>>>>
2016-09-27 02:26:25,519 : INFO : SwitchController : <<<<< switch: s_left_flipper, State:1 >>>>>
2016-09-27 02:26:25,922 : INFO : SwitchController : <<<<< switch: s_left_flipper, State:0 >>>>>
2016-09-27 02:26:26,047 : INFO : SwitchController : <<<<< switch: s_right_flipper, State:1 >>>>>
2016-09-27 02:26:26,074 : INFO : SwitchController : <<<<< switch: s_trough2, State:0 >>>>>
2016-09-27 02:26:26,100 : INFO : SwitchController : <<<<< switch: s_trough2, State:1 >>>>>
2016-09-27 02:26:26,641 : INFO : SwitchController : <<<<< switch: s_right_flipper, State:0 >>>>>
2016-09-27 02:26:27,079 : INFO : SwitchController : <<<<< switch: s_right_flipper, State:1 >>>>>
2016-09-27 02:26:27,355 : INFO : SwitchController : <<<<< switch: s_right_flipper, State:0 >>>>>
2016-09-27 02:26:27,632 : INFO : SwitchController : <<<<< switch: s_left_lock_kickout, State:1 >>>>>
2016-09-27 02:26:28,184 : INFO : SwitchController : <<<<< switch: s_left_lock_kickout, State:0 >>>>>
2016-09-27 02:26:29,044 : INFO : SwitchController : <<<<< switch: s_left_flipper, State:1 >>>>>
2016-09-27 02:26:29,216 : INFO : SwitchController : <<<<< switch: s_left_flipper, State:0 >>>>>
2016-09-27 02:26:29,361 : INFO : SwitchController : <<<<< switch: s_right_drop_target, State:1 >>>>>
2016-09-27 02:26:29,577 : INFO : SwitchController : <<<<< switch: s_right_lock_kickout, State:1 >>>>>
2016-09-27 02:26:30,138 : INFO : SwitchController : <<<<< switch: s_right_lock_kickout, State:0 >>>>>
2016-09-27 02:26:31,316 : INFO : SwitchController : <<<<< switch: s_right_flipper, State:1 >>>>>
2016-09-27 02:26:31,741 : INFO : SwitchController : <<<<< switch: s_right_flipper, State:0 >>>>>
2016-09-27 02:26:31,886 : INFO : SwitchController : <<<<< switch: s_left_lock_kickout, State:1 >>>>>
2016-09-27 02:26:32,435 : INFO : SwitchController : <<<<< switch: s_left_lock_kickout, State:0 >>>>>
2016-09-27 02:26:33,994 : INFO : SwitchController : <<<<< switch: s_left_flipper, State:1 >>>>>
2016-09-27 02:26:34,628 : INFO : SwitchController : <<<<< switch: s_left_flipper, State:0 >>>>>
2016-09-27 02:26:35,073 : INFO : SwitchController : <<<<< switch: s_left_flipper, State:1 >>>>>
2016-09-27 02:26:35,267 : INFO : SwitchController : <<<<< switch: s_left_flipper, State:0 >>>>>
2016-09-27 02:26:38,297 : INFO : SwitchController : <<<<< switch: s_o1_top_lane, State:1 >>>>>
2016-09-27 02:26:38,643 : INFO : SwitchController : <<<<< switch: s_o1_top_lane, State:0 >>>>>
2016-09-27 02:26:38,834 : INFO : SwitchController : <<<<< switch: s_top_l_pop_bumper, State:1 >>>>>
2016-09-27 02:26:38,853 : INFO : SwitchController : <<<<< switch: s_top_l_pop_bumper, State:0 >>>>>
2016-09-27 02:26:39,054 : INFO : SwitchController : <<<<< switch: s_top_l_pop_bumper, State:1 >>>>>
2016-09-27 02:26:39,076 : INFO : SwitchController : <<<<< switch: s_top_l_pop_bumper, State:0 >>>>>
2016-09-27 02:26:39,267 : INFO : SwitchController : <<<<< switch: s_top_r_pop_bumper, State:1 >>>>>
2016-09-27 02:26:39,284 : INFO : SwitchController : <<<<< switch: s_top_r_pop_bumper, State:0 >>>>>
2016-09-27 02:26:39,326 : INFO : SwitchController : <<<<< switch: s_right_top1_rubber, State:1 >>>>>
2016-09-27 02:26:39,342 : INFO : SwitchController : <<<<< switch: s_right_top1_rubber, State:0 >>>>>
2016-09-27 02:26:39,710 : INFO : SwitchController : <<<<< switch: s_right_top2_rubber, State:1 >>>>>
2016-09-27 02:26:39,721 : INFO : SwitchController : <<<<< switch: s_right_top2_rubber, State:0 >>>>>
2016-09-27 02:26:41,128 : INFO : SwitchController : <<<<< switch: s_left_flipper, State:1 >>>>>
2016-09-27 02:26:41,943 : INFO : SwitchController : <<<<< switch: s_left_flipper, State:0 >>>>>
2016-09-27 02:26:43,118 : INFO : SwitchController : <<<<< switch: s_left_flipper, State:1 >>>>>
2016-09-27 02:26:43,296 : INFO : SwitchController : <<<<< switch: s_left_flipper, State:0 >>>>>
2016-09-27 02:26:43,699 : INFO : SwitchController : <<<<< switch: s_bottom_r_pop_bumper, State:1 >>>>>
2016-09-27 02:26:43,722 : INFO : SwitchController : <<<<< switch: s_bottom_r_pop_bumper, State:0 >>>>>
2016-09-27 02:26:46,787 : INFO : SwitchController : <<<<< switch: s_right_flipper, State:1 >>>>>
2016-09-27 02:26:47,015 : INFO : SwitchController : <<<<< switch: s_right_flipper, State:0 >>>>>
2016-09-27 02:26:47,217 : INFO : SwitchController : <<<<< switch: s_left_drop_target, State:1 >>>>>
2016-09-27 02:26:48,514 : INFO : SwitchController : <<<<< switch: s_right_flipper, State:1 >>>>>
2016-09-27 02:26:48,818 : INFO : SwitchController : <<<<< switch: s_right_flipper, State:0 >>>>>
2016-09-27 02:26:48,978 : INFO : SwitchController : <<<<< switch: s_bottom_r_pop_bumper, State:1 >>>>>
2016-09-27 02:26:49,000 : INFO : SwitchController : <<<<< switch: s_bottom_r_pop_bumper, State:0 >>>>>
2016-09-27 02:26:49,467 : INFO : SwitchController : <<<<< switch: s_left_flipper, State:1 >>>>>
2016-09-27 02:26:49,642 : INFO : SwitchController : <<<<< switch: s_left_slingshot, State:1 >>>>>
2016-09-27 02:26:49,656 : INFO : SwitchController : <<<<< switch: s_left_slingshot, State:0 >>>>>
2016-09-27 02:26:49,754 : INFO : SwitchController : <<<<< switch: s_left_flipper, State:0 >>>>>
2016-09-27 02:26:49,848 : INFO : SwitchController : <<<<< switch: s_right_flipper, State:1 >>>>>
2016-09-27 02:26:50,297 : INFO : SwitchController : <<<<< switch: s_right_flipper, State:0 >>>>>
2016-09-27 02:26:50,636 : INFO : SwitchController : <<<<< switch: s_right_flipper, State:1 >>>>>
2016-09-27 02:26:50,665 : INFO : SwitchController : <<<<< switch: s_trough2, State:0 >>>>>
2016-09-27 02:26:50,698 : INFO : SwitchController : <<<<< switch: s_trough2, State:1 >>>>>
2016-09-27 02:26:51,653 : INFO : SwitchController : <<<<< switch: s_right_flipper, State:0 >>>>>
2016-09-27 02:26:52,377 : INFO : SwitchController : <<<<< switch: s_right_flipper, State:1 >>>>>
2016-09-27 02:26:52,687 : INFO : SwitchController : <<<<< switch: s_right_flipper, State:0 >>>>>
2016-09-27 02:26:52,772 : INFO : SwitchController : <<<<< switch: s_left_middle_rubber, State:1 >>>>>
2016-09-27 02:26:52,784 : INFO : SwitchController : <<<<< switch: s_left_middle_rubber, State:0 >>>>>
2016-09-27 02:26:56,111 : INFO : SwitchController : <<<<< switch: s_right_flipper, State:1 >>>>>
2016-09-27 02:26:56,137 : INFO : SwitchController : <<<<< switch: s_trough2, State:0 >>>>>
2016-09-27 02:26:56,168 : INFO : SwitchController : <<<<< switch: s_trough2, State:1 >>>>>
2016-09-27 02:26:56,504 : INFO : SwitchController : <<<<< switch: s_right_flipper, State:0 >>>>>
2016-09-27 02:26:57,352 : INFO : SwitchController : <<<<< switch: s_right_flipper, State:1 >>>>>
2016-09-27 02:26:57,656 : INFO : SwitchController : <<<<< switch: s_right_flipper, State:0 >>>>>
2016-09-27 02:26:57,942 : INFO : SwitchController : <<<<< switch: s_spinner, State:1 >>>>>
2016-09-27 02:26:57,953 : INFO : SwitchController : <<<<< switch: s_spinner, State:0 >>>>>
2016-09-27 02:26:58,011 : INFO : SwitchController : <<<<< switch: s_spinner, State:1 >>>>>
2016-09-27 02:26:58,021 : INFO : SwitchController : <<<<< switch: s_spinner, State:0 >>>>>
2016-09-27 02:26:58,077 : INFO : SwitchController : <<<<< switch: s_spinner, State:1 >>>>>
2016-09-27 02:26:58,087 : INFO : SwitchController : <<<<< switch: s_spinner, State:0 >>>>>
2016-09-27 02:26:58,143 : INFO : SwitchController : <<<<< switch: s_spinner, State:1 >>>>>
2016-09-27 02:26:58,157 : INFO : SwitchController : <<<<< switch: s_spinner, State:0 >>>>>
2016-09-27 02:26:58,212 : INFO : SwitchController : <<<<< switch: s_spinner, State:1 >>>>>
2016-09-27 02:26:58,225 : INFO : SwitchController : <<<<< switch: s_spinner, State:0 >>>>>
2016-09-27 02:26:58,284 : INFO : SwitchController : <<<<< switch: s_spinner, State:1 >>>>>
2016-09-27 02:26:58,297 : INFO : SwitchController : <<<<< switch: s_spinner, State:0 >>>>>
2016-09-27 02:26:58,355 : INFO : SwitchController : <<<<< switch: s_spinner, State:1 >>>>>
2016-09-27 02:26:58,377 : INFO : SwitchController : <<<<< switch: s_spinner, State:0 >>>>>
2016-09-27 02:26:58,430 : INFO : SwitchController : <<<<< switch: s_spinner, State:1 >>>>>
2016-09-27 02:26:58,446 : INFO : SwitchController : <<<<< switch: s_spinner, State:0 >>>>>
2016-09-27 02:26:58,507 : INFO : SwitchController : <<<<< switch: s_spinner, State:1 >>>>>
2016-09-27 02:26:58,522 : INFO : SwitchController : <<<<< switch: s_spinner, State:0 >>>>>
2016-09-27 02:26:58,581 : INFO : SwitchController : <<<<< switch: s_spinner, State:1 >>>>>
2016-09-27 02:26:58,599 : INFO : SwitchController : <<<<< switch: s_spinner, State:0 >>>>>
2016-09-27 02:26:58,661 : INFO : SwitchController : <<<<< switch: s_spinner, State:1 >>>>>
2016-09-27 02:26:58,679 : INFO : SwitchController : <<<<< switch: s_spinner, State:0 >>>>>
2016-09-27 02:26:58,744 : INFO : SwitchController : <<<<< switch: s_spinner, State:1 >>>>>
2016-09-27 02:26:58,762 : INFO : SwitchController : <<<<< switch: s_spinner, State:0 >>>>>
2016-09-27 02:26:58,829 : INFO : SwitchController : <<<<< switch: s_spinner, State:1 >>>>>
2016-09-27 02:26:58,847 : INFO : SwitchController : <<<<< switch: s_spinner, State:0 >>>>>
2016-09-27 02:26:58,913 : INFO : SwitchController : <<<<< switch: s_spinner, State:1 >>>>>
2016-09-27 02:26:58,935 : INFO : SwitchController : <<<<< switch: s_spinner, State:0 >>>>>
2016-09-27 02:26:58,959 : INFO : SwitchController : <<<<< switch: s_right_flipper, State:1 >>>>>
2016-09-27 02:26:59,000 : INFO : SwitchController : <<<<< switch: s_spinner, State:1 >>>>>
2016-09-27 02:26:59,022 : INFO : SwitchController : <<<<< switch: s_spinner, State:0 >>>>>
2016-09-27 02:26:59,089 : INFO : SwitchController : <<<<< switch: s_right_flipper, State:0 >>>>>
2016-09-27 02:26:59,094 : INFO : SwitchController : <<<<< switch: s_spinner, State:1 >>>>>
2016-09-27 02:26:59,115 : INFO : SwitchController : <<<<< switch: s_spinner, State:0 >>>>>
2016-09-27 02:26:59,186 : INFO : SwitchController : <<<<< switch: s_spinner, State:1 >>>>>
2016-09-27 02:26:59,211 : INFO : SwitchController : <<<<< switch: s_spinner, State:0 >>>>>
2016-09-27 02:26:59,284 : INFO : SwitchController : <<<<< switch: s_spinner, State:1 >>>>>
2016-09-27 02:26:59,309 : INFO : SwitchController : <<<<< switch: s_spinner, State:0 >>>>>
2016-09-27 02:26:59,351 : INFO : SwitchController : <<<<< switch: s_right_flipper, State:1 >>>>>
2016-09-27 02:26:59,387 : INFO : SwitchController : <<<<< switch: s_spinner, State:1 >>>>>
2016-09-27 02:26:59,410 : INFO : SwitchController : <<<<< switch: s_spinner, State:0 >>>>>
2016-09-27 02:26:59,487 : INFO : SwitchController : <<<<< switch: s_spinner, State:1 >>>>>
2016-09-27 02:26:59,500 : INFO : SwitchController : <<<<< switch: s_right_flipper, State:0 >>>>>
2016-09-27 02:26:59,515 : INFO : SwitchController : <<<<< switch: s_spinner, State:0 >>>>>
2016-09-27 02:26:59,596 : INFO : SwitchController : <<<<< switch: s_spinner, State:1 >>>>>
2016-09-27 02:26:59,626 : INFO : SwitchController : <<<<< switch: s_spinner, State:0 >>>>>
2016-09-27 02:26:59,646 : INFO : SwitchController : <<<<< switch: s_right_flipper, State:1 >>>>>
2016-09-27 02:26:59,710 : INFO : SwitchController : <<<<< switch: s_spinner, State:1 >>>>>
2016-09-27 02:26:59,742 : INFO : SwitchController : <<<<< switch: s_spinner, State:0 >>>>>
2016-09-27 02:26:59,811 : INFO : SwitchController : <<<<< switch: s_right_flipper, State:0 >>>>>
2016-09-27 02:26:59,829 : INFO : SwitchController : <<<<< switch: s_spinner, State:1 >>>>>
2016-09-27 02:26:59,861 : INFO : SwitchController : <<<<< switch: s_spinner, State:0 >>>>>
2016-09-27 02:26:59,913 : INFO : SwitchController : <<<<< switch: s_right_flipper, State:1 >>>>>
2016-09-27 02:26:59,947 : INFO : SwitchController : <<<<< switch: s_trough2, State:0 >>>>>
2016-09-27 02:26:59,953 : INFO : SwitchController : <<<<< switch: s_spinner, State:1 >>>>>
2016-09-27 02:26:59,964 : INFO : SwitchController : <<<<< switch: s_trough2, State:1 >>>>>
2016-09-27 02:26:59,988 : INFO : SwitchController : <<<<< switch: s_spinner, State:0 >>>>>
2016-09-27 02:27:00,076 : INFO : SwitchController : <<<<< switch: s_right_flipper, State:0 >>>>>
2016-09-27 02:27:00,083 : INFO : SwitchController : <<<<< switch: s_spinner, State:1 >>>>>
2016-09-27 02:27:00,118 : INFO : SwitchController : <<<<< switch: s_spinner, State:0 >>>>>
2016-09-27 02:27:00,223 : INFO : SwitchController : <<<<< switch: s_spinner, State:1 >>>>>
2016-09-27 02:27:00,258 : INFO : SwitchController : <<<<< switch: s_spinner, State:0 >>>>>
2016-09-27 02:27:00,369 : INFO : SwitchController : <<<<< switch: s_spinner, State:1 >>>>>
2016-09-27 02:27:00,410 : INFO : SwitchController : <<<<< switch: s_spinner, State:0 >>>>>
2016-09-27 02:27:00,525 : INFO : SwitchController : <<<<< switch: s_spinner, State:1 >>>>>
2016-09-27 02:27:00,577 : INFO : SwitchController : <<<<< switch: s_spinner, State:0 >>>>>
2016-09-27 02:27:00,703 : INFO : SwitchController : <<<<< switch: s_spinner, State:1 >>>>>
2016-09-27 02:27:00,744 : INFO : SwitchController : <<<<< switch: s_b_top_lane, State:1 >>>>>
2016-09-27 02:27:00,760 : INFO : SwitchController : <<<<< switch: s_spinner, State:0 >>>>>
2016-09-27 02:27:00,839 : INFO : SwitchController : <<<<< switch: s_b_top_lane, State:0 >>>>>
2016-09-27 02:27:00,896 : INFO : SwitchController : <<<<< switch: s_spinner, State:1 >>>>>
2016-09-27 02:27:00,965 : INFO : SwitchController : <<<<< switch: s_spinner, State:0 >>>>>
2016-09-27 02:27:01,076 : INFO : SwitchController : <<<<< switch: s_top_r_pop_bumper, State:1 >>>>>
2016-09-27 02:27:01,090 : INFO : SwitchController : <<<<< switch: s_top_r_pop_bumper, State:0 >>>>>
2016-09-27 02:27:01,130 : INFO : SwitchController : <<<<< switch: s_spinner, State:1 >>>>>
2016-09-27 02:27:01,142 : INFO : SwitchController : <<<<< switch: s_top_l_pop_bumper, State:1 >>>>>
2016-09-27 02:27:01,156 : INFO : SwitchController : <<<<< switch: s_top_l_pop_bumper, State:0 >>>>>
2016-09-27 02:27:01,207 : INFO : SwitchController : <<<<< switch: s_spinner, State:0 >>>>>
2016-09-27 02:27:01,212 : INFO : SwitchController : <<<<< switch: s_top_r_pop_bumper, State:1 >>>>>
2016-09-27 02:27:01,227 : INFO : SwitchController : <<<<< switch: s_top_r_pop_bumper, State:0 >>>>>
2016-09-27 02:27:01,392 : INFO : SwitchController : <<<<< switch: s_spinner, State:1 >>>>>
2016-09-27 02:27:01,408 : INFO : SwitchController : <<<<< switch: s_right_top2_rubber, State:1 >>>>>
2016-09-27 02:27:01,431 : INFO : SwitchController : <<<<< switch: s_right_top2_rubber, State:0 >>>>>
2016-09-27 02:27:01,519 : INFO : SwitchController : <<<<< switch: s_spinner, State:0 >>>>>
2016-09-27 02:27:01,569 : INFO : SwitchController : <<<<< switch: s_bottom_r_pop_bumper, State:1 >>>>>
2016-09-27 02:27:01,593 : INFO : SwitchController : <<<<< switch: s_bottom_r_pop_bumper, State:0 >>>>>
2016-09-27 02:27:01,597 : INFO : SwitchController : <<<<< switch: s_bottom_r_pop_bumper, State:1 >>>>>
2016-09-27 02:27:01,600 : INFO : SwitchController : <<<<< switch: s_bottom_r_pop_bumper, State:0 >>>>>
2016-09-27 02:27:01,622 : INFO : SwitchController : <<<<< switch: s_top_r_pop_bumper, State:1 >>>>>
2016-09-27 02:27:01,635 : INFO : SwitchController : <<<<< switch: s_top_r_pop_bumper, State:0 >>>>>
2016-09-27 02:27:01,748 : INFO : SwitchController : <<<<< switch: s_top_r_pop_bumper, State:1 >>>>>
2016-09-27 02:27:01,759 : INFO : SwitchController : <<<<< switch: s_spinner, State:1 >>>>>
2016-09-27 02:27:01,763 : INFO : SwitchController : <<<<< switch: s_top_r_pop_bumper, State:0 >>>>>
2016-09-27 02:27:01,792 : INFO : SwitchController : <<<<< switch: s_bottom_r_pop_bumper, State:1 >>>>>
2016-09-27 02:27:01,814 : INFO : SwitchController : <<<<< switch: s_bottom_r_pop_bumper, State:0 >>>>>
2016-09-27 02:27:01,877 : INFO : SwitchController : <<<<< switch: s_spinner, State:0 >>>>>
2016-09-27 02:27:01,948 : INFO : SwitchController : <<<<< switch: s_top_r_pop_bumper, State:1 >>>>>
2016-09-27 02:27:01,965 : INFO : SwitchController : <<<<< switch: s_top_r_pop_bumper, State:0 >>>>>
2016-09-27 02:27:02,007 : INFO : SwitchController : <<<<< switch: s_right_top1_rubber, State:1 >>>>>
2016-09-27 02:27:02,021 : INFO : SwitchController : <<<<< switch: s_right_top1_rubber, State:0 >>>>>
2016-09-27 02:27:02,355 : INFO : SwitchController : <<<<< switch: s_top_l_pop_bumper, State:1 >>>>>
2016-09-27 02:27:02,374 : INFO : SwitchController : <<<<< switch: s_top_l_pop_bumper, State:0 >>>>>
2016-09-27 02:27:02,424 : INFO : SwitchController : <<<<< switch: s_top_r_pop_bumper, State:1 >>>>>
2016-09-27 02:27:02,429 : INFO : SwitchController : <<<<< switch: s_top_r_pop_bumper, State:0 >>>>>
2016-09-27 02:27:02,686 : INFO : SwitchController : <<<<< switch: s_top_r_pop_bumper, State:1 >>>>>
2016-09-27 02:27:02,705 : INFO : SwitchController : <<<<< switch: s_top_r_pop_bumper, State:0 >>>>>
2016-09-27 02:27:02,994 : INFO : SwitchController : <<<<< switch: s_top_l_pop_bumper, State:1 >>>>>
2016-09-27 02:27:03,013 : INFO : SwitchController : <<<<< switch: s_top_l_pop_bumper, State:0 >>>>>
2016-09-27 02:27:03,308 : INFO : SwitchController : <<<<< switch: s_bottom_l_pop_bumper, State:1 >>>>>
2016-09-27 02:27:03,327 : INFO : SwitchController : <<<<< switch: s_bottom_l_pop_bumper, State:0 >>>>>
2016-09-27 02:27:03,480 : INFO : SwitchController : <<<<< switch: s_top_l_pop_bumper, State:1 >>>>>
2016-09-27 02:27:03,500 : INFO : SwitchController : <<<<< switch: s_top_l_pop_bumper, State:0 >>>>>
2016-09-27 02:27:03,710 : INFO : SwitchController : <<<<< switch: s_bottom_l_pop_bumper, State:1 >>>>>
2016-09-27 02:27:03,726 : INFO : SwitchController : <<<<< switch: s_bottom_l_pop_bumper, State:0 >>>>>
2016-09-27 02:27:03,850 : INFO : SwitchController : <<<<< switch: s_bottom_l_pop_bumper, State:1 >>>>>
2016-09-27 02:27:03,870 : INFO : SwitchController : <<<<< switch: s_bottom_l_pop_bumper, State:0 >>>>>
2016-09-27 02:27:04,145 : INFO : SwitchController : <<<<< switch: s_bottom_l_pop_bumper, State:1 >>>>>
2016-09-27 02:27:04,164 : INFO : SwitchController : <<<<< switch: s_bottom_l_pop_bumper, State:0 >>>>>
2016-09-27 02:27:04,397 : INFO : SwitchController : <<<<< switch: s_bottom_l_pop_bumper, State:1 >>>>>
2016-09-27 02:27:04,418 : INFO : SwitchController : <<<<< switch: s_bottom_l_pop_bumper, State:0 >>>>>
2016-09-27 02:27:04,510 : INFO : SwitchController : <<<<< switch: s_left_middle_rubber, State:1 >>>>>
2016-09-27 02:27:04,528 : INFO : SwitchController : <<<<< switch: s_left_middle_rubber, State:0 >>>>>
2016-09-27 02:27:04,729 : INFO : SwitchController : <<<<< switch: s_left_bottom_rubber, State:1 >>>>>
2016-09-27 02:27:04,757 : INFO : SwitchController : <<<<< switch: s_left_bottom_rubber, State:0 >>>>>
2016-09-27 02:27:05,191 : INFO : SwitchController : <<<<< switch: s_right_flipper, State:1 >>>>>
2016-09-27 02:27:05,764 : INFO : SwitchController : <<<<< switch: s_right_flipper, State:0 >>>>>
2016-09-27 02:27:06,863 : INFO : SwitchController : <<<<< switch: s_right_flipper, State:1 >>>>>
2016-09-27 02:27:07,200 : INFO : SwitchController : <<<<< switch: s_right_flipper, State:0 >>>>>
2016-09-27 02:27:07,395 : INFO : SwitchController : <<<<< switch: s_spinner, State:1 >>>>>
2016-09-27 02:27:07,407 : INFO : SwitchController : <<<<< switch: s_spinner, State:0 >>>>>
2016-09-27 02:27:07,468 : INFO : SwitchController : <<<<< switch: s_spinner, State:1 >>>>>
2016-09-27 02:27:07,488 : INFO : SwitchController : <<<<< switch: s_spinner, State:0 >>>>>
2016-09-27 02:27:07,555 : INFO : SwitchController : <<<<< switch: s_spinner, State:1 >>>>>
2016-09-27 02:27:07,570 : INFO : SwitchController : <<<<< switch: s_spinner, State:0 >>>>>
2016-09-27 02:27:07,640 : INFO : SwitchController : <<<<< switch: s_spinner, State:1 >>>>>
2016-09-27 02:27:07,659 : INFO : SwitchController : <<<<< switch: s_spinner, State:0 >>>>>
2016-09-27 02:27:07,718 : INFO : SwitchController : <<<<< switch: s_spinner, State:1 >>>>>
2016-09-27 02:27:07,744 : INFO : SwitchController : <<<<< switch: s_spinner, State:0 >>>>>
2016-09-27 02:27:07,815 : INFO : SwitchController : <<<<< switch: s_spinner, State:1 >>>>>
2016-09-27 02:27:07,833 : INFO : SwitchController : <<<<< switch: s_spinner, State:0 >>>>>
2016-09-27 02:27:07,903 : INFO : SwitchController : <<<<< switch: s_spinner, State:1 >>>>>
2016-09-27 02:27:07,926 : INFO : SwitchController : <<<<< switch: s_spinner, State:0 >>>>>
2016-09-27 02:27:07,999 : INFO : SwitchController : <<<<< switch: s_spinner, State:1 >>>>>
2016-09-27 02:27:08,021 : INFO : SwitchController : <<<<< switch: s_spinner, State:0 >>>>>
2016-09-27 02:27:08,092 : INFO : SwitchController : <<<<< switch: s_spinner, State:1 >>>>>
2016-09-27 02:27:08,120 : INFO : SwitchController : <<<<< switch: s_spinner, State:0 >>>>>
2016-09-27 02:27:08,198 : INFO : SwitchController : <<<<< switch: s_spinner, State:1 >>>>>
2016-09-27 02:27:08,224 : INFO : SwitchController : <<<<< switch: s_spinner, State:0 >>>>>
2016-09-27 02:27:08,298 : INFO : SwitchController : <<<<< switch: s_spinner, State:1 >>>>>
2016-09-27 02:27:08,305 : INFO : SwitchController : <<<<< switch: s_top_lock_kickout, State:1 >>>>>
2016-09-27 02:27:08,327 : INFO : SwitchController : <<<<< switch: s_spinner, State:0 >>>>>
2016-09-27 02:27:08,411 : INFO : SwitchController : <<<<< switch: s_spinner, State:1 >>>>>
2016-09-27 02:27:08,442 : INFO : SwitchController : <<<<< switch: s_spinner, State:0 >>>>>
2016-09-27 02:27:08,525 : INFO : SwitchController : <<<<< switch: s_spinner, State:1 >>>>>
2016-09-27 02:27:08,556 : INFO : SwitchController : <<<<< switch: s_spinner, State:0 >>>>>
2016-09-27 02:27:08,649 : INFO : SwitchController : <<<<< switch: s_spinner, State:1 >>>>>
2016-09-27 02:27:08,679 : INFO : SwitchController : <<<<< switch: s_spinner, State:0 >>>>>
2016-09-27 02:27:08,772 : INFO : SwitchController : <<<<< switch: s_spinner, State:1 >>>>>
2016-09-27 02:27:08,811 : INFO : SwitchController : <<<<< switch: s_spinner, State:0 >>>>>
2016-09-27 02:27:08,866 : INFO : SwitchController : <<<<< switch: s_top_lock_kickout, State:0 >>>>>
2016-09-27 02:27:08,903 : INFO : SwitchController : <<<<< switch: s_spinner, State:1 >>>>>
2016-09-27 02:27:08,941 : INFO : SwitchController : <<<<< switch: s_spinner, State:0 >>>>>
2016-09-27 02:27:09,046 : INFO : SwitchController : <<<<< switch: s_spinner, State:1 >>>>>
2016-09-27 02:27:09,085 : INFO : SwitchController : <<<<< switch: s_spinner, State:0 >>>>>
2016-09-27 02:27:09,196 : INFO : SwitchController : <<<<< switch: s_spinner, State:1 >>>>>
2016-09-27 02:27:09,243 : INFO : SwitchController : <<<<< switch: s_spinner, State:0 >>>>>
2016-09-27 02:27:09,360 : INFO : SwitchController : <<<<< switch: s_spinner, State:1 >>>>>
2016-09-27 02:27:09,412 : INFO : SwitchController : <<<<< switch: s_spinner, State:0 >>>>>
2016-09-27 02:27:09,544 : INFO : SwitchController : <<<<< switch: s_spinner, State:1 >>>>>
2016-09-27 02:27:09,601 : INFO : SwitchController : <<<<< switch: s_spinner, State:0 >>>>>
2016-09-27 02:27:09,749 : INFO : SwitchController : <<<<< switch: s_spinner, State:1 >>>>>
2016-09-27 02:27:09,819 : INFO : SwitchController : <<<<< switch: s_spinner, State:0 >>>>>
2016-09-27 02:27:09,987 : INFO : SwitchController : <<<<< switch: s_spinner, State:1 >>>>>
2016-09-27 02:27:10,090 : INFO : SwitchController : <<<<< switch: s_spinner, State:0 >>>>>
2016-09-27 02:27:10,294 : INFO : SwitchController : <<<<< switch: s_spinner, State:1 >>>>>
2016-09-27 02:27:10,534 : INFO : SwitchController : <<<<< switch: s_spinner, State:0 >>>>>
2016-09-27 02:27:10,748 : INFO : SwitchController : <<<<< switch: s_o2_top_lane, State:1 >>>>>
2016-09-27 02:27:10,879 : INFO : SwitchController : <<<<< switch: s_o2_top_lane, State:0 >>>>>
2016-09-27 02:27:11,153 : INFO : SwitchController : <<<<< switch: s_top_r_pop_bumper, State:1 >>>>>
2016-09-27 02:27:11,170 : INFO : SwitchController : <<<<< switch: s_top_r_pop_bumper, State:0 >>>>>
2016-09-27 02:27:12,104 : INFO : SwitchController : <<<<< switch: s_bottom_l_pop_bumper, State:1 >>>>>
2016-09-27 02:27:12,125 : INFO : SwitchController : <<<<< switch: s_bottom_l_pop_bumper, State:0 >>>>>
2016-09-27 02:27:12,192 : INFO : SwitchController : <<<<< switch: s_top_r_pop_bumper, State:1 >>>>>
2016-09-27 02:27:12,206 : INFO : SwitchController : <<<<< switch: s_top_r_pop_bumper, State:0 >>>>>
2016-09-27 02:27:12,997 : INFO : SwitchController : <<<<< switch: s_right_flipper, State:1 >>>>>
2016-09-27 02:27:13,180 : INFO : SwitchController : <<<<< switch: s_right_flipper, State:0 >>>>>
2016-09-27 02:27:14,127 : INFO : SwitchController : <<<<< switch: s_left_flipper, State:1 >>>>>
2016-09-27 02:27:14,203 : INFO : SwitchController : <<<<< switch: s_right_flipper, State:1 >>>>>
2016-09-27 02:27:14,231 : INFO : SwitchController : <<<<< switch: s_trough2, State:0 >>>>>
2016-09-27 02:27:14,251 : INFO : SwitchController : <<<<< switch: s_left_flipper, State:0 >>>>>
2016-09-27 02:27:14,257 : INFO : SwitchController : <<<<< switch: s_trough2, State:1 >>>>>
2016-09-27 02:27:14,354 : INFO : SwitchController : <<<<< switch: s_right_flipper, State:0 >>>>>
2016-09-27 02:27:16,130 : INFO : SwitchController : <<<<< switch: s_right_flipper, State:1 >>>>>
2016-09-27 02:27:16,451 : INFO : SwitchController : <<<<< switch: s_right_flipper, State:0 >>>>>
2016-09-27 02:27:16,841 : INFO : SwitchController : <<<<< switch: s_left_lock_kickout, State:1 >>>>>
2016-09-27 02:27:16,859 : INFO : SwitchController : <<<<< switch: s_left_lock_kickout, State:0 >>>>>
2016-09-27 02:27:16,937 : INFO : SwitchController : <<<<< switch: s_left_lock_kickout, State:1 >>>>>
2016-09-27 02:27:17,485 : INFO : SwitchController : <<<<< switch: s_left_lock_kickout, State:0 >>>>>
2016-09-27 02:27:18,531 : INFO : SwitchController : <<<<< switch: s_right_flipper, State:1 >>>>>
2016-09-27 02:27:18,701 : INFO : SwitchController : <<<<< switch: s_left_flipper, State:1 >>>>>
2016-09-27 02:27:18,725 : INFO : SwitchController : <<<<< switch: s_right_flipper, State:0 >>>>>
2016-09-27 02:27:18,755 : INFO : SwitchController : <<<<< switch: s_left_slingshot, State:1 >>>>>
2016-09-27 02:27:18,764 : INFO : SwitchController : <<<<< switch: s_left_slingshot, State:0 >>>>>
2016-09-27 02:27:18,878 : INFO : SwitchController : <<<<< switch: s_left_flipper, State:0 >>>>>
2016-09-27 02:27:19,009 : INFO : SwitchController : <<<<< switch: s_lower_right_rubber, State:1 >>>>>
2016-09-27 02:27:19,022 : INFO : SwitchController : <<<<< switch: s_lower_right_rubber, State:0 >>>>>
2016-09-27 02:27:20,984 : INFO : SwitchController : <<<<< switch: s_right_flipper, State:1 >>>>>
2016-09-27 02:27:21,017 : INFO : SwitchController : <<<<< switch: s_trough2, State:0 >>>>>
2016-09-27 02:27:21,030 : INFO : SwitchController : <<<<< switch: s_trough2, State:1 >>>>>
2016-09-27 02:27:21,804 : INFO : SwitchController : <<<<< switch: s_right_flipper, State:0 >>>>>
2016-09-27 02:27:22,094 : INFO : SwitchController : <<<<< switch: s_right_flipper, State:1 >>>>>
2016-09-27 02:27:22,591 : INFO : SwitchController : <<<<< switch: s_right_flipper, State:0 >>>>>
2016-09-27 02:27:23,263 : INFO : SwitchController : <<<<< switch: s_right_flipper, State:1 >>>>>
2016-09-27 02:27:23,599 : INFO : SwitchController : <<<<< switch: s_right_flipper, State:0 >>>>>
2016-09-27 02:27:23,765 : INFO : SwitchController : <<<<< switch: s_spinner, State:1 >>>>>
2016-09-27 02:27:23,776 : INFO : SwitchController : <<<<< switch: s_spinner, State:0 >>>>>
2016-09-27 02:27:23,835 : INFO : SwitchController : <<<<< switch: s_spinner, State:1 >>>>>
2016-09-27 02:27:23,850 : INFO : SwitchController : <<<<< switch: s_spinner, State:0 >>>>>
2016-09-27 02:27:23,908 : INFO : SwitchController : <<<<< switch: s_spinner, State:1 >>>>>
2016-09-27 02:27:23,926 : INFO : SwitchController : <<<<< switch: s_spinner, State:0 >>>>>
2016-09-27 02:27:23,987 : INFO : SwitchController : <<<<< switch: s_spinner, State:1 >>>>>
2016-09-27 02:27:24,002 : INFO : SwitchController : <<<<< switch: s_spinner, State:0 >>>>>
2016-09-27 02:27:24,065 : INFO : SwitchController : <<<<< switch: s_spinner, State:1 >>>>>
2016-09-27 02:27:24,079 : INFO : SwitchController : <<<<< switch: s_spinner, State:0 >>>>>
2016-09-27 02:27:24,143 : INFO : SwitchController : <<<<< switch: s_spinner, State:1 >>>>>
2016-09-27 02:27:24,161 : INFO : SwitchController : <<<<< switch: s_spinner, State:0 >>>>>
2016-09-27 02:27:24,220 : INFO : SwitchController : <<<<< switch: s_spinner, State:1 >>>>>
2016-09-27 02:27:24,243 : INFO : SwitchController : <<<<< switch: s_spinner, State:0 >>>>>
2016-09-27 02:27:24,310 : INFO : SwitchController : <<<<< switch: s_spinner, State:1 >>>>>
2016-09-27 02:27:24,327 : INFO : SwitchController : <<<<< switch: s_spinner, State:0 >>>>>
2016-09-27 02:27:24,391 : INFO : SwitchController : <<<<< switch: s_spinner, State:1 >>>>>
2016-09-27 02:27:24,413 : INFO : SwitchController : <<<<< switch: s_spinner, State:0 >>>>>
2016-09-27 02:27:24,485 : INFO : SwitchController : <<<<< switch: s_spinner, State:1 >>>>>
2016-09-27 02:27:24,502 : INFO : SwitchController : <<<<< switch: s_spinner, State:0 >>>>>
2016-09-27 02:27:24,576 : INFO : SwitchController : <<<<< switch: s_spinner, State:1 >>>>>
2016-09-27 02:27:24,595 : INFO : SwitchController : <<<<< switch: s_spinner, State:0 >>>>>
2016-09-27 02:27:24,668 : INFO : SwitchController : <<<<< switch: s_spinner, State:1 >>>>>
2016-09-27 02:27:24,692 : INFO : SwitchController : <<<<< switch: s_spinner, State:0 >>>>>
2016-09-27 02:27:24,766 : INFO : SwitchController : <<<<< switch: s_spinner, State:1 >>>>>
2016-09-27 02:27:24,791 : INFO : SwitchController : <<<<< switch: s_spinner, State:0 >>>>>
2016-09-27 02:27:24,868 : INFO : SwitchController : <<<<< switch: s_spinner, State:1 >>>>>
2016-09-27 02:27:24,893 : INFO : SwitchController : <<<<< switch: s_spinner, State:0 >>>>>
2016-09-27 02:27:24,969 : INFO : SwitchController : <<<<< switch: s_spinner, State:1 >>>>>
2016-09-27 02:27:24,999 : INFO : SwitchController : <<<<< switch: s_spinner, State:0 >>>>>
2016-09-27 02:27:25,079 : INFO : SwitchController : <<<<< switch: s_spinner, State:1 >>>>>
2016-09-27 02:27:25,109 : INFO : SwitchController : <<<<< switch: s_spinner, State:0 >>>>>
2016-09-27 02:27:25,190 : INFO : SwitchController : <<<<< switch: s_spinner, State:1 >>>>>
2016-09-27 02:27:25,223 : INFO : SwitchController : <<<<< switch: s_spinner, State:0 >>>>>
2016-09-27 02:27:25,313 : INFO : SwitchController : <<<<< switch: s_spinner, State:1 >>>>>
2016-09-27 02:27:25,345 : INFO : SwitchController : <<<<< switch: s_spinner, State:0 >>>>>
2016-09-27 02:27:25,443 : INFO : SwitchController : <<<<< switch: s_spinner, State:1 >>>>>
2016-09-27 02:27:25,471 : INFO : SwitchController : <<<<< switch: s_spinner, State:0 >>>>>
2016-09-27 02:27:25,567 : INFO : SwitchController : <<<<< switch: s_spinner, State:1 >>>>>
2016-09-27 02:27:25,610 : INFO : SwitchController : <<<<< switch: s_spinner, State:0 >>>>>
2016-09-27 02:27:25,666 : INFO : SwitchController : <<<<< switch: s_right_flipper, State:1 >>>>>
2016-09-27 02:27:25,710 : INFO : SwitchController : <<<<< switch: s_spinner, State:1 >>>>>
2016-09-27 02:27:25,751 : INFO : SwitchController : <<<<< switch: s_spinner, State:0 >>>>>
2016-09-27 02:27:25,827 : INFO : SwitchController : <<<<< switch: s_right_flipper, State:0 >>>>>
2016-09-27 02:27:25,859 : INFO : SwitchController : <<<<< switch: s_spinner, State:1 >>>>>
2016-09-27 02:27:25,911 : INFO : SwitchController : <<<<< switch: s_spinner, State:0 >>>>>
2016-09-27 02:27:26,022 : INFO : SwitchController : <<<<< switch: s_spinner, State:1 >>>>>
2016-09-27 02:27:26,056 : INFO : SwitchController : <<<<< switch: s_right_flipper, State:1 >>>>>
2016-09-27 02:27:26,075 : INFO : SwitchController : <<<<< switch: s_spinner, State:0 >>>>>
2016-09-27 02:27:26,198 : INFO : SwitchController : <<<<< switch: s_o2_top_lane, State:1 >>>>>
2016-09-27 02:27:26,215 : INFO : SwitchController : <<<<< switch: s_spinner, State:1 >>>>>
2016-09-27 02:27:26,219 : INFO : SwitchController : <<<<< switch: s_right_flipper, State:0 >>>>>
2016-09-27 02:27:26,259 : INFO : SwitchController : <<<<< switch: s_spinner, State:0 >>>>>
2016-09-27 02:27:26,276 : INFO : SwitchController : <<<<< switch: s_o2_top_lane, State:0 >>>>>
2016-09-27 02:27:26,406 : INFO : SwitchController : <<<<< switch: s_spinner, State:1 >>>>>
2016-09-27 02:27:26,475 : INFO : SwitchController : <<<<< switch: s_spinner, State:0 >>>>>
2016-09-27 02:27:26,483 : INFO : SwitchController : <<<<< switch: s_top_r_pop_bumper, State:1 >>>>>
2016-09-27 02:27:26,499 : INFO : SwitchController : <<<<< switch: s_top_r_pop_bumper, State:0 >>>>>
2016-09-27 02:27:26,636 : INFO : SwitchController : <<<<< switch: s_spinner, State:1 >>>>>
2016-09-27 02:27:26,728 : INFO : SwitchController : <<<<< switch: s_spinner, State:0 >>>>>
2016-09-27 02:27:26,742 : INFO : SwitchController : <<<<< switch: s_top_l_pop_bumper, State:1 >>>>>
2016-09-27 02:27:26,759 : INFO : SwitchController : <<<<< switch: s_top_l_pop_bumper, State:0 >>>>>
2016-09-27 02:27:26,794 : INFO : SwitchController : <<<<< switch: s_bottom_l_pop_bumper, State:1 >>>>>
2016-09-27 02:27:26,813 : INFO : SwitchController : <<<<< switch: s_bottom_l_pop_bumper, State:0 >>>>>
2016-09-27 02:27:26,838 : INFO : SwitchController : <<<<< switch: s_bottom_r_pop_bumper, State:1 >>>>>
2016-09-27 02:27:26,857 : INFO : SwitchController : <<<<< switch: s_bottom_r_pop_bumper, State:0 >>>>>
2016-09-27 02:27:26,931 : INFO : SwitchController : <<<<< switch: s_spinner, State:1 >>>>>
2016-09-27 02:27:26,947 : INFO : SwitchController : <<<<< switch: s_top_l_pop_bumper, State:1 >>>>>
2016-09-27 02:27:26,970 : INFO : SwitchController : <<<<< switch: s_top_l_pop_bumper, State:0 >>>>>
2016-09-27 02:27:27,084 : INFO : SwitchController : <<<<< switch: s_spinner, State:0 >>>>>
2016-09-27 02:27:27,098 : INFO : SwitchController : <<<<< switch: s_left_middle_rubber, State:1 >>>>>
2016-09-27 02:27:27,121 : INFO : SwitchController : <<<<< switch: s_left_middle_rubber, State:0 >>>>>
2016-09-27 02:27:28,569 : INFO : SwitchController : <<<<< switch: s_left_flipper, State:1 >>>>>
2016-09-27 02:27:28,877 : INFO : SwitchController : <<<<< switch: s_right_target, State:1 >>>>>
2016-09-27 02:27:28,891 : INFO : SwitchController : <<<<< switch: s_right_target, State:0 >>>>>
2016-09-27 02:27:29,052 : INFO : SwitchController : <<<<< switch: s_left_flipper, State:0 >>>>>
2016-09-27 02:27:29,517 : INFO : SwitchController : <<<<< switch: s_left_flipper, State:1 >>>>>
2016-09-27 02:27:30,335 : INFO : SwitchController : <<<<< switch: s_left_flipper, State:0 >>>>>
2016-09-27 02:27:31,778 : INFO : SwitchController : <<<<< switch: s_left_flipper, State:1 >>>>>
2016-09-27 02:27:31,941 : INFO : SwitchController : <<<<< switch: s_left_flipper, State:0 >>>>>
2016-09-27 02:27:31,959 : INFO : SwitchController : <<<<< switch: s_right_slingshot, State:1 >>>>>
2016-09-27 02:27:32,032 : INFO : SwitchController : <<<<< switch: s_right_slingshot, State:0 >>>>>
2016-09-27 02:27:32,277 : INFO : SwitchController : <<<<< switch: s_left_target, State:1 >>>>>
2016-09-27 02:27:32,291 : INFO : SwitchController : <<<<< switch: s_left_target, State:0 >>>>>
2016-09-27 02:27:33,220 : INFO : SwitchController : <<<<< switch: s_left_flipper, State:1 >>>>>
2016-09-27 02:27:33,764 : INFO : SwitchController : <<<<< switch: s_left_flipper, State:0 >>>>>
2016-09-27 02:27:34,284 : INFO : SwitchController : <<<<< switch: s_right_flipper, State:1 >>>>>
2016-09-27 02:27:34,313 : INFO : SwitchController : <<<<< switch: s_trough2, State:0 >>>>>
2016-09-27 02:27:34,340 : INFO : SwitchController : <<<<< switch: s_trough2, State:1 >>>>>
2016-09-27 02:27:34,461 : INFO : SwitchController : <<<<< switch: s_right_flipper, State:0 >>>>>
2016-09-27 02:27:34,464 : INFO : SwitchController : <<<<< switch: s_left_flipper, State:1 >>>>>
2016-09-27 02:27:34,618 : INFO : SwitchController : <<<<< switch: s_left_flipper, State:0 >>>>>
2016-09-27 02:27:35,140 : INFO : SwitchController : <<<<< switch: s_right_flipper, State:1 >>>>>
2016-09-27 02:27:35,165 : INFO : SwitchController : <<<<< switch: s_trough2, State:0 >>>>>
2016-09-27 02:27:35,189 : INFO : SwitchController : <<<<< switch: s_trough2, State:1 >>>>>
2016-09-27 02:27:35,430 : INFO : SwitchController : <<<<< switch: s_right_flipper, State:0 >>>>>
2016-09-27 02:27:35,531 : INFO : SwitchController : <<<<< switch: s_right_flipper, State:1 >>>>>
2016-09-27 02:27:35,556 : INFO : SwitchController : <<<<< switch: s_trough2, State:0 >>>>>
2016-09-27 02:27:35,583 : INFO : SwitchController : <<<<< switch: s_trough2, State:1 >>>>>
2016-09-27 02:27:35,810 : INFO : SwitchController : <<<<< switch: s_right_flipper, State:0 >>>>>
2016-09-27 02:27:35,846 : INFO : SwitchController : <<<<< switch: s_left_flipper, State:1 >>>>>
2016-09-27 02:27:36,011 : INFO : SwitchController : <<<<< switch: s_left_flipper, State:0 >>>>>
2016-09-27 02:27:36,132 : INFO : SwitchController : <<<<< switch: s_left_flipper, State:1 >>>>>
2016-09-27 02:27:36,388 : INFO : SwitchController : <<<<< switch: s_left_flipper, State:0 >>>>>
2016-09-27 02:27:37,324 : INFO : SwitchController : <<<<< switch: s_left_flipper, State:1 >>>>>
2016-09-27 02:27:37,468 : INFO : SwitchController : <<<<< switch: s_left_flipper, State:0 >>>>>
2016-09-27 02:27:37,638 : INFO : SwitchController : <<<<< switch: s_middle_drop_target, State:1 >>>>>
2016-09-27 02:27:37,895 : INFO : SwitchController : <<<<< switch: s_left_flipper, State:1 >>>>>
2016-09-27 02:27:38,268 : INFO : SwitchController : <<<<< switch: s_left_flipper, State:0 >>>>>
2016-09-27 02:27:38,343 : INFO : SwitchController : <<<<< switch: s_right_flipper, State:1 >>>>>
2016-09-27 02:27:38,545 : INFO : SwitchController : <<<<< switch: s_right_flipper, State:0 >>>>>
2016-09-27 02:27:38,592 : INFO : SwitchController : <<<<< switch: s_left_flipper, State:1 >>>>>
2016-09-27 02:27:39,088 : INFO : SwitchController : <<<<< switch: s_left_slingshot, State:1 >>>>>
2016-09-27 02:27:39,100 : INFO : SwitchController : <<<<< switch: s_left_slingshot, State:0 >>>>>
2016-09-27 02:27:39,156 : INFO : SwitchController : <<<<< switch: s_left_flipper, State:0 >>>>>
2016-09-27 02:27:39,264 : INFO : SwitchController : <<<<< switch: s_right_flipper, State:1 >>>>>
2016-09-27 02:27:39,291 : INFO : SwitchController : <<<<< switch: s_trough2, State:0 >>>>>
2016-09-27 02:27:39,315 : INFO : SwitchController : <<<<< switch: s_trough2, State:1 >>>>>
2016-09-27 02:27:39,680 : INFO : SwitchController : <<<<< switch: s_right_flipper, State:0 >>>>>
2016-09-27 02:27:39,723 : INFO : SwitchController : <<<<< switch: s_left_flipper, State:1 >>>>>
2016-09-27 02:27:40,265 : INFO : SwitchController : <<<<< switch: s_left_flipper, State:0 >>>>>
2016-09-27 02:27:40,782 : INFO : SwitchController : <<<<< switch: s_left_flipper, State:1 >>>>>
2016-09-27 02:27:40,926 : INFO : SwitchController : <<<<< switch: s_left_flipper, State:0 >>>>>
2016-09-27 02:27:41,397 : INFO : SwitchController : <<<<< switch: s_right_target, State:1 >>>>>
2016-09-27 02:27:41,418 : INFO : SwitchController : <<<<< switch: s_right_target, State:0 >>>>>
2016-09-27 02:27:41,565 : INFO : SwitchController : <<<<< switch: s_left_bottom_rubber, State:1 >>>>>
2016-09-27 02:27:41,588 : INFO : SwitchController : <<<<< switch: s_left_bottom_rubber, State:0 >>>>>
2016-09-27 02:27:43,902 : INFO : SwitchController : <<<<< switch: s_right_flipper, State:1 >>>>>
2016-09-27 02:27:43,986 : INFO : SwitchController : <<<<< switch: s_left_flipper, State:1 >>>>>
2016-09-27 02:27:44,041 : INFO : SwitchController : <<<<< switch: s_right_flipper, State:0 >>>>>
2016-09-27 02:27:44,164 : INFO : SwitchController : <<<<< switch: s_left_flipper, State:0 >>>>>
2016-09-27 02:27:44,593 : INFO : SwitchController : <<<<< switch: s_drain_kicker, State:1 >>>>>
2016-09-27 02:27:44,750 : INFO : Mode.ball_save : Mode Starting. Priority: 8500
2016-09-27 02:27:44,758 : INFO : Mode.kickback : Mode Starting. Priority: 200
2016-09-27 02:27:44,764 : INFO : Mode.base : Mode Starting. Priority: 100
2016-09-27 02:27:44,871 : INFO : SwitchController : <<<<< switch: s_middle_drop_target, State:0 >>>>>
2016-09-27 02:27:44,875 : INFO : SwitchController : <<<<< switch: s_left_drop_target, State:0 >>>>>
2016-09-27 02:27:44,882 : INFO : SwitchController : <<<<< switch: s_right_drop_target, State:0 >>>>>
2016-09-27 02:27:44,896 : INFO : SwitchController : <<<<< switch: s_trough1, State:0 >>>>>
2016-09-27 02:27:45,116 : INFO : SwitchController : <<<<< switch: s_plunger_lane, State:1 >>>>>
2016-09-27 02:27:45,129 : INFO : SwitchController : <<<<< switch: s_trough2, State:0 >>>>>
2016-09-27 02:27:45,250 : INFO : SwitchController : <<<<< switch: s_trough1, State:1 >>>>>
2016-09-27 02:27:45,337 : INFO : SwitchController : <<<<< switch: s_trough1, State:0 >>>>>
2016-09-27 02:27:45,507 : INFO : SwitchController : <<<<< switch: s_trough1, State:1 >>>>>
2016-09-27 02:27:45,843 : INFO : SwitchController : <<<<< switch: s_drain_kicker, State:0 >>>>>
2016-09-27 02:27:45,944 : INFO : SwitchController : <<<<< switch: s_trough3, State:1 >>>>>
2016-09-27 02:27:45,956 : INFO : SwitchController : <<<<< switch: s_trough3, State:0 >>>>>
2016-09-27 02:27:46,023 : INFO : SwitchController : <<<<< switch: s_trough3, State:1 >>>>>
2016-09-27 02:27:46,065 : INFO : SwitchController : <<<<< switch: s_trough1, State:0 >>>>>
2016-09-27 02:27:46,083 : INFO : SwitchController : <<<<< switch: s_trough3, State:0 >>>>>
2016-09-27 02:27:46,182 : INFO : SwitchController : <<<<< switch: s_trough1, State:1 >>>>>
2016-09-27 02:27:46,379 : INFO : SwitchController : <<<<< switch: s_trough3, State:1 >>>>>
2016-09-27 02:27:46,478 : INFO : SwitchController : <<<<< switch: s_trough3, State:0 >>>>>
2016-09-27 02:27:46,515 : INFO : SwitchController : <<<<< switch: s_trough2, State:1 >>>>>
2016-09-27 02:28:13,256 : INFO : Machine : Shutting down...
2016-09-27 02:28:13,260 : ERROR : FAST : Stop called on serial connection /dev/ttyUSB1
2016-09-27 02:28:13,265 : ERROR : FAST : Stop called on serial connection /dev/ttyUSB2
2016-09-27 02:28:13,269 : WARNING : FAST : Serial error: 
2016-09-27 02:28:13,272 : WARNING : FAST : Serial closed.
2016-09-27 02:28:13,277 : WARNING : FAST : Serial error: 
2016-09-27 02:28:13,281 : WARNING : FAST : Serial closed.
2016-09-27 02:28:13,286 : INFO : root : MPF run loop ended.
