2016-09-25 22:59:45,559 : INFO : Machine : Mission Pinball Framework Core Engine v0.31.3
2016-09-25 22:59:45,563 : INFO : Machine : Machine path: /home/sysop/robotech
2016-09-25 22:59:47,002 : INFO : Machine : Loading cached config: /tmp/b22896e0955c8faa276a6ac3f6f5f4b5config
2016-09-25 22:59:47,110 : INFO : FAST : Connecting to /dev/ttyUSB1 at 921600bps
2016-09-25 22:59:47,121 : INFO : FAST : Connected! Processor: NET, Board Type: FP-CPU-002-2, Firmware: 01.00
2016-09-25 22:59:47,138 : INFO : FAST : Connecting to /dev/ttyUSB2 at 921600bps
2016-09-25 22:59:47,147 : INFO : FAST : Connected! Processor: RGB, Board Type: FP-CPU-002-2, Firmware: 01.00
2016-09-25 22:59:47,478 : WARNING : SwitchController : Received a status update from hardware switch ('37', 1), but that switch is not in your config. Just FYI.
2016-09-25 22:59:47,481 : WARNING : SwitchController : Received a status update from hardware switch ('1F', 1), but that switch is not in your config. Just FYI.
2016-09-25 22:59:47,484 : WARNING : SwitchController : Received a status update from hardware switch ('0F', 1), but that switch is not in your config. Just FYI.
2016-09-25 22:59:47,487 : WARNING : SwitchController : Received a status update from hardware switch ('17', 1), but that switch is not in your config. Just FYI.
2016-09-25 22:59:47,490 : WARNING : SwitchController : Received a status update from hardware switch ('2F', 1), but that switch is not in your config. Just FYI.
2016-09-25 22:59:47,493 : WARNING : SwitchController : Received a status update from hardware switch ('27', 1), but that switch is not in your config. Just FYI.
2016-09-25 22:59:48,168 : INFO : SwitchController : Active Switch|s_trough3
2016-09-25 22:59:48,171 : INFO : SwitchController : Active Switch|s_trough2
2016-09-25 22:59:48,173 : INFO : SwitchController : Active Switch|s_middle_drop_target
2016-09-25 22:59:48,176 : INFO : SwitchController : Active Switch|s_right_drop_target
2016-09-25 22:59:48,178 : INFO : SwitchController : Active Switch|s_trough1
2016-09-25 22:59:48,183 : INFO : Mode.attract : Mode Starting. Priority: 10
2016-09-25 22:59:48,537 : INFO : SwitchController : <<<<< switch: s_middle_drop_target, State:0 >>>>>
2016-09-25 22:59:48,542 : INFO : SwitchController : <<<<< switch: s_right_drop_target, State:0 >>>>>
2016-09-25 22:59:53,582 : INFO : SwitchController : <<<<< switch: s_start, State:1 >>>>>
2016-09-25 22:59:53,726 : INFO : SwitchController : <<<<< switch: s_start, State:0 >>>>>
2016-09-25 22:59:53,731 : INFO : Mode.game : Mode Starting. Priority: 20
2016-09-25 22:59:53,742 : INFO : Mode.game : Player added successfully. Total players: 1
2016-09-25 22:59:53,748 : INFO : Mode.kickback : Mode Starting. Priority: 200
2016-09-25 22:59:53,757 : INFO : Mode.ball_save : Mode Starting. Priority: 8500
2016-09-25 22:59:53,763 : INFO : Mode.base : Mode Starting. Priority: 100
2016-09-25 22:59:53,883 : INFO : SwitchController : <<<<< switch: s_trough2, State:0 >>>>>
2016-09-25 22:59:53,893 : INFO : SwitchController : <<<<< switch: s_trough1, State:0 >>>>>
2016-09-25 22:59:53,898 : INFO : SwitchController : <<<<< switch: s_trough2, State:1 >>>>>
2016-09-25 22:59:54,098 : INFO : SwitchController : <<<<< switch: s_trough2, State:0 >>>>>
2016-09-25 22:59:54,128 : INFO : SwitchController : <<<<< switch: s_plunger_lane, State:1 >>>>>
2016-09-25 22:59:54,158 : INFO : SwitchController : <<<<< switch: s_trough3, State:0 >>>>>
2016-09-25 22:59:54,211 : INFO : SwitchController : <<<<< switch: s_trough2, State:1 >>>>>
2016-09-25 22:59:54,216 : INFO : SwitchController : <<<<< switch: s_trough1, State:1 >>>>>
2016-09-25 22:59:54,933 : INFO : SwitchController : <<<<< switch: s_plunger_lane, State:0 >>>>>
2016-09-25 22:59:54,980 : INFO : SwitchController : <<<<< switch: s_plunger_lane, State:1 >>>>>
2016-09-25 22:59:54,996 : INFO : SwitchController : <<<<< switch: s_plunger_lane, State:0 >>>>>
2016-09-25 22:59:56,786 : INFO : SwitchController : <<<<< switch: s_o1_top_lane, State:1 >>>>>
2016-09-25 22:59:56,875 : INFO : SwitchController : <<<<< switch: s_o1_top_lane, State:0 >>>>>
2016-09-25 22:59:58,921 : INFO : SwitchController : <<<<< switch: s_left_drop_target, State:1 >>>>>
2016-09-25 22:59:59,471 : INFO : SwitchController : <<<<< switch: s_middle_drop_target, State:1 >>>>>
2016-09-25 23:00:00,704 : INFO : SwitchController : <<<<< switch: s_right_drop_target, State:1 >>>>>
2016-09-25 23:00:07,729 : INFO : SwitchController : <<<<< switch: s_right_target, State:1 >>>>>
2016-09-25 23:00:07,878 : INFO : SwitchController : <<<<< switch: s_right_target, State:0 >>>>>
2016-09-25 23:00:08,164 : INFO : SwitchController : <<<<< switch: s_middle_target, State:1 >>>>>
2016-09-25 23:00:08,279 : INFO : SwitchController : <<<<< switch: s_middle_target, State:0 >>>>>
2016-09-25 23:00:08,499 : INFO : SwitchController : <<<<< switch: s_left_target, State:1 >>>>>
2016-09-25 23:00:08,646 : INFO : SwitchController : <<<<< switch: s_left_target, State:0 >>>>>
2016-09-25 23:00:11,596 : INFO : SwitchController : <<<<< switch: s_right_lock_kickout, State:1 >>>>>
2016-09-25 23:00:12,154 : INFO : SwitchController : <<<<< switch: s_right_lock_kickout, State:0 >>>>>
2016-09-25 23:00:14,059 : INFO : SwitchController : <<<<< switch: s_right_inlane_c, State:1 >>>>>
2016-09-25 23:00:14,162 : INFO : SwitchController : <<<<< switch: s_right_inlane_c, State:0 >>>>>
2016-09-25 23:00:15,419 : INFO : SwitchController : <<<<< switch: s_right_outlane_h, State:1 >>>>>
2016-09-25 23:00:15,498 : INFO : SwitchController : <<<<< switch: s_right_outlane_h, State:0 >>>>>
2016-09-25 23:00:16,266 : INFO : SwitchController : <<<<< switch: s_left_inlane_e, State:1 >>>>>
2016-09-25 23:00:16,402 : INFO : SwitchController : <<<<< switch: s_left_inlane_e, State:0 >>>>>
2016-09-25 23:00:17,811 : INFO : SwitchController : <<<<< switch: s_kickback_t, State:1 >>>>>
2016-09-25 23:00:17,857 : INFO : SwitchController : <<<<< switch: s_kickback_t, State:0 >>>>>
2016-09-25 23:00:19,148 : INFO : SwitchController : <<<<< switch: s_right_outlane_h, State:1 >>>>>
2016-09-25 23:00:19,179 : INFO : SwitchController : <<<<< switch: s_right_outlane_h, State:0 >>>>>
2016-09-25 23:00:21,800 : INFO : SwitchController : <<<<< switch: s_drain_kicker, State:1 >>>>>
2016-09-25 23:00:21,975 : INFO : Mode.ball_save : Mode Starting. Priority: 8500
2016-09-25 23:00:21,984 : INFO : Mode.base : Mode Starting. Priority: 100
2016-09-25 23:00:22,099 : INFO : SwitchController : <<<<< switch: s_middle_drop_target, State:0 >>>>>
2016-09-25 23:00:22,104 : INFO : SwitchController : <<<<< switch: s_left_drop_target, State:0 >>>>>
2016-09-25 23:00:22,108 : INFO : SwitchController : <<<<< switch: s_right_drop_target, State:0 >>>>>
2016-09-25 23:00:22,123 : INFO : SwitchController : <<<<< switch: s_trough1, State:0 >>>>>
2016-09-25 23:00:22,196 : INFO : SwitchController : <<<<< switch: s_right_drop_target, State:1 >>>>>
2016-09-25 23:00:22,337 : INFO : SwitchController : <<<<< switch: s_plunger_lane, State:1 >>>>>
2016-09-25 23:00:22,358 : INFO : SwitchController : <<<<< switch: s_trough2, State:0 >>>>>
2016-09-25 23:00:22,472 : INFO : SwitchController : <<<<< switch: s_trough1, State:1 >>>>>
2016-09-25 23:00:22,542 : INFO : SwitchController : <<<<< switch: s_right_drop_target, State:0 >>>>>
2016-09-25 23:00:22,557 : INFO : SwitchController : <<<<< switch: s_trough1, State:0 >>>>>
2016-09-25 23:00:22,726 : INFO : SwitchController : <<<<< switch: s_trough1, State:1 >>>>>
2016-09-25 23:00:23,070 : INFO : SwitchController : <<<<< switch: s_drain_kicker, State:0 >>>>>
2016-09-25 23:00:23,202 : INFO : SwitchController : <<<<< switch: s_trough1, State:0 >>>>>
2016-09-25 23:00:23,216 : INFO : SwitchController : <<<<< switch: s_trough1, State:1 >>>>>
2016-09-25 23:00:23,495 : INFO : SwitchController : <<<<< switch: s_trough3, State:1 >>>>>
2016-09-25 23:00:23,559 : INFO : SwitchController : <<<<< switch: s_trough3, State:0 >>>>>
2016-09-25 23:00:23,595 : INFO : SwitchController : <<<<< switch: s_trough2, State:1 >>>>>
2016-09-25 23:02:10,582 : INFO : Machine : Shutting down...
2016-09-25 23:02:10,587 : ERROR : FAST : Stop called on serial connection /dev/ttyUSB1
2016-09-25 23:02:10,590 : ERROR : FAST : Stop called on serial connection /dev/ttyUSB2
2016-09-25 23:02:10,595 : WARNING : FAST : Serial error: 
2016-09-25 23:02:10,598 : WARNING : FAST : Serial closed.
2016-09-25 23:02:10,603 : WARNING : FAST : Serial error: 
2016-09-25 23:02:10,606 : WARNING : FAST : Serial closed.
2016-09-25 23:02:10,611 : INFO : root : MPF run loop ended.
