2016-09-25 23:27:28,246 : INFO : Machine : Mission Pinball Framework Core Engine v0.31.3
2016-09-25 23:27:28,250 : INFO : Machine : Machine path: /home/sysop/robotech
2016-09-25 23:27:29,694 : INFO : Machine : Loading cached config: /tmp/b22896e0955c8faa276a6ac3f6f5f4b5config
2016-09-25 23:27:29,803 : INFO : FAST : Connecting to /dev/ttyUSB1 at 921600bps
2016-09-25 23:27:29,814 : INFO : FAST : Connected! Processor: NET, Board Type: FP-CPU-002-2, Firmware: 01.00
2016-09-25 23:27:29,831 : INFO : FAST : Connecting to /dev/ttyUSB2 at 921600bps
2016-09-25 23:27:29,840 : INFO : FAST : Connected! Processor: RGB, Board Type: FP-CPU-002-2, Firmware: 01.00
2016-09-25 23:27:30,170 : WARNING : SwitchController : Received a status update from hardware switch ('0F', 1), but that switch is not in your config. Just FYI.
2016-09-25 23:27:30,173 : WARNING : SwitchController : Received a status update from hardware switch ('17', 1), but that switch is not in your config. Just FYI.
2016-09-25 23:27:30,176 : WARNING : SwitchController : Received a status update from hardware switch ('2F', 1), but that switch is not in your config. Just FYI.
2016-09-25 23:27:30,179 : WARNING : SwitchController : Received a status update from hardware switch ('1F', 1), but that switch is not in your config. Just FYI.
2016-09-25 23:27:30,181 : WARNING : SwitchController : Received a status update from hardware switch ('37', 1), but that switch is not in your config. Just FYI.
2016-09-25 23:27:30,184 : WARNING : SwitchController : Received a status update from hardware switch ('27', 1), but that switch is not in your config. Just FYI.
2016-09-25 23:27:30,862 : INFO : SwitchController : Active Switch|s_plunger_lane
2016-09-25 23:27:30,865 : INFO : SwitchController : Active Switch|s_trough1
2016-09-25 23:27:30,867 : INFO : SwitchController : Active Switch|s_trough2
2016-09-25 23:27:30,870 : INFO : Mode.attract : Mode Starting. Priority: 10
2016-09-25 23:27:36,966 : INFO : SwitchController : <<<<< switch: s_start, State:1 >>>>>
2016-09-25 23:27:37,108 : INFO : SwitchController : <<<<< switch: s_start, State:0 >>>>>
2016-09-25 23:27:37,135 : WARNING : BallController : BallController denies game start. Balls are not in their home positions.
2016-09-25 23:27:38,071 : INFO : SwitchController : <<<<< switch: s_plunger_lane, State:0 >>>>>
2016-09-25 23:27:38,844 : INFO : SwitchController : <<<<< switch: s_drain_kicker, State:1 >>>>>
2016-09-25 23:27:39,121 : INFO : SwitchController : <<<<< switch: s_drain_kicker, State:0 >>>>>
2016-09-25 23:27:39,128 : WARNING : BallController : BallController denies game start. Not enough balls
2016-09-25 23:27:39,198 : INFO : SwitchController : <<<<< switch: s_trough1, State:0 >>>>>
2016-09-25 23:27:39,242 : INFO : SwitchController : <<<<< switch: s_trough1, State:1 >>>>>
2016-09-25 23:27:39,532 : INFO : SwitchController : <<<<< switch: s_trough3, State:1 >>>>>
2016-09-25 23:27:56,466 : INFO : SwitchController : <<<<< switch: s_start, State:1 >>>>>
2016-09-25 23:27:56,650 : INFO : SwitchController : <<<<< switch: s_start, State:0 >>>>>
2016-09-25 23:27:56,658 : INFO : Mode.game : Mode Starting. Priority: 20
2016-09-25 23:27:56,679 : INFO : Mode.game : Player added successfully. Total players: 1
2016-09-25 23:27:56,696 : INFO : Mode.kickback : Mode Starting. Priority: 200
2016-09-25 23:27:56,711 : INFO : Mode.ball_save : Mode Starting. Priority: 8500
2016-09-25 23:27:56,716 : INFO : Mode.base : Mode Starting. Priority: 100
2016-09-25 23:27:56,846 : INFO : SwitchController : <<<<< switch: s_trough2, State:0 >>>>>
2016-09-25 23:27:56,856 : INFO : SwitchController : <<<<< switch: s_trough1, State:0 >>>>>
2016-09-25 23:27:56,861 : INFO : SwitchController : <<<<< switch: s_trough2, State:1 >>>>>
2016-09-25 23:27:57,057 : INFO : SwitchController : <<<<< switch: s_plunger_lane, State:1 >>>>>
2016-09-25 23:27:57,068 : INFO : SwitchController : <<<<< switch: s_trough2, State:0 >>>>>
2016-09-25 23:27:57,153 : INFO : SwitchController : <<<<< switch: s_trough3, State:0 >>>>>
2016-09-25 23:27:57,190 : INFO : SwitchController : <<<<< switch: s_trough1, State:1 >>>>>
2016-09-25 23:27:57,209 : INFO : SwitchController : <<<<< switch: s_trough2, State:1 >>>>>
2016-09-25 23:27:58,079 : INFO : SwitchController : <<<<< switch: s_plunger_lane, State:0 >>>>>
2016-09-25 23:27:58,155 : INFO : SwitchController : <<<<< switch: s_plunger_lane, State:1 >>>>>
2016-09-25 23:27:58,170 : INFO : SwitchController : <<<<< switch: s_plunger_lane, State:0 >>>>>
2016-09-25 23:27:59,652 : INFO : SwitchController : <<<<< switch: s_middle_drop_target, State:1 >>>>>
2016-09-25 23:28:00,428 : INFO : SwitchController : <<<<< switch: s_right_outlane_h, State:1 >>>>>
2016-09-25 23:28:00,597 : INFO : SwitchController : <<<<< switch: s_right_outlane_h, State:0 >>>>>
2016-09-25 23:28:00,910 : INFO : SwitchController : <<<<< switch: s_right_inlane_c, State:1 >>>>>
2016-09-25 23:28:01,039 : INFO : SwitchController : <<<<< switch: s_right_inlane_c, State:0 >>>>>
2016-09-25 23:28:01,611 : INFO : SwitchController : <<<<< switch: s_left_inlane_e, State:1 >>>>>
2016-09-25 23:28:01,749 : INFO : SwitchController : <<<<< switch: s_left_inlane_e, State:0 >>>>>
2016-09-25 23:28:02,813 : INFO : SwitchController : <<<<< switch: s_kickback_t, State:1 >>>>>
2016-09-25 23:28:02,860 : INFO : SwitchController : <<<<< switch: s_kickback_t, State:0 >>>>>
2016-09-25 23:28:04,489 : INFO : SwitchController : <<<<< switch: s_r_top_lane, State:1 >>>>>
2016-09-25 23:28:04,654 : INFO : SwitchController : <<<<< switch: s_r_top_lane, State:0 >>>>>
2016-09-25 23:28:05,034 : INFO : SwitchController : <<<<< switch: s_o1_top_lane, State:1 >>>>>
2016-09-25 23:28:05,207 : INFO : SwitchController : <<<<< switch: s_o1_top_lane, State:0 >>>>>
2016-09-25 23:28:05,582 : INFO : SwitchController : <<<<< switch: s_b_top_lane, State:1 >>>>>
2016-09-25 23:28:05,738 : INFO : SwitchController : <<<<< switch: s_b_top_lane, State:0 >>>>>
2016-09-25 23:28:06,095 : INFO : SwitchController : <<<<< switch: s_o2_top_lane, State:1 >>>>>
2016-09-25 23:28:06,213 : INFO : SwitchController : <<<<< switch: s_o2_top_lane, State:0 >>>>>
2016-09-25 23:28:17,160 : INFO : SwitchController : <<<<< switch: s_left_flipper, State:1 >>>>>
2016-09-25 23:28:17,187 : INFO : SwitchController : <<<<< switch: s_right_flipper, State:1 >>>>>
2016-09-25 23:28:17,346 : INFO : SwitchController : <<<<< switch: s_left_flipper, State:0 >>>>>
2016-09-25 23:28:17,362 : INFO : SwitchController : <<<<< switch: s_right_flipper, State:0 >>>>>
2016-09-25 23:28:18,722 : INFO : SwitchController : <<<<< switch: s_trough2, State:0 >>>>>
2016-09-25 23:28:18,739 : INFO : SwitchController : <<<<< switch: s_trough2, State:1 >>>>>
2016-09-25 23:28:19,039 : INFO : SwitchController : <<<<< switch: s_right_flipper, State:1 >>>>>
2016-09-25 23:28:19,224 : INFO : SwitchController : <<<<< switch: s_right_flipper, State:0 >>>>>
2016-09-25 23:28:19,599 : INFO : SwitchController : <<<<< switch: s_left_flipper, State:1 >>>>>
2016-09-25 23:28:19,748 : INFO : SwitchController : <<<<< switch: s_left_flipper, State:0 >>>>>
2016-09-25 23:28:20,005 : INFO : SwitchController : <<<<< switch: s_left_flipper, State:1 >>>>>
2016-09-25 23:28:20,189 : INFO : SwitchController : <<<<< switch: s_left_flipper, State:0 >>>>>
2016-09-25 23:28:20,629 : INFO : SwitchController : <<<<< switch: s_f_target, State:1 >>>>>
2016-09-25 23:28:20,653 : INFO : SwitchController : <<<<< switch: s_f_target, State:0 >>>>>
2016-09-25 23:28:21,063 : INFO : SwitchController : <<<<< switch: s_right_flipper, State:1 >>>>>
2016-09-25 23:28:21,215 : INFO : SwitchController : <<<<< switch: s_right_flipper, State:0 >>>>>
2016-09-25 23:28:21,354 : INFO : SwitchController : <<<<< switch: s_bottom_r_pop_bumper, State:1 >>>>>
2016-09-25 23:28:21,369 : INFO : SwitchController : <<<<< switch: s_bottom_r_pop_bumper, State:0 >>>>>
2016-09-25 23:28:21,391 : INFO : SwitchController : <<<<< switch: s_top_r_pop_bumper, State:1 >>>>>
2016-09-25 23:28:21,406 : INFO : SwitchController : <<<<< switch: s_top_r_pop_bumper, State:0 >>>>>
2016-09-25 23:28:21,947 : INFO : SwitchController : <<<<< switch: s_middle_right_rubber, State:1 >>>>>
2016-09-25 23:28:21,960 : INFO : SwitchController : <<<<< switch: s_middle_right_rubber, State:0 >>>>>
2016-09-25 23:28:22,255 : INFO : SwitchController : <<<<< switch: s_left_flipper, State:1 >>>>>
2016-09-25 23:28:22,514 : INFO : SwitchController : <<<<< switch: s_left_flipper, State:0 >>>>>
2016-09-25 23:28:22,736 : INFO : SwitchController : <<<<< switch: s_left_inlane_e, State:1 >>>>>
2016-09-25 23:28:22,809 : INFO : SwitchController : <<<<< switch: s_left_inlane_e, State:0 >>>>>
2016-09-25 23:28:23,258 : INFO : SwitchController : <<<<< switch: s_left_flipper, State:1 >>>>>
2016-09-25 23:28:23,433 : INFO : SwitchController : <<<<< switch: s_left_flipper, State:0 >>>>>
2016-09-25 23:28:23,770 : INFO : SwitchController : <<<<< switch: s_left_flipper, State:1 >>>>>
2016-09-25 23:28:23,903 : INFO : SwitchController : <<<<< switch: s_left_flipper, State:0 >>>>>
2016-09-25 23:28:24,575 : INFO : SwitchController : <<<<< switch: s_left_inlane_e, State:1 >>>>>
2016-09-25 23:28:24,666 : INFO : SwitchController : <<<<< switch: s_left_inlane_e, State:0 >>>>>
2016-09-25 23:28:25,420 : INFO : SwitchController : <<<<< switch: s_left_flipper, State:1 >>>>>
2016-09-25 23:28:25,578 : INFO : SwitchController : <<<<< switch: s_left_flipper, State:0 >>>>>
2016-09-25 23:28:25,694 : INFO : SwitchController : <<<<< switch: s_right_drop_target, State:1 >>>>>
2016-09-25 23:28:26,014 : INFO : SwitchController : <<<<< switch: s_left_flipper, State:1 >>>>>
2016-09-25 23:28:26,163 : INFO : SwitchController : <<<<< switch: s_left_flipper, State:0 >>>>>
2016-09-25 23:28:26,305 : INFO : SwitchController : <<<<< switch: s_d_target, State:1 >>>>>
2016-09-25 23:28:26,316 : INFO : SwitchController : <<<<< switch: s_d_target, State:0 >>>>>
2016-09-25 23:28:26,605 : INFO : SwitchController : <<<<< switch: s_middle_target, State:1 >>>>>
2016-09-25 23:28:26,624 : INFO : SwitchController : <<<<< switch: s_middle_target, State:0 >>>>>
2016-09-25 23:28:27,152 : INFO : SwitchController : <<<<< switch: s_right_flipper, State:1 >>>>>
2016-09-25 23:28:27,343 : INFO : SwitchController : <<<<< switch: s_right_flipper, State:0 >>>>>
2016-09-25 23:28:28,485 : INFO : SwitchController : <<<<< switch: s_right_flipper, State:1 >>>>>
2016-09-25 23:28:28,694 : INFO : SwitchController : <<<<< switch: s_right_flipper, State:0 >>>>>
2016-09-25 23:28:29,082 : INFO : SwitchController : <<<<< switch: s_right_target, State:1 >>>>>
2016-09-25 23:28:29,105 : INFO : SwitchController : <<<<< switch: s_right_target, State:0 >>>>>
2016-09-25 23:28:30,305 : INFO : SwitchController : <<<<< switch: s_left_inlane_e, State:1 >>>>>
2016-09-25 23:28:30,347 : INFO : SwitchController : <<<<< switch: s_left_flipper, State:1 >>>>>
2016-09-25 23:28:30,392 : INFO : SwitchController : <<<<< switch: s_left_inlane_e, State:0 >>>>>
2016-09-25 23:28:30,479 : INFO : SwitchController : <<<<< switch: s_left_flipper, State:0 >>>>>
2016-09-25 23:28:30,870 : INFO : SwitchController : <<<<< switch: s_left_flipper, State:1 >>>>>
2016-09-25 23:28:31,024 : INFO : SwitchController : <<<<< switch: s_left_flipper, State:0 >>>>>
2016-09-25 23:28:33,575 : INFO : SwitchController : <<<<< switch: s_left_slingshot, State:1 >>>>>
2016-09-25 23:28:33,592 : INFO : SwitchController : <<<<< switch: s_left_slingshot, State:0 >>>>>
2016-09-25 23:28:34,308 : INFO : SwitchController : <<<<< switch: s_right_flipper, State:1 >>>>>
2016-09-25 23:28:34,483 : INFO : SwitchController : <<<<< switch: s_right_flipper, State:0 >>>>>
2016-09-25 23:28:34,956 : INFO : SwitchController : <<<<< switch: s_right_flipper, State:1 >>>>>
2016-09-25 23:28:35,180 : INFO : SwitchController : <<<<< switch: s_right_flipper, State:0 >>>>>
2016-09-25 23:28:35,740 : INFO : SwitchController : <<<<< switch: s_right_flipper, State:1 >>>>>
2016-09-25 23:28:35,897 : INFO : SwitchController : <<<<< switch: s_right_flipper, State:0 >>>>>
2016-09-25 23:28:35,946 : INFO : SwitchController : <<<<< switch: s_middle_target, State:1 >>>>>
2016-09-25 23:28:35,952 : INFO : SwitchController : <<<<< switch: s_right_target, State:1 >>>>>
2016-09-25 23:28:35,961 : INFO : SwitchController : <<<<< switch: s_middle_target, State:0 >>>>>
2016-09-25 23:28:35,965 : INFO : SwitchController : <<<<< switch: s_right_target, State:0 >>>>>
2016-09-25 23:28:36,220 : INFO : SwitchController : <<<<< switch: s_left_flipper, State:1 >>>>>
2016-09-25 23:28:36,385 : INFO : SwitchController : <<<<< switch: s_left_flipper, State:0 >>>>>
2016-09-25 23:28:37,850 : INFO : SwitchController : <<<<< switch: s_left_flipper, State:1 >>>>>
2016-09-25 23:28:37,890 : INFO : SwitchController : <<<<< switch: s_right_flipper, State:1 >>>>>
2016-09-25 23:28:37,949 : INFO : SwitchController : <<<<< switch: s_left_flipper, State:0 >>>>>
2016-09-25 23:28:38,006 : INFO : SwitchController : <<<<< switch: s_right_flipper, State:0 >>>>>
2016-09-25 23:28:38,411 : INFO : SwitchController : <<<<< switch: s_right_lock_kickout, State:1 >>>>>
2016-09-25 23:28:38,970 : INFO : SwitchController : <<<<< switch: s_right_lock_kickout, State:0 >>>>>
2016-09-25 23:28:40,076 : INFO : SwitchController : <<<<< switch: s_right_flipper, State:1 >>>>>
2016-09-25 23:28:40,201 : INFO : SwitchController : <<<<< switch: s_right_flipper, State:0 >>>>>
2016-09-25 23:28:40,432 : INFO : SwitchController : <<<<< switch: s_left_lock_kickout, State:1 >>>>>
2016-09-25 23:28:40,989 : INFO : SwitchController : <<<<< switch: s_left_lock_kickout, State:0 >>>>>
2016-09-25 23:28:42,347 : INFO : SwitchController : <<<<< switch: s_left_flipper, State:1 >>>>>
2016-09-25 23:28:42,565 : INFO : SwitchController : <<<<< switch: s_left_flipper, State:0 >>>>>
2016-09-25 23:28:42,975 : INFO : SwitchController : <<<<< switch: s_left_flipper, State:1 >>>>>
2016-09-25 23:28:43,850 : INFO : SwitchController : <<<<< switch: s_left_flipper, State:0 >>>>>
2016-09-25 23:28:44,249 : INFO : SwitchController : <<<<< switch: s_left_flipper, State:1 >>>>>
2016-09-25 23:28:44,408 : INFO : SwitchController : <<<<< switch: s_left_flipper, State:0 >>>>>
2016-09-25 23:28:45,965 : INFO : SwitchController : <<<<< switch: s_o1_top_lane, State:1 >>>>>
2016-09-25 23:28:46,292 : INFO : SwitchController : <<<<< switch: s_o1_top_lane, State:0 >>>>>
2016-09-25 23:28:46,491 : INFO : SwitchController : <<<<< switch: s_top_l_pop_bumper, State:1 >>>>>
2016-09-25 23:28:46,507 : INFO : SwitchController : <<<<< switch: s_top_l_pop_bumper, State:0 >>>>>
2016-09-25 23:28:46,850 : INFO : SwitchController : <<<<< switch: s_bottom_l_pop_bumper, State:1 >>>>>
2016-09-25 23:28:46,871 : INFO : SwitchController : <<<<< switch: s_bottom_l_pop_bumper, State:0 >>>>>
2016-09-25 23:28:47,201 : INFO : SwitchController : <<<<< switch: s_o1_top_lane, State:1 >>>>>
2016-09-25 23:28:47,261 : INFO : SwitchController : <<<<< switch: s_o1_top_lane, State:0 >>>>>
2016-09-25 23:28:47,460 : INFO : SwitchController : <<<<< switch: s_top_l_pop_bumper, State:1 >>>>>
2016-09-25 23:28:47,477 : INFO : SwitchController : <<<<< switch: s_top_l_pop_bumper, State:0 >>>>>
2016-09-25 23:28:47,738 : INFO : SwitchController : <<<<< switch: s_top_l_pop_bumper, State:1 >>>>>
2016-09-25 23:28:47,760 : INFO : SwitchController : <<<<< switch: s_top_l_pop_bumper, State:0 >>>>>
2016-09-25 23:28:48,149 : INFO : SwitchController : <<<<< switch: s_top_l_pop_bumper, State:1 >>>>>
2016-09-25 23:28:48,169 : INFO : SwitchController : <<<<< switch: s_top_l_pop_bumper, State:0 >>>>>
2016-09-25 23:28:48,343 : INFO : SwitchController : <<<<< switch: s_bottom_l_pop_bumper, State:1 >>>>>
2016-09-25 23:28:48,365 : INFO : SwitchController : <<<<< switch: s_bottom_l_pop_bumper, State:0 >>>>>
2016-09-25 23:28:48,393 : INFO : SwitchController : <<<<< switch: s_top_l_pop_bumper, State:1 >>>>>
2016-09-25 23:28:48,414 : INFO : SwitchController : <<<<< switch: s_top_l_pop_bumper, State:0 >>>>>
2016-09-25 23:28:48,420 : INFO : SwitchController : <<<<< switch: s_top_l_pop_bumper, State:1 >>>>>
2016-09-25 23:28:48,426 : INFO : SwitchController : <<<<< switch: s_top_l_pop_bumper, State:0 >>>>>
2016-09-25 23:28:48,543 : INFO : SwitchController : <<<<< switch: s_left_middle_rubber, State:1 >>>>>
2016-09-25 23:28:48,561 : INFO : SwitchController : <<<<< switch: s_left_middle_rubber, State:0 >>>>>
2016-09-25 23:28:48,670 : INFO : SwitchController : <<<<< switch: s_left_middle_rubber, State:1 >>>>>
2016-09-25 23:28:48,704 : INFO : SwitchController : <<<<< switch: s_left_middle_rubber, State:0 >>>>>
2016-09-25 23:28:49,135 : INFO : SwitchController : <<<<< switch: s_left_middle_rubber, State:1 >>>>>
2016-09-25 23:28:49,152 : INFO : SwitchController : <<<<< switch: s_left_middle_rubber, State:0 >>>>>
2016-09-25 23:28:50,187 : INFO : SwitchController : <<<<< switch: s_left_flipper, State:1 >>>>>
2016-09-25 23:28:50,360 : INFO : SwitchController : <<<<< switch: s_left_flipper, State:0 >>>>>
2016-09-25 23:28:51,024 : INFO : SwitchController : <<<<< switch: s_left_flipper, State:1 >>>>>
2016-09-25 23:28:51,157 : INFO : SwitchController : <<<<< switch: s_left_flipper, State:0 >>>>>
2016-09-25 23:28:51,262 : INFO : SwitchController : <<<<< switch: s_right_slingshot, State:1 >>>>>
2016-09-25 23:28:51,285 : INFO : SwitchController : <<<<< switch: s_trough2, State:0 >>>>>
2016-09-25 23:28:51,304 : INFO : SwitchController : <<<<< switch: s_trough2, State:1 >>>>>
2016-09-25 23:28:51,342 : INFO : SwitchController : <<<<< switch: s_right_slingshot, State:0 >>>>>
2016-09-25 23:28:51,740 : INFO : SwitchController : <<<<< switch: s_middle_target, State:1 >>>>>
2016-09-25 23:28:51,761 : INFO : SwitchController : <<<<< switch: s_middle_target, State:0 >>>>>
2016-09-25 23:28:52,158 : INFO : SwitchController : <<<<< switch: s_left_flipper, State:1 >>>>>
2016-09-25 23:28:53,218 : INFO : SwitchController : <<<<< switch: s_right_slingshot, State:1 >>>>>
2016-09-25 23:28:53,298 : INFO : SwitchController : <<<<< switch: s_right_slingshot, State:0 >>>>>
2016-09-25 23:28:54,342 : INFO : SwitchController : <<<<< switch: s_left_flipper, State:0 >>>>>
2016-09-25 23:28:55,610 : INFO : SwitchController : <<<<< switch: s_left_flipper, State:1 >>>>>
2016-09-25 23:28:56,376 : INFO : SwitchController : <<<<< switch: s_left_flipper, State:0 >>>>>
2016-09-25 23:28:56,755 : INFO : SwitchController : <<<<< switch: s_left_flipper, State:1 >>>>>
2016-09-25 23:28:56,930 : INFO : SwitchController : <<<<< switch: s_left_flipper, State:0 >>>>>
2016-09-25 23:28:56,960 : INFO : SwitchController : <<<<< switch: s_middle_target, State:1 >>>>>
2016-09-25 23:28:56,971 : INFO : SwitchController : <<<<< switch: s_middle_target, State:0 >>>>>
2016-09-25 23:28:57,165 : INFO : SwitchController : <<<<< switch: s_left_slingshot, State:1 >>>>>
2016-09-25 23:28:57,180 : INFO : SwitchController : <<<<< switch: s_left_slingshot, State:0 >>>>>
2016-09-25 23:28:57,197 : INFO : SwitchController : <<<<< switch: s_left_flipper, State:1 >>>>>
2016-09-25 23:28:57,403 : INFO : SwitchController : <<<<< switch: s_left_flipper, State:0 >>>>>
2016-09-25 23:28:59,812 : INFO : SwitchController : <<<<< switch: s_right_flipper, State:1 >>>>>
2016-09-25 23:29:02,571 : INFO : SwitchController : <<<<< switch: s_right_flipper, State:0 >>>>>
2016-09-25 23:29:02,992 : INFO : SwitchController : <<<<< switch: s_right_flipper, State:1 >>>>>
2016-09-25 23:29:03,192 : INFO : SwitchController : <<<<< switch: s_right_flipper, State:0 >>>>>
2016-09-25 23:29:03,447 : INFO : SwitchController : <<<<< switch: s_left_lock_kickout, State:1 >>>>>
2016-09-25 23:29:04,005 : INFO : SwitchController : <<<<< switch: s_left_lock_kickout, State:0 >>>>>
2016-09-25 23:29:06,719 : INFO : SwitchController : <<<<< switch: s_left_flipper, State:1 >>>>>
2016-09-25 23:29:06,905 : INFO : SwitchController : <<<<< switch: s_left_flipper, State:0 >>>>>
2016-09-25 23:29:08,169 : INFO : SwitchController : <<<<< switch: s_right_flipper, State:1 >>>>>
2016-09-25 23:29:08,196 : INFO : SwitchController : <<<<< switch: s_trough2, State:0 >>>>>
2016-09-25 23:29:08,217 : INFO : SwitchController : <<<<< switch: s_trough2, State:1 >>>>>
2016-09-25 23:29:08,343 : INFO : SwitchController : <<<<< switch: s_right_flipper, State:0 >>>>>
2016-09-25 23:29:08,601 : INFO : SwitchController : <<<<< switch: s_left_lock_kickout, State:1 >>>>>
2016-09-25 23:29:09,149 : INFO : SwitchController : <<<<< switch: s_left_lock_kickout, State:0 >>>>>
2016-09-25 23:29:11,263 : INFO : SwitchController : <<<<< switch: s_left_flipper, State:1 >>>>>
2016-09-25 23:29:11,891 : INFO : SwitchController : <<<<< switch: s_left_flipper, State:0 >>>>>
2016-09-25 23:29:12,184 : INFO : SwitchController : <<<<< switch: s_left_flipper, State:1 >>>>>
2016-09-25 23:29:12,374 : INFO : SwitchController : <<<<< switch: s_left_flipper, State:0 >>>>>
2016-09-25 23:29:15,335 : INFO : SwitchController : <<<<< switch: s_left_flipper, State:1 >>>>>
2016-09-25 23:29:15,524 : INFO : SwitchController : <<<<< switch: s_left_flipper, State:0 >>>>>
2016-09-25 23:29:15,649 : INFO : SwitchController : <<<<< switch: s_f_target, State:1 >>>>>
2016-09-25 23:29:15,669 : INFO : SwitchController : <<<<< switch: s_f_target, State:0 >>>>>
2016-09-25 23:29:16,407 : INFO : SwitchController : <<<<< switch: s_right_flipper, State:1 >>>>>
2016-09-25 23:29:16,548 : INFO : SwitchController : <<<<< switch: s_right_slingshot, State:1 >>>>>
2016-09-25 23:29:16,574 : INFO : SwitchController : <<<<< switch: s_trough2, State:0 >>>>>
2016-09-25 23:29:16,591 : INFO : SwitchController : <<<<< switch: s_trough2, State:1 >>>>>
2016-09-25 23:29:16,625 : INFO : SwitchController : <<<<< switch: s_right_slingshot, State:0 >>>>>
2016-09-25 23:29:16,761 : INFO : SwitchController : <<<<< switch: s_right_flipper, State:0 >>>>>
2016-09-25 23:29:16,807 : INFO : SwitchController : <<<<< switch: s_left_flipper, State:1 >>>>>
2016-09-25 23:29:17,009 : INFO : SwitchController : <<<<< switch: s_left_flipper, State:0 >>>>>
2016-09-25 23:29:17,275 : INFO : SwitchController : <<<<< switch: s_right_flipper, State:1 >>>>>
2016-09-25 23:29:17,416 : INFO : SwitchController : <<<<< switch: s_right_flipper, State:0 >>>>>
2016-09-25 23:29:17,459 : INFO : SwitchController : <<<<< switch: s_left_flipper, State:1 >>>>>
2016-09-25 23:29:17,960 : INFO : SwitchController : <<<<< switch: s_left_flipper, State:0 >>>>>
2016-09-25 23:29:18,036 : INFO : SwitchController : <<<<< switch: s_left_flipper, State:1 >>>>>
2016-09-25 23:29:18,392 : INFO : SwitchController : <<<<< switch: s_left_flipper, State:0 >>>>>
2016-09-25 23:29:18,431 : INFO : SwitchController : <<<<< switch: s_left_flipper, State:1 >>>>>
2016-09-25 23:29:18,585 : INFO : SwitchController : <<<<< switch: s_left_flipper, State:0 >>>>>
2016-09-25 23:29:18,658 : INFO : SwitchController : <<<<< switch: s_left_flipper, State:1 >>>>>
2016-09-25 23:29:18,835 : INFO : SwitchController : <<<<< switch: s_left_flipper, State:0 >>>>>
2016-09-25 23:29:18,919 : INFO : SwitchController : <<<<< switch: s_left_flipper, State:1 >>>>>
2016-09-25 23:29:19,137 : INFO : SwitchController : <<<<< switch: s_left_flipper, State:0 >>>>>
2016-09-25 23:29:19,226 : INFO : SwitchController : <<<<< switch: s_left_flipper, State:1 >>>>>
2016-09-25 23:29:19,960 : INFO : SwitchController : <<<<< switch: s_left_flipper, State:0 >>>>>
2016-09-25 23:29:20,610 : INFO : SwitchController : <<<<< switch: s_kickback_t, State:1 >>>>>
2016-09-25 23:29:20,661 : INFO : SwitchController : <<<<< switch: s_kickback_t, State:0 >>>>>
2016-09-25 23:29:21,874 : INFO : SwitchController : <<<<< switch: s_drain_kicker, State:1 >>>>>
2016-09-25 23:29:22,023 : INFO : Mode.ball_save : Mode Starting. Priority: 8500
2016-09-25 23:29:22,031 : INFO : Mode.base : Mode Starting. Priority: 100
2016-09-25 23:29:22,167 : INFO : SwitchController : <<<<< switch: s_middle_drop_target, State:0 >>>>>
2016-09-25 23:29:22,170 : INFO : SwitchController : <<<<< switch: s_right_drop_target, State:0 >>>>>
2016-09-25 23:29:22,190 : INFO : SwitchController : <<<<< switch: s_trough1, State:0 >>>>>
2016-09-25 23:29:22,392 : INFO : SwitchController : <<<<< switch: s_plunger_lane, State:1 >>>>>
2016-09-25 23:29:22,446 : INFO : SwitchController : <<<<< switch: s_trough2, State:0 >>>>>
2016-09-25 23:29:22,559 : INFO : SwitchController : <<<<< switch: s_trough1, State:1 >>>>>
2016-09-25 23:29:22,640 : INFO : SwitchController : <<<<< switch: s_trough1, State:0 >>>>>
2016-09-25 23:29:22,769 : INFO : SwitchController : <<<<< switch: s_trough1, State:1 >>>>>
2016-09-25 23:29:23,111 : INFO : SwitchController : <<<<< switch: s_drain_kicker, State:0 >>>>>
2016-09-25 23:29:23,209 : INFO : SwitchController : <<<<< switch: s_trough3, State:1 >>>>>
2016-09-25 23:29:23,218 : INFO : SwitchController : <<<<< switch: s_trough3, State:0 >>>>>
2016-09-25 23:29:23,238 : INFO : SwitchController : <<<<< switch: s_trough1, State:0 >>>>>
2016-09-25 23:29:23,276 : INFO : SwitchController : <<<<< switch: s_trough1, State:1 >>>>>
2016-09-25 23:29:23,359 : INFO : SwitchController : <<<<< switch: s_trough1, State:0 >>>>>
2016-09-25 23:29:23,550 : INFO : SwitchController : <<<<< switch: s_trough1, State:1 >>>>>
2016-09-25 23:29:23,624 : INFO : SwitchController : <<<<< switch: s_trough3, State:1 >>>>>
2016-09-25 23:29:23,694 : INFO : SwitchController : <<<<< switch: s_trough3, State:0 >>>>>
2016-09-25 23:29:23,726 : INFO : SwitchController : <<<<< switch: s_trough2, State:1 >>>>>
2016-09-25 23:29:35,164 : INFO : SwitchController : <<<<< switch: s_plunger_lane, State:0 >>>>>
2016-09-25 23:29:35,191 : INFO : SwitchController : <<<<< switch: s_plunger_lane, State:1 >>>>>
2016-09-25 23:29:35,215 : INFO : SwitchController : <<<<< switch: s_plunger_lane, State:0 >>>>>
2016-09-25 23:29:35,267 : INFO : SwitchController : <<<<< switch: s_plunger_lane, State:1 >>>>>
2016-09-25 23:29:35,283 : INFO : SwitchController : <<<<< switch: s_plunger_lane, State:0 >>>>>
2016-09-25 23:29:37,569 : INFO : SwitchController : <<<<< switch: s_o2_top_lane, State:1 >>>>>
2016-09-25 23:29:37,690 : INFO : SwitchController : <<<<< switch: s_o2_top_lane, State:0 >>>>>
2016-09-25 23:29:37,988 : INFO : SwitchController : <<<<< switch: s_top_r_pop_bumper, State:1 >>>>>
2016-09-25 23:29:38,005 : INFO : SwitchController : <<<<< switch: s_top_r_pop_bumper, State:0 >>>>>
2016-09-25 23:29:39,457 : INFO : SwitchController : <<<<< switch: s_o1_top_lane, State:1 >>>>>
2016-09-25 23:29:39,633 : INFO : SwitchController : <<<<< switch: s_o1_top_lane, State:0 >>>>>
2016-09-25 23:29:39,960 : INFO : SwitchController : <<<<< switch: s_r_top_lane, State:1 >>>>>
2016-09-25 23:29:40,144 : INFO : SwitchController : <<<<< switch: s_r_top_lane, State:0 >>>>>
2016-09-25 23:29:41,328 : INFO : SwitchController : <<<<< switch: s_b_top_lane, State:1 >>>>>
2016-09-25 23:29:41,460 : INFO : SwitchController : <<<<< switch: s_b_top_lane, State:0 >>>>>
2016-09-25 23:29:43,078 : INFO : SwitchController : <<<<< switch: s_right_flipper, State:1 >>>>>
2016-09-25 23:29:43,104 : INFO : SwitchController : <<<<< switch: s_trough2, State:0 >>>>>
2016-09-25 23:29:43,132 : INFO : SwitchController : <<<<< switch: s_trough2, State:1 >>>>>
2016-09-25 23:29:43,626 : INFO : SwitchController : <<<<< switch: s_right_flipper, State:0 >>>>>
2016-09-25 23:29:43,651 : INFO : SwitchController : <<<<< switch: s_left_flipper, State:1 >>>>>
2016-09-25 23:29:43,965 : INFO : SwitchController : <<<<< switch: s_left_flipper, State:0 >>>>>
2016-09-25 23:29:44,201 : INFO : SwitchController : <<<<< switch: s_left_flipper, State:1 >>>>>
2016-09-25 23:29:44,563 : INFO : SwitchController : <<<<< switch: s_left_flipper, State:0 >>>>>
2016-09-25 23:29:44,812 : INFO : SwitchController : <<<<< switch: s_left_flipper, State:1 >>>>>
2016-09-25 23:29:44,954 : INFO : SwitchController : <<<<< switch: s_left_flipper, State:0 >>>>>
2016-09-25 23:29:45,186 : INFO : SwitchController : <<<<< switch: s_right_drop_target, State:1 >>>>>
2016-09-25 23:29:45,206 : INFO : SwitchController : <<<<< switch: s_right_drop_target, State:0 >>>>>
2016-09-25 23:29:45,217 : INFO : SwitchController : <<<<< switch: s_right_drop_target, State:1 >>>>>
2016-09-25 23:29:45,612 : INFO : SwitchController : <<<<< switch: s_right_outlane_h, State:1 >>>>>
2016-09-25 23:29:45,651 : INFO : SwitchController : <<<<< switch: s_right_outlane_h, State:0 >>>>>
2016-09-25 23:29:48,285 : INFO : SwitchController : <<<<< switch: s_drain_kicker, State:1 >>>>>
2016-09-25 23:29:48,444 : INFO : SwitchController : <<<<< switch: s_trough2, State:0 >>>>>
2016-09-25 23:29:48,458 : INFO : SwitchController : <<<<< switch: s_trough1, State:0 >>>>>
2016-09-25 23:29:48,465 : INFO : SwitchController : <<<<< switch: s_trough2, State:1 >>>>>
2016-09-25 23:29:48,606 : INFO : SwitchController : <<<<< switch: s_plunger_lane, State:1 >>>>>
2016-09-25 23:29:48,712 : INFO : SwitchController : <<<<< switch: s_trough2, State:0 >>>>>
2016-09-25 23:29:48,827 : INFO : SwitchController : <<<<< switch: s_trough1, State:1 >>>>>
2016-09-25 23:29:48,913 : INFO : SwitchController : <<<<< switch: s_trough1, State:0 >>>>>
2016-09-25 23:29:49,079 : INFO : SwitchController : <<<<< switch: s_trough1, State:1 >>>>>
2016-09-25 23:29:49,427 : INFO : SwitchController : <<<<< switch: s_drain_kicker, State:0 >>>>>
2016-09-25 23:29:49,470 : INFO : SwitchController : <<<<< switch: s_trough1, State:0 >>>>>
2016-09-25 23:29:49,483 : INFO : SwitchController : <<<<< switch: s_plunger_lane, State:0 >>>>>
2016-09-25 23:29:49,512 : INFO : SwitchController : <<<<< switch: s_plunger_lane, State:1 >>>>>
2016-09-25 23:29:49,535 : INFO : SwitchController : <<<<< switch: s_plunger_lane, State:0 >>>>>
2016-09-25 23:29:49,588 : INFO : SwitchController : <<<<< switch: s_trough3, State:1 >>>>>
2016-09-25 23:29:49,591 : INFO : SwitchController : <<<<< switch: s_plunger_lane, State:1 >>>>>
2016-09-25 23:29:49,595 : INFO : SwitchController : <<<<< switch: s_trough1, State:1 >>>>>
2016-09-25 23:29:49,599 : INFO : SwitchController : <<<<< switch: s_plunger_lane, State:0 >>>>>
2016-09-25 23:29:49,625 : INFO : SwitchController : <<<<< switch: s_trough3, State:0 >>>>>
2016-09-25 23:29:49,636 : INFO : SwitchController : <<<<< switch: s_trough1, State:0 >>>>>
2016-09-25 23:29:49,876 : INFO : SwitchController : <<<<< switch: s_trough1, State:1 >>>>>
2016-09-25 23:29:49,917 : INFO : SwitchController : <<<<< switch: s_trough3, State:1 >>>>>
2016-09-25 23:29:49,987 : INFO : SwitchController : <<<<< switch: s_trough3, State:0 >>>>>
2016-09-25 23:29:50,017 : INFO : SwitchController : <<<<< switch: s_trough2, State:1 >>>>>
2016-09-25 23:29:51,751 : INFO : SwitchController : <<<<< switch: s_r_top_lane, State:1 >>>>>
2016-09-25 23:29:51,970 : INFO : SwitchController : <<<<< switch: s_r_top_lane, State:0 >>>>>
2016-09-25 23:29:52,185 : INFO : SwitchController : <<<<< switch: s_top_l_pop_bumper, State:1 >>>>>
2016-09-25 23:29:52,200 : INFO : SwitchController : <<<<< switch: s_top_l_pop_bumper, State:0 >>>>>
2016-09-25 23:29:52,236 : INFO : SwitchController : <<<<< switch: s_left_top_rubber, State:1 >>>>>
2016-09-25 23:29:52,254 : INFO : SwitchController : <<<<< switch: s_left_top_rubber, State:0 >>>>>
2016-09-25 23:29:53,262 : INFO : SwitchController : <<<<< switch: s_bottom_r_pop_bumper, State:1 >>>>>
2016-09-25 23:29:53,286 : INFO : SwitchController : <<<<< switch: s_bottom_r_pop_bumper, State:0 >>>>>
2016-09-25 23:29:53,324 : INFO : SwitchController : <<<<< switch: s_top_r_pop_bumper, State:1 >>>>>
2016-09-25 23:29:53,338 : INFO : SwitchController : <<<<< switch: s_top_r_pop_bumper, State:0 >>>>>
2016-09-25 23:29:53,375 : INFO : SwitchController : <<<<< switch: s_top_l_pop_bumper, State:1 >>>>>
2016-09-25 23:29:53,395 : INFO : SwitchController : <<<<< switch: s_top_l_pop_bumper, State:0 >>>>>
2016-09-25 23:29:54,199 : INFO : SwitchController : <<<<< switch: s_bottom_r_pop_bumper, State:1 >>>>>
2016-09-25 23:29:54,216 : INFO : SwitchController : <<<<< switch: s_bottom_r_pop_bumper, State:0 >>>>>
2016-09-25 23:29:54,260 : INFO : SwitchController : <<<<< switch: s_top_r_pop_bumper, State:1 >>>>>
2016-09-25 23:29:54,276 : INFO : SwitchController : <<<<< switch: s_top_r_pop_bumper, State:0 >>>>>
2016-09-25 23:29:54,303 : INFO : SwitchController : <<<<< switch: s_right_top2_rubber, State:1 >>>>>
2016-09-25 23:29:54,323 : INFO : SwitchController : <<<<< switch: s_right_top2_rubber, State:0 >>>>>
2016-09-25 23:29:54,488 : INFO : SwitchController : <<<<< switch: s_bottom_r_pop_bumper, State:1 >>>>>
2016-09-25 23:29:54,510 : INFO : SwitchController : <<<<< switch: s_bottom_r_pop_bumper, State:0 >>>>>
2016-09-25 23:29:54,753 : INFO : SwitchController : <<<<< switch: s_bottom_l_pop_bumper, State:1 >>>>>
2016-09-25 23:29:54,774 : INFO : SwitchController : <<<<< switch: s_bottom_l_pop_bumper, State:0 >>>>>
2016-09-25 23:29:54,801 : INFO : SwitchController : <<<<< switch: s_bottom_r_pop_bumper, State:1 >>>>>
2016-09-25 23:29:54,818 : INFO : SwitchController : <<<<< switch: s_bottom_r_pop_bumper, State:0 >>>>>
2016-09-25 23:29:55,011 : INFO : SwitchController : <<<<< switch: s_top_r_pop_bumper, State:1 >>>>>
2016-09-25 23:29:55,030 : INFO : SwitchController : <<<<< switch: s_top_r_pop_bumper, State:0 >>>>>
2016-09-25 23:29:55,084 : INFO : SwitchController : <<<<< switch: s_bottom_l_pop_bumper, State:1 >>>>>
2016-09-25 23:29:55,101 : INFO : SwitchController : <<<<< switch: s_bottom_l_pop_bumper, State:0 >>>>>
2016-09-25 23:29:55,127 : INFO : SwitchController : <<<<< switch: s_bottom_r_pop_bumper, State:1 >>>>>
2016-09-25 23:29:55,145 : INFO : SwitchController : <<<<< switch: s_bottom_r_pop_bumper, State:0 >>>>>
2016-09-25 23:29:55,355 : INFO : SwitchController : <<<<< switch: s_top_l_pop_bumper, State:1 >>>>>
2016-09-25 23:29:55,374 : INFO : SwitchController : <<<<< switch: s_top_l_pop_bumper, State:0 >>>>>
2016-09-25 23:29:55,468 : INFO : SwitchController : <<<<< switch: s_bottom_r_pop_bumper, State:1 >>>>>
2016-09-25 23:29:55,487 : INFO : SwitchController : <<<<< switch: s_bottom_r_pop_bumper, State:0 >>>>>
2016-09-25 23:29:55,774 : INFO : SwitchController : <<<<< switch: s_bottom_r_pop_bumper, State:1 >>>>>
2016-09-25 23:29:55,794 : INFO : SwitchController : <<<<< switch: s_bottom_r_pop_bumper, State:0 >>>>>
2016-09-25 23:29:55,824 : INFO : SwitchController : <<<<< switch: s_bottom_l_pop_bumper, State:1 >>>>>
2016-09-25 23:29:55,848 : INFO : SwitchController : <<<<< switch: s_bottom_l_pop_bumper, State:0 >>>>>
2016-09-25 23:29:55,981 : INFO : SwitchController : <<<<< switch: s_b_top_lane, State:1 >>>>>
2016-09-25 23:29:55,995 : INFO : SwitchController : <<<<< switch: s_b_top_lane, State:0 >>>>>
2016-09-25 23:29:57,151 : INFO : SwitchController : <<<<< switch: s_o2_top_lane, State:1 >>>>>
2016-09-25 23:29:57,236 : INFO : SwitchController : <<<<< switch: s_o2_top_lane, State:0 >>>>>
2016-09-25 23:29:57,487 : INFO : SwitchController : <<<<< switch: s_top_r_pop_bumper, State:1 >>>>>
2016-09-25 23:29:57,504 : INFO : SwitchController : <<<<< switch: s_top_r_pop_bumper, State:0 >>>>>
2016-09-25 23:29:57,538 : INFO : SwitchController : <<<<< switch: s_right_top2_rubber, State:1 >>>>>
2016-09-25 23:29:57,555 : INFO : SwitchController : <<<<< switch: s_right_top2_rubber, State:0 >>>>>
2016-09-25 23:29:57,776 : INFO : SwitchController : <<<<< switch: s_bottom_r_pop_bumper, State:1 >>>>>
2016-09-25 23:29:57,797 : INFO : SwitchController : <<<<< switch: s_bottom_r_pop_bumper, State:0 >>>>>
2016-09-25 23:29:57,804 : INFO : SwitchController : <<<<< switch: s_bottom_r_pop_bumper, State:1 >>>>>
2016-09-25 23:29:57,811 : INFO : SwitchController : <<<<< switch: s_bottom_r_pop_bumper, State:0 >>>>>
2016-09-25 23:29:57,904 : INFO : SwitchController : <<<<< switch: s_top_r_pop_bumper, State:1 >>>>>
2016-09-25 23:29:57,925 : INFO : SwitchController : <<<<< switch: s_top_r_pop_bumper, State:0 >>>>>
2016-09-25 23:29:59,995 : INFO : SwitchController : <<<<< switch: s_left_flipper, State:1 >>>>>
2016-09-25 23:30:00,413 : INFO : SwitchController : <<<<< switch: s_left_flipper, State:0 >>>>>
2016-09-25 23:30:00,989 : INFO : SwitchController : <<<<< switch: s_left_flipper, State:1 >>>>>
2016-09-25 23:30:01,164 : INFO : SwitchController : <<<<< switch: s_left_flipper, State:0 >>>>>
2016-09-25 23:30:01,471 : INFO : SwitchController : <<<<< switch: s_right_lock_kickout, State:1 >>>>>
2016-09-25 23:30:02,025 : INFO : SwitchController : <<<<< switch: s_right_lock_kickout, State:0 >>>>>
2016-09-25 23:30:03,080 : INFO : SwitchController : <<<<< switch: s_right_slingshot, State:1 >>>>>
2016-09-25 23:30:03,086 : INFO : SwitchController : <<<<< switch: s_right_slingshot, State:0 >>>>>
2016-09-25 23:30:03,103 : INFO : SwitchController : <<<<< switch: s_trough2, State:0 >>>>>
2016-09-25 23:30:03,120 : INFO : SwitchController : <<<<< switch: s_trough2, State:1 >>>>>
2016-09-25 23:30:03,340 : INFO : SwitchController : <<<<< switch: s_left_slingshot, State:1 >>>>>
2016-09-25 23:30:03,357 : INFO : SwitchController : <<<<< switch: s_left_slingshot, State:0 >>>>>
2016-09-25 23:30:04,567 : INFO : SwitchController : <<<<< switch: s_right_flipper, State:1 >>>>>
2016-09-25 23:30:04,596 : INFO : SwitchController : <<<<< switch: s_trough2, State:0 >>>>>
2016-09-25 23:30:04,627 : INFO : SwitchController : <<<<< switch: s_trough2, State:1 >>>>>
2016-09-25 23:30:04,955 : INFO : SwitchController : <<<<< switch: s_right_flipper, State:0 >>>>>
2016-09-25 23:30:05,625 : INFO : SwitchController : <<<<< switch: s_right_flipper, State:1 >>>>>
2016-09-25 23:30:05,826 : INFO : SwitchController : <<<<< switch: s_right_flipper, State:0 >>>>>
2016-09-25 23:30:05,865 : INFO : SwitchController : <<<<< switch: s_middle_target, State:1 >>>>>
2016-09-25 23:30:05,871 : INFO : SwitchController : <<<<< switch: s_right_target, State:1 >>>>>
2016-09-25 23:30:05,882 : INFO : SwitchController : <<<<< switch: s_middle_target, State:0 >>>>>
2016-09-25 23:30:05,885 : INFO : SwitchController : <<<<< switch: s_right_target, State:0 >>>>>
2016-09-25 23:30:06,235 : INFO : SwitchController : <<<<< switch: s_right_flipper, State:1 >>>>>
2016-09-25 23:30:06,399 : INFO : SwitchController : <<<<< switch: s_right_flipper, State:0 >>>>>
2016-09-25 23:30:06,458 : INFO : SwitchController : <<<<< switch: s_middle_target, State:1 >>>>>
2016-09-25 23:30:06,464 : INFO : SwitchController : <<<<< switch: s_right_target, State:1 >>>>>
2016-09-25 23:30:06,475 : INFO : SwitchController : <<<<< switch: s_middle_target, State:0 >>>>>
2016-09-25 23:30:06,479 : INFO : SwitchController : <<<<< switch: s_right_target, State:0 >>>>>
2016-09-25 23:30:06,868 : INFO : SwitchController : <<<<< switch: s_d_target, State:1 >>>>>
2016-09-25 23:30:06,890 : INFO : SwitchController : <<<<< switch: s_d_target, State:0 >>>>>
2016-09-25 23:30:08,011 : INFO : SwitchController : <<<<< switch: s_right_flipper, State:1 >>>>>
2016-09-25 23:30:08,398 : INFO : SwitchController : <<<<< switch: s_right_flipper, State:0 >>>>>
2016-09-25 23:30:09,448 : INFO : SwitchController : <<<<< switch: s_right_flipper, State:1 >>>>>
2016-09-25 23:30:09,645 : INFO : SwitchController : <<<<< switch: s_right_flipper, State:0 >>>>>
2016-09-25 23:30:09,945 : INFO : SwitchController : <<<<< switch: s_spinner, State:1 >>>>>
2016-09-25 23:30:09,959 : INFO : SwitchController : <<<<< switch: s_spinner, State:0 >>>>>
2016-09-25 23:30:10,014 : INFO : SwitchController : <<<<< switch: s_spinner, State:1 >>>>>
2016-09-25 23:30:10,031 : INFO : SwitchController : <<<<< switch: s_spinner, State:0 >>>>>
2016-09-25 23:30:10,093 : INFO : SwitchController : <<<<< switch: s_spinner, State:1 >>>>>
2016-09-25 23:30:10,110 : INFO : SwitchController : <<<<< switch: s_spinner, State:0 >>>>>
2016-09-25 23:30:10,177 : INFO : SwitchController : <<<<< switch: s_spinner, State:1 >>>>>
2016-09-25 23:30:10,198 : INFO : SwitchController : <<<<< switch: s_spinner, State:0 >>>>>
2016-09-25 23:30:10,269 : INFO : SwitchController : <<<<< switch: s_spinner, State:1 >>>>>
2016-09-25 23:30:10,291 : INFO : SwitchController : <<<<< switch: s_spinner, State:0 >>>>>
2016-09-25 23:30:10,366 : INFO : SwitchController : <<<<< switch: s_spinner, State:1 >>>>>
2016-09-25 23:30:10,397 : INFO : SwitchController : <<<<< switch: s_spinner, State:0 >>>>>
2016-09-25 23:30:10,485 : INFO : SwitchController : <<<<< switch: s_spinner, State:1 >>>>>
2016-09-25 23:30:10,505 : INFO : SwitchController : <<<<< switch: s_top_lock_kickout, State:1 >>>>>
2016-09-25 23:30:10,512 : INFO : SwitchController : <<<<< switch: s_spinner, State:0 >>>>>
2016-09-25 23:30:10,524 : INFO : SwitchController : <<<<< switch: s_top_lock_kickout, State:0 >>>>>
2016-09-25 23:30:10,603 : INFO : SwitchController : <<<<< switch: s_spinner, State:1 >>>>>
2016-09-25 23:30:10,610 : INFO : SwitchController : <<<<< switch: s_top_lock_kickout, State:1 >>>>>
2016-09-25 23:30:10,632 : INFO : SwitchController : <<<<< switch: s_spinner, State:0 >>>>>
2016-09-25 23:30:10,644 : INFO : SwitchController : <<<<< switch: s_top_lock_kickout, State:0 >>>>>
2016-09-25 23:30:10,710 : INFO : SwitchController : <<<<< switch: s_top_lock_kickout, State:1 >>>>>
2016-09-25 23:30:10,735 : INFO : SwitchController : <<<<< switch: s_spinner, State:1 >>>>>
2016-09-25 23:30:10,773 : INFO : SwitchController : <<<<< switch: s_spinner, State:0 >>>>>
2016-09-25 23:30:10,838 : INFO : SwitchController : <<<<< switch: s_right_flipper, State:1 >>>>>
2016-09-25 23:30:10,868 : INFO : SwitchController : <<<<< switch: s_trough2, State:0 >>>>>
2016-09-25 23:30:10,895 : INFO : SwitchController : <<<<< switch: s_trough2, State:1 >>>>>
2016-09-25 23:30:10,903 : INFO : SwitchController : <<<<< switch: s_spinner, State:1 >>>>>
2016-09-25 23:30:10,945 : INFO : SwitchController : <<<<< switch: s_spinner, State:0 >>>>>
2016-09-25 23:30:10,958 : INFO : SwitchController : <<<<< switch: s_right_flipper, State:0 >>>>>
2016-09-25 23:30:11,092 : INFO : SwitchController : <<<<< switch: s_spinner, State:1 >>>>>
2016-09-25 23:30:11,146 : INFO : SwitchController : <<<<< switch: s_right_flipper, State:1 >>>>>
2016-09-25 23:30:11,187 : INFO : SwitchController : <<<<< switch: s_spinner, State:0 >>>>>
2016-09-25 23:30:11,258 : INFO : SwitchController : <<<<< switch: s_top_lock_kickout, State:0 >>>>>
2016-09-25 23:30:11,278 : INFO : SwitchController : <<<<< switch: s_right_flipper, State:0 >>>>>
2016-09-25 23:30:11,517 : INFO : SwitchController : <<<<< switch: s_right_flipper, State:1 >>>>>
2016-09-25 23:30:11,548 : INFO : SwitchController : <<<<< switch: s_trough2, State:0 >>>>>
2016-09-25 23:30:11,574 : INFO : SwitchController : <<<<< switch: s_trough2, State:1 >>>>>
2016-09-25 23:30:11,658 : INFO : SwitchController : <<<<< switch: s_right_flipper, State:0 >>>>>
2016-09-25 23:30:12,056 : INFO : SwitchController : <<<<< switch: s_right_flipper, State:1 >>>>>
2016-09-25 23:30:12,088 : INFO : SwitchController : <<<<< switch: s_trough2, State:0 >>>>>
2016-09-25 23:30:12,103 : INFO : SwitchController : <<<<< switch: s_r_top_lane, State:1 >>>>>
2016-09-25 23:30:12,113 : INFO : SwitchController : <<<<< switch: s_trough2, State:1 >>>>>
2016-09-25 23:30:12,203 : INFO : SwitchController : <<<<< switch: s_right_flipper, State:0 >>>>>
2016-09-25 23:30:12,272 : INFO : SwitchController : <<<<< switch: s_r_top_lane, State:0 >>>>>
2016-09-25 23:30:12,412 : INFO : SwitchController : <<<<< switch: s_right_flipper, State:1 >>>>>
2016-09-25 23:30:12,443 : INFO : SwitchController : <<<<< switch: s_trough2, State:0 >>>>>
2016-09-25 23:30:12,468 : INFO : SwitchController : <<<<< switch: s_trough2, State:1 >>>>>
2016-09-25 23:30:12,472 : INFO : SwitchController : <<<<< switch: s_top_l_pop_bumper, State:1 >>>>>
2016-09-25 23:30:12,483 : INFO : SwitchController : <<<<< switch: s_top_l_pop_bumper, State:0 >>>>>
2016-09-25 23:30:12,523 : INFO : SwitchController : <<<<< switch: s_left_top_rubber, State:1 >>>>>
2016-09-25 23:30:12,527 : INFO : SwitchController : <<<<< switch: s_right_flipper, State:0 >>>>>
2016-09-25 23:30:12,538 : INFO : SwitchController : <<<<< switch: s_left_top_rubber, State:0 >>>>>
2016-09-25 23:30:12,656 : INFO : SwitchController : <<<<< switch: s_right_flipper, State:1 >>>>>
2016-09-25 23:30:12,768 : INFO : SwitchController : <<<<< switch: s_right_flipper, State:0 >>>>>
2016-09-25 23:30:12,945 : INFO : SwitchController : <<<<< switch: s_top_l_pop_bumper, State:1 >>>>>
2016-09-25 23:30:12,950 : INFO : SwitchController : <<<<< switch: s_right_flipper, State:1 >>>>>
2016-09-25 23:30:12,962 : INFO : SwitchController : <<<<< switch: s_top_l_pop_bumper, State:0 >>>>>
2016-09-25 23:30:12,983 : INFO : SwitchController : <<<<< switch: s_trough2, State:0 >>>>>
2016-09-25 23:30:13,003 : INFO : SwitchController : <<<<< switch: s_trough2, State:1 >>>>>
2016-09-25 23:30:13,059 : INFO : SwitchController : <<<<< switch: s_right_flipper, State:0 >>>>>
2016-09-25 23:30:13,079 : INFO : SwitchController : <<<<< switch: s_top_l_pop_bumper, State:1 >>>>>
2016-09-25 23:30:13,095 : INFO : SwitchController : <<<<< switch: s_top_l_pop_bumper, State:0 >>>>>
2016-09-25 23:30:13,303 : INFO : SwitchController : <<<<< switch: s_top_r_pop_bumper, State:1 >>>>>
2016-09-25 23:30:13,319 : INFO : SwitchController : <<<<< switch: s_top_r_pop_bumper, State:0 >>>>>
2016-09-25 23:30:13,390 : INFO : SwitchController : <<<<< switch: s_top_l_pop_bumper, State:1 >>>>>
2016-09-25 23:30:13,404 : INFO : SwitchController : <<<<< switch: s_top_l_pop_bumper, State:0 >>>>>
2016-09-25 23:30:13,712 : INFO : SwitchController : <<<<< switch: s_top_l_pop_bumper, State:1 >>>>>
2016-09-25 23:30:13,728 : INFO : SwitchController : <<<<< switch: s_top_l_pop_bumper, State:0 >>>>>
2016-09-25 23:30:13,734 : INFO : SwitchController : <<<<< switch: s_top_l_pop_bumper, State:1 >>>>>
2016-09-25 23:30:13,738 : INFO : SwitchController : <<<<< switch: s_top_l_pop_bumper, State:0 >>>>>
2016-09-25 23:30:13,967 : INFO : SwitchController : <<<<< switch: s_bottom_l_pop_bumper, State:1 >>>>>
2016-09-25 23:30:13,988 : INFO : SwitchController : <<<<< switch: s_bottom_l_pop_bumper, State:0 >>>>>
2016-09-25 23:30:14,418 : INFO : SwitchController : <<<<< switch: s_top_r_pop_bumper, State:1 >>>>>
2016-09-25 23:30:14,435 : INFO : SwitchController : <<<<< switch: s_top_r_pop_bumper, State:0 >>>>>
2016-09-25 23:30:14,778 : INFO : SwitchController : <<<<< switch: s_top_r_pop_bumper, State:1 >>>>>
2016-09-25 23:30:14,798 : INFO : SwitchController : <<<<< switch: s_top_r_pop_bumper, State:0 >>>>>
2016-09-25 23:30:15,011 : INFO : SwitchController : <<<<< switch: s_bottom_l_pop_bumper, State:1 >>>>>
2016-09-25 23:30:15,032 : INFO : SwitchController : <<<<< switch: s_bottom_l_pop_bumper, State:0 >>>>>
2016-09-25 23:30:15,036 : INFO : SwitchController : <<<<< switch: s_bottom_l_pop_bumper, State:1 >>>>>
2016-09-25 23:30:15,039 : INFO : SwitchController : <<<<< switch: s_bottom_l_pop_bumper, State:0 >>>>>
2016-09-25 23:30:15,043 : INFO : SwitchController : <<<<< switch: s_bottom_l_pop_bumper, State:1 >>>>>
2016-09-25 23:30:15,047 : INFO : SwitchController : <<<<< switch: s_bottom_l_pop_bumper, State:0 >>>>>
2016-09-25 23:30:15,093 : INFO : SwitchController : <<<<< switch: s_top_r_pop_bumper, State:1 >>>>>
2016-09-25 23:30:15,111 : INFO : SwitchController : <<<<< switch: s_top_r_pop_bumper, State:0 >>>>>
2016-09-25 23:30:15,140 : INFO : SwitchController : <<<<< switch: s_bottom_r_pop_bumper, State:1 >>>>>
2016-09-25 23:30:15,156 : INFO : SwitchController : <<<<< switch: s_bottom_r_pop_bumper, State:0 >>>>>
2016-09-25 23:30:15,160 : INFO : SwitchController : <<<<< switch: s_bottom_r_pop_bumper, State:1 >>>>>
2016-09-25 23:30:15,164 : INFO : SwitchController : <<<<< switch: s_bottom_r_pop_bumper, State:0 >>>>>
2016-09-25 23:30:16,199 : INFO : SwitchController : <<<<< switch: s_d_target, State:1 >>>>>
2016-09-25 23:30:16,267 : INFO : SwitchController : <<<<< switch: s_d_target, State:0 >>>>>
2016-09-25 23:30:16,292 : INFO : SwitchController : <<<<< switch: s_d_target, State:1 >>>>>
2016-09-25 23:30:16,360 : INFO : SwitchController : <<<<< switch: s_d_target, State:0 >>>>>
2016-09-25 23:30:17,165 : INFO : SwitchController : <<<<< switch: s_o1_top_lane, State:1 >>>>>
2016-09-25 23:30:17,860 : INFO : SwitchController : <<<<< switch: s_o1_top_lane, State:0 >>>>>
2016-09-25 23:30:21,565 : INFO : SwitchController : <<<<< switch: s_plunger_lane, State:1 >>>>>
2016-09-25 23:30:21,589 : INFO : SwitchController : <<<<< switch: s_plunger_lane, State:0 >>>>>
2016-09-25 23:30:21,633 : INFO : SwitchController : <<<<< switch: s_plunger_lane, State:1 >>>>>
2016-09-25 23:30:46,449 : INFO : Machine : Shutting down...
2016-09-25 23:30:46,452 : ERROR : FAST : Stop called on serial connection /dev/ttyUSB2
2016-09-25 23:30:46,456 : ERROR : FAST : Stop called on serial connection /dev/ttyUSB1
2016-09-25 23:30:46,460 : WARNING : FAST : Serial error: 
2016-09-25 23:30:46,463 : WARNING : FAST : Serial closed.
2016-09-25 23:30:46,467 : WARNING : FAST : Serial error: 
2016-09-25 23:30:46,469 : WARNING : FAST : Serial closed.
2016-09-25 23:30:46,474 : INFO : root : MPF run loop ended.
