2016-08-24 23:25:03,085 : INFO : Machine : Mission Pinball Framework Core Engine v0.30.26
2016-08-24 23:25:03,088 : DEBUG : Machine : Command line arguments: {'force_platform': None, 'bcp': False, 'no_load_cache': False, 'loglevel': 10, 'configfile': ['config'], 'pause': False, 'consoleloglevel': 20, 'logfile': 'logs/2016-08-24-23-25-03-mpf-kivypie.log', 'mpfconfigfile': '/usr/local/lib/python3.4/dist-packages/mpf/mpfconfig.yaml', 'create_config_cache': True}
2016-08-24 23:25:03,089 : DEBUG : Machine : MPF path: /usr/local/lib/python3.4/dist-packages/mpf
2016-08-24 23:25:03,089 : INFO : Machine : Machine path: /home/sysop/robotech
2016-08-24 23:25:03,091 : DEBUG : Machine : Command line arguments: {'force_platform': None, 'bcp': False, 'no_load_cache': False, 'loglevel': 10, 'configfile': ['config'], 'pause': False, 'consoleloglevel': 20, 'logfile': 'logs/2016-08-24-23-25-03-mpf-kivypie.log', 'mpfconfigfile': '/usr/local/lib/python3.4/dist-packages/mpf/mpfconfig.yaml', 'create_config_cache': True}
2016-08-24 23:25:03,091 : DEBUG : Machine : Python version: 3.4.2
2016-08-24 23:25:03,092 : DEBUG : Machine : Platform: linux
2016-08-24 23:25:03,092 : DEBUG : Machine : Python executable location: /usr/bin/python3
2016-08-24 23:25:03,092 : DEBUG : Machine : 32-bit Python? True
2016-08-24 23:25:03,093 : DEBUG : Machine : Machine path: /home/sysop/robotech
2016-08-24 23:25:04,589 : INFO : Machine : Loading config from original files
2016-08-24 23:25:04,596 : DEBUG : YAML File Interface : Loading file: /usr/local/lib/python3.4/dist-packages/mpf/mpfconfig.yaml
2016-08-24 23:25:04,918 : INFO : Machine : Machine config file #1: /home/sysop/robotech/config/config
2016-08-24 23:25:04,921 : DEBUG : YAML File Interface : Loading file: /home/sysop/robotech/config/config.yaml
2016-08-24 23:25:05,344 : DEBUG : YAML File Interface : Loading file: /home/sysop/robotech/config/leds.yaml
2016-08-24 23:25:05,647 : DEBUG : YAML File Interface : Loading file: /home/sysop/robotech/config/shots.yaml
2016-08-24 23:25:05,702 : DEBUG : YAML File Interface : Loading file: /home/sysop/robotech/config/lightscripts.yaml
2016-08-24 23:25:05,759 : INFO : Machine : Config file cache created: /tmp/b22896e0955c8faa276a6ac3f6f5f4b5config
2016-08-24 23:25:05,762 : DEBUG : Clock : Starting clock (maximum frames per second=30.0)
2016-08-24 23:25:05,763 : INFO : Machine : Starting clock at 30.0Hz
2016-08-24 23:25:05,766 : DEBUG : Clock : Scheduled a recurring clock callback (callback=<bound method MachineController._check_crash_queue of <mpf.core.machine.MachineController object at 0x762dbbf0>>, timeout=1, priority=1)
2016-08-24 23:25:05,835 : DEBUG : Machine : Setting default platform to 'fast'
2016-08-24 23:25:05,835 : DEBUG : Machine : Loading core modules...
2016-08-24 23:25:05,836 : DEBUG : Machine : Loading 'mpf.core.events.EventManager' core module
2016-08-24 23:25:05,836 : DEBUG : Machine : Loading 'mpf.core.mode_controller.ModeController' core module
2016-08-24 23:25:05,845 : DEBUG : Events : Registered ModeController._load_modes as a handler for 'init_phase_2', priority: 1, kwargs: {}
2016-08-24 23:25:05,846 : DEBUG : Events : Registered ModeController._ball_ending as a handler for 'ball_ending', priority: 0, kwargs: {}
2016-08-24 23:25:05,846 : DEBUG : Events : Registered ModeController._ball_starting as a handler for 'ball_starting', priority: 0, kwargs: {}
2016-08-24 23:25:05,847 : DEBUG : Events : Registered type._player_added as a handler for 'player_add_success', priority: 0, kwargs: {}
2016-08-24 23:25:05,847 : DEBUG : Events : Registered ModeController._player_turn_start as a handler for 'player_turn_start', priority: 1000000, kwargs: {}
2016-08-24 23:25:05,848 : DEBUG : Events : Registered ModeController._player_turn_stop as a handler for 'player_turn_stop', priority: 1000000, kwargs: {}
2016-08-24 23:25:05,848 : DEBUG : Machine : Loading 'mpf.core.config_processor.ConfigProcessor' core module
2016-08-24 23:25:05,848 : DEBUG : Machine : Loading 'mpf.core.shot_profile_manager.ShotProfileManager' core module
2016-08-24 23:25:05,854 : DEBUG : ShotProfileManager : Registering Shot Profile: 'default'
2016-08-24 23:25:05,856 : DEBUG : ShotProfileManager : Processed 'default' profile configuration: {'block': True, 'player_variable': '%_default', 'state_names_to_not_rotate': [], 'loop': False, 'states': [{'loops': -1, 'priority': 0, 'name': 'unlit', 'start_step': 1, 'manual_advance': False, 'key': None, 'reset': True, 'action': 'play', 'sync_ms': 0, 'show': 'off', 'show_tokens': {}, 'speed': 1.0}, {'loops': -1, 'priority': 0, 'name': 'lit', 'start_step': 1, 'manual_advance': False, 'key': None, 'reset': True, 'action': 'play', 'sync_ms': 0, 'show': 'on', 'show_tokens': {}, 'speed': 1.0}], 'rotation_pattern': deque(['right']), 'state_names_to_rotate': [], 'show': None, 'show_when_disabled': False, 'advance_on_hit': True}
2016-08-24 23:25:05,857 : DEBUG : ShotProfileManager : Registering Shot Profile: 'quick_flash'
2016-08-24 23:25:05,859 : DEBUG : ShotProfileManager : Processed 'quick_flash' profile configuration: {'block': True, 'player_variable': '%_quick_flash', 'state_names_to_not_rotate': [], 'loop': False, 'states': [{'loops': -1, 'priority': 0, 'name': 'unlit', 'start_step': 1, 'manual_advance': False, 'key': None, 'reset': True, 'action': 'play', 'sync_ms': 0, 'show': 'off', 'show_tokens': {}, 'speed': 1.0}, {'sync_ms': 0, 'priority': 0, 'name': 'lit', 'start_step': 1, 'manual_advance': False, 'key': None, 'reset': True, 'action': 'play', 'loops': 0, 'show': 'quick_flash', 'show_tokens': {}, 'speed': 1.0}], 'rotation_pattern': deque(['right']), 'state_names_to_rotate': [], 'show': None, 'show_when_disabled': False, 'advance_on_hit': True}
2016-08-24 23:25:05,860 : DEBUG : Mode Controller : Registering <bound method ShotProfileManager.mode_start_for_shots of <mpf.core.shot_profile_manager.ShotProfileManager object at 0x7622f5b0>> as a mode start method. Config section: shots, priority: 0, kwargs: {}
2016-08-24 23:25:05,860 : DEBUG : Mode Controller : Registering <bound method ShotProfileManager.mode_start_for_shot_groups of <mpf.core.shot_profile_manager.ShotProfileManager object at 0x7622f5b0>> as a mode start method. Config section: shot_groups, priority: 0, kwargs: {}
2016-08-24 23:25:05,861 : DEBUG : Events : Registered ShotProfileManager._player_turn_start as a handler for 'player_turn_start', priority: 1000000, kwargs: {}
2016-08-24 23:25:05,861 : DEBUG : Events : Registered ShotProfileManager._player_turn_stop as a handler for 'player_turn_stop', priority: 0, kwargs: {}
2016-08-24 23:25:05,861 : DEBUG : Machine : Loading 'mpf.core.device_manager.DeviceManager' core module
2016-08-24 23:25:05,862 : DEBUG : Events : Registered DeviceManager._load_device_modules as a handler for 'init_phase_1', priority: 1, kwargs: {}
2016-08-24 23:25:05,862 : DEBUG : Events : Registered DeviceManager.create_machinewide_device_control_events as a handler for 'init_phase_2', priority: 1, kwargs: {}
2016-08-24 23:25:05,863 : DEBUG : Events : Registered DeviceManager.create_collection_control_events as a handler for 'init_phase_2', priority: 1, kwargs: {}
2016-08-24 23:25:05,863 : DEBUG : Machine : Loading 'mpf.core.switch_controller.SwitchController' core module
2016-08-24 23:25:05,870 : DEBUG : Clock : Scheduled a recurring clock callback (callback=<bound method SwitchController._tick of <mpf.core.switch_controller.SwitchController object at 0x7626ce30>>, timeout=0, priority=1000)
2016-08-24 23:25:05,870 : DEBUG : Events : Registered SwitchController._initialize_switches as a handler for 'init_phase_2', priority: 1000, kwargs: {}
2016-08-24 23:25:05,871 : DEBUG : Events : Registered SwitchController.log_active_switches as a handler for 'machine_reset_phase_3', priority: 1, kwargs: {}
2016-08-24 23:25:05,871 : DEBUG : Machine : Loading 'mpf.core.ball_controller.BallController' core module
2016-08-24 23:25:05,874 : DEBUG : BallController : Loading the BallController
2016-08-24 23:25:05,875 : DEBUG : Events : Registered BallController.request_to_start_game as a handler for 'request_to_start_game', priority: 1, kwargs: {}
2016-08-24 23:25:05,875 : DEBUG : Events : Registered BallController._initialize as a handler for 'machine_reset_phase_2', priority: 1, kwargs: {}
2016-08-24 23:25:05,876 : DEBUG : Events : Registered BallController._init2 as a handler for 'init_phase_2', priority: 1, kwargs: {}
2016-08-24 23:25:05,876 : DEBUG : Machine : Loading 'mpf.core.assets.AssetManager' core module
2016-08-24 23:25:05,881 : DEBUG : AssetManager : Initializing...
2016-08-24 23:25:05,882 : DEBUG : Mode Controller : Registering <bound method AssetManager._load_mode_assets of <mpf.core.assets.AssetManager object at 0x7622fc90>> as a mode start method. Config section: None, priority: 0, kwargs: {}
2016-08-24 23:25:05,883 : DEBUG : Events : Registered AssetManager._create_assets as a handler for 'init_phase_3', priority: 1, kwargs: {}
2016-08-24 23:25:05,884 : DEBUG : Events : Registered AssetManager._bcp_client_asset_load as a handler for 'assets_to_load', priority: 1, kwargs: {}
2016-08-24 23:25:05,884 : DEBUG : Machine : Loading 'mpf.core.show_controller.ShowController' core module
2016-08-24 23:25:05,898 : DEBUG : Clock : Scheduled a recurring clock callback (callback=<bound method ShowController._tick of <mpf.core.show_controller.ShowController object at 0x76235130>>, timeout=0, priority=1)
2016-08-24 23:25:05,899 : DEBUG : Events : Registered ShowController._initialize as a handler for 'init_phase_3', priority: 1, kwargs: {}
2016-08-24 23:25:05,900 : DEBUG : Machine : Loading 'mpf.core.bcp.BCP' core module
2016-08-24 23:25:05,900 : DEBUG : Events : Registered BCP.bcp_trigger as a handler for 'ball_started', priority: 1, kwargs: {'name': 'ball_started'}
2016-08-24 23:25:05,901 : DEBUG : Events : Registered BCP.bcp_trigger as a handler for 'ball_ended', priority: 1, kwargs: {'name': 'ball_ended'}
2016-08-24 23:25:05,901 : DEBUG : Events : Registered BCP.bcp_trigger as a handler for 'player_add_success', priority: 1, kwargs: {'name': 'player_add_success'}
2016-08-24 23:25:05,902 : DEBUG : Events : Registered BCP._bcp_event_callback as a handler for 'clear', priority: 1, kwargs: {'command': 'trigger', 'params': {'name': 'clear', 'key': '%key'}}
2016-08-24 23:25:05,902 : DEBUG : Events : Registered BCP._bcp_event_callback as a handler for 'player_turn_start', priority: 1, kwargs: {'command': 'player_turn_start', 'params': {'player_num': '%number'}}
2016-08-24 23:25:05,904 : DEBUG : Events : Registered BCP.bcp_trigger as a handler for 'player_score', priority: 1, kwargs: {'name': 'player_score'}
2016-08-24 23:25:05,904 : DEBUG : Events : Registered BCP._setup_dmds as a handler for 'init_phase_1', priority: 1, kwargs: {}
2016-08-24 23:25:05,905 : DEBUG : Events : Registered BCP._setup_bcp_connections as a handler for 'init_done', priority: 1, kwargs: {}
2016-08-24 23:25:05,905 : DEBUG : Clock : Scheduled a recurring clock callback (callback=<bound method BCP.get_bcp_messages of <BCP Module>>, timeout=0, priority=1)
2016-08-24 23:25:05,905 : DEBUG : Events : Registered BCP.bcp_player_added as a handler for 'player_add_success', priority: 1, kwargs: {}
2016-08-24 23:25:05,906 : DEBUG : Events : Registered BCP.bcp_reset as a handler for 'machine_reset_phase_1', priority: 1, kwargs: {}
2016-08-24 23:25:05,906 : DEBUG : Events : Registered BCP.increase_volume as a handler for 'increase_volume', priority: 1, kwargs: {}
2016-08-24 23:25:05,907 : DEBUG : Events : Registered BCP.decrease_volume as a handler for 'decrease_volume', priority: 1, kwargs: {}
2016-08-24 23:25:05,907 : DEBUG : Events : Registered BCP.enable_volume_keys as a handler for 'enable_volume_keys', priority: 1, kwargs: {}
2016-08-24 23:25:05,907 : DEBUG : Events : Registered BCP.disable_volume_keys as a handler for 'disable_volume_keys', priority: 1, kwargs: {}
2016-08-24 23:25:05,908 : DEBUG : Events : Registered BCP.get_led_coordinates as a handler for 'bcp_get_led_coordinates', priority: 1, kwargs: {}
2016-08-24 23:25:05,908 : DEBUG : Mode Controller : Registering <bound method BCP.bcp_mode_start of <BCP Module>> as a mode start method. Config section: mode, priority: 0, kwargs: {}
2016-08-24 23:25:05,908 : DEBUG : Machine : Loading 'mpf.core.logic_blocks.LogicBlocks' core module
2016-08-24 23:25:05,915 : DEBUG : Mode Controller : Registering <bound method LogicBlocks._process_config of <mpf.core.logic_blocks.LogicBlocks object at 0x7626fc30>> as a mode start method. Config section: logic_blocks, priority: 0, kwargs: {}
2016-08-24 23:25:05,916 : DEBUG : Events : Registered LogicBlocks._create_player_logic_blocks as a handler for 'player_add_success', priority: 1, kwargs: {}
2016-08-24 23:25:05,917 : DEBUG : Events : Registered LogicBlocks.player_turn_start as a handler for 'player_turn_start', priority: 1, kwargs: {}
2016-08-24 23:25:05,917 : DEBUG : Events : Registered LogicBlocks.player_turn_stop as a handler for 'player_turn_stop', priority: 1, kwargs: {}
2016-08-24 23:25:05,917 : DEBUG : Machine : Loading 'mpf.core.scoring.ScoreController' core module
2016-08-24 23:25:05,920 : DEBUG : Score : Loading the Score Controller
2016-08-24 23:25:05,920 : DEBUG : Mode Controller : Registering <bound method ScoreController.mode_start of <mpf.core.scoring.ScoreController object at 0x7626fed0>> as a mode start method. Config section: scoring, priority: 0, kwargs: {}
2016-08-24 23:25:05,921 : INFO : FAST : Connecting to /dev/ttyUSB1 at 921600bps
2016-08-24 23:25:05,957 : INFO : FAST : Connecting to /dev/ttyUSB2 at 921600bps
2016-08-24 23:25:05,981 : DEBUG : Events : Registered CoilPlayer._initialize as a handler for 'init_phase_1', priority: 1, kwargs: {}
2016-08-24 23:25:05,983 : DEBUG : Events : Registered RandomEventPlayer._initialize as a handler for 'init_phase_1', priority: 1, kwargs: {}
2016-08-24 23:25:05,987 : DEBUG : Events : Registered LedPlayer._initialize as a handler for 'init_phase_1', priority: 1, kwargs: {}
2016-08-24 23:25:05,989 : DEBUG : Events : Registered TriggerPlayer._initialize as a handler for 'init_phase_1', priority: 1, kwargs: {}
2016-08-24 23:25:05,992 : DEBUG : Events : Registered FlasherPlayer._initialize as a handler for 'init_phase_1', priority: 1, kwargs: {}
2016-08-24 23:25:05,995 : DEBUG : Events : Registered LightPlayer._initialize as a handler for 'init_phase_1', priority: 1, kwargs: {}
2016-08-24 23:25:05,997 : DEBUG : Events : Registered EventPlayer._initialize as a handler for 'init_phase_1', priority: 1, kwargs: {}
2016-08-24 23:25:06,000 : DEBUG : Events : Registered ShowPlayer._initialize as a handler for 'init_phase_1', priority: 1, kwargs: {}
2016-08-24 23:25:06,003 : DEBUG : Events : Registered GiPlayer._initialize as a handler for 'init_phase_1', priority: 1, kwargs: {}
2016-08-24 23:25:06,003 : DEBUG : Machine : Registering Plugin Config Players
2016-08-24 23:25:06,003 : DEBUG : Machine : Registering sound_player = mpfmc.config_players.sound_player:register_with_mpf
2016-08-24 23:25:06,017 : DEBUG : Events : Registered MpfSoundPlayer._initialize as a handler for 'init_phase_1', priority: 1, kwargs: {}
2016-08-24 23:25:06,017 : DEBUG : Machine : Registering slide_player = mpfmc.config_players.slide_player:register_with_mpf
2016-08-24 23:25:06,021 : DEBUG : Events : Registered MpfSlidePlayer._initialize as a handler for 'init_phase_1', priority: 1, kwargs: {}
2016-08-24 23:25:06,022 : DEBUG : Machine : Registering widget_player = mpfmc.config_players.widget_player:register_with_mpf
2016-08-24 23:25:06,026 : DEBUG : Events : Registered MpfWidgetPlayer._initialize as a handler for 'init_phase_1', priority: 1, kwargs: {}
2016-08-24 23:25:06,026 : DEBUG : Events : Registered MachineController.power_off as a handler for 'shutdown', priority: 1, kwargs: {}
2016-08-24 23:25:06,027 : DEBUG : Events : Registered MachineController.power_off as a handler for 'sw_shutdown', priority: 1, kwargs: {}
2016-08-24 23:25:06,027 : DEBUG : Events : Registered MachineController.stop as a handler for 'quit', priority: 1, kwargs: {}
2016-08-24 23:25:06,028 : DEBUG : Events : Registered MachineController.stop as a handler for 'sw_quit', priority: 1, kwargs: {}
2016-08-24 23:25:06,028 : DEBUG : DataInterface : Loading machine_vars from /home/sysop/robotech/data/machine_vars.yaml
2016-08-24 23:25:06,029 : DEBUG : YAML File Interface : Loading file: /home/sysop/robotech/data/machine_vars.yaml
2016-08-24 23:25:06,037 : DEBUG : Machine : Setting machine_var 'player1_score' to: 0, (prior: 0, change: 0)
2016-08-24 23:25:06,038 : DEBUG : Events : ^^^^ Posted event 'machine_var_player1_score'. Type: None, Callback: None, Args: {'prev_value': 0, 'value': 0, 'change': 0}
2016-08-24 23:25:06,038 : DEBUG : Events : ============== EVENTS QUEUE =============
2016-08-24 23:25:06,038 : DEBUG : Events : machine_var_player1_score, None, None, {'prev_value': 0, 'value': 0, 'change': 0}
2016-08-24 23:25:06,038 : DEBUG : Events : =========================================
2016-08-24 23:25:06,039 : DEBUG : Events : ^^^^ Posted event 'init_phase_1'. Type: None, Callback: None, Args: {}
2016-08-24 23:25:06,039 : DEBUG : Events : ============== EVENTS QUEUE =============
2016-08-24 23:25:06,039 : DEBUG : Events : machine_var_player1_score, None, None, {'prev_value': 0, 'value': 0, 'change': 0}
2016-08-24 23:25:06,040 : DEBUG : Events : init_phase_1, None, None, {}
2016-08-24 23:25:06,040 : DEBUG : Events : =========================================
2016-08-24 23:25:06,040 : DEBUG : Events : ^^^^ Processing event 'machine_var_player1_score'. Type: None, Callback: None, Args: {'change': 0, 'value': 0, 'prev_value': 0}
2016-08-24 23:25:06,040 : DEBUG : Events : vvvv Finished event 'machine_var_player1_score'. Type: None. Callback: None. Args: {'change': 0, 'value': 0, 'prev_value': 0}
2016-08-24 23:25:06,041 : DEBUG : Events : ^^^^ Processing event 'init_phase_1'. Type: None, Callback: None, Args: {}
2016-08-24 23:25:06,041 : DEBUG : Events : DeviceManager._load_device_modules (priority: 1) responding to event 'init_phase_1' with args {}
2016-08-24 23:25:06,041 : DEBUG : DeviceManager : Loading devices...
2016-08-24 23:25:06,078 : DEBUG : Clock : Scheduled a recurring clock callback (callback=<bound method type.update_leds of <class 'mpf.devices.led.Led'>>, timeout=0, priority=-100)
2016-08-24 23:25:06,111 : DEBUG : Events : Registered BallSearch.request_to_start_game as a handler for 'request_to_start_game', priority: 1, kwargs: {}
2016-08-24 23:25:06,123 : DEBUG : Events : Registered Shot.disable as a handler for 'game_ended', priority: 1, kwargs: {}
2016-08-24 23:25:06,124 : DEBUG : Events : Registered Shot.disable as a handler for 'game_ended', priority: 1, kwargs: {}
2016-08-24 23:25:06,125 : DEBUG : Events : Registered Shot.disable as a handler for 'game_ended', priority: 1, kwargs: {}
2016-08-24 23:25:06,125 : DEBUG : Events : Registered Shot.disable as a handler for 'game_ended', priority: 1, kwargs: {}
2016-08-24 23:25:06,189 : ERROR : ConfigProcessor : Your config contains a value for the setting "switches:s_lower_right_rubber:tage", but this is not a valid setting name.
2016-08-24 23:25:06,191 : ERROR : root : Your config contains a value for the setting "switches:s_lower_right_rubber:tage", but this is not a valid setting name.
Traceback (most recent call last):
  File "/usr/local/lib/python3.4/dist-packages/mpf/commands/game.py", line 130, in __init__
    MachineController(mpf_path, machine_path, vars(args)).run()
  File "/usr/local/lib/python3.4/dist-packages/mpf/core/machine.py", line 127, in __init__
    self._run_init_phases()
  File "/usr/local/lib/python3.4/dist-packages/mpf/core/machine.py", line 144, in _run_init_phases
    self.events.process_event_queue()
  File "/usr/local/lib/python3.4/dist-packages/mpf/core/events.py", line 481, in process_event_queue
    **event[3])
  File "/usr/local/lib/python3.4/dist-packages/mpf/core/events.py", line 416, in _process_event
    result = handler[0](**merged_kwargs)
  File "/usr/local/lib/python3.4/dist-packages/mpf/core/device_manager.py", line 59, in _load_device_modules
    self.load_devices_config(validate=True)
  File "/usr/local/lib/python3.4/dist-packages/mpf/core/device_manager.py", line 104, in load_devices_config
    config[device_name] = collection[device_name].validate_and_parse_config(config[device_name], False)
  File "/usr/local/lib/python3.4/dist-packages/mpf/devices/switch.py", line 41, in validate_and_parse_config
    platform.validate_switch_section(self, config)
  File "/usr/local/lib/python3.4/dist-packages/mpf/core/platform.py", line 300, in validate_switch_section
    base_spec=self.__class__.get_switch_config_section())
  File "/usr/local/lib/python3.4/dist-packages/mpf/core/config_validator.py", line 1257, in validate_config
    validation_failure_info)
  File "/usr/local/lib/python3.4/dist-packages/mpf/core/config_validator.py", line 1395, in check_for_invalid_sections
    'setting "' + path_string + '", but this is not a valid '
AssertionError: Your config contains a value for the setting "switches:s_lower_right_rubber:tage", but this is not a valid setting name.
