2016-08-23 00:51:20,875 : INFO : kivy : Factory: 193 symbols loaded
2016-08-23 00:51:21,503 : INFO : kivy : VideoGstplayer: Using Gstreamer 1.4.4.0
2016-08-23 00:51:21,504 : INFO : kivy : Video: Provider: gstplayer
2016-08-23 00:51:21,567 : INFO : kivy : Loading MPF-MC controller
2016-08-23 00:51:21,569 : INFO : mpfmc : Mission Pinball Framework Media Controller v0.30.1
2016-08-23 00:51:21,571 : INFO : mpfmc : Machine path: /home/sysop/robotech
2016-08-23 00:51:21,573 : INFO : mpfmc : Starting clock at 60.0Hz
2016-08-23 00:51:21,602 : INFO : kivy : Text: Provider: sdl2
2016-08-23 00:51:23,132 : INFO : kivy : Window: Provider: egl_rpi
2016-08-23 00:51:23,151 : INFO : kivy : GL: OpenGL version <b'OpenGL ES 2.0'>
2016-08-23 00:51:23,152 : INFO : kivy : GL: OpenGL vendor <b'Broadcom'>
2016-08-23 00:51:23,153 : INFO : kivy : GL: OpenGL renderer <b'VideoCore IV HW'>
2016-08-23 00:51:23,154 : INFO : kivy : GL: OpenGL parsed version: 2, 0
2016-08-23 00:51:23,154 : INFO : kivy : GL: Shading version <b'OpenGL ES GLSL ES 1.00'>
2016-08-23 00:51:23,155 : INFO : kivy : GL: Texture max size <2048>
2016-08-23 00:51:23,156 : INFO : kivy : GL: Texture max units <8>
2016-08-23 00:51:23,198 : INFO : kivy : Shader: fragment shader: <b'Compiled'>
2016-08-23 00:51:23,199 : INFO : kivy : Shader: vertex shader: <b'Compiled'>
2016-08-23 00:51:23,248 : INFO : kivy : Base: Adding binding for mouse move
2016-08-23 00:51:23,250 : INFO : kivy : Window: virtual keyboard not allowed, single mode, not docked
2016-08-23 00:51:23,258 : INFO : SoundSystem : SoundSystem: Using default 'sound_system' settings
2016-08-23 00:51:23,275 : ERROR : AudioInterface : Mix_OpenAudio error - b"ALSA: Couldn't open audio device: No such file or directory"
2016-08-23 00:51:23,277 : ERROR : SoundSystem : Could not initialize the audio interface. Audio features will not be available.
2016-08-23 00:51:23,316 : INFO : kivy : OSC: using <multiprocessing> for socket
2016-08-23 00:51:23,345 : INFO : kivy : ProbeSysfs: device match: /dev/input/event0
2016-08-23 00:51:23,347 : INFO : kivy : MTD: Read event from </dev/input/event0>
2016-08-23 00:51:23,348 : INFO : kivy : ProbeSysfs: device match: /dev/input/event1
2016-08-23 00:51:23,348 : INFO : kivy : MTD: Read event from </dev/input/event1>
2016-08-23 00:51:23,350 : INFO : kivy : ProbeSysfs: device match: /dev/input/event0
2016-08-23 00:51:23,351 : INFO : kivy : HIDInput: Read event from </dev/input/event0>
2016-08-23 00:51:23,352 : INFO : kivy : ProbeSysfs: device match: /dev/input/event1
2016-08-23 00:51:23,354 : INFO : kivy : HIDInput: Read event from </dev/input/event1>
2016-08-23 00:51:23,355 : INFO : kivy : ProbeSysfs: device match: /dev/input/event0
2016-08-23 00:51:23,357 : INFO : kivy : HIDInput: Read event from </dev/input/event0>
2016-08-23 00:51:23,358 : INFO : kivy : ProbeSysfs: device match: /dev/input/event1
2016-08-23 00:51:23,359 : INFO : kivy : HIDInput: Read event from </dev/input/event1>
2016-08-23 00:51:23,359 : INFO : kivy : Base: Start application main loop
2016-08-23 00:51:23,361 : INFO : kivy : MTD: </dev/input/event0> range position X is 0 - 0
2016-08-23 00:51:23,362 : INFO : kivy : MTD: </dev/input/event0> range position Y is 0 - 0
2016-08-23 00:51:23,363 : INFO : kivy : MTD: </dev/input/event1> range position X is 0 - 0
2016-08-23 00:51:23,363 : INFO : kivy : MTD: </dev/input/event0> range touch major is 0 - 0
2016-08-23 00:51:23,365 : INFO : kivy : HIDMotionEvent: using <b'Chicony USB Keyboard\x00                                                                                                                                                                                                                                           '>
2016-08-23 00:51:23,365 : INFO : kivy : MTD: </dev/input/event1> range position Y is 0 - 0
2016-08-23 00:51:23,366 : INFO : kivy : MTD: </dev/input/event0> range touch minor is 0 - 0
2016-08-23 00:51:23,367 : INFO : kivy : MTD: </dev/input/event1> range touch major is 0 - 0
2016-08-23 00:51:23,368 : INFO : kivy : HIDMotionEvent: using <b'Chicony USB Keyboard\x00                                                                                                                                                                                                                                           '>
2016-08-23 00:51:23,370 : INFO : kivy : HIDMotionEvent: using <b'Chicony USB Keyboard\x00                                                                                                                                                                                                                                           '>
2016-08-23 00:51:23,370 : INFO : kivy : MTD: </dev/input/event0> range pressure is 0 - 255
2016-08-23 00:51:23,371 : INFO : kivy : MTD: </dev/input/event1> range touch minor is 0 - 0
2016-08-23 00:51:23,390 : INFO : kivy : MTD: </dev/input/event0> axes invertion: X is 0, Y is 0
2016-08-23 00:51:23,396 : INFO : kivy : HIDMotionEvent: using <b'Chicony USB Keyboard\x00                                                                                                                                                                                                                                           '>
2016-08-23 00:51:23,407 : INFO : kivy : MTD: </dev/input/event1> range pressure is 0 - 255
2016-08-23 00:51:23,408 : INFO : kivy : MTD: </dev/input/event0> rotation set to 0
2016-08-23 00:51:23,408 : INFO : kivy : MTD: </dev/input/event1> axes invertion: X is 0, Y is 0
2016-08-23 00:51:23,409 : INFO : kivy : MTD: </dev/input/event1> rotation set to 0
2016-08-23 00:51:23,520 : INFO : MPF-MC BCP Server : Starting up on localhost port 5050
2016-08-23 00:51:23,532 : INFO : MPF-MC BCP Server : Waiting for a connection...
2016-08-23 00:52:08,461 : INFO : MPF-MC BCP Server : Received connection from: 127.0.0.1:48332
2016-08-23 00:52:18,207 : INFO : MPF-MC BCP Server : Waiting for a connection...
2016-08-23 00:52:55,310 : INFO : kivy : Base: Leaving application in progress...
